<?xml version="1.0" encoding="UTF-8"?>
<testsuite xmlns:xsi="http://www.w3.org/2001/XMLSchema-instance" xsi:noNamespaceSchemaLocation="https://maven.apache.org/surefire/maven-surefire-plugin/xsd/surefire-test-report-3.0.xsd" version="3.0" name="TestSuite" time="50.904" tests="2" errors="0" skipped="0" failures="0">
  <properties>
    <property name="java.specification.version" value="21"/>
    <property name="sun.cpu.isalist" value="amd64"/>
    <property name="sun.jnu.encoding" value="Cp1252"/>
    <property name="java.class.path" value="C:\Users\joshm\IdeaProjects\automation_framework\target\test-classes;C:\Users\joshm\IdeaProjects\automation_framework\target\classes;C:\Users\joshm\.m2\repository\org\seleniumhq\selenium\selenium-support\4.14.0\selenium-support-4.14.0.jar;C:\Users\joshm\.m2\repository\com\google\auto\service\auto-service-annotations\1.1.1\auto-service-annotations-1.1.1.jar;C:\Users\joshm\.m2\repository\com\google\guava\guava\32.1.2-jre\guava-32.1.2-jre.jar;C:\Users\joshm\.m2\repository\com\google\guava\failureaccess\1.0.1\failureaccess-1.0.1.jar;C:\Users\joshm\.m2\repository\com\google\guava\listenablefuture\9999.0-empty-to-avoid-conflict-with-guava\listenablefuture-9999.0-empty-to-avoid-conflict-with-guava.jar;C:\Users\joshm\.m2\repository\com\google\code\findbugs\jsr305\3.0.2\jsr305-3.0.2.jar;C:\Users\joshm\.m2\repository\org\checkerframework\checker-qual\3.33.0\checker-qual-3.33.0.jar;C:\Users\joshm\.m2\repository\com\google\errorprone\error_prone_annotations\2.18.0\error_prone_annotations-2.18.0.jar;C:\Users\joshm\.m2\repository\com\google\j2objc\j2objc-annotations\2.8\j2objc-annotations-2.8.jar;C:\Users\joshm\.m2\repository\net\bytebuddy\byte-buddy\1.14.5\byte-buddy-1.14.5.jar;C:\Users\joshm\.m2\repository\org\seleniumhq\selenium\selenium-api\4.14.0\selenium-api-4.14.0.jar;C:\Users\joshm\.m2\repository\org\seleniumhq\selenium\selenium-json\4.14.0\selenium-json-4.14.0.jar;C:\Users\joshm\.m2\repository\io\appium\java-client\8.5.1\java-client-8.5.1.jar;C:\Users\joshm\.m2\repository\com\google\code\gson\gson\2.10.1\gson-2.10.1.jar;C:\Users\joshm\.m2\repository\commons-validator\commons-validator\1.7\commons-validator-1.7.jar;C:\Users\joshm\.m2\repository\commons-beanutils\commons-beanutils\1.9.4\commons-beanutils-1.9.4.jar;C:\Users\joshm\.m2\repository\commons-digester\commons-digester\2.1\commons-digester-2.1.jar;C:\Users\joshm\.m2\repository\commons-logging\commons-logging\1.2\commons-logging-1.2.jar;C:\Users\joshm\.m2\repository\commons-collections\commons-collections\3.2.2\commons-collections-3.2.2.jar;C:\Users\joshm\.m2\repository\org\apache\commons\commons-lang3\3.12.0\commons-lang3-3.12.0.jar;C:\Users\joshm\.m2\repository\org\slf4j\slf4j-api\2.0.7\slf4j-api-2.0.7.jar;C:\Users\joshm\.m2\repository\org\seleniumhq\selenium\selenium-remote-driver\4.13.0\selenium-remote-driver-4.13.0.jar;C:\Users\joshm\.m2\repository\io\netty\netty-buffer\4.1.96.Final\netty-buffer-4.1.96.Final.jar;C:\Users\joshm\.m2\repository\io\netty\netty-codec-http\4.1.96.Final\netty-codec-http-4.1.96.Final.jar;C:\Users\joshm\.m2\repository\io\netty\netty-codec\4.1.96.Final\netty-codec-4.1.96.Final.jar;C:\Users\joshm\.m2\repository\io\netty\netty-handler\4.1.96.Final\netty-handler-4.1.96.Final.jar;C:\Users\joshm\.m2\repository\io\netty\netty-common\4.1.96.Final\netty-common-4.1.96.Final.jar;C:\Users\joshm\.m2\repository\io\netty\netty-transport-classes-epoll\4.1.96.Final\netty-transport-classes-epoll-4.1.96.Final.jar;C:\Users\joshm\.m2\repository\io\netty\netty-transport-classes-kqueue\4.1.96.Final\netty-transport-classes-kqueue-4.1.96.Final.jar;C:\Users\joshm\.m2\repository\io\netty\netty-transport-native-epoll\4.1.96.Final\netty-transport-native-epoll-4.1.96.Final.jar;C:\Users\joshm\.m2\repository\io\netty\netty-transport-native-kqueue\4.1.96.Final\netty-transport-native-kqueue-4.1.96.Final.jar;C:\Users\joshm\.m2\repository\io\netty\netty-transport-native-unix-common\4.1.96.Final\netty-transport-native-unix-common-4.1.96.Final.jar;C:\Users\joshm\.m2\repository\io\netty\netty-transport\4.1.96.Final\netty-transport-4.1.96.Final.jar;C:\Users\joshm\.m2\repository\io\netty\netty-resolver\4.1.96.Final\netty-resolver-4.1.96.Final.jar;C:\Users\joshm\.m2\repository\io\opentelemetry\opentelemetry-api\1.28.0\opentelemetry-api-1.28.0.jar;C:\Users\joshm\.m2\repository\io\opentelemetry\opentelemetry-context\1.28.0\opentelemetry-context-1.28.0.jar;C:\Users\joshm\.m2\repository\io\opentelemetry\opentelemetry-exporter-logging\1.28.0\opentelemetry-exporter-logging-1.28.0.jar;C:\Users\joshm\.m2\repository\io\opentelemetry\opentelemetry-sdk-metrics\1.28.0\opentelemetry-sdk-metrics-1.28.0.jar;C:\Users\joshm\.m2\repository\io\opentelemetry\opentelemetry-extension-incubator\1.28.0-alpha\opentelemetry-extension-incubator-1.28.0-alpha.jar;C:\Users\joshm\.m2\repository\io\opentelemetry\opentelemetry-sdk-logs\1.28.0\opentelemetry-sdk-logs-1.28.0.jar;C:\Users\joshm\.m2\repository\io\opentelemetry\opentelemetry-sdk-common\1.28.0\opentelemetry-sdk-common-1.28.0.jar;C:\Users\joshm\.m2\repository\io\opentelemetry\opentelemetry-sdk-extension-autoconfigure-spi\1.28.0\opentelemetry-sdk-extension-autoconfigure-spi-1.28.0.jar;C:\Users\joshm\.m2\repository\io\opentelemetry\opentelemetry-sdk-extension-autoconfigure\1.28.0\opentelemetry-sdk-extension-autoconfigure-1.28.0.jar;C:\Users\joshm\.m2\repository\io\opentelemetry\opentelemetry-api-events\1.28.0-alpha\opentelemetry-api-events-1.28.0-alpha.jar;C:\Users\joshm\.m2\repository\io\opentelemetry\opentelemetry-sdk-trace\1.28.0\opentelemetry-sdk-trace-1.28.0.jar;C:\Users\joshm\.m2\repository\io\opentelemetry\opentelemetry-sdk\1.28.0\opentelemetry-sdk-1.28.0.jar;C:\Users\joshm\.m2\repository\io\opentelemetry\opentelemetry-semconv\1.28.0-alpha\opentelemetry-semconv-1.28.0-alpha.jar;C:\Users\joshm\.m2\repository\org\asynchttpclient\async-http-client\2.12.3\async-http-client-2.12.3.jar;C:\Users\joshm\.m2\repository\org\asynchttpclient\async-http-client-netty-utils\2.12.3\async-http-client-netty-utils-2.12.3.jar;C:\Users\joshm\.m2\repository\io\netty\netty-codec-socks\4.1.60.Final\netty-codec-socks-4.1.60.Final.jar;C:\Users\joshm\.m2\repository\io\netty\netty-handler-proxy\4.1.60.Final\netty-handler-proxy-4.1.60.Final.jar;C:\Users\joshm\.m2\repository\io\netty\netty-transport-native-epoll\4.1.60.Final\netty-transport-native-epoll-4.1.60.Final-linux-x86_64.jar;C:\Users\joshm\.m2\repository\io\netty\netty-transport-native-kqueue\4.1.60.Final\netty-transport-native-kqueue-4.1.60.Final-osx-x86_64.jar;C:\Users\joshm\.m2\repository\org\reactivestreams\reactive-streams\1.0.3\reactive-streams-1.0.3.jar;C:\Users\joshm\.m2\repository\com\typesafe\netty\netty-reactive-streams\2.0.4\netty-reactive-streams-2.0.4.jar;C:\Users\joshm\.m2\repository\com\sun\activation\jakarta.activation\1.2.2\jakarta.activation-1.2.2.jar;C:\Users\joshm\.m2\repository\org\seleniumhq\selenium\selenium-http\4.13.0\selenium-http-4.13.0.jar;C:\Users\joshm\.m2\repository\dev\failsafe\failsafe\3.3.2\failsafe-3.3.2.jar;C:\Users\joshm\.m2\repository\org\seleniumhq\selenium\selenium-manager\4.13.0\selenium-manager-4.13.0.jar;C:\Users\joshm\.m2\repository\org\seleniumhq\selenium\selenium-os\4.13.0\selenium-os-4.13.0.jar;C:\Users\joshm\.m2\repository\org\apache\commons\commons-exec\1.3\commons-exec-1.3.jar;C:\Users\joshm\.m2\repository\ch\qos\logback\logback-classic\1.4.7\logback-classic-1.4.7.jar;C:\Users\joshm\.m2\repository\ch\qos\logback\logback-core\1.4.7\logback-core-1.4.7.jar;C:\Users\joshm\.m2\repository\org\testng\testng\7.7.0\testng-7.7.0.jar;C:\Users\joshm\.m2\repository\com\beust\jcommander\1.82\jcommander-1.82.jar;C:\Users\joshm\.m2\repository\org\webjars\jquery\3.6.1\jquery-3.6.1.jar;C:\Users\joshm\.m2\repository\com\fasterxml\jackson\core\jackson-databind\2.15.2\jackson-databind-2.15.2.jar;C:\Users\joshm\.m2\repository\com\fasterxml\jackson\core\jackson-annotations\2.15.2\jackson-annotations-2.15.2.jar;C:\Users\joshm\.m2\repository\com\fasterxml\jackson\core\jackson-core\2.15.2\jackson-core-2.15.2.jar;C:\Users\joshm\.m2\repository\commons-io\commons-io\2.15.0\commons-io-2.15.0.jar;C:\Users\joshm\.m2\repository\com\aventstack\extentreports\5.1.1\extentreports-5.1.1.jar;C:\Users\joshm\.m2\repository\io\reactivex\rxjava3\rxjava\3.1.6\rxjava-3.1.6.jar;C:\Users\joshm\.m2\repository\org\freemarker\freemarker\2.3.32\freemarker-2.3.32.jar;C:\Users\joshm\.m2\repository\org\projectlombok\lombok\1.18.26\lombok-1.18.26.jar;"/>
    <property name="java.vm.vendor" value="Oracle Corporation"/>
    <property name="sun.arch.data.model" value="64"/>
    <property name="user.variant" value=""/>
    <property name="java.vendor.url" value="https://java.oracle.com/"/>
    <property name="user.timezone" value="Europe/London"/>
    <property name="os.name" value="Windows 11"/>
    <property name="java.vm.specification.version" value="21"/>
    <property name="sun.java.launcher" value="SUN_STANDARD"/>
    <property name="user.country" value="GB"/>
    <property name="sun.boot.library.path" value="C:\PROGRA~1\Java\jdk-21\bin"/>
    <property name="sun.java.command" value="C:\Users\joshm\AppData\Local\Temp\surefire396144699475146929\surefirebooter-20231101090312907_3.jar C:\Users\joshm\AppData\Local\Temp\surefire396144699475146929 2023-11-01T09-03-12_611-jvmRun1 surefire-20231101090312907_1tmp surefire_0-20231101090312907_2tmp"/>
    <property name="jdk.debug" value="release"/>
    <property name="surefire.test.class.path" value="C:\Users\joshm\IdeaProjects\automation_framework\target\test-classes;C:\Users\joshm\IdeaProjects\automation_framework\target\classes;C:\Users\joshm\.m2\repository\org\seleniumhq\selenium\selenium-support\4.14.0\selenium-support-4.14.0.jar;C:\Users\joshm\.m2\repository\com\google\auto\service\auto-service-annotations\1.1.1\auto-service-annotations-1.1.1.jar;C:\Users\joshm\.m2\repository\com\google\guava\guava\32.1.2-jre\guava-32.1.2-jre.jar;C:\Users\joshm\.m2\repository\com\google\guava\failureaccess\1.0.1\failureaccess-1.0.1.jar;C:\Users\joshm\.m2\repository\com\google\guava\listenablefuture\9999.0-empty-to-avoid-conflict-with-guava\listenablefuture-9999.0-empty-to-avoid-conflict-with-guava.jar;C:\Users\joshm\.m2\repository\com\google\code\findbugs\jsr305\3.0.2\jsr305-3.0.2.jar;C:\Users\joshm\.m2\repository\org\checkerframework\checker-qual\3.33.0\checker-qual-3.33.0.jar;C:\Users\joshm\.m2\repository\com\google\errorprone\error_prone_annotations\2.18.0\error_prone_annotations-2.18.0.jar;C:\Users\joshm\.m2\repository\com\google\j2objc\j2objc-annotations\2.8\j2objc-annotations-2.8.jar;C:\Users\joshm\.m2\repository\net\bytebuddy\byte-buddy\1.14.5\byte-buddy-1.14.5.jar;C:\Users\joshm\.m2\repository\org\seleniumhq\selenium\selenium-api\4.14.0\selenium-api-4.14.0.jar;C:\Users\joshm\.m2\repository\org\seleniumhq\selenium\selenium-json\4.14.0\selenium-json-4.14.0.jar;C:\Users\joshm\.m2\repository\io\appium\java-client\8.5.1\java-client-8.5.1.jar;C:\Users\joshm\.m2\repository\com\google\code\gson\gson\2.10.1\gson-2.10.1.jar;C:\Users\joshm\.m2\repository\commons-validator\commons-validator\1.7\commons-validator-1.7.jar;C:\Users\joshm\.m2\repository\commons-beanutils\commons-beanutils\1.9.4\commons-beanutils-1.9.4.jar;C:\Users\joshm\.m2\repository\commons-digester\commons-digester\2.1\commons-digester-2.1.jar;C:\Users\joshm\.m2\repository\commons-logging\commons-logging\1.2\commons-logging-1.2.jar;C:\Users\joshm\.m2\repository\commons-collections\commons-collections\3.2.2\commons-collections-3.2.2.jar;C:\Users\joshm\.m2\repository\org\apache\commons\commons-lang3\3.12.0\commons-lang3-3.12.0.jar;C:\Users\joshm\.m2\repository\org\slf4j\slf4j-api\2.0.7\slf4j-api-2.0.7.jar;C:\Users\joshm\.m2\repository\org\seleniumhq\selenium\selenium-remote-driver\4.13.0\selenium-remote-driver-4.13.0.jar;C:\Users\joshm\.m2\repository\io\netty\netty-buffer\4.1.96.Final\netty-buffer-4.1.96.Final.jar;C:\Users\joshm\.m2\repository\io\netty\netty-codec-http\4.1.96.Final\netty-codec-http-4.1.96.Final.jar;C:\Users\joshm\.m2\repository\io\netty\netty-codec\4.1.96.Final\netty-codec-4.1.96.Final.jar;C:\Users\joshm\.m2\repository\io\netty\netty-handler\4.1.96.Final\netty-handler-4.1.96.Final.jar;C:\Users\joshm\.m2\repository\io\netty\netty-common\4.1.96.Final\netty-common-4.1.96.Final.jar;C:\Users\joshm\.m2\repository\io\netty\netty-transport-classes-epoll\4.1.96.Final\netty-transport-classes-epoll-4.1.96.Final.jar;C:\Users\joshm\.m2\repository\io\netty\netty-transport-classes-kqueue\4.1.96.Final\netty-transport-classes-kqueue-4.1.96.Final.jar;C:\Users\joshm\.m2\repository\io\netty\netty-transport-native-epoll\4.1.96.Final\netty-transport-native-epoll-4.1.96.Final.jar;C:\Users\joshm\.m2\repository\io\netty\netty-transport-native-kqueue\4.1.96.Final\netty-transport-native-kqueue-4.1.96.Final.jar;C:\Users\joshm\.m2\repository\io\netty\netty-transport-native-unix-common\4.1.96.Final\netty-transport-native-unix-common-4.1.96.Final.jar;C:\Users\joshm\.m2\repository\io\netty\netty-transport\4.1.96.Final\netty-transport-4.1.96.Final.jar;C:\Users\joshm\.m2\repository\io\netty\netty-resolver\4.1.96.Final\netty-resolver-4.1.96.Final.jar;C:\Users\joshm\.m2\repository\io\opentelemetry\opentelemetry-api\1.28.0\opentelemetry-api-1.28.0.jar;C:\Users\joshm\.m2\repository\io\opentelemetry\opentelemetry-context\1.28.0\opentelemetry-context-1.28.0.jar;C:\Users\joshm\.m2\repository\io\opentelemetry\opentelemetry-exporter-logging\1.28.0\opentelemetry-exporter-logging-1.28.0.jar;C:\Users\joshm\.m2\repository\io\opentelemetry\opentelemetry-sdk-metrics\1.28.0\opentelemetry-sdk-metrics-1.28.0.jar;C:\Users\joshm\.m2\repository\io\opentelemetry\opentelemetry-extension-incubator\1.28.0-alpha\opentelemetry-extension-incubator-1.28.0-alpha.jar;C:\Users\joshm\.m2\repository\io\opentelemetry\opentelemetry-sdk-logs\1.28.0\opentelemetry-sdk-logs-1.28.0.jar;C:\Users\joshm\.m2\repository\io\opentelemetry\opentelemetry-sdk-common\1.28.0\opentelemetry-sdk-common-1.28.0.jar;C:\Users\joshm\.m2\repository\io\opentelemetry\opentelemetry-sdk-extension-autoconfigure-spi\1.28.0\opentelemetry-sdk-extension-autoconfigure-spi-1.28.0.jar;C:\Users\joshm\.m2\repository\io\opentelemetry\opentelemetry-sdk-extension-autoconfigure\1.28.0\opentelemetry-sdk-extension-autoconfigure-1.28.0.jar;C:\Users\joshm\.m2\repository\io\opentelemetry\opentelemetry-api-events\1.28.0-alpha\opentelemetry-api-events-1.28.0-alpha.jar;C:\Users\joshm\.m2\repository\io\opentelemetry\opentelemetry-sdk-trace\1.28.0\opentelemetry-sdk-trace-1.28.0.jar;C:\Users\joshm\.m2\repository\io\opentelemetry\opentelemetry-sdk\1.28.0\opentelemetry-sdk-1.28.0.jar;C:\Users\joshm\.m2\repository\io\opentelemetry\opentelemetry-semconv\1.28.0-alpha\opentelemetry-semconv-1.28.0-alpha.jar;C:\Users\joshm\.m2\repository\org\asynchttpclient\async-http-client\2.12.3\async-http-client-2.12.3.jar;C:\Users\joshm\.m2\repository\org\asynchttpclient\async-http-client-netty-utils\2.12.3\async-http-client-netty-utils-2.12.3.jar;C:\Users\joshm\.m2\repository\io\netty\netty-codec-socks\4.1.60.Final\netty-codec-socks-4.1.60.Final.jar;C:\Users\joshm\.m2\repository\io\netty\netty-handler-proxy\4.1.60.Final\netty-handler-proxy-4.1.60.Final.jar;C:\Users\joshm\.m2\repository\io\netty\netty-transport-native-epoll\4.1.60.Final\netty-transport-native-epoll-4.1.60.Final-linux-x86_64.jar;C:\Users\joshm\.m2\repository\io\netty\netty-transport-native-kqueue\4.1.60.Final\netty-transport-native-kqueue-4.1.60.Final-osx-x86_64.jar;C:\Users\joshm\.m2\repository\org\reactivestreams\reactive-streams\1.0.3\reactive-streams-1.0.3.jar;C:\Users\joshm\.m2\repository\com\typesafe\netty\netty-reactive-streams\2.0.4\netty-reactive-streams-2.0.4.jar;C:\Users\joshm\.m2\repository\com\sun\activation\jakarta.activation\1.2.2\jakarta.activation-1.2.2.jar;C:\Users\joshm\.m2\repository\org\seleniumhq\selenium\selenium-http\4.13.0\selenium-http-4.13.0.jar;C:\Users\joshm\.m2\repository\dev\failsafe\failsafe\3.3.2\failsafe-3.3.2.jar;C:\Users\joshm\.m2\repository\org\seleniumhq\selenium\selenium-manager\4.13.0\selenium-manager-4.13.0.jar;C:\Users\joshm\.m2\repository\org\seleniumhq\selenium\selenium-os\4.13.0\selenium-os-4.13.0.jar;C:\Users\joshm\.m2\repository\org\apache\commons\commons-exec\1.3\commons-exec-1.3.jar;C:\Users\joshm\.m2\repository\ch\qos\logback\logback-classic\1.4.7\logback-classic-1.4.7.jar;C:\Users\joshm\.m2\repository\ch\qos\logback\logback-core\1.4.7\logback-core-1.4.7.jar;C:\Users\joshm\.m2\repository\org\testng\testng\7.7.0\testng-7.7.0.jar;C:\Users\joshm\.m2\repository\com\beust\jcommander\1.82\jcommander-1.82.jar;C:\Users\joshm\.m2\repository\org\webjars\jquery\3.6.1\jquery-3.6.1.jar;C:\Users\joshm\.m2\repository\com\fasterxml\jackson\core\jackson-databind\2.15.2\jackson-databind-2.15.2.jar;C:\Users\joshm\.m2\repository\com\fasterxml\jackson\core\jackson-annotations\2.15.2\jackson-annotations-2.15.2.jar;C:\Users\joshm\.m2\repository\com\fasterxml\jackson\core\jackson-core\2.15.2\jackson-core-2.15.2.jar;C:\Users\joshm\.m2\repository\commons-io\commons-io\2.15.0\commons-io-2.15.0.jar;C:\Users\joshm\.m2\repository\com\aventstack\extentreports\5.1.1\extentreports-5.1.1.jar;C:\Users\joshm\.m2\repository\io\reactivex\rxjava3\rxjava\3.1.6\rxjava-3.1.6.jar;C:\Users\joshm\.m2\repository\org\freemarker\freemarker\2.3.32\freemarker-2.3.32.jar;C:\Users\joshm\.m2\repository\org\projectlombok\lombok\1.18.26\lombok-1.18.26.jar;"/>
    <property name="sun.cpu.endian" value="little"/>
    <property name="user.home" value="C:\Users\joshm"/>
    <property name="user.language" value="en"/>
    <property name="java.specification.vendor" value="Oracle Corporation"/>
    <property name="java.version.date" value="2023-10-17"/>
    <property name="java.home" value="C:\PROGRA~1\Java\jdk-21"/>
    <property name="file.separator" value="\"/>
    <property name="basedir" value="C:\Users\joshm\IdeaProjects\automation_framework"/>
    <property name="java.vm.compressedOopsMode" value="Zero based"/>
    <property name="line.separator" value="&#10;"/>
    <property name="java.vm.specification.vendor" value="Oracle Corporation"/>
    <property name="java.specification.name" value="Java Platform API Specification"/>
    <property name="surefire.real.class.path" value="C:\Users\joshm\AppData\Local\Temp\surefire396144699475146929\surefirebooter-20231101090312907_3.jar"/>
    <property name="user.script" value=""/>
    <property name="sun.management.compiler" value="HotSpot 64-Bit Tiered Compilers"/>
    <property name="java.runtime.version" value="21.0.1+12-LTS-29"/>
    <property name="user.name" value="joshm"/>
    <property name="stdout.encoding" value="Cp1252"/>
    <property name="path.separator" value=";"/>
    <property name="os.version" value="10.0"/>
    <property name="java.runtime.name" value="Java(TM) SE Runtime Environment"/>
    <property name="file.encoding" value="UTF-8"/>
    <property name="java.vm.name" value="Java HotSpot(TM) 64-Bit Server VM"/>
    <property name="localRepository" value="C:\Users\joshm\.m2\repository"/>
    <property name="java.vendor.url.bug" value="https://bugreport.java.com/bugreport/"/>
    <property name="java.io.tmpdir" value="C:\Users\joshm\AppData\Local\Temp\"/>
    <property name="java.version" value="21.0.1"/>
    <property name="user.dir" value="C:\Users\joshm\IdeaProjects\automation_framework"/>
    <property name="os.arch" value="amd64"/>
    <property name="java.vm.specification.name" value="Java Virtual Machine Specification"/>
    <property name="sun.os.patch.level" value=""/>
    <property name="native.encoding" value="Cp1252"/>
    <property name="java.library.path" value="C:\PROGRA~1\Java\jdk-21\bin;C:\windows\Sun\Java\bin;C:\windows\system32;C:\windows;C:\Program Files\Common Files\Oracle\Java\javapath;C:\Program Files (x86)\Common Files\Oracle\Java\javapath;C:\windows\system32;C:\windows;C:\windows\System32\Wbem;C:\windows\System32\WindowsPowerShell\v1.0\;C:\windows\System32\OpenSSH\;C:\Program Files (x86)\NVIDIA Corporation\PhysX\Common;C:\Program Files\NVIDIA Corporation\NVIDIA NvDLISR;C:\Program Files\nodejs\;C:\Program Files\Git\cmd;C:\Program Files\dotnet\;C:\Users\joshm\AppData\Local\Android\Sdk\tools;C:\Users\joshm\AppData\Local\Android\Sdk\tools\bin;C:\Users\joshm\AppData\Roaming\npm;C:\Users\joshm\AppData\Roaming\npm\node_modules\npm\bin;C:\Users\joshm\AppData\Local\Android\Sdk\platform-tools;C:\Program Files\maven\apache-maven-3.9.5\bin;C:\PROGRA~1\Java\jdk-21;C:\Users\joshm\AppData\Local\Microsoft\WindowsApps;C:\Users\joshm\AppData\Local\Programs\Microsoft VS Code\bin;C:\Users\joshm\AppData\Roaming\npm;&quot;C:\Users\joshm\AppData\Local\Android\Sdk\platform-tools;&quot;;;."/>
    <property name="java.vm.info" value="mixed mode, sharing"/>
    <property name="stderr.encoding" value="Cp1252"/>
    <property name="java.vendor" value="Oracle Corporation"/>
    <property name="java.vm.version" value="21.0.1+12-LTS-29"/>
    <property name="sun.io.unicode.encoding" value="UnicodeLittle"/>
    <property name="java.class.version" value="65.0"/>
  </properties>
  <testcase name="checkoutFramework[{gender=male, name=Josh McCall, country=Argentina}](1)" classname="org.generalstore.journey1" time="16.235">
    <system-out><![CDATA[09:03:13.324 [main] DEBUG org.testng.TestNG -- suiteXmlPath: "C:\Users\joshm\IdeaProjects\automation_framework\testNGSuites\testing_CoreUserJourneys.xml"
&amp#27;[35m[Appium]&amp#27;[39m Welcome to Appium v2.1.3
&amp#27;[35m[Appium]&amp#27;[39m Non-default server args:
&amp#27;[35m[Appium]&amp#27;[39m { address: &amp#27;[32m'127.0.0.1'&amp#27;[39m }
&amp#27;[35m[Appium]&amp#27;[39m Attempting to load driver uiautomator2...
[debug] &amp#27;[35m[Appium]&amp#27;[39m Requiring driver at C:\Users\joshm\node_modules\appium-uiautomator2-driver
&amp#27;[35m[Appium]&amp#27;[39m Appium REST http interface listener started on http://127.0.0.1:4723
&amp#27;[35m[Appium]&amp#27;[39m Available drivers:
&amp#27;[35m[Appium]&amp#27;[39m   - uiautomator2@2.32.3 (automationName 'UiAutomator2')
&amp#27;[35m[Appium]&amp#27;[39m No plugins have been installed. Use the "appium plugin" command to install the one(s) you want to use.
&amp#27;[38;5;0m[HTTP]&amp#27;[0m &amp#27;[37m-->&amp#27;[39m &amp#27;[37mGET&amp#27;[39m &amp#27;[37m/status&amp#27;[39m
&amp#27;[38;5;0m[HTTP]&amp#27;[0m &amp#27;[90m{}&amp#27;[39m
[debug] &amp#27;[38;5;16m[AppiumDriver@0992]&amp#27;[0m Calling AppiumDriver.getStatus() with args: []
[debug] &amp#27;[38;5;16m[AppiumDriver@0992]&amp#27;[0m Responding to client with driver.getStatus() result: {"ready":true,"message":"The server is ready to accept new connections","build":{"version":"2.1.3"}}
&amp#27;[38;5;0m[HTTP]&amp#27;[0m &amp#27;[37m<-- GET /status &amp#27;[39m&amp#27;[32m200&amp#27;[39m &amp#27;[90m5 ms - 110&amp#27;[39m
&amp#27;[38;5;0m[HTTP]&amp#27;[0m &amp#27;[90m&amp#27;[39m
09:03:20.237 [main] DEBUG io.netty.util.internal.logging.InternalLoggerFactory -- Using SLF4J as the default logging framework
09:03:20.240 [main] DEBUG io.netty.util.ResourceLeakDetector -- -Dio.netty.leakDetection.level: simple
09:03:20.240 [main] DEBUG io.netty.util.ResourceLeakDetector -- -Dio.netty.leakDetection.targetRecords: 4
09:03:20.244 [main] DEBUG io.netty.util.ResourceLeakDetectorFactory -- Loaded default ResourceLeakDetector: io.netty.util.ResourceLeakDetector@201b6b6f
09:03:20.255 [main] DEBUG io.netty.util.internal.PlatformDependent0 -- -Dio.netty.noUnsafe: false
09:03:20.255 [main] DEBUG io.netty.util.internal.PlatformDependent0 -- Java version: 21
09:03:20.256 [main] DEBUG io.netty.util.internal.PlatformDependent0 -- sun.misc.Unsafe.theUnsafe: available
09:03:20.257 [main] DEBUG io.netty.util.internal.PlatformDependent0 -- sun.misc.Unsafe.copyMemory: available
09:03:20.257 [main] DEBUG io.netty.util.internal.PlatformDependent0 -- sun.misc.Unsafe.storeFence: available
09:03:20.257 [main] DEBUG io.netty.util.internal.PlatformDependent0 -- java.nio.Buffer.address: available
09:03:20.258 [main] DEBUG io.netty.util.internal.PlatformDependent0 -- direct buffer constructor: unavailable: Reflective setAccessible(true) disabled
09:03:20.258 [main] DEBUG io.netty.util.internal.PlatformDependent0 -- java.nio.Bits.unaligned: available, true
09:03:20.259 [main] DEBUG io.netty.util.internal.PlatformDependent0 -- jdk.internal.misc.Unsafe.allocateUninitializedArray(int): unavailable: class io.netty.util.internal.PlatformDependent0$7 cannot access class jdk.internal.misc.Unsafe (in module java.base) because module java.base does not export jdk.internal.misc to unnamed module @1b1cfb87
09:03:20.260 [main] DEBUG io.netty.util.internal.PlatformDependent0 -- java.nio.DirectByteBuffer.<init>(long, {int,long}): unavailable
09:03:20.260 [main] DEBUG io.netty.util.internal.PlatformDependent -- sun.misc.Unsafe: available
09:03:20.261 [main] DEBUG io.netty.util.internal.PlatformDependent -- maxDirectMemory: 4232052736 bytes (maybe)
09:03:20.261 [main] DEBUG io.netty.util.internal.PlatformDependent -- -Dio.netty.tmpdir: C:\Users\joshm\AppData\Local\Temp (java.io.tmpdir)
09:03:20.261 [main] DEBUG io.netty.util.internal.PlatformDependent -- -Dio.netty.bitMode: 64 (sun.arch.data.model)
09:03:20.262 [main] DEBUG io.netty.util.internal.PlatformDependent -- Platform: Windows
09:03:20.262 [main] DEBUG io.netty.util.internal.PlatformDependent -- -Dio.netty.maxDirectMemory: -1 bytes
09:03:20.262 [main] DEBUG io.netty.util.internal.PlatformDependent -- -Dio.netty.uninitializedArrayAllocationThreshold: -1
09:03:20.263 [main] DEBUG io.netty.util.internal.CleanerJava9 -- java.nio.ByteBuffer.cleaner(): available
09:03:20.263 [main] DEBUG io.netty.util.internal.PlatformDependent -- -Dio.netty.noPreferDirect: false
09:03:20.268 [main] DEBUG io.netty.util.internal.PlatformDependent -- org.jctools-core.MpscChunkedArrayQueue: available
09:03:20.283 [main] DEBUG io.netty.util.internal.InternalThreadLocalMap -- -Dio.netty.threadLocalMap.stringBuilder.initialSize: 1024
09:03:20.283 [main] DEBUG io.netty.util.internal.InternalThreadLocalMap -- -Dio.netty.threadLocalMap.stringBuilder.maxSize: 4096
09:03:20.384 [main] DEBUG io.netty.handler.ssl.JdkSslContext -- Default protocols (JDK): [TLSv1.3, TLSv1.2] 
09:03:20.384 [main] DEBUG io.netty.handler.ssl.JdkSslContext -- Default cipher suites (JDK): [TLS_ECDHE_ECDSA_WITH_AES_256_GCM_SHA384, TLS_ECDHE_ECDSA_WITH_AES_128_GCM_SHA256, TLS_ECDHE_RSA_WITH_AES_128_GCM_SHA256, TLS_ECDHE_RSA_WITH_AES_256_GCM_SHA384, TLS_ECDHE_RSA_WITH_AES_128_CBC_SHA, TLS_ECDHE_RSA_WITH_AES_256_CBC_SHA, TLS_RSA_WITH_AES_128_GCM_SHA256, TLS_RSA_WITH_AES_128_CBC_SHA, TLS_RSA_WITH_AES_256_CBC_SHA, TLS_AES_128_GCM_SHA256, TLS_AES_256_GCM_SHA384]
09:03:20.394 [main] DEBUG io.netty.util.concurrent.GlobalEventExecutor -- -Dio.netty.globalEventExecutor.quietPeriodSeconds: 1
09:03:20.402 [main] DEBUG io.netty.channel.MultithreadEventLoopGroup -- -Dio.netty.eventLoopThreads: 24
09:03:20.409 [main] DEBUG io.netty.channel.nio.NioEventLoop -- -Dio.netty.noKeySetOptimization: false
09:03:20.409 [main] DEBUG io.netty.channel.nio.NioEventLoop -- -Dio.netty.selectorAutoRebuildThreshold: 512
09:03:20.446 [main] DEBUG io.netty.buffer.PooledByteBufAllocator -- -Dio.netty.allocator.numHeapArenas: 24
09:03:20.446 [main] DEBUG io.netty.buffer.PooledByteBufAllocator -- -Dio.netty.allocator.numDirectArenas: 24
09:03:20.446 [main] DEBUG io.netty.buffer.PooledByteBufAllocator -- -Dio.netty.allocator.pageSize: 8192
09:03:20.446 [main] DEBUG io.netty.buffer.PooledByteBufAllocator -- -Dio.netty.allocator.maxOrder: 9
09:03:20.446 [main] DEBUG io.netty.buffer.PooledByteBufAllocator -- -Dio.netty.allocator.chunkSize: 4194304
09:03:20.446 [main] DEBUG io.netty.buffer.PooledByteBufAllocator -- -Dio.netty.allocator.smallCacheSize: 256
09:03:20.446 [main] DEBUG io.netty.buffer.PooledByteBufAllocator -- -Dio.netty.allocator.normalCacheSize: 64
09:03:20.446 [main] DEBUG io.netty.buffer.PooledByteBufAllocator -- -Dio.netty.allocator.maxCachedBufferCapacity: 32768
09:03:20.446 [main] DEBUG io.netty.buffer.PooledByteBufAllocator -- -Dio.netty.allocator.cacheTrimInterval: 8192
09:03:20.446 [main] DEBUG io.netty.buffer.PooledByteBufAllocator -- -Dio.netty.allocator.cacheTrimIntervalMillis: 0
09:03:20.446 [main] DEBUG io.netty.buffer.PooledByteBufAllocator -- -Dio.netty.allocator.useCacheForAllThreads: false
09:03:20.446 [main] DEBUG io.netty.buffer.PooledByteBufAllocator -- -Dio.netty.allocator.maxCachedByteBuffersPerChunk: 1023
09:03:20.454 [main] DEBUG io.netty.buffer.ByteBufUtil -- -Dio.netty.allocator.type: pooled
09:03:20.454 [main] DEBUG io.netty.buffer.ByteBufUtil -- -Dio.netty.threadLocalDirectBufferSize: 0
09:03:20.454 [main] DEBUG io.netty.buffer.ByteBufUtil -- -Dio.netty.maxThreadLocalCharBufferSize: 16384
09:03:20.587 [Forwarding newSession on session null to remote] DEBUG io.netty.channel.DefaultChannelId -- -Dio.netty.processId: 13288 (auto-detected)
09:03:20.589 [Forwarding newSession on session null to remote] DEBUG io.netty.util.NetUtil -- -Djava.net.preferIPv4Stack: false
09:03:20.589 [Forwarding newSession on session null to remote] DEBUG io.netty.util.NetUtil -- -Djava.net.preferIPv6Addresses: false
09:03:20.595 [Forwarding newSession on session null to remote] DEBUG io.netty.util.NetUtilInitializations -- Loopback interface: loopback_0 (Software Loopback Interface 1, 0:0:0:0:0:0:0:1)
09:03:20.596 [Forwarding newSession on session null to remote] DEBUG io.netty.util.NetUtil -- Failed to get SOMAXCONN from sysctl and file \proc\sys\net\core\somaxconn. Default: 200
09:03:20.598 [Forwarding newSession on session null to remote] DEBUG io.netty.channel.DefaultChannelId -- -Dio.netty.machineId: 74:97:79:ff:fe:fd:4d:e6 (auto-detected)
09:03:20.626 [AsyncHttpClient-1-2] DEBUG io.netty.buffer.AbstractByteBuf -- -Dio.netty.buffer.checkAccessible: true
09:03:20.626 [AsyncHttpClient-1-2] DEBUG io.netty.buffer.AbstractByteBuf -- -Dio.netty.buffer.checkBounds: true
09:03:20.626 [AsyncHttpClient-1-2] DEBUG io.netty.util.ResourceLeakDetectorFactory -- Loaded default ResourceLeakDetector: io.netty.util.ResourceLeakDetector@5a1c288e
09:03:20.635 [AsyncHttpClient-1-2] DEBUG org.asynchttpclient.netty.channel.NettyConnectListener -- Using new Channel '[id: 0x01c8cbd7, L:/127.0.0.1:50782 - R:/127.0.0.1:4723]' for 'POST' to '/session'
09:03:20.646 [AsyncHttpClient-1-2] DEBUG io.netty.util.Recycler -- -Dio.netty.recycler.maxCapacityPerThread: 4096
09:03:20.646 [AsyncHttpClient-1-2] DEBUG io.netty.util.Recycler -- -Dio.netty.recycler.ratio: 8
09:03:20.646 [AsyncHttpClient-1-2] DEBUG io.netty.util.Recycler -- -Dio.netty.recycler.chunkSize: 32
09:03:20.646 [AsyncHttpClient-1-2] DEBUG io.netty.util.Recycler -- -Dio.netty.recycler.blocking: false
09:03:20.646 [AsyncHttpClient-1-2] DEBUG io.netty.util.Recycler -- -Dio.netty.recycler.batchFastThreadLocalOnly: true
[debug] &amp#27;[38;5;0m[HTTP]&amp#27;[0m Request idempotency key: 3c7db1b7-4480-4d84-bfe8-ff8333b77ea5
&amp#27;[38;5;0m[HTTP]&amp#27;[0m &amp#27;[37m-->&amp#27;[39m &amp#27;[37mPOST&amp#27;[39m &amp#27;[37m/session&amp#27;[39m
&amp#27;[38;5;0m[HTTP]&amp#27;[0m &amp#27;[90m{"capabilities":{"firstMatch":[{}],"alwaysMatch":{"appium:app":"C:\\Users\\joshm\\IdeaProjects\\automation_framework\\src\\resources\\General-Store.apk","appium:automationName":"UIAutomator2","appium:chromedriverExecutable":"C:\\Users\\joshm\\Documents\\QA\\chromedriver.exe","appium:deviceName":"Test Device","platformName":"ANDROID"}}}&amp#27;[39m
[debug] &amp#27;[38;5;16m[AppiumDriver@0992]&amp#27;[0m Calling AppiumDriver.createSession() with args: [null,null,{"firstMatch":[{}],"alwaysMatch":{"appium:app":"C:\\Users\\joshm\\IdeaProjects\\automation_framework\\src\\resources\\General-Store.apk","appium:automationName":"UIAutomator2","appium:chromedriverExecutable":"C:\\Users\\joshm\\Documents\\QA\\chromedriver.exe","appium:deviceName":"Test Device","platformName":"ANDROID"}}]
[debug] &amp#27;[38;5;16m[AppiumDriver@0992]&amp#27;[0m Event 'newSessionRequested' logged at 1698829400669 (09:03:20 GMT+0000 (Greenwich Mean Time))
&amp#27;[35m[Appium]&amp#27;[39m Attempting to find matching driver for automationName 'UIAutomator2' and platformName 'ANDROID'
&amp#27;[35m[Appium]&amp#27;[39m The 'uiautomator2' driver was installed and matched caps.
&amp#27;[35m[Appium]&amp#27;[39m Will require it at C:\Users\joshm\node_modules\appium-uiautomator2-driver
[debug] &amp#27;[35m[Appium]&amp#27;[39m Requiring driver at C:\Users\joshm\node_modules\appium-uiautomator2-driver
&amp#27;[38;5;16m[AppiumDriver@0992]&amp#27;[0m Appium v2.1.3 creating new AndroidUiautomator2Driver (v2.32.3) session
&amp#27;[38;5;16m[AppiumDriver@0992]&amp#27;[0m Checking BaseDriver versions for Appium and AndroidUiautomator2Driver
&amp#27;[38;5;16m[AppiumDriver@0992]&amp#27;[0m Appium's BaseDriver version is 9.3.20
&amp#27;[38;5;16m[AppiumDriver@0992]&amp#27;[0m AndroidUiautomator2Driver's BaseDriver version is 9.3.20
[debug] &amp#27;[38;5;32m[AndroidUiautomator2Driver@2331]&amp#27;[0m Creating session with W3C capabilities: {
[debug] &amp#27;[38;5;32m[AndroidUiautomator2Driver@2331]&amp#27;[0m   "alwaysMatch": {
[debug] &amp#27;[38;5;32m[AndroidUiautomator2Driver@2331]&amp#27;[0m     "platformName": "ANDROID",
[debug] &amp#27;[38;5;32m[AndroidUiautomator2Driver@2331]&amp#27;[0m     "appium:app": "C:\\Users\\joshm\\IdeaProjects\\automation_framework\\src\\resources\\General-Store.apk",
[debug] &amp#27;[38;5;32m[AndroidUiautomator2Driver@2331]&amp#27;[0m     "appium:automationName": "UIAutomator2",
[debug] &amp#27;[38;5;32m[AndroidUiautomator2Driver@2331]&amp#27;[0m     "appium:chromedriverExecutable": "C:\\Users\\joshm\\Documents\\QA\\chromedriver.exe",
[debug] &amp#27;[38;5;32m[AndroidUiautomator2Driver@2331]&amp#27;[0m     "appium:deviceName": "Test Device"
[debug] &amp#27;[38;5;32m[AndroidUiautomator2Driver@2331]&amp#27;[0m   },
[debug] &amp#27;[38;5;32m[AndroidUiautomator2Driver@2331]&amp#27;[0m   "firstMatch": [
[debug] &amp#27;[38;5;32m[AndroidUiautomator2Driver@2331]&amp#27;[0m     {}
[debug] &amp#27;[38;5;32m[AndroidUiautomator2Driver@2331]&amp#27;[0m   ]
[debug] &amp#27;[38;5;32m[AndroidUiautomator2Driver@2331]&amp#27;[0m }
&amp#27;[38;5;32m[AndroidUiautomator2Driver@2331 (878f5998)]&amp#27;[0m Session created with session id: 878f5998-f3e3-4142-8b23-5fe7cb294cb0
&amp#27;[38;5;48m[BaseDriver]&amp#27;[0m Using local app 'C:\Users\joshm\IdeaProjects\automation_framework\src\resources\General-Store.apk'
[debug] &amp#27;[38;5;32m[AndroidUiautomator2Driver@2331 (878f5998)]&amp#27;[0m Checking whether app is actually present
&amp#27;[38;5;64m[ADB]&amp#27;[0m Found 2 'build-tools' folders under 'C:\Users\joshm\AppData\Local\Android\Sdk' (newest first):
&amp#27;[38;5;64m[ADB]&amp#27;[0m     C:\Users\joshm\AppData\Local\Android\Sdk\build-tools\34.0.0
&amp#27;[38;5;64m[ADB]&amp#27;[0m     C:\Users\joshm\AppData\Local\Android\Sdk\build-tools\33.0.1
&amp#27;[38;5;64m[ADB]&amp#27;[0m Using 'adb.exe' from 'C:\Users\joshm\AppData\Local\Android\Sdk\platform-tools\adb.exe'
[debug] &amp#27;[38;5;64m[ADB]&amp#27;[0m Running 'C:\Users\joshm\AppData\Local\Android\Sdk\platform-tools\adb.exe -P 5037 start-server'
&amp#27;[38;5;80m[AndroidDriver]&amp#27;[0m Retrieving device list
[debug] &amp#27;[38;5;64m[ADB]&amp#27;[0m Trying to find connected Android devices
[debug] &amp#27;[38;5;64m[ADB]&amp#27;[0m Getting connected devices
[debug] &amp#27;[38;5;64m[ADB]&amp#27;[0m Connected devices: [{"udid":"emulator-5554","state":"device"}]
&amp#27;[38;5;80m[AndroidDriver]&amp#27;[0m Using device: emulator-5554
&amp#27;[38;5;64m[ADB]&amp#27;[0m Using 'adb.exe' from 'C:\Users\joshm\AppData\Local\Android\Sdk\platform-tools\adb.exe'
[debug] &amp#27;[38;5;64m[ADB]&amp#27;[0m Running 'C:\Users\joshm\AppData\Local\Android\Sdk\platform-tools\adb.exe -P 5037 start-server'
[debug] &amp#27;[38;5;64m[ADB]&amp#27;[0m Setting device id to emulator-5554
[debug] &amp#27;[38;5;64m[ADB]&amp#27;[0m Running 'C:\Users\joshm\AppData\Local\Android\Sdk\platform-tools\adb.exe -P 5037 -s emulator-5554 shell getprop ro.build.version.sdk'
[debug] &amp#27;[38;5;64m[ADB]&amp#27;[0m Current device property 'ro.build.version.sdk': 34
&amp#27;[38;5;64m[ADB]&amp#27;[0m Getting device platform version
[debug] &amp#27;[38;5;64m[ADB]&amp#27;[0m Running 'C:\Users\joshm\AppData\Local\Android\Sdk\platform-tools\adb.exe -P 5037 -s emulator-5554 shell getprop ro.build.version.release'
[debug] &amp#27;[38;5;64m[ADB]&amp#27;[0m Current device property 'ro.build.version.release': 14
[debug] &amp#27;[38;5;64m[ADB]&amp#27;[0m Device API level: 34
&amp#27;[38;5;32m[AndroidUiautomator2Driver@2331 (878f5998)]&amp#27;[0m Relaxing hidden api policy
[debug] &amp#27;[38;5;64m[ADB]&amp#27;[0m Running 'C:\Users\joshm\AppData\Local\Android\Sdk\platform-tools\adb.exe -P 5037 -s emulator-5554 shell 'settings put global hidden_api_policy_pre_p_apps 1;settings put global hidden_api_policy_p_apps 1;settings put global hidden_api_policy 1''
[debug] &amp#27;[38;5;80m[AndroidDriver]&amp#27;[0m Parsing package and activity from app manifest
&amp#27;[38;5;64m[ADB]&amp#27;[0m Package name: 'com.androidsample.generalstore'
&amp#27;[38;5;64m[ADB]&amp#27;[0m Main activity name: 'com.androidsample.generalstore.SplashActivity'
[debug] &amp#27;[38;5;80m[AndroidDriver]&amp#27;[0m Parsed package and activity are: com.androidsample.generalstore/com.androidsample.generalstore.SplashActivity
[debug] &amp#27;[38;5;64m[ADB]&amp#27;[0m Running 'C:\Users\joshm\AppData\Local\Android\Sdk\platform-tools\adb.exe -P 5037 -s emulator-5554 wait-for-device'
[debug] &amp#27;[38;5;64m[ADB]&amp#27;[0m Running 'C:\Users\joshm\AppData\Local\Android\Sdk\platform-tools\adb.exe -P 5037 -s emulator-5554 shell echo ping'
[debug] &amp#27;[38;5;80m[AndroidDriver]&amp#27;[0m Pushing settings apk to device...
[debug] &amp#27;[38;5;64m[ADB]&amp#27;[0m Getting package info for 'io.appium.settings'
[debug] &amp#27;[38;5;64m[ADB]&amp#27;[0m Running 'C:\Users\joshm\AppData\Local\Android\Sdk\platform-tools\adb.exe -P 5037 -s emulator-5554 shell dumpsys package io.appium.settings'
[debug] &amp#27;[38;5;64m[ADB]&amp#27;[0m The version name of the installed 'io.appium.settings' is greater or equal to the application version name ('5.1.2' >= '5.1.2')
[debug] &amp#27;[38;5;64m[ADB]&amp#27;[0m There is no need to install/upgrade 'C:\Users\joshm\node_modules\appium-uiautomator2-driver\node_modules\io.appium.settings\apks\settings_apk-debug.apk'
[debug] &amp#27;[38;5;64m[ADB]&amp#27;[0m Getting IDs of all 'io.appium.settings' processes
[debug] &amp#27;[38;5;64m[ADB]&amp#27;[0m Running 'C:\Users\joshm\AppData\Local\Android\Sdk\platform-tools\adb.exe -P 5037 -s emulator-5554 shell 'pgrep --help; echo $?''
[debug] &amp#27;[38;5;64m[ADB]&amp#27;[0m Running 'C:\Users\joshm\AppData\Local\Android\Sdk\platform-tools\adb.exe -P 5037 -s emulator-5554 shell pgrep -f \(\[\[:blank:\]\]\|\^\)io\.appium\.settings\(\[\[:blank:\]\]\|\$\)'
[debug] &amp#27;[38;5;80m[AndroidDriver]&amp#27;[0m io.appium.settings is already running. There is no need to reset its permissions.
[debug] &amp#27;[38;5;96m[Logcat]&amp#27;[0m Starting logs capture with command: C:\\Users\\joshm\\AppData\\Local\\Android\\Sdk\\platform-tools\\adb.exe -P 5037 -s emulator-5554 logcat -v threadtime
[debug] &amp#27;[38;5;32m[AndroidUiautomator2Driver@2331 (878f5998)]&amp#27;[0m Forwarding UiAutomator2 Server port 6790 to local port 8200
[debug] &amp#27;[38;5;64m[ADB]&amp#27;[0m Forwarding system: 8200 to device: 6790
[debug] &amp#27;[38;5;64m[ADB]&amp#27;[0m Running 'C:\Users\joshm\AppData\Local\Android\Sdk\platform-tools\adb.exe -P 5037 -s emulator-5554 forward tcp:8200 tcp:6790'
[debug] &amp#27;[38;5;64m[ADB]&amp#27;[0m Checking app cert for C:\Users\joshm\node_modules\appium-uiautomator2-driver\node_modules\appium-uiautomator2-server\apks\appium-uiautomator2-server-v5.12.7.apk
[debug] &amp#27;[38;5;64m[ADB]&amp#27;[0m Checking app cert for C:\Users\joshm\node_modules\appium-uiautomator2-driver\node_modules\appium-uiautomator2-server\apks\appium-uiautomator2-server-debug-androidTest.apk
&amp#27;[38;5;64m[ADB]&amp#27;[0m Using 'apksigner.jar' from 'C:\Users\joshm\AppData\Local\Android\Sdk\build-tools\34.0.0\lib\apksigner.jar'
[debug] &amp#27;[38;5;64m[ADB]&amp#27;[0m Starting apksigner: C:\\PROGRA~1\\Java\\jdk-21\\bin\\java.exe -Xmx1024M -Xss1m -jar C:\\Users\\joshm\\AppData\\Local\\Android\\Sdk\\build-tools\\34.0.0\\lib\\apksigner.jar verify --print-certs C:\\Users\\joshm\\node_modules\\appium-uiautomator2-driver\\node_modules\\appium-uiautomator2-server\\apks\\appium-uiautomator2-server-debug-androidTest.apk
[debug] &amp#27;[38;5;64m[ADB]&amp#27;[0m Starting apksigner: C:\\PROGRA~1\\Java\\jdk-21\\bin\\java.exe -Xmx1024M -Xss1m -jar C:\\Users\\joshm\\AppData\\Local\\Android\\Sdk\\build-tools\\34.0.0\\lib\\apksigner.jar verify --print-certs C:\\Users\\joshm\\node_modules\\appium-uiautomator2-driver\\node_modules\\appium-uiautomator2-server\\apks\\appium-uiautomator2-server-v5.12.7.apk
[debug] &amp#27;[38;5;64m[ADB]&amp#27;[0m apksigner stdout: Signer #1 certificate DN: EMAILADDRESS=android@android.com, CN=Android, OU=Android, O=Android, L=Mountain View, ST=California, C=US
[debug] &amp#27;[38;5;64m[ADB]&amp#27;[0m Signer #1 certificate SHA-256 digest: a40da80a59d170caa950cf15c18c454d47a39b26989d8b640ecd745ba71bf5dc
[debug] &amp#27;[38;5;64m[ADB]&amp#27;[0m Signer #1 certificate SHA-1 digest: 61ed377e85d386a8dfee6b864bd85b0bfaa5af81
[debug] &amp#27;[38;5;64m[ADB]&amp#27;[0m Signer #1 certificate MD5 digest: e89b158e4bcf988ebd09eb83f5378e87
[debug] &amp#27;[38;5;64m[ADB]&amp#27;[0m 
[debug] &amp#27;[38;5;64m[ADB]&amp#27;[0m sha256 hash did match for 'appium-uiautomator2-server-debug-androidTest.apk'
&amp#27;[38;5;64m[ADB]&amp#27;[0m 'C:\Users\joshm\node_modules\appium-uiautomator2-driver\node_modules\appium-uiautomator2-server\apks\appium-uiautomator2-server-debug-androidTest.apk' is signed with the default certificate
[debug] &amp#27;[38;5;64m[ADB]&amp#27;[0m Getting install status for io.appium.uiautomator2.server.test
[debug] &amp#27;[38;5;64m[ADB]&amp#27;[0m Running 'C:\Users\joshm\AppData\Local\Android\Sdk\platform-tools\adb.exe -P 5037 -s emulator-5554 shell pm path io.appium.uiautomator2.server.test'
[debug] &amp#27;[38;5;64m[ADB]&amp#27;[0m 'io.appium.uiautomator2.server.test' is installed
[debug] &amp#27;[38;5;64m[ADB]&amp#27;[0m apksigner stdout: Signer #1 certificate DN: EMAILADDRESS=android@android.com, CN=Android, OU=Android, O=Android, L=Mountain View, ST=California, C=US
[debug] &amp#27;[38;5;64m[ADB]&amp#27;[0m Signer #1 certificate SHA-256 digest: a40da80a59d170caa950cf15c18c454d47a39b26989d8b640ecd745ba71bf5dc
[debug] &amp#27;[38;5;64m[ADB]&amp#27;[0m Signer #1 certificate SHA-1 digest: 61ed377e85d386a8dfee6b864bd85b0bfaa5af81
[debug] &amp#27;[38;5;64m[ADB]&amp#27;[0m Signer #1 certificate MD5 digest: e89b158e4bcf988ebd09eb83f5378e87
[debug] &amp#27;[38;5;64m[ADB]&amp#27;[0m 
[debug] &amp#27;[38;5;64m[ADB]&amp#27;[0m sha256 hash did match for 'appium-uiautomator2-server-v5.12.7.apk'
&amp#27;[38;5;64m[ADB]&amp#27;[0m 'C:\Users\joshm\node_modules\appium-uiautomator2-driver\node_modules\appium-uiautomator2-server\apks\appium-uiautomator2-server-v5.12.7.apk' is signed with the default certificate
[debug] &amp#27;[38;5;64m[ADB]&amp#27;[0m Getting package info for 'io.appium.uiautomator2.server'
[debug] &amp#27;[38;5;64m[ADB]&amp#27;[0m Running 'C:\Users\joshm\AppData\Local\Android\Sdk\platform-tools\adb.exe -P 5037 -s emulator-5554 shell dumpsys package io.appium.uiautomator2.server'
[debug] &amp#27;[38;5;64m[ADB]&amp#27;[0m The version name of the installed 'io.appium.uiautomator2.server' is greater or equal to the application version name ('5.12.7' >= '5.12.7')
[debug] &amp#27;[38;5;32m[AndroidUiautomator2Driver@2331 (878f5998)]&amp#27;[0m Server packages status: [{"wasSigned":true,"installState":"sameVersionInstalled","appPath":"C:\\Users\\joshm\\node_modules\\appium-uiautomator2-driver\\node_modules\\appium-uiautomator2-server\\apks\\appium-uiautomator2-server-v5.12.7.apk","appId":"io.appium.uiautomator2.server"},{"wasSigned":true,"installState":"sameVersionInstalled","appPath":"C:\\Users\\joshm\\node_modules\\appium-uiautomator2-driver\\node_modules\\appium-uiautomator2-server\\apks\\appium-uiautomator2-server-debug-androidTest.apk","appId":"io.appium.uiautomator2.server.test"}]
&amp#27;[38;5;32m[AndroidUiautomator2Driver@2331 (878f5998)]&amp#27;[0m Server packages are not going to be (re)installed
[debug] &amp#27;[38;5;32m[AndroidUiautomator2Driver@2331 (878f5998)]&amp#27;[0m Waiting up to 30000ms for services to be available
[debug] &amp#27;[38;5;64m[ADB]&amp#27;[0m Running 'C:\Users\joshm\AppData\Local\Android\Sdk\platform-tools\adb.exe -P 5037 -s emulator-5554 shell pm list instrumentation'
[debug] &amp#27;[38;5;32m[AndroidUiautomator2Driver@2331 (878f5998)]&amp#27;[0m Instrumentation target 'io.appium.uiautomator2.server.test/androidx.test.runner.AndroidJUnitRunner' is available
&amp#27;[38;5;64m[ADB]&amp#27;[0m Adding packages ["io.appium.settings","io.appium.uiautomator2.server","io.appium.uiautomator2.server.test"] to Doze whitelist
[debug] &amp#27;[38;5;64m[ADB]&amp#27;[0m Got the following command chunks to execute: [["dumpsys","deviceidle","whitelist","+io.appium.settings",";","dumpsys","deviceidle","whitelist","+io.appium.uiautomator2.server",";","dumpsys","deviceidle","whitelist","+io.appium.uiautomator2.server.test",";"]]
[debug] &amp#27;[38;5;64m[ADB]&amp#27;[0m Running 'C:\Users\joshm\AppData\Local\Android\Sdk\platform-tools\adb.exe -P 5037 -s emulator-5554 shell dumpsys deviceidle whitelist +io.appium.settings ; dumpsys deviceidle whitelist +io.appium.uiautomator2.server ; dumpsys deviceidle whitelist +io.appium.uiautomator2.server.test ;'
[debug] &amp#27;[38;5;64m[ADB]&amp#27;[0m Checking app cert for C:\Users\joshm\IdeaProjects\automation_framework\src\resources\General-Store.apk
[debug] &amp#27;[38;5;64m[ADB]&amp#27;[0m Starting apksigner: C:\\PROGRA~1\\Java\\jdk-21\\bin\\java.exe -Xmx1024M -Xss1m -jar C:\\Users\\joshm\\AppData\\Local\\Android\\Sdk\\build-tools\\34.0.0\\lib\\apksigner.jar verify --print-certs C:\\Users\\joshm\\IdeaProjects\\automation_framework\\src\\resources\\General-Store.apk
[debug] &amp#27;[38;5;64m[ADB]&amp#27;[0m apksigner stdout: Signer #1 certificate DN: EMAILADDRESS=android@android.com, CN=Android, OU=Android, O=Android, L=Mountain View, ST=California, C=US
[debug] &amp#27;[38;5;64m[ADB]&amp#27;[0m Signer #1 certificate SHA-256 digest: a40da80a59d170caa950cf15c18c454d47a39b26989d8b640ecd745ba71bf5dc
[debug] &amp#27;[38;5;64m[ADB]&amp#27;[0m Signer #1 certificate SHA-1 digest: 61ed377e85d386a8dfee6b864bd85b0bfaa5af81
[debug] &amp#27;[38;5;64m[ADB]&amp#27;[0m Signer #1 certificate MD5 digest: e89b158e4bcf988ebd09eb83f5378e87
[debug] &amp#27;[38;5;64m[ADB]&amp#27;[0m 
[debug] &amp#27;[38;5;64m[ADB]&amp#27;[0m sha256 hash did match for 'General-Store.apk'
&amp#27;[38;5;64m[ADB]&amp#27;[0m 'C:\Users\joshm\IdeaProjects\automation_framework\src\resources\General-Store.apk' is signed with the default certificate
[debug] &amp#27;[38;5;64m[ADB]&amp#27;[0m Getting package info for 'com.androidsample.generalstore'
[debug] &amp#27;[38;5;64m[ADB]&amp#27;[0m Running 'C:\Users\joshm\AppData\Local\Android\Sdk\platform-tools\adb.exe -P 5037 -s emulator-5554 shell dumpsys package com.androidsample.generalstore'
[debug] &amp#27;[38;5;64m[ADB]&amp#27;[0m The version name of the installed 'com.androidsample.generalstore' is greater or equal to the application version name ('1.0.0' >= '1.0.0')
[debug] &amp#27;[38;5;64m[ADB]&amp#27;[0m There is no need to install/upgrade 'C:\Users\joshm\IdeaProjects\automation_framework\src\resources\General-Store.apk'
&amp#27;[38;5;80m[AndroidDriver]&amp#27;[0m Performing fast reset on 'com.androidsample.generalstore'
[debug] &amp#27;[38;5;64m[ADB]&amp#27;[0m Getting install status for com.androidsample.generalstore
[debug] &amp#27;[38;5;64m[ADB]&amp#27;[0m Running 'C:\Users\joshm\AppData\Local\Android\Sdk\platform-tools\adb.exe -P 5037 -s emulator-5554 shell pm path com.androidsample.generalstore'
[debug] &amp#27;[38;5;64m[ADB]&amp#27;[0m 'com.androidsample.generalstore' is installed
[debug] &amp#27;[38;5;64m[ADB]&amp#27;[0m Running 'C:\Users\joshm\AppData\Local\Android\Sdk\platform-tools\adb.exe -P 5037 -s emulator-5554 shell am force-stop com.androidsample.generalstore'
[debug] &amp#27;[38;5;64m[ADB]&amp#27;[0m Running 'C:\Users\joshm\AppData\Local\Android\Sdk\platform-tools\adb.exe -P 5037 -s emulator-5554 shell pm clear com.androidsample.generalstore'
[debug] &amp#27;[38;5;80m[AndroidDriver]&amp#27;[0m Performed fast reset on the installed 'com.androidsample.generalstore' application (stop and clear)
[debug] &amp#27;[38;5;32m[AndroidUiautomator2Driver@2331 (878f5998)]&amp#27;[0m Performing shallow cleanup of automation leftovers
[debug] &amp#27;[38;5;32m[AndroidUiautomator2Driver@2331 (878f5998)]&amp#27;[0m No obsolete sessions have been detected (socket hang up)
[debug] &amp#27;[38;5;64m[ADB]&amp#27;[0m Running 'C:\Users\joshm\AppData\Local\Android\Sdk\platform-tools\adb.exe -P 5037 -s emulator-5554 shell am force-stop io.appium.uiautomator2.server.test'
&amp#27;[38;5;32m[AndroidUiautomator2Driver@2331 (878f5998)]&amp#27;[0m Starting UIAutomator2 server 5.12.7
&amp#27;[38;5;32m[AndroidUiautomator2Driver@2331 (878f5998)]&amp#27;[0m Using UIAutomator2 server from 'C:\Users\joshm\node_modules\appium-uiautomator2-driver\node_modules\appium-uiautomator2-server\apks\appium-uiautomator2-server-v5.12.7.apk' and test from 'C:\Users\joshm\node_modules\appium-uiautomator2-driver\node_modules\appium-uiautomator2-server\apks\appium-uiautomator2-server-debug-androidTest.apk'
&amp#27;[38;5;32m[AndroidUiautomator2Driver@2331 (878f5998)]&amp#27;[0m Waiting up to 30000ms for UiAutomator2 to be online...
[debug] &amp#27;[38;5;64m[ADB]&amp#27;[0m Creating ADB subprocess with args: ["-P","5037","-s","emulator-5554","shell","am","instrument","-w","-e","disableAnalytics","true","io.appium.uiautomator2.server.test/androidx.test.runner.AndroidJUnitRunner"]
[debug] &amp#27;[38;5;32m[AndroidUiautomator2Driver@2331 (878f5998)]&amp#27;[0m Matched '/status' to command name 'getStatus'
[debug] &amp#27;[38;5;32m[AndroidUiautomator2Driver@2331 (878f5998)]&amp#27;[0m Proxying [GET /status] to [GET http://127.0.0.1:8200/status] with no body
&amp#27;[38;5;32m[AndroidUiautomator2Driver@2331 (878f5998)]&amp#27;[0m socket hang up
[debug] &amp#27;[38;5;32m[AndroidUiautomator2Driver@2331 (878f5998)]&amp#27;[0m Matched '/status' to command name 'getStatus'
[debug] &amp#27;[38;5;32m[AndroidUiautomator2Driver@2331 (878f5998)]&amp#27;[0m Proxying [GET /status] to [GET http://127.0.0.1:8200/status] with no body
&amp#27;[38;5;32m[AndroidUiautomator2Driver@2331 (878f5998)]&amp#27;[0m socket hang up
[debug] &amp#27;[38;5;112m[Instrumentation]&amp#27;[0m io.appium.uiautomator2.server.test.AppiumUiAutomator2Server:
[debug] &amp#27;[38;5;32m[AndroidUiautomator2Driver@2331 (878f5998)]&amp#27;[0m Matched '/status' to command name 'getStatus'
[debug] &amp#27;[38;5;32m[AndroidUiautomator2Driver@2331 (878f5998)]&amp#27;[0m Proxying [GET /status] to [GET http://127.0.0.1:8200/status] with no body
&amp#27;[38;5;32m[AndroidUiautomator2Driver@2331 (878f5998)]&amp#27;[0m socket hang up
[debug] &amp#27;[38;5;32m[AndroidUiautomator2Driver@2331 (878f5998)]&amp#27;[0m Matched '/status' to command name 'getStatus'
[debug] &amp#27;[38;5;32m[AndroidUiautomator2Driver@2331 (878f5998)]&amp#27;[0m Proxying [GET /status] to [GET http://127.0.0.1:8200/status] with no body
[debug] &amp#27;[38;5;32m[AndroidUiautomator2Driver@2331 (878f5998)]&amp#27;[0m Got response with status 200: {"sessionId":"None","value":{"message":"UiAutomator2 Server is ready to accept commands","ready":true}}
[debug] &amp#27;[38;5;32m[AndroidUiautomator2Driver@2331 (878f5998)]&amp#27;[0m The initialization of the instrumentation process took 3163ms
[debug] &amp#27;[38;5;32m[AndroidUiautomator2Driver@2331 (878f5998)]&amp#27;[0m Matched '/session' to command name 'createSession'
[debug] &amp#27;[38;5;32m[AndroidUiautomator2Driver@2331 (878f5998)]&amp#27;[0m Proxying [POST /session] to [POST http://127.0.0.1:8200/session] with body: {"capabilities":{"firstMatch":[{"platformName":"ANDROID","app":"C:\\Users\\joshm\\IdeaProjects\\automation_framework\\src\\resources\\General-Store.apk","automationName":"UIAutomator2","chromedriverExecutable":"C:\\Users\\joshm\\Documents\\QA\\chromedriver.exe","deviceName":"emulator-5554","platform":"LINUX","webStorageEnabled":false,"takesScreenshot":true,"javascriptEnabled":true,"databaseEnabled":false,"networkConnectionEnabled":true,"locationContextEnabled":false,"warnings":{},"desired":{"platformName":"ANDROID","app":"C:\\Users\\joshm\\IdeaProjects\\automation_framework\\src\\resources\\General-Store.apk","automationName":"UIAutomator2","chromedriverExecutable":"C:\\Users\\joshm\\Documents\\QA\\chromedriver.exe","deviceName":"Test Device"},"deviceUDID":"emulator-5554","appPackage":"com.androidsample.generalstore"}],"alwaysMatch":{}}}
[debug] &amp#27;[38;5;32m[AndroidUiautomator2Driver@2331 (878f5998)]&amp#27;[0m Got response with status 200: {"sessionId":"a515db02-df7f-4145-a62c-d524aea530f9","value":{"capabilities":{"firstMatch":[{"platformName":"ANDROID","app":"C:\\Users\\joshm\\IdeaProjects\\automation_framework\\src\\resources\\General-Store.apk","automationName":"UIAutomator2","chromedriverExecutable":"C:\\Users\\joshm\\Documents\\QA\\chromedriver.exe","deviceName":"emulator-5554","platform":"LINUX","webStorageEnabled":false,"takesScreenshot":true,"javascriptEnabled":true,"databaseEnabled":false,"networkConnectionEnabled":true,"locationContextEnabled":false,"warnings":{},"desired":{"platformName":"ANDROID","app":"C:\\Users\\joshm\\IdeaProjects\\automation_framework\\src\\resources\\General-Store.apk","automationName":"UIAutomator2","chromedriverExecutable":"C:\\Users\\joshm\\Documents\\QA\\chromedriver.exe","deviceName":"Test Device"},"deviceUDID":"emulator-5554","appPackage":"com.androidsample.generalstore"}],"alwaysMatch":{}},"sessionId":"a515db02-df7f-4145-a62c-d524aea530f9"}}
&amp#27;[38;5;32m[AndroidUiautomator2Driver@2331 (878f5998)]&amp#27;[0m Determined the downstream protocol as 'W3C'
[debug] &amp#27;[38;5;32m[AndroidUiautomator2Driver@2331 (878f5998)]&amp#27;[0m Proxying [GET /appium/device/pixel_ratio] to [GET http://127.0.0.1:8200/session/a515db02-df7f-4145-a62c-d524aea530f9/appium/device/pixel_ratio] with no body
[debug] &amp#27;[38;5;32m[AndroidUiautomator2Driver@2331 (878f5998)]&amp#27;[0m Matched '/appium/device/system_bars' to command name 'getSystemBars'
[debug] &amp#27;[38;5;32m[AndroidUiautomator2Driver@2331 (878f5998)]&amp#27;[0m Proxying [GET /appium/device/system_bars] to [GET http://127.0.0.1:8200/session/a515db02-df7f-4145-a62c-d524aea530f9/appium/device/system_bars] with no body
[debug] &amp#27;[38;5;32m[AndroidUiautomator2Driver@2331 (878f5998)]&amp#27;[0m Matched '/window/current/size' to command name 'getWindowSize'
[debug] &amp#27;[38;5;32m[AndroidUiautomator2Driver@2331 (878f5998)]&amp#27;[0m Proxying [GET /window/current/size] to [GET http://127.0.0.1:8200/session/a515db02-df7f-4145-a62c-d524aea530f9/window/current/size] with no body
[debug] &amp#27;[38;5;32m[AndroidUiautomator2Driver@2331 (878f5998)]&amp#27;[0m Proxying [GET /appium/device/info] to [GET http://127.0.0.1:8200/session/a515db02-df7f-4145-a62c-d524aea530f9/appium/device/info] with no body
[debug] &amp#27;[38;5;64m[ADB]&amp#27;[0m Running 'C:\Users\joshm\AppData\Local\Android\Sdk\platform-tools\adb.exe -P 5037 -s emulator-5554 shell dumpsys window'
[debug] &amp#27;[38;5;32m[AndroidUiautomator2Driver@2331 (878f5998)]&amp#27;[0m Got response with status 200: {"sessionId":"a515db02-df7f-4145-a62c-d524aea530f9","value":2.75}
[debug] &amp#27;[38;5;32m[AndroidUiautomator2Driver@2331 (878f5998)]&amp#27;[0m Got response with status 200: {"sessionId":"a515db02-df7f-4145-a62c-d524aea530f9","value":{"height":2154,"width":1080}}
[debug] &amp#27;[38;5;32m[AndroidUiautomator2Driver@2331 (878f5998)]&amp#27;[0m Got response with status 200: {"sessionId":"a515db02-df7f-4145-a62c-d524aea530f9","value":{"statusBar":66}}
[debug] &amp#27;[38;5;32m[AndroidUiautomator2Driver@2331 (878f5998)]&amp#27;[0m Got response with status 200: {"sessionId":"a515db02-df7f-4145-a62c-d524aea530f9","value":{"androidId":"210a9df985b919ad","apiVersion":"34","bluetooth":{"state":"ON"},"brand":"google","carrierName":"T-Mobile","displayDensity":440,"locale":"en_US","manufacturer":"Google","model":"sdk_gphone64_x86_64","networks":[{"capabilities":{"SSID":null,"linkDownBandwidthKbps":4300,"linkUpstreamBandwidthKbps":1800,"networkCapabilities":"NET_CAPABILITY_MMS,NET_CAPABILITY_SUPL,NET_CAPABILITY_DUN,NET_CAPABILITY_FOTA,NET_CAPABILITY_IMS,NET_CAPABILITY_CBS,NET_CAPABILITY_INTERNET,NET_CAPABILITY_NOT_RESTRICTED,NET_CAPABILITY_TRUSTED,NET_CAPABILITY_NOT_VPN,NET_CAPABILITY_VALIDATED,NET_CAPABILITY_NOT_ROAMING,NET_CAPABILITY_NOT_CONGESTED,NET_CAPABILITY_NOT_SUSPENDED","signalStrength":-2147483648,"transportTypes":"TRANSPORT_CELLULAR"},"detailedState":"CONNECTED","extraInfo":"epc.tmobile.com","isAvailable":true,"isConnected":true,"isFailover":false,"isRoaming":false,"state":"CONNECTED","subtype":10,"subtypeName":"HSPA","type":0,"typeName":"MOBILE"},{"capabiliti...
&amp#27;[38;5;80m[AndroidDriver]&amp#27;[0m Screen already unlocked, doing nothing
&amp#27;[38;5;32m[AndroidUiautomator2Driver@2331 (878f5998)]&amp#27;[0m Starting 'com.androidsample.generalstore/com.androidsample.generalstore.SplashActivity and waiting for 'com.androidsample.generalstore/com.androidsample.generalstore.SplashActivity'
[debug] &amp#27;[38;5;64m[ADB]&amp#27;[0m Running 'C:\Users\joshm\AppData\Local\Android\Sdk\platform-tools\adb.exe -P 5037 -s emulator-5554 shell am start -W -n com.androidsample.generalstore/com.androidsample.generalstore.SplashActivity -S -a android.intent.action.MAIN -c android.intent.category.LAUNCHER -f 0x10200000'
[debug] &amp#27;[38;5;64m[ADB]&amp#27;[0m Waiting up to 20000ms for activity matching pkg: 'com.androidsample.generalstore' and activity: 'com.androidsample.generalstore.SplashActivity' to be focused
[debug] &amp#27;[38;5;64m[ADB]&amp#27;[0m Possible activities, to be checked: 'com.androidsample.generalstore.SplashActivity', 'com.androidsample.generalstore.com.androidsample.generalstore.SplashActivity'
[debug] &amp#27;[38;5;64m[ADB]&amp#27;[0m Getting focused package and activity
[debug] &amp#27;[38;5;64m[ADB]&amp#27;[0m Running 'C:\Users\joshm\AppData\Local\Android\Sdk\platform-tools\adb.exe -P 5037 -s emulator-5554 shell dumpsys window displays'
[debug] &amp#27;[38;5;64m[ADB]&amp#27;[0m Found package: 'com.androidsample.generalstore' and fully qualified activity name : 'com.androidsample.generalstore.SplashActivity'
&amp#27;[38;5;16m[AppiumDriver@0992]&amp#27;[0m New AndroidUiautomator2Driver session created successfully, session 878f5998-f3e3-4142-8b23-5fe7cb294cb0 added to master session list
[debug] &amp#27;[38;5;16m[AppiumDriver@0992]&amp#27;[0m Event 'newSessionStarted' logged at 1698829407767 (09:03:27 GMT+0000 (Greenwich Mean Time))
[debug] &amp#27;[38;5;32m[AndroidUiautomator2Driver@2331 (878f5998)]&amp#27;[0m Cached the protocol value 'W3C' for the new session 878f5998-f3e3-4142-8b23-5fe7cb294cb0
[debug] &amp#27;[38;5;32m[AndroidUiautomator2Driver@2331 (878f5998)]&amp#27;[0m Responding to client with driver.createSession() result: {"capabilities":{"platformName":"ANDROID","app":"C:\\Users\\joshm\\IdeaProjects\\automation_framework\\src\\resources\\General-Store.apk","automationName":"UIAutomator2","chromedriverExecutable":"C:\\Users\\joshm\\Documents\\QA\\chromedriver.exe","deviceName":"emulator-5554","platform":"LINUX","webStorageEnabled":false,"takesScreenshot":true,"javascriptEnabled":true,"databaseEnabled":false,"networkConnectionEnabled":true,"locationContextEnabled":false,"warnings":{},"desired":{"platformName":"ANDROID","app":"C:\\Users\\joshm\\IdeaProjects\\automation_framework\\src\\resources\\General-Store.apk","automationName":"UIAutomator2","chromedriverExecutable":"C:\\Users\\joshm\\Documents\\QA\\chromedriver.exe","deviceName":"Test Device"},"deviceUDID":"emulator-5554","appPackage":"com.androidsample.generalstore","pixelRatio":"2.75","statBarHeight":66,"viewportRect":{"left":0,"top":66,"width":1080,"height":2088},"deviceApiLevel":34,"platformVersion":"14","deviceManufacturer":"Google","deviceModel":"sdk_gphone64_x86_6...
&amp#27;[38;5;0m[HTTP]&amp#27;[0m &amp#27;[37m<-- POST /session &amp#27;[39m&amp#27;[32m200&amp#27;[39m &amp#27;[90m7100 ms - 1143&amp#27;[39m
&amp#27;[38;5;0m[HTTP]&amp#27;[0m &amp#27;[90m&amp#27;[39m
09:03:27.775 [AsyncHttpClient-1-2] DEBUG io.netty.handler.codec.compression.Brotli -- brotli4j not in the classpath; Brotli support will be unavailable.
09:03:27.776 [AsyncHttpClient-1-2] DEBUG org.asynchttpclient.netty.handler.HttpHandler -- 

Request DefaultHttpRequest(decodeResult: success, version: HTTP/1.1)
POST /session HTTP/1.1
X-Idempotency-Key: 3c7db1b7-4480-4d84-bfe8-ff8333b77ea5
User-Agent: appium/8.5.1 (selenium/4.14.0 (java windows))
Content-Length: 421
Content-Type: application/json; charset=utf-8
host: 127.0.0.1:4723
accept: */*

Response DefaultHttpResponse(decodeResult: success, version: HTTP/1.1)
HTTP/1.1 200 OK
X-Powered-By: Express
Vary: X-HTTP-Method-Override
Content-Type: application/json; charset=utf-8
Content-Length: 1143
ETag: W/"477-FDO7AgCQn44TcDTKVDrA/TCvyNw"
Date: Wed, 01 Nov 2023 09:03:27 GMT
Connection: keep-alive
Keep-Alive: timeout=600

09:03:27.780 [AsyncHttpClient-1-2] DEBUG org.asynchttpclient.netty.channel.ChannelManager -- Adding key: http://127.0.0.1:4723 for channel [id: 0x01c8cbd7, L:/127.0.0.1:50782 - R:/127.0.0.1:4723]
09:03:27.838 [Forwarding setTimeout on session 878f5998-f3e3-4142-8b23-5fe7cb294cb0 to remote] DEBUG org.asynchttpclient.netty.request.NettyRequestSender -- Using pooled Channel '[id: 0x01c8cbd7, L:/127.0.0.1:50782 - R:/127.0.0.1:4723]' for 'POST' to 'http://127.0.0.1:4723/session/878f5998-f3e3-4142-8b23-5fe7cb294cb0/timeouts'
09:03:27.838 [Forwarding setTimeout on session 878f5998-f3e3-4142-8b23-5fe7cb294cb0 to remote] DEBUG org.asynchttpclient.netty.request.NettyRequestSender -- Using open Channel [id: 0x01c8cbd7, L:/127.0.0.1:50782 - R:/127.0.0.1:4723] for POST '/session/878f5998-f3e3-4142-8b23-5fe7cb294cb0/timeouts'
&amp#27;[38;5;0m[HTTP]&amp#27;[0m &amp#27;[37m-->&amp#27;[39m &amp#27;[37mPOST&amp#27;[39m &amp#27;[37m/session/878f5998-f3e3-4142-8b23-5fe7cb294cb0/timeouts&amp#27;[39m
&amp#27;[38;5;0m[HTTP]&amp#27;[0m &amp#27;[90m{"implicit":10000}&amp#27;[39m
[debug] &amp#27;[38;5;32m[AndroidUiautomator2Driver@2331 (878f5998)]&amp#27;[0m Calling AppiumDriver.timeouts() with args: [null,null,null,null,10000,"878f5998-f3e3-4142-8b23-5fe7cb294cb0"]
[debug] &amp#27;[38;5;32m[AndroidUiautomator2Driver@2331 (878f5998)]&amp#27;[0m W3C timeout argument: {"implicit":10000}}
[debug] &amp#27;[38;5;32m[AndroidUiautomator2Driver@2331 (878f5998)]&amp#27;[0m Set implicit wait to 10000ms
[debug] &amp#27;[38;5;32m[AndroidUiautomator2Driver@2331 (878f5998)]&amp#27;[0m Responding to client with driver.timeouts() result: null
&amp#27;[38;5;0m[HTTP]&amp#27;[0m &amp#27;[37m<-- POST /session/878f5998-f3e3-4142-8b23-5fe7cb294cb0/timeouts &amp#27;[39m&amp#27;[32m200&amp#27;[39m &amp#27;[90m3 ms - 14&amp#27;[39m
&amp#27;[38;5;0m[HTTP]&amp#27;[0m &amp#27;[90m&amp#27;[39m
09:03:27.845 [AsyncHttpClient-1-2] DEBUG org.asynchttpclient.netty.handler.HttpHandler -- 

Request DefaultHttpRequest(decodeResult: success, version: HTTP/1.1)
POST /session/878f5998-f3e3-4142-8b23-5fe7cb294cb0/timeouts HTTP/1.1
User-Agent: appium/8.5.1 (selenium/4.14.0 (java windows))
Content-Length: 23
Content-Type: application/json; charset=utf-8
host: 127.0.0.1:4723
accept: */*

Response DefaultHttpResponse(decodeResult: success, version: HTTP/1.1)
HTTP/1.1 200 OK
X-Powered-By: Express
Vary: X-HTTP-Method-Override
Content-Type: application/json; charset=utf-8
Content-Length: 14
ETag: W/"e-9/1BuKMgFObM1mWJm+YjxtXJnUM"
Date: Wed, 01 Nov 2023 09:03:27 GMT
Connection: keep-alive
Keep-Alive: timeout=600

09:03:27.846 [AsyncHttpClient-1-2] DEBUG org.asynchttpclient.netty.channel.ChannelManager -- Adding key: http://127.0.0.1:4723 for channel [id: 0x01c8cbd7, L:/127.0.0.1:50782 - R:/127.0.0.1:4723]
09:03:28.079 [AsyncHttpClient-1-1] DEBUG org.asynchttpclient.netty.channel.DefaultChannelPool -- Entry count for : http://127.0.0.1:4723 : 1
09:03:28.495 [Forwarding startActivity on session 878f5998-f3e3-4142-8b23-5fe7cb294cb0 to remote] DEBUG org.asynchttpclient.netty.request.NettyRequestSender -- Using pooled Channel '[id: 0x01c8cbd7, L:/127.0.0.1:50782 - R:/127.0.0.1:4723]' for 'POST' to 'http://127.0.0.1:4723/session/878f5998-f3e3-4142-8b23-5fe7cb294cb0/appium/device/start_activity'
09:03:28.495 [Forwarding startActivity on session 878f5998-f3e3-4142-8b23-5fe7cb294cb0 to remote] DEBUG org.asynchttpclient.netty.request.NettyRequestSender -- Using open Channel [id: 0x01c8cbd7, L:/127.0.0.1:50782 - R:/127.0.0.1:4723] for POST '/session/878f5998-f3e3-4142-8b23-5fe7cb294cb0/appium/device/start_activity'
&amp#27;[38;5;0m[HTTP]&amp#27;[0m &amp#27;[37m-->&amp#27;[39m &amp#27;[37mPOST&amp#27;[39m &amp#27;[37m/session/878f5998-f3e3-4142-8b23-5fe7cb294cb0/appium/device/start_activity&amp#27;[39m
&amp#27;[38;5;0m[HTTP]&amp#27;[0m &amp#27;[90m{"appPackage":"com.androidsample.generalstore","appActivity":"com.androidsample.generalstore.SplashActivity","appWaitPackage":"","appWaitActivity":"","dontStopAppOnReset":false,"intentAction":"","intentCategory":"","intentFlags":"","optionalIntentArguments":""}&amp#27;[39m
[debug] &amp#27;[38;5;32m[AndroidUiautomator2Driver@2331 (878f5998)]&amp#27;[0m Calling AppiumDriver.startActivity() with args: ["com.androidsample.generalstore","com.androidsample.generalstore.SplashActivity","","","","","","",false,null,null,"878f5998-f3e3-4142-8b23-5fe7cb294cb0"]
[debug] &amp#27;[38;5;32m[AndroidUiautomator2Driver@2331 (878f5998)]&amp#27;[0m Starting package 'com.androidsample.generalstore' and activity 'com.androidsample.generalstore.SplashActivity'
[debug] &amp#27;[38;5;64m[ADB]&amp#27;[0m Running 'C:\Users\joshm\AppData\Local\Android\Sdk\platform-tools\adb.exe -P 5037 -s emulator-5554 shell am start -W -n com.androidsample.generalstore/com.androidsample.generalstore.SplashActivity -S'
[debug] &amp#27;[38;5;64m[ADB]&amp#27;[0m Waiting up to 20000ms for activity matching pkg: 'com.androidsample.generalstore' and activity: 'com.androidsample.generalstore.SplashActivity' to be focused
[debug] &amp#27;[38;5;64m[ADB]&amp#27;[0m Possible activities, to be checked: 'com.androidsample.generalstore.SplashActivity', 'com.androidsample.generalstore.com.androidsample.generalstore.SplashActivity'
[debug] &amp#27;[38;5;64m[ADB]&amp#27;[0m Getting focused package and activity
[debug] &amp#27;[38;5;64m[ADB]&amp#27;[0m Running 'C:\Users\joshm\AppData\Local\Android\Sdk\platform-tools\adb.exe -P 5037 -s emulator-5554 shell dumpsys window displays'
[debug] &amp#27;[38;5;64m[ADB]&amp#27;[0m Found package: 'com.androidsample.generalstore' and fully qualified activity name : 'com.androidsample.generalstore.SplashActivity'
[debug] &amp#27;[38;5;32m[AndroidUiautomator2Driver@2331 (878f5998)]&amp#27;[0m Responding to client with driver.startActivity() result: null
&amp#27;[38;5;0m[HTTP]&amp#27;[0m &amp#27;[37m<-- POST /session/878f5998-f3e3-4142-8b23-5fe7cb294cb0/appium/device/start_activity &amp#27;[39m&amp#27;[32m200&amp#27;[39m &amp#27;[90m919 ms - 14&amp#27;[39m
&amp#27;[38;5;0m[HTTP]&amp#27;[0m &amp#27;[90m&amp#27;[39m
09:03:29.416 [AsyncHttpClient-1-2] DEBUG org.asynchttpclient.netty.handler.HttpHandler -- 

Request DefaultHttpRequest(decodeResult: success, version: HTTP/1.1)
POST /session/878f5998-f3e3-4142-8b23-5fe7cb294cb0/appium/device/start_activity HTTP/1.1
User-Agent: appium/8.5.1 (selenium/4.14.0 (java windows))
Content-Length: 298
Content-Type: application/json; charset=utf-8
host: 127.0.0.1:4723
accept: */*

Response DefaultHttpResponse(decodeResult: success, version: HTTP/1.1)
HTTP/1.1 200 OK
X-Powered-By: Express
Vary: X-HTTP-Method-Override
Content-Type: application/json; charset=utf-8
Content-Length: 14
ETag: W/"e-9/1BuKMgFObM1mWJm+YjxtXJnUM"
Date: Wed, 01 Nov 2023 09:03:29 GMT
Connection: keep-alive
Keep-Alive: timeout=600

09:03:29.416 [AsyncHttpClient-1-2] DEBUG org.asynchttpclient.netty.channel.ChannelManager -- Adding key: http://127.0.0.1:4723 for channel [id: 0x01c8cbd7, L:/127.0.0.1:50782 - R:/127.0.0.1:4723]
09:03:29.430 [Forwarding getCurrentContextHandle on session 878f5998-f3e3-4142-8b23-5fe7cb294cb0 to remote] DEBUG org.asynchttpclient.netty.request.NettyRequestSender -- Using pooled Channel '[id: 0x01c8cbd7, L:/127.0.0.1:50782 - R:/127.0.0.1:4723]' for 'GET' to 'http://127.0.0.1:4723/session/878f5998-f3e3-4142-8b23-5fe7cb294cb0/context'
09:03:29.430 [Forwarding getCurrentContextHandle on session 878f5998-f3e3-4142-8b23-5fe7cb294cb0 to remote] DEBUG org.asynchttpclient.netty.request.NettyRequestSender -- Using open Channel [id: 0x01c8cbd7, L:/127.0.0.1:50782 - R:/127.0.0.1:4723] for GET '/session/878f5998-f3e3-4142-8b23-5fe7cb294cb0/context'
&amp#27;[38;5;0m[HTTP]&amp#27;[0m &amp#27;[37m-->&amp#27;[39m &amp#27;[37mGET&amp#27;[39m &amp#27;[37m/session/878f5998-f3e3-4142-8b23-5fe7cb294cb0/context&amp#27;[39m
&amp#27;[38;5;0m[HTTP]&amp#27;[0m &amp#27;[90m{}&amp#27;[39m
[debug] &amp#27;[38;5;32m[AndroidUiautomator2Driver@2331 (878f5998)]&amp#27;[0m Calling AppiumDriver.getCurrentContext() with args: ["878f5998-f3e3-4142-8b23-5fe7cb294cb0"]
[debug] &amp#27;[38;5;32m[AndroidUiautomator2Driver@2331 (878f5998)]&amp#27;[0m Responding to client with driver.getCurrentContext() result: "NATIVE_APP"
&amp#27;[38;5;0m[HTTP]&amp#27;[0m &amp#27;[37m<-- GET /session/878f5998-f3e3-4142-8b23-5fe7cb294cb0/context &amp#27;[39m&amp#27;[32m200&amp#27;[39m &amp#27;[90m6 ms - 22&amp#27;[39m
&amp#27;[38;5;0m[HTTP]&amp#27;[0m &amp#27;[90m&amp#27;[39m
09:03:29.439 [AsyncHttpClient-1-2] DEBUG org.asynchttpclient.netty.handler.HttpHandler -- 

Request DefaultFullHttpRequest(decodeResult: success, version: HTTP/1.1, content: EmptyByteBufBE)
GET /session/878f5998-f3e3-4142-8b23-5fe7cb294cb0/context HTTP/1.1
Cache-Control: no-cache
User-Agent: appium/8.5.1 (selenium/4.14.0 (java windows))
Content-Type: application/json; charset=utf-8
host: 127.0.0.1:4723
accept: */*

Response DefaultHttpResponse(decodeResult: success, version: HTTP/1.1)
HTTP/1.1 200 OK
X-Powered-By: Express
Content-Type: application/json; charset=utf-8
Content-Length: 22
ETag: W/"16-nh/61Qb9yjbegUMg89kGWIA2AIE"
Date: Wed, 01 Nov 2023 09:03:29 GMT
Connection: keep-alive
Keep-Alive: timeout=600

09:03:29.439 [AsyncHttpClient-1-2] DEBUG org.asynchttpclient.netty.channel.ChannelManager -- Adding key: http://127.0.0.1:4723 for channel [id: 0x01c8cbd7, L:/127.0.0.1:50782 - R:/127.0.0.1:4723]
09:03:29.445 [Forwarding findElement on session 878f5998-f3e3-4142-8b23-5fe7cb294cb0 to remote] DEBUG org.asynchttpclient.netty.request.NettyRequestSender -- Using pooled Channel '[id: 0x01c8cbd7, L:/127.0.0.1:50782 - R:/127.0.0.1:4723]' for 'POST' to 'http://127.0.0.1:4723/session/878f5998-f3e3-4142-8b23-5fe7cb294cb0/element'
09:03:29.445 [Forwarding findElement on session 878f5998-f3e3-4142-8b23-5fe7cb294cb0 to remote] DEBUG org.asynchttpclient.netty.request.NettyRequestSender -- Using open Channel [id: 0x01c8cbd7, L:/127.0.0.1:50782 - R:/127.0.0.1:4723] for POST '/session/878f5998-f3e3-4142-8b23-5fe7cb294cb0/element'
&amp#27;[38;5;0m[HTTP]&amp#27;[0m &amp#27;[37m-->&amp#27;[39m &amp#27;[37mPOST&amp#27;[39m &amp#27;[37m/session/878f5998-f3e3-4142-8b23-5fe7cb294cb0/element&amp#27;[39m
&amp#27;[38;5;0m[HTTP]&amp#27;[0m &amp#27;[90m{"using":"id","value":"com.androidsample.generalstore:id/nameField"}&amp#27;[39m
[debug] &amp#27;[38;5;32m[AndroidUiautomator2Driver@2331 (878f5998)]&amp#27;[0m Calling AppiumDriver.findElement() with args: ["id","com.androidsample.generalstore:id/nameField","878f5998-f3e3-4142-8b23-5fe7cb294cb0"]
[debug] &amp#27;[38;5;32m[AndroidUiautomator2Driver@2331 (878f5998)]&amp#27;[0m Valid locator strategies for this request: xpath, id, class name, accessibility id, css selector, -android uiautomator
[debug] &amp#27;[38;5;32m[AndroidUiautomator2Driver@2331 (878f5998)]&amp#27;[0m Waiting up to 10000 ms for condition
[debug] &amp#27;[38;5;32m[AndroidUiautomator2Driver@2331 (878f5998)]&amp#27;[0m Matched '/element' to command name 'findElement'
[debug] &amp#27;[38;5;32m[AndroidUiautomator2Driver@2331 (878f5998)]&amp#27;[0m Proxying [POST /element] to [POST http://127.0.0.1:8200/session/a515db02-df7f-4145-a62c-d524aea530f9/element] with body: {"strategy":"id","selector":"com.androidsample.generalstore:id/nameField","context":"","multiple":false}
&amp#27;[38;5;32m[AndroidUiautomator2Driver@2331 (878f5998)]&amp#27;[0m Got response with status 404: {"sessionId":"a515db02-df7f-4145-a62c-d524aea530f9","value":{"error":"no such element","message":"An element could not be located on the page using the given search parameters","stacktrace":"io.appium.uiautomator2.common.exceptions.ElementNotFoundException: An element could not be located on the page using the given search parameters\n\tat io.appium.uiautomator2.handler.FindElement.safeHandle(FindElement.java:63)\n\tat io.appium.uiautomator2.handler.request.SafeRequestHandler.handle(SafeRequestHandler.java:59)\n\tat io.appium.uiautomator2.server.AppiumServlet.handleRequest(AppiumServlet.java:277)\n\tat io.appium.uiautomator2.server.AppiumServlet.handleHttpRequest(AppiumServlet.java:271)\n\tat io.appium.uiautomator2.http.ServerHandler.channelRead(ServerHandler.java:77)\n\tat io.netty.channel.AbstractChannelHandlerContext.invokeChannelRead(AbstractChannelHandlerContext.java:366)\n\tat io.netty.channel.AbstractChannelHandlerContext.invokeChannelRead(AbstractChannelHandlerContext.java:352)\n\tat io.netty.chann...
[debug] &amp#27;[38;5;128m[W3C]&amp#27;[0m Matched W3C error code 'no such element' to NoSuchElementError
[debug] &amp#27;[38;5;32m[AndroidUiautomator2Driver@2331 (878f5998)]&amp#27;[0m Waited for 800 ms so far
[debug] &amp#27;[38;5;32m[AndroidUiautomator2Driver@2331 (878f5998)]&amp#27;[0m Matched '/element' to command name 'findElement'
[debug] &amp#27;[38;5;32m[AndroidUiautomator2Driver@2331 (878f5998)]&amp#27;[0m Proxying [POST /element] to [POST http://127.0.0.1:8200/session/a515db02-df7f-4145-a62c-d524aea530f9/element] with body: {"strategy":"id","selector":"com.androidsample.generalstore:id/nameField","context":"","multiple":false}
&amp#27;[38;5;32m[AndroidUiautomator2Driver@2331 (878f5998)]&amp#27;[0m Got response with status 404: {"sessionId":"a515db02-df7f-4145-a62c-d524aea530f9","value":{"error":"no such element","message":"An element could not be located on the page using the given search parameters","stacktrace":"io.appium.uiautomator2.common.exceptions.ElementNotFoundException: An element could not be located on the page using the given search parameters\n\tat io.appium.uiautomator2.handler.FindElement.safeHandle(FindElement.java:63)\n\tat io.appium.uiautomator2.handler.request.SafeRequestHandler.handle(SafeRequestHandler.java:59)\n\tat io.appium.uiautomator2.server.AppiumServlet.handleRequest(AppiumServlet.java:277)\n\tat io.appium.uiautomator2.server.AppiumServlet.handleHttpRequest(AppiumServlet.java:271)\n\tat io.appium.uiautomator2.http.ServerHandler.channelRead(ServerHandler.java:77)\n\tat io.netty.channel.AbstractChannelHandlerContext.invokeChannelRead(AbstractChannelHandlerContext.java:366)\n\tat io.netty.channel.AbstractChannelHandlerContext.invokeChannelRead(AbstractChannelHandlerContext.java:352)\n\tat io.netty.chann...
[debug] &amp#27;[38;5;128m[W3C]&amp#27;[0m Matched W3C error code 'no such element' to NoSuchElementError
[debug] &amp#27;[38;5;32m[AndroidUiautomator2Driver@2331 (878f5998)]&amp#27;[0m Waited for 1338 ms so far
[debug] &amp#27;[38;5;32m[AndroidUiautomator2Driver@2331 (878f5998)]&amp#27;[0m Matched '/element' to command name 'findElement'
[debug] &amp#27;[38;5;32m[AndroidUiautomator2Driver@2331 (878f5998)]&amp#27;[0m Proxying [POST /element] to [POST http://127.0.0.1:8200/session/a515db02-df7f-4145-a62c-d524aea530f9/element] with body: {"strategy":"id","selector":"com.androidsample.generalstore:id/nameField","context":"","multiple":false}
&amp#27;[38;5;32m[AndroidUiautomator2Driver@2331 (878f5998)]&amp#27;[0m Got response with status 404: {"sessionId":"a515db02-df7f-4145-a62c-d524aea530f9","value":{"error":"no such element","message":"An element could not be located on the page using the given search parameters","stacktrace":"io.appium.uiautomator2.common.exceptions.ElementNotFoundException: An element could not be located on the page using the given search parameters\n\tat io.appium.uiautomator2.handler.FindElement.safeHandle(FindElement.java:63)\n\tat io.appium.uiautomator2.handler.request.SafeRequestHandler.handle(SafeRequestHandler.java:59)\n\tat io.appium.uiautomator2.server.AppiumServlet.handleRequest(AppiumServlet.java:277)\n\tat io.appium.uiautomator2.server.AppiumServlet.handleHttpRequest(AppiumServlet.java:271)\n\tat io.appium.uiautomator2.http.ServerHandler.channelRead(ServerHandler.java:77)\n\tat io.netty.channel.AbstractChannelHandlerContext.invokeChannelRead(AbstractChannelHandlerContext.java:366)\n\tat io.netty.channel.AbstractChannelHandlerContext.invokeChannelRead(AbstractChannelHandlerContext.java:352)\n\tat io.netty.chann...
[debug] &amp#27;[38;5;128m[W3C]&amp#27;[0m Matched W3C error code 'no such element' to NoSuchElementError
[debug] &amp#27;[38;5;32m[AndroidUiautomator2Driver@2331 (878f5998)]&amp#27;[0m Waited for 1880 ms so far
[debug] &amp#27;[38;5;32m[AndroidUiautomator2Driver@2331 (878f5998)]&amp#27;[0m Matched '/element' to command name 'findElement'
[debug] &amp#27;[38;5;32m[AndroidUiautomator2Driver@2331 (878f5998)]&amp#27;[0m Proxying [POST /element] to [POST http://127.0.0.1:8200/session/a515db02-df7f-4145-a62c-d524aea530f9/element] with body: {"strategy":"id","selector":"com.androidsample.generalstore:id/nameField","context":"","multiple":false}
&amp#27;[38;5;32m[AndroidUiautomator2Driver@2331 (878f5998)]&amp#27;[0m Got response with status 404: {"sessionId":"a515db02-df7f-4145-a62c-d524aea530f9","value":{"error":"no such element","message":"An element could not be located on the page using the given search parameters","stacktrace":"io.appium.uiautomator2.common.exceptions.ElementNotFoundException: An element could not be located on the page using the given search parameters\n\tat io.appium.uiautomator2.handler.FindElement.safeHandle(FindElement.java:63)\n\tat io.appium.uiautomator2.handler.request.SafeRequestHandler.handle(SafeRequestHandler.java:59)\n\tat io.appium.uiautomator2.server.AppiumServlet.handleRequest(AppiumServlet.java:277)\n\tat io.appium.uiautomator2.server.AppiumServlet.handleHttpRequest(AppiumServlet.java:271)\n\tat io.appium.uiautomator2.http.ServerHandler.channelRead(ServerHandler.java:77)\n\tat io.netty.channel.AbstractChannelHandlerContext.invokeChannelRead(AbstractChannelHandlerContext.java:366)\n\tat io.netty.channel.AbstractChannelHandlerContext.invokeChannelRead(AbstractChannelHandlerContext.java:352)\n\tat io.netty.chann...
[debug] &amp#27;[38;5;128m[W3C]&amp#27;[0m Matched W3C error code 'no such element' to NoSuchElementError
[debug] &amp#27;[38;5;32m[AndroidUiautomator2Driver@2331 (878f5998)]&amp#27;[0m Waited for 2420 ms so far
[debug] &amp#27;[38;5;32m[AndroidUiautomator2Driver@2331 (878f5998)]&amp#27;[0m Matched '/element' to command name 'findElement'
[debug] &amp#27;[38;5;32m[AndroidUiautomator2Driver@2331 (878f5998)]&amp#27;[0m Proxying [POST /element] to [POST http://127.0.0.1:8200/session/a515db02-df7f-4145-a62c-d524aea530f9/element] with body: {"strategy":"id","selector":"com.androidsample.generalstore:id/nameField","context":"","multiple":false}
&amp#27;[38;5;32m[AndroidUiautomator2Driver@2331 (878f5998)]&amp#27;[0m Got response with status 404: {"sessionId":"a515db02-df7f-4145-a62c-d524aea530f9","value":{"error":"no such element","message":"An element could not be located on the page using the given search parameters","stacktrace":"io.appium.uiautomator2.common.exceptions.ElementNotFoundException: An element could not be located on the page using the given search parameters\n\tat io.appium.uiautomator2.handler.FindElement.safeHandle(FindElement.java:63)\n\tat io.appium.uiautomator2.handler.request.SafeRequestHandler.handle(SafeRequestHandler.java:59)\n\tat io.appium.uiautomator2.server.AppiumServlet.handleRequest(AppiumServlet.java:277)\n\tat io.appium.uiautomator2.server.AppiumServlet.handleHttpRequest(AppiumServlet.java:271)\n\tat io.appium.uiautomator2.http.ServerHandler.channelRead(ServerHandler.java:77)\n\tat io.netty.channel.AbstractChannelHandlerContext.invokeChannelRead(AbstractChannelHandlerContext.java:366)\n\tat io.netty.channel.AbstractChannelHandlerContext.invokeChannelRead(AbstractChannelHandlerContext.java:352)\n\tat io.netty.chann...
[debug] &amp#27;[38;5;128m[W3C]&amp#27;[0m Matched W3C error code 'no such element' to NoSuchElementError
[debug] &amp#27;[38;5;32m[AndroidUiautomator2Driver@2331 (878f5998)]&amp#27;[0m Waited for 3116 ms so far
[debug] &amp#27;[38;5;32m[AndroidUiautomator2Driver@2331 (878f5998)]&amp#27;[0m Matched '/element' to command name 'findElement'
[debug] &amp#27;[38;5;32m[AndroidUiautomator2Driver@2331 (878f5998)]&amp#27;[0m Proxying [POST /element] to [POST http://127.0.0.1:8200/session/a515db02-df7f-4145-a62c-d524aea530f9/element] with body: {"strategy":"id","selector":"com.androidsample.generalstore:id/nameField","context":"","multiple":false}
[debug] &amp#27;[38;5;32m[AndroidUiautomator2Driver@2331 (878f5998)]&amp#27;[0m Got response with status 200: {"sessionId":"a515db02-df7f-4145-a62c-d524aea530f9","value":{"ELEMENT":"00000000-0000-0172-ffff-ffff0000001c","element-6066-11e4-a52e-4f735466cecf":"00000000-0000-0172-ffff-ffff0000001c"}}
[debug] &amp#27;[38;5;32m[AndroidUiautomator2Driver@2331 (878f5998)]&amp#27;[0m Responding to client with driver.findElement() result: {"element-6066-11e4-a52e-4f735466cecf":"00000000-0000-0172-ffff-ffff0000001c","ELEMENT":"00000000-0000-0172-ffff-ffff0000001c"}
&amp#27;[38;5;0m[HTTP]&amp#27;[0m &amp#27;[37m<-- POST /session/878f5998-f3e3-4142-8b23-5fe7cb294cb0/element &amp#27;[39m&amp#27;[32m200&amp#27;[39m &amp#27;[90m4440 ms - 137&amp#27;[39m
&amp#27;[38;5;0m[HTTP]&amp#27;[0m &amp#27;[90m&amp#27;[39m
09:03:33.886 [AsyncHttpClient-1-2] DEBUG org.asynchttpclient.netty.handler.HttpHandler -- 

Request DefaultHttpRequest(decodeResult: success, version: HTTP/1.1)
POST /session/878f5998-f3e3-4142-8b23-5fe7cb294cb0/element HTTP/1.1
User-Agent: appium/8.5.1 (selenium/4.14.0 (java windows))
Content-Length: 82
Content-Type: application/json; charset=utf-8
host: 127.0.0.1:4723
accept: */*

Response DefaultHttpResponse(decodeResult: success, version: HTTP/1.1)
HTTP/1.1 200 OK
X-Powered-By: Express
Vary: X-HTTP-Method-Override
Content-Type: application/json; charset=utf-8
Content-Length: 137
ETag: W/"89-mwpoM2HL7HZM2daTjsReK5mqc9k"
Date: Wed, 01 Nov 2023 09:03:33 GMT
Connection: keep-alive
Keep-Alive: timeout=600

09:03:33.887 [AsyncHttpClient-1-2] DEBUG org.asynchttpclient.netty.channel.ChannelManager -- Adding key: http://127.0.0.1:4723 for channel [id: 0x01c8cbd7, L:/127.0.0.1:50782 - R:/127.0.0.1:4723]
09:03:33.890 [Forwarding sendKeysToElement on session 878f5998-f3e3-4142-8b23-5fe7cb294cb0 to remote] DEBUG org.asynchttpclient.netty.request.NettyRequestSender -- Using pooled Channel '[id: 0x01c8cbd7, L:/127.0.0.1:50782 - R:/127.0.0.1:4723]' for 'POST' to 'http://127.0.0.1:4723/session/878f5998-f3e3-4142-8b23-5fe7cb294cb0/element/00000000-0000-0172-ffff-ffff0000001c/value'
09:03:33.890 [Forwarding sendKeysToElement on session 878f5998-f3e3-4142-8b23-5fe7cb294cb0 to remote] DEBUG org.asynchttpclient.netty.request.NettyRequestSender -- Using open Channel [id: 0x01c8cbd7, L:/127.0.0.1:50782 - R:/127.0.0.1:4723] for POST '/session/878f5998-f3e3-4142-8b23-5fe7cb294cb0/element/00000000-0000-0172-ffff-ffff0000001c/value'
&amp#27;[38;5;0m[HTTP]&amp#27;[0m &amp#27;[37m-->&amp#27;[39m &amp#27;[37mPOST&amp#27;[39m &amp#27;[37m/session/878f5998-f3e3-4142-8b23-5fe7cb294cb0/element/00000000-0000-0172-ffff-ffff0000001c/value&amp#27;[39m
&amp#27;[38;5;0m[HTTP]&amp#27;[0m &amp#27;[90m{"id":"00000000-0000-0172-ffff-ffff0000001c","text":"Josh McCall","value":["J","o","s","h"," ","M","c","C","a","l","l"]}&amp#27;[39m
[debug] &amp#27;[38;5;32m[AndroidUiautomator2Driver@2331 (878f5998)]&amp#27;[0m Calling AppiumDriver.setValue() with args: [["J","o","s","h"," ","M","c","C","a","l","l"],"00000000-0000-0172-ffff-ffff0000001c","878f5998-f3e3-4142-8b23-5fe7cb294cb0"]
[debug] &amp#27;[38;5;32m[AndroidUiautomator2Driver@2331 (878f5998)]&amp#27;[0m Matched '/element/00000000-0000-0172-ffff-ffff0000001c/value' to command name 'setValue'
[debug] &amp#27;[38;5;32m[AndroidUiautomator2Driver@2331 (878f5998)]&amp#27;[0m Added 'value' property ["J","o","s","h"," ","M","c","C","a","l","l"] to 'setValue' request body
[debug] &amp#27;[38;5;32m[AndroidUiautomator2Driver@2331 (878f5998)]&amp#27;[0m Proxying [POST /element/00000000-0000-0172-ffff-ffff0000001c/value] to [POST http://127.0.0.1:8200/session/a515db02-df7f-4145-a62c-d524aea530f9/element/00000000-0000-0172-ffff-ffff0000001c/value] with body: {"elementId":"00000000-0000-0172-ffff-ffff0000001c","text":"Josh McCall","replace":false,"value":["J","o","s","h"," ","M","c","C","a","l","l"]}
[debug] &amp#27;[38;5;32m[AndroidUiautomator2Driver@2331 (878f5998)]&amp#27;[0m Got response with status 200: {"sessionId":"a515db02-df7f-4145-a62c-d524aea530f9","value":null}
[debug] &amp#27;[38;5;32m[AndroidUiautomator2Driver@2331 (878f5998)]&amp#27;[0m Responding to client with driver.setValue() result: null
&amp#27;[38;5;0m[HTTP]&amp#27;[0m &amp#27;[37m<-- POST /session/878f5998-f3e3-4142-8b23-5fe7cb294cb0/element/00000000-0000-0172-ffff-ffff0000001c/value &amp#27;[39m&amp#27;[32m200&amp#27;[39m &amp#27;[90m556 ms - 14&amp#27;[39m
&amp#27;[38;5;0m[HTTP]&amp#27;[0m &amp#27;[90m&amp#27;[39m
09:03:34.449 [AsyncHttpClient-1-2] DEBUG org.asynchttpclient.netty.handler.HttpHandler -- 

Request DefaultHttpRequest(decodeResult: success, version: HTTP/1.1)
POST /session/878f5998-f3e3-4142-8b23-5fe7cb294cb0/element/00000000-0000-0172-ffff-ffff0000001c/value HTTP/1.1
User-Agent: appium/8.5.1 (selenium/4.14.0 (java windows))
Content-Length: 191
Content-Type: application/json; charset=utf-8
host: 127.0.0.1:4723
accept: */*

Response DefaultHttpResponse(decodeResult: success, version: HTTP/1.1)
HTTP/1.1 200 OK
X-Powered-By: Express
Vary: X-HTTP-Method-Override
Content-Type: application/json; charset=utf-8
Content-Length: 14
ETag: W/"e-9/1BuKMgFObM1mWJm+YjxtXJnUM"
Date: Wed, 01 Nov 2023 09:03:34 GMT
Connection: keep-alive
Keep-Alive: timeout=600

09:03:34.449 [AsyncHttpClient-1-2] DEBUG org.asynchttpclient.netty.channel.ChannelManager -- Adding key: http://127.0.0.1:4723 for channel [id: 0x01c8cbd7, L:/127.0.0.1:50782 - R:/127.0.0.1:4723]
09:03:34.451 [Forwarding getCurrentContextHandle on session 878f5998-f3e3-4142-8b23-5fe7cb294cb0 to remote] DEBUG org.asynchttpclient.netty.request.NettyRequestSender -- Using pooled Channel '[id: 0x01c8cbd7, L:/127.0.0.1:50782 - R:/127.0.0.1:4723]' for 'GET' to 'http://127.0.0.1:4723/session/878f5998-f3e3-4142-8b23-5fe7cb294cb0/context'
09:03:34.452 [Forwarding getCurrentContextHandle on session 878f5998-f3e3-4142-8b23-5fe7cb294cb0 to remote] DEBUG org.asynchttpclient.netty.request.NettyRequestSender -- Using open Channel [id: 0x01c8cbd7, L:/127.0.0.1:50782 - R:/127.0.0.1:4723] for GET '/session/878f5998-f3e3-4142-8b23-5fe7cb294cb0/context'
&amp#27;[38;5;0m[HTTP]&amp#27;[0m &amp#27;[37m-->&amp#27;[39m &amp#27;[37mGET&amp#27;[39m &amp#27;[37m/session/878f5998-f3e3-4142-8b23-5fe7cb294cb0/context&amp#27;[39m
&amp#27;[38;5;0m[HTTP]&amp#27;[0m &amp#27;[90m{}&amp#27;[39m
[debug] &amp#27;[38;5;32m[AndroidUiautomator2Driver@2331 (878f5998)]&amp#27;[0m Calling AppiumDriver.getCurrentContext() with args: ["878f5998-f3e3-4142-8b23-5fe7cb294cb0"]
[debug] &amp#27;[38;5;32m[AndroidUiautomator2Driver@2331 (878f5998)]&amp#27;[0m Responding to client with driver.getCurrentContext() result: "NATIVE_APP"
&amp#27;[38;5;0m[HTTP]&amp#27;[0m &amp#27;[37m<-- GET /session/878f5998-f3e3-4142-8b23-5fe7cb294cb0/context &amp#27;[39m&amp#27;[32m200&amp#27;[39m &amp#27;[90m2 ms - 22&amp#27;[39m
&amp#27;[38;5;0m[HTTP]&amp#27;[0m &amp#27;[90m&amp#27;[39m
09:03:34.455 [AsyncHttpClient-1-2] DEBUG org.asynchttpclient.netty.handler.HttpHandler -- 

Request DefaultFullHttpRequest(decodeResult: success, version: HTTP/1.1, content: EmptyByteBufBE)
GET /session/878f5998-f3e3-4142-8b23-5fe7cb294cb0/context HTTP/1.1
Cache-Control: no-cache
User-Agent: appium/8.5.1 (selenium/4.14.0 (java windows))
Content-Type: application/json; charset=utf-8
host: 127.0.0.1:4723
accept: */*

Response DefaultHttpResponse(decodeResult: success, version: HTTP/1.1)
HTTP/1.1 200 OK
X-Powered-By: Express
Content-Type: application/json; charset=utf-8
Content-Length: 22
ETag: W/"16-nh/61Qb9yjbegUMg89kGWIA2AIE"
Date: Wed, 01 Nov 2023 09:03:34 GMT
Connection: keep-alive
Keep-Alive: timeout=600

09:03:34.456 [AsyncHttpClient-1-2] DEBUG org.asynchttpclient.netty.channel.ChannelManager -- Adding key: http://127.0.0.1:4723 for channel [id: 0x01c8cbd7, L:/127.0.0.1:50782 - R:/127.0.0.1:4723]
09:03:34.457 [Forwarding findElement on session 878f5998-f3e3-4142-8b23-5fe7cb294cb0 to remote] DEBUG org.asynchttpclient.netty.request.NettyRequestSender -- Using pooled Channel '[id: 0x01c8cbd7, L:/127.0.0.1:50782 - R:/127.0.0.1:4723]' for 'POST' to 'http://127.0.0.1:4723/session/878f5998-f3e3-4142-8b23-5fe7cb294cb0/element'
09:03:34.457 [Forwarding findElement on session 878f5998-f3e3-4142-8b23-5fe7cb294cb0 to remote] DEBUG org.asynchttpclient.netty.request.NettyRequestSender -- Using open Channel [id: 0x01c8cbd7, L:/127.0.0.1:50782 - R:/127.0.0.1:4723] for POST '/session/878f5998-f3e3-4142-8b23-5fe7cb294cb0/element'
&amp#27;[38;5;0m[HTTP]&amp#27;[0m &amp#27;[37m-->&amp#27;[39m &amp#27;[37mPOST&amp#27;[39m &amp#27;[37m/session/878f5998-f3e3-4142-8b23-5fe7cb294cb0/element&amp#27;[39m
&amp#27;[38;5;0m[HTTP]&amp#27;[0m &amp#27;[90m{"using":"id","value":"com.androidsample.generalstore:id/radioMale"}&amp#27;[39m
[debug] &amp#27;[38;5;32m[AndroidUiautomator2Driver@2331 (878f5998)]&amp#27;[0m Calling AppiumDriver.findElement() with args: ["id","com.androidsample.generalstore:id/radioMale","878f5998-f3e3-4142-8b23-5fe7cb294cb0"]
[debug] &amp#27;[38;5;32m[AndroidUiautomator2Driver@2331 (878f5998)]&amp#27;[0m Valid locator strategies for this request: xpath, id, class name, accessibility id, css selector, -android uiautomator
[debug] &amp#27;[38;5;32m[AndroidUiautomator2Driver@2331 (878f5998)]&amp#27;[0m Waiting up to 10000 ms for condition
[debug] &amp#27;[38;5;32m[AndroidUiautomator2Driver@2331 (878f5998)]&amp#27;[0m Matched '/element' to command name 'findElement'
[debug] &amp#27;[38;5;32m[AndroidUiautomator2Driver@2331 (878f5998)]&amp#27;[0m Proxying [POST /element] to [POST http://127.0.0.1:8200/session/a515db02-df7f-4145-a62c-d524aea530f9/element] with body: {"strategy":"id","selector":"com.androidsample.generalstore:id/radioMale","context":"","multiple":false}
[debug] &amp#27;[38;5;32m[AndroidUiautomator2Driver@2331 (878f5998)]&amp#27;[0m Got response with status 200: {"sessionId":"a515db02-df7f-4145-a62c-d524aea530f9","value":{"ELEMENT":"00000000-0000-0172-ffff-ffff0000001f","element-6066-11e4-a52e-4f735466cecf":"00000000-0000-0172-ffff-ffff0000001f"}}
[debug] &amp#27;[38;5;32m[AndroidUiautomator2Driver@2331 (878f5998)]&amp#27;[0m Responding to client with driver.findElement() result: {"element-6066-11e4-a52e-4f735466cecf":"00000000-0000-0172-ffff-ffff0000001f","ELEMENT":"00000000-0000-0172-ffff-ffff0000001f"}
&amp#27;[38;5;0m[HTTP]&amp#27;[0m &amp#27;[37m<-- POST /session/878f5998-f3e3-4142-8b23-5fe7cb294cb0/element &amp#27;[39m&amp#27;[32m200&amp#27;[39m &amp#27;[90m522 ms - 137&amp#27;[39m
&amp#27;[38;5;0m[HTTP]&amp#27;[0m &amp#27;[90m&amp#27;[39m
09:03:34.981 [AsyncHttpClient-1-2] DEBUG org.asynchttpclient.netty.handler.HttpHandler -- 

Request DefaultHttpRequest(decodeResult: success, version: HTTP/1.1)
POST /session/878f5998-f3e3-4142-8b23-5fe7cb294cb0/element HTTP/1.1
User-Agent: appium/8.5.1 (selenium/4.14.0 (java windows))
Content-Length: 82
Content-Type: application/json; charset=utf-8
host: 127.0.0.1:4723
accept: */*

Response DefaultHttpResponse(decodeResult: success, version: HTTP/1.1)
HTTP/1.1 200 OK
X-Powered-By: Express
Vary: X-HTTP-Method-Override
Content-Type: application/json; charset=utf-8
Content-Length: 137
ETag: W/"89-37ZmqSAkBbipOMKBVEG48YURINI"
Date: Wed, 01 Nov 2023 09:03:34 GMT
Connection: keep-alive
Keep-Alive: timeout=600

09:03:34.981 [AsyncHttpClient-1-2] DEBUG org.asynchttpclient.netty.channel.ChannelManager -- Adding key: http://127.0.0.1:4723 for channel [id: 0x01c8cbd7, L:/127.0.0.1:50782 - R:/127.0.0.1:4723]
09:03:34.982 [Forwarding clickElement on session 878f5998-f3e3-4142-8b23-5fe7cb294cb0 to remote] DEBUG org.asynchttpclient.netty.request.NettyRequestSender -- Using pooled Channel '[id: 0x01c8cbd7, L:/127.0.0.1:50782 - R:/127.0.0.1:4723]' for 'POST' to 'http://127.0.0.1:4723/session/878f5998-f3e3-4142-8b23-5fe7cb294cb0/element/00000000-0000-0172-ffff-ffff0000001f/click'
09:03:34.983 [Forwarding clickElement on session 878f5998-f3e3-4142-8b23-5fe7cb294cb0 to remote] DEBUG org.asynchttpclient.netty.request.NettyRequestSender -- Using open Channel [id: 0x01c8cbd7, L:/127.0.0.1:50782 - R:/127.0.0.1:4723] for POST '/session/878f5998-f3e3-4142-8b23-5fe7cb294cb0/element/00000000-0000-0172-ffff-ffff0000001f/click'
&amp#27;[38;5;0m[HTTP]&amp#27;[0m &amp#27;[37m-->&amp#27;[39m &amp#27;[37mPOST&amp#27;[39m &amp#27;[37m/session/878f5998-f3e3-4142-8b23-5fe7cb294cb0/element/00000000-0000-0172-ffff-ffff0000001f/click&amp#27;[39m
&amp#27;[38;5;0m[HTTP]&amp#27;[0m &amp#27;[90m{"id":"00000000-0000-0172-ffff-ffff0000001f"}&amp#27;[39m
[debug] &amp#27;[38;5;32m[AndroidUiautomator2Driver@2331 (878f5998)]&amp#27;[0m Calling AppiumDriver.click() with args: ["00000000-0000-0172-ffff-ffff0000001f","878f5998-f3e3-4142-8b23-5fe7cb294cb0"]
[debug] &amp#27;[38;5;32m[AndroidUiautomator2Driver@2331 (878f5998)]&amp#27;[0m Matched '/element/00000000-0000-0172-ffff-ffff0000001f/click' to command name 'click'
[debug] &amp#27;[38;5;32m[AndroidUiautomator2Driver@2331 (878f5998)]&amp#27;[0m Proxying [POST /element/00000000-0000-0172-ffff-ffff0000001f/click] to [POST http://127.0.0.1:8200/session/a515db02-df7f-4145-a62c-d524aea530f9/element/00000000-0000-0172-ffff-ffff0000001f/click] with body: {"element":"00000000-0000-0172-ffff-ffff0000001f"}
[debug] &amp#27;[38;5;32m[AndroidUiautomator2Driver@2331 (878f5998)]&amp#27;[0m Got response with status 200: {"sessionId":"a515db02-df7f-4145-a62c-d524aea530f9","value":null}
[debug] &amp#27;[38;5;32m[AndroidUiautomator2Driver@2331 (878f5998)]&amp#27;[0m Responding to client with driver.click() result: null
&amp#27;[38;5;0m[HTTP]&amp#27;[0m &amp#27;[37m<-- POST /session/878f5998-f3e3-4142-8b23-5fe7cb294cb0/element/00000000-0000-0172-ffff-ffff0000001f/click &amp#27;[39m&amp#27;[32m200&amp#27;[39m &amp#27;[90m60 ms - 14&amp#27;[39m
&amp#27;[38;5;0m[HTTP]&amp#27;[0m &amp#27;[90m&amp#27;[39m
09:03:35.043 [AsyncHttpClient-1-2] DEBUG org.asynchttpclient.netty.handler.HttpHandler -- 

Request DefaultHttpRequest(decodeResult: success, version: HTTP/1.1)
POST /session/878f5998-f3e3-4142-8b23-5fe7cb294cb0/element/00000000-0000-0172-ffff-ffff0000001f/click HTTP/1.1
User-Agent: appium/8.5.1 (selenium/4.14.0 (java windows))
Content-Length: 50
Content-Type: application/json; charset=utf-8
host: 127.0.0.1:4723
accept: */*

Response DefaultHttpResponse(decodeResult: success, version: HTTP/1.1)
HTTP/1.1 200 OK
X-Powered-By: Express
Vary: X-HTTP-Method-Override
Content-Type: application/json; charset=utf-8
Content-Length: 14
ETag: W/"e-9/1BuKMgFObM1mWJm+YjxtXJnUM"
Date: Wed, 01 Nov 2023 09:03:35 GMT
Connection: keep-alive
Keep-Alive: timeout=600

09:03:35.043 [AsyncHttpClient-1-2] DEBUG org.asynchttpclient.netty.channel.ChannelManager -- Adding key: http://127.0.0.1:4723 for channel [id: 0x01c8cbd7, L:/127.0.0.1:50782 - R:/127.0.0.1:4723]
09:03:35.045 [Forwarding getCurrentContextHandle on session 878f5998-f3e3-4142-8b23-5fe7cb294cb0 to remote] DEBUG org.asynchttpclient.netty.request.NettyRequestSender -- Using pooled Channel '[id: 0x01c8cbd7, L:/127.0.0.1:50782 - R:/127.0.0.1:4723]' for 'GET' to 'http://127.0.0.1:4723/session/878f5998-f3e3-4142-8b23-5fe7cb294cb0/context'
09:03:35.045 [Forwarding getCurrentContextHandle on session 878f5998-f3e3-4142-8b23-5fe7cb294cb0 to remote] DEBUG org.asynchttpclient.netty.request.NettyRequestSender -- Using open Channel [id: 0x01c8cbd7, L:/127.0.0.1:50782 - R:/127.0.0.1:4723] for GET '/session/878f5998-f3e3-4142-8b23-5fe7cb294cb0/context'
&amp#27;[38;5;0m[HTTP]&amp#27;[0m &amp#27;[37m-->&amp#27;[39m &amp#27;[37mGET&amp#27;[39m &amp#27;[37m/session/878f5998-f3e3-4142-8b23-5fe7cb294cb0/context&amp#27;[39m
&amp#27;[38;5;0m[HTTP]&amp#27;[0m &amp#27;[90m{}&amp#27;[39m
[debug] &amp#27;[38;5;32m[AndroidUiautomator2Driver@2331 (878f5998)]&amp#27;[0m Calling AppiumDriver.getCurrentContext() with args: ["878f5998-f3e3-4142-8b23-5fe7cb294cb0"]
[debug] &amp#27;[38;5;32m[AndroidUiautomator2Driver@2331 (878f5998)]&amp#27;[0m Responding to client with driver.getCurrentContext() result: "NATIVE_APP"
&amp#27;[38;5;0m[HTTP]&amp#27;[0m &amp#27;[37m<-- GET /session/878f5998-f3e3-4142-8b23-5fe7cb294cb0/context &amp#27;[39m&amp#27;[32m200&amp#27;[39m &amp#27;[90m2 ms - 22&amp#27;[39m
&amp#27;[38;5;0m[HTTP]&amp#27;[0m &amp#27;[90m&amp#27;[39m
09:03:35.048 [AsyncHttpClient-1-2] DEBUG org.asynchttpclient.netty.handler.HttpHandler -- 

Request DefaultFullHttpRequest(decodeResult: success, version: HTTP/1.1, content: EmptyByteBufBE)
GET /session/878f5998-f3e3-4142-8b23-5fe7cb294cb0/context HTTP/1.1
Cache-Control: no-cache
User-Agent: appium/8.5.1 (selenium/4.14.0 (java windows))
Content-Type: application/json; charset=utf-8
host: 127.0.0.1:4723
accept: */*

Response DefaultHttpResponse(decodeResult: success, version: HTTP/1.1)
HTTP/1.1 200 OK
X-Powered-By: Express
Content-Type: application/json; charset=utf-8
Content-Length: 22
ETag: W/"16-nh/61Qb9yjbegUMg89kGWIA2AIE"
Date: Wed, 01 Nov 2023 09:03:35 GMT
Connection: keep-alive
Keep-Alive: timeout=600

09:03:35.048 [AsyncHttpClient-1-2] DEBUG org.asynchttpclient.netty.channel.ChannelManager -- Adding key: http://127.0.0.1:4723 for channel [id: 0x01c8cbd7, L:/127.0.0.1:50782 - R:/127.0.0.1:4723]
09:03:35.049 [Forwarding findElement on session 878f5998-f3e3-4142-8b23-5fe7cb294cb0 to remote] DEBUG org.asynchttpclient.netty.request.NettyRequestSender -- Using pooled Channel '[id: 0x01c8cbd7, L:/127.0.0.1:50782 - R:/127.0.0.1:4723]' for 'POST' to 'http://127.0.0.1:4723/session/878f5998-f3e3-4142-8b23-5fe7cb294cb0/element'
09:03:35.049 [Forwarding findElement on session 878f5998-f3e3-4142-8b23-5fe7cb294cb0 to remote] DEBUG org.asynchttpclient.netty.request.NettyRequestSender -- Using open Channel [id: 0x01c8cbd7, L:/127.0.0.1:50782 - R:/127.0.0.1:4723] for POST '/session/878f5998-f3e3-4142-8b23-5fe7cb294cb0/element'
&amp#27;[38;5;0m[HTTP]&amp#27;[0m &amp#27;[37m-->&amp#27;[39m &amp#27;[37mPOST&amp#27;[39m &amp#27;[37m/session/878f5998-f3e3-4142-8b23-5fe7cb294cb0/element&amp#27;[39m
&amp#27;[38;5;0m[HTTP]&amp#27;[0m &amp#27;[90m{"using":"id","value":"com.androidsample.generalstore:id/spinnerCountry"}&amp#27;[39m
[debug] &amp#27;[38;5;32m[AndroidUiautomator2Driver@2331 (878f5998)]&amp#27;[0m Calling AppiumDriver.findElement() with args: ["id","com.androidsample.generalstore:id/spinnerCountry","878f5998-f3e3-4142-8b23-5fe7cb294cb0"]
[debug] &amp#27;[38;5;32m[AndroidUiautomator2Driver@2331 (878f5998)]&amp#27;[0m Valid locator strategies for this request: xpath, id, class name, accessibility id, css selector, -android uiautomator
[debug] &amp#27;[38;5;32m[AndroidUiautomator2Driver@2331 (878f5998)]&amp#27;[0m Waiting up to 10000 ms for condition
[debug] &amp#27;[38;5;32m[AndroidUiautomator2Driver@2331 (878f5998)]&amp#27;[0m Matched '/element' to command name 'findElement'
[debug] &amp#27;[38;5;32m[AndroidUiautomator2Driver@2331 (878f5998)]&amp#27;[0m Proxying [POST /element] to [POST http://127.0.0.1:8200/session/a515db02-df7f-4145-a62c-d524aea530f9/element] with body: {"strategy":"id","selector":"com.androidsample.generalstore:id/spinnerCountry","context":"","multiple":false}
[debug] &amp#27;[38;5;32m[AndroidUiautomator2Driver@2331 (878f5998)]&amp#27;[0m Got response with status 200: {"sessionId":"a515db02-df7f-4145-a62c-d524aea530f9","value":{"ELEMENT":"00000000-0000-0172-ffff-ffff0000001a","element-6066-11e4-a52e-4f735466cecf":"00000000-0000-0172-ffff-ffff0000001a"}}
[debug] &amp#27;[38;5;32m[AndroidUiautomator2Driver@2331 (878f5998)]&amp#27;[0m Responding to client with driver.findElement() result: {"element-6066-11e4-a52e-4f735466cecf":"00000000-0000-0172-ffff-ffff0000001a","ELEMENT":"00000000-0000-0172-ffff-ffff0000001a"}
&amp#27;[38;5;0m[HTTP]&amp#27;[0m &amp#27;[37m<-- POST /session/878f5998-f3e3-4142-8b23-5fe7cb294cb0/element &amp#27;[39m&amp#27;[32m200&amp#27;[39m &amp#27;[90m502 ms - 137&amp#27;[39m
&amp#27;[38;5;0m[HTTP]&amp#27;[0m &amp#27;[90m&amp#27;[39m
09:03:35.554 [AsyncHttpClient-1-2] DEBUG org.asynchttpclient.netty.handler.HttpHandler -- 

Request DefaultHttpRequest(decodeResult: success, version: HTTP/1.1)
POST /session/878f5998-f3e3-4142-8b23-5fe7cb294cb0/element HTTP/1.1
User-Agent: appium/8.5.1 (selenium/4.14.0 (java windows))
Content-Length: 87
Content-Type: application/json; charset=utf-8
host: 127.0.0.1:4723
accept: */*

Response DefaultHttpResponse(decodeResult: success, version: HTTP/1.1)
HTTP/1.1 200 OK
X-Powered-By: Express
Vary: X-HTTP-Method-Override
Content-Type: application/json; charset=utf-8
Content-Length: 137
ETag: W/"89-QgW3NY3SCvWND6NWA1gmjDGJm/w"
Date: Wed, 01 Nov 2023 09:03:35 GMT
Connection: keep-alive
Keep-Alive: timeout=600

09:03:35.554 [AsyncHttpClient-1-2] DEBUG org.asynchttpclient.netty.channel.ChannelManager -- Adding key: http://127.0.0.1:4723 for channel [id: 0x01c8cbd7, L:/127.0.0.1:50782 - R:/127.0.0.1:4723]
09:03:35.555 [Forwarding clickElement on session 878f5998-f3e3-4142-8b23-5fe7cb294cb0 to remote] DEBUG org.asynchttpclient.netty.request.NettyRequestSender -- Using pooled Channel '[id: 0x01c8cbd7, L:/127.0.0.1:50782 - R:/127.0.0.1:4723]' for 'POST' to 'http://127.0.0.1:4723/session/878f5998-f3e3-4142-8b23-5fe7cb294cb0/element/00000000-0000-0172-ffff-ffff0000001a/click'
09:03:35.555 [Forwarding clickElement on session 878f5998-f3e3-4142-8b23-5fe7cb294cb0 to remote] DEBUG org.asynchttpclient.netty.request.NettyRequestSender -- Using open Channel [id: 0x01c8cbd7, L:/127.0.0.1:50782 - R:/127.0.0.1:4723] for POST '/session/878f5998-f3e3-4142-8b23-5fe7cb294cb0/element/00000000-0000-0172-ffff-ffff0000001a/click'
&amp#27;[38;5;0m[HTTP]&amp#27;[0m &amp#27;[37m-->&amp#27;[39m &amp#27;[37mPOST&amp#27;[39m &amp#27;[37m/session/878f5998-f3e3-4142-8b23-5fe7cb294cb0/element/00000000-0000-0172-ffff-ffff0000001a/click&amp#27;[39m
&amp#27;[38;5;0m[HTTP]&amp#27;[0m &amp#27;[90m{"id":"00000000-0000-0172-ffff-ffff0000001a"}&amp#27;[39m
[debug] &amp#27;[38;5;32m[AndroidUiautomator2Driver@2331 (878f5998)]&amp#27;[0m Calling AppiumDriver.click() with args: ["00000000-0000-0172-ffff-ffff0000001a","878f5998-f3e3-4142-8b23-5fe7cb294cb0"]
[debug] &amp#27;[38;5;32m[AndroidUiautomator2Driver@2331 (878f5998)]&amp#27;[0m Matched '/element/00000000-0000-0172-ffff-ffff0000001a/click' to command name 'click'
[debug] &amp#27;[38;5;32m[AndroidUiautomator2Driver@2331 (878f5998)]&amp#27;[0m Proxying [POST /element/00000000-0000-0172-ffff-ffff0000001a/click] to [POST http://127.0.0.1:8200/session/a515db02-df7f-4145-a62c-d524aea530f9/element/00000000-0000-0172-ffff-ffff0000001a/click] with body: {"element":"00000000-0000-0172-ffff-ffff0000001a"}
[debug] &amp#27;[38;5;32m[AndroidUiautomator2Driver@2331 (878f5998)]&amp#27;[0m Got response with status 200: {"sessionId":"a515db02-df7f-4145-a62c-d524aea530f9","value":null}
[debug] &amp#27;[38;5;32m[AndroidUiautomator2Driver@2331 (878f5998)]&amp#27;[0m Responding to client with driver.click() result: null
&amp#27;[38;5;0m[HTTP]&amp#27;[0m &amp#27;[37m<-- POST /session/878f5998-f3e3-4142-8b23-5fe7cb294cb0/element/00000000-0000-0172-ffff-ffff0000001a/click &amp#27;[39m&amp#27;[32m200&amp#27;[39m &amp#27;[90m42 ms - 14&amp#27;[39m
&amp#27;[38;5;0m[HTTP]&amp#27;[0m &amp#27;[90m&amp#27;[39m
09:03:35.599 [AsyncHttpClient-1-2] DEBUG org.asynchttpclient.netty.handler.HttpHandler -- 

Request DefaultHttpRequest(decodeResult: success, version: HTTP/1.1)
POST /session/878f5998-f3e3-4142-8b23-5fe7cb294cb0/element/00000000-0000-0172-ffff-ffff0000001a/click HTTP/1.1
User-Agent: appium/8.5.1 (selenium/4.14.0 (java windows))
Content-Length: 50
Content-Type: application/json; charset=utf-8
host: 127.0.0.1:4723
accept: */*

Response DefaultHttpResponse(decodeResult: success, version: HTTP/1.1)
HTTP/1.1 200 OK
X-Powered-By: Express
Vary: X-HTTP-Method-Override
Content-Type: application/json; charset=utf-8
Content-Length: 14
ETag: W/"e-9/1BuKMgFObM1mWJm+YjxtXJnUM"
Date: Wed, 01 Nov 2023 09:03:35 GMT
Connection: keep-alive
Keep-Alive: timeout=600

09:03:35.599 [AsyncHttpClient-1-2] DEBUG org.asynchttpclient.netty.channel.ChannelManager -- Adding key: http://127.0.0.1:4723 for channel [id: 0x01c8cbd7, L:/127.0.0.1:50782 - R:/127.0.0.1:4723]
09:03:35.600 [Forwarding findElement on session 878f5998-f3e3-4142-8b23-5fe7cb294cb0 to remote] DEBUG org.asynchttpclient.netty.request.NettyRequestSender -- Using pooled Channel '[id: 0x01c8cbd7, L:/127.0.0.1:50782 - R:/127.0.0.1:4723]' for 'POST' to 'http://127.0.0.1:4723/session/878f5998-f3e3-4142-8b23-5fe7cb294cb0/element'
09:03:35.601 [Forwarding findElement on session 878f5998-f3e3-4142-8b23-5fe7cb294cb0 to remote] DEBUG org.asynchttpclient.netty.request.NettyRequestSender -- Using open Channel [id: 0x01c8cbd7, L:/127.0.0.1:50782 - R:/127.0.0.1:4723] for POST '/session/878f5998-f3e3-4142-8b23-5fe7cb294cb0/element'
&amp#27;[38;5;0m[HTTP]&amp#27;[0m &amp#27;[37m-->&amp#27;[39m &amp#27;[37mPOST&amp#27;[39m &amp#27;[37m/session/878f5998-f3e3-4142-8b23-5fe7cb294cb0/element&amp#27;[39m
&amp#27;[38;5;0m[HTTP]&amp#27;[0m &amp#27;[90m{"using":"-android uiautomator","value":"new UiScrollable(new UiSelector()).scrollIntoView(text(\"Argentina\"));"}&amp#27;[39m
[debug] &amp#27;[38;5;32m[AndroidUiautomator2Driver@2331 (878f5998)]&amp#27;[0m Calling AppiumDriver.findElement() with args: ["-android uiautomator","new UiScrollable(new UiSelector()).scrollIntoView(text(\"Argentina\"));","878f5998-f3e3-4142-8b23-5fe7cb294cb0"]
[debug] &amp#27;[38;5;32m[AndroidUiautomator2Driver@2331 (878f5998)]&amp#27;[0m Valid locator strategies for this request: xpath, id, class name, accessibility id, css selector, -android uiautomator
[debug] &amp#27;[38;5;32m[AndroidUiautomator2Driver@2331 (878f5998)]&amp#27;[0m Waiting up to 10000 ms for condition
[debug] &amp#27;[38;5;32m[AndroidUiautomator2Driver@2331 (878f5998)]&amp#27;[0m Matched '/element' to command name 'findElement'
[debug] &amp#27;[38;5;32m[AndroidUiautomator2Driver@2331 (878f5998)]&amp#27;[0m Proxying [POST /element] to [POST http://127.0.0.1:8200/session/a515db02-df7f-4145-a62c-d524aea530f9/element] with body: {"strategy":"-android uiautomator","selector":"new UiScrollable(new UiSelector()).scrollIntoView(text(\"Argentina\"));","context":"","multiple":false}
[debug] &amp#27;[38;5;32m[AndroidUiautomator2Driver@2331 (878f5998)]&amp#27;[0m Got response with status 200: {"sessionId":"a515db02-df7f-4145-a62c-d524aea530f9","value":{"ELEMENT":"00000000-0000-0173-ffff-ffff00000032","element-6066-11e4-a52e-4f735466cecf":"00000000-0000-0173-ffff-ffff00000032"}}
[debug] &amp#27;[38;5;32m[AndroidUiautomator2Driver@2331 (878f5998)]&amp#27;[0m Responding to client with driver.findElement() result: {"element-6066-11e4-a52e-4f735466cecf":"00000000-0000-0173-ffff-ffff00000032","ELEMENT":"00000000-0000-0173-ffff-ffff00000032"}
&amp#27;[38;5;0m[HTTP]&amp#27;[0m &amp#27;[37m<-- POST /session/878f5998-f3e3-4142-8b23-5fe7cb294cb0/element &amp#27;[39m&amp#27;[32m200&amp#27;[39m &amp#27;[90m4201 ms - 137&amp#27;[39m
09:03:39.805 [AsyncHttpClient-1-2] DEBUG org.asynchttpclient.netty.handler.HttpHandler -- 

Request DefaultHttpRequest(decodeResult: success, version: HTTP/1.1)
POST /session/878f5998-f3e3-4142-8b23-5fe7cb294cb0/element HTTP/1.1
User-Agent: appium/8.5.1 (selenium/4.14.0 (java windows))
Content-Length: 123
Content-Type: application/json; charset=utf-8
host: 127.0.0.1:4723
accept: */*

Response DefaultHttpResponse(decodeResult: success, version: HTTP/1.1)
HTTP/1.1 200 OK
X-Powered-By: Express
Vary: X-HTTP-Method-Override
Content-Type: application/json; charset=utf-8
Content-Length: 137
ETag: W/"89-umFiC5tLpdjN/jOVTLZbPBVfqqw"
Date: Wed, 01 Nov 2023 09:03:39 GMT
Connection: keep-alive
Keep-Alive: timeout=600

&amp#27;[38;5;0m[HTTP]&amp#27;[0m &amp#27;[90m&amp#27;[39m
09:03:39.805 [AsyncHttpClient-1-2] DEBUG org.asynchttpclient.netty.channel.ChannelManager -- Adding key: http://127.0.0.1:4723 for channel [id: 0x01c8cbd7, L:/127.0.0.1:50782 - R:/127.0.0.1:4723]
09:03:39.807 [Forwarding findElement on session 878f5998-f3e3-4142-8b23-5fe7cb294cb0 to remote] DEBUG org.asynchttpclient.netty.request.NettyRequestSender -- Using pooled Channel '[id: 0x01c8cbd7, L:/127.0.0.1:50782 - R:/127.0.0.1:4723]' for 'POST' to 'http://127.0.0.1:4723/session/878f5998-f3e3-4142-8b23-5fe7cb294cb0/element'
09:03:39.807 [Forwarding findElement on session 878f5998-f3e3-4142-8b23-5fe7cb294cb0 to remote] DEBUG org.asynchttpclient.netty.request.NettyRequestSender -- Using open Channel [id: 0x01c8cbd7, L:/127.0.0.1:50782 - R:/127.0.0.1:4723] for POST '/session/878f5998-f3e3-4142-8b23-5fe7cb294cb0/element'
&amp#27;[38;5;0m[HTTP]&amp#27;[0m &amp#27;[37m-->&amp#27;[39m &amp#27;[37mPOST&amp#27;[39m &amp#27;[37m/session/878f5998-f3e3-4142-8b23-5fe7cb294cb0/element&amp#27;[39m
&amp#27;[38;5;0m[HTTP]&amp#27;[0m &amp#27;[90m{"using":"xpath","value":"//android.widget.TextView[@text=\"Argentina\"]"}&amp#27;[39m
[debug] &amp#27;[38;5;32m[AndroidUiautomator2Driver@2331 (878f5998)]&amp#27;[0m Calling AppiumDriver.findElement() with args: ["xpath","//android.widget.TextView[@text=\"Argentina\"]","878f5998-f3e3-4142-8b23-5fe7cb294cb0"]
[debug] &amp#27;[38;5;32m[AndroidUiautomator2Driver@2331 (878f5998)]&amp#27;[0m Valid locator strategies for this request: xpath, id, class name, accessibility id, css selector, -android uiautomator
[debug] &amp#27;[38;5;32m[AndroidUiautomator2Driver@2331 (878f5998)]&amp#27;[0m Waiting up to 10000 ms for condition
[debug] &amp#27;[38;5;32m[AndroidUiautomator2Driver@2331 (878f5998)]&amp#27;[0m Matched '/element' to command name 'findElement'
[debug] &amp#27;[38;5;32m[AndroidUiautomator2Driver@2331 (878f5998)]&amp#27;[0m Proxying [POST /element] to [POST http://127.0.0.1:8200/session/a515db02-df7f-4145-a62c-d524aea530f9/element] with body: {"strategy":"xpath","selector":"//android.widget.TextView[@text=\"Argentina\"]","context":"","multiple":false}
[debug] &amp#27;[38;5;32m[AndroidUiautomator2Driver@2331 (878f5998)]&amp#27;[0m Got response with status 200: {"sessionId":"a515db02-df7f-4145-a62c-d524aea530f9","value":{"ELEMENT":"00000000-0000-0173-ffff-ffff00000032","element-6066-11e4-a52e-4f735466cecf":"00000000-0000-0173-ffff-ffff00000032"}}
[debug] &amp#27;[38;5;32m[AndroidUiautomator2Driver@2331 (878f5998)]&amp#27;[0m Responding to client with driver.findElement() result: {"element-6066-11e4-a52e-4f735466cecf":"00000000-0000-0173-ffff-ffff00000032","ELEMENT":"00000000-0000-0173-ffff-ffff00000032"}
&amp#27;[38;5;0m[HTTP]&amp#27;[0m &amp#27;[37m<-- POST /session/878f5998-f3e3-4142-8b23-5fe7cb294cb0/element &amp#27;[39m&amp#27;[32m200&amp#27;[39m &amp#27;[90m557 ms - 137&amp#27;[39m
&amp#27;[38;5;0m[HTTP]&amp#27;[0m &amp#27;[90m&amp#27;[39m
09:03:40.365 [AsyncHttpClient-1-2] DEBUG org.asynchttpclient.netty.handler.HttpHandler -- 

Request DefaultHttpRequest(decodeResult: success, version: HTTP/1.1)
POST /session/878f5998-f3e3-4142-8b23-5fe7cb294cb0/element HTTP/1.1
User-Agent: appium/8.5.1 (selenium/4.14.0 (java windows))
Content-Length: 93
Content-Type: application/json; charset=utf-8
host: 127.0.0.1:4723
accept: */*

Response DefaultHttpResponse(decodeResult: success, version: HTTP/1.1)
HTTP/1.1 200 OK
X-Powered-By: Express
Vary: X-HTTP-Method-Override
Content-Type: application/json; charset=utf-8
Content-Length: 137
ETag: W/"89-umFiC5tLpdjN/jOVTLZbPBVfqqw"
Date: Wed, 01 Nov 2023 09:03:40 GMT
Connection: keep-alive
Keep-Alive: timeout=600

09:03:40.365 [AsyncHttpClient-1-2] DEBUG org.asynchttpclient.netty.channel.ChannelManager -- Adding key: http://127.0.0.1:4723 for channel [id: 0x01c8cbd7, L:/127.0.0.1:50782 - R:/127.0.0.1:4723]
09:03:40.366 [Forwarding clickElement on session 878f5998-f3e3-4142-8b23-5fe7cb294cb0 to remote] DEBUG org.asynchttpclient.netty.request.NettyRequestSender -- Using pooled Channel '[id: 0x01c8cbd7, L:/127.0.0.1:50782 - R:/127.0.0.1:4723]' for 'POST' to 'http://127.0.0.1:4723/session/878f5998-f3e3-4142-8b23-5fe7cb294cb0/element/00000000-0000-0173-ffff-ffff00000032/click'
09:03:40.366 [Forwarding clickElement on session 878f5998-f3e3-4142-8b23-5fe7cb294cb0 to remote] DEBUG org.asynchttpclient.netty.request.NettyRequestSender -- Using open Channel [id: 0x01c8cbd7, L:/127.0.0.1:50782 - R:/127.0.0.1:4723] for POST '/session/878f5998-f3e3-4142-8b23-5fe7cb294cb0/element/00000000-0000-0173-ffff-ffff00000032/click'
&amp#27;[38;5;0m[HTTP]&amp#27;[0m &amp#27;[37m-->&amp#27;[39m &amp#27;[37mPOST&amp#27;[39m &amp#27;[37m/session/878f5998-f3e3-4142-8b23-5fe7cb294cb0/element/00000000-0000-0173-ffff-ffff00000032/click&amp#27;[39m
&amp#27;[38;5;0m[HTTP]&amp#27;[0m &amp#27;[90m{"id":"00000000-0000-0173-ffff-ffff00000032"}&amp#27;[39m
[debug] &amp#27;[38;5;32m[AndroidUiautomator2Driver@2331 (878f5998)]&amp#27;[0m Calling AppiumDriver.click() with args: ["00000000-0000-0173-ffff-ffff00000032","878f5998-f3e3-4142-8b23-5fe7cb294cb0"]
[debug] &amp#27;[38;5;32m[AndroidUiautomator2Driver@2331 (878f5998)]&amp#27;[0m Matched '/element/00000000-0000-0173-ffff-ffff00000032/click' to command name 'click'
[debug] &amp#27;[38;5;32m[AndroidUiautomator2Driver@2331 (878f5998)]&amp#27;[0m Proxying [POST /element/00000000-0000-0173-ffff-ffff00000032/click] to [POST http://127.0.0.1:8200/session/a515db02-df7f-4145-a62c-d524aea530f9/element/00000000-0000-0173-ffff-ffff00000032/click] with body: {"element":"00000000-0000-0173-ffff-ffff00000032"}
[debug] &amp#27;[38;5;32m[AndroidUiautomator2Driver@2331 (878f5998)]&amp#27;[0m Got response with status 200: {"sessionId":"a515db02-df7f-4145-a62c-d524aea530f9","value":null}
[debug] &amp#27;[38;5;32m[AndroidUiautomator2Driver@2331 (878f5998)]&amp#27;[0m Responding to client with driver.click() result: null
&amp#27;[38;5;0m[HTTP]&amp#27;[0m &amp#27;[37m<-- POST /session/878f5998-f3e3-4142-8b23-5fe7cb294cb0/element/00000000-0000-0173-ffff-ffff00000032/click &amp#27;[39m&amp#27;[32m200&amp#27;[39m &amp#27;[90m690 ms - 14&amp#27;[39m
&amp#27;[38;5;0m[HTTP]&amp#27;[0m &amp#27;[90m&amp#27;[39m
09:03:41.058 [AsyncHttpClient-1-2] DEBUG org.asynchttpclient.netty.handler.HttpHandler -- 

Request DefaultHttpRequest(decodeResult: success, version: HTTP/1.1)
POST /session/878f5998-f3e3-4142-8b23-5fe7cb294cb0/element/00000000-0000-0173-ffff-ffff00000032/click HTTP/1.1
User-Agent: appium/8.5.1 (selenium/4.14.0 (java windows))
Content-Length: 50
Content-Type: application/json; charset=utf-8
host: 127.0.0.1:4723
accept: */*

Response DefaultHttpResponse(decodeResult: success, version: HTTP/1.1)
HTTP/1.1 200 OK
X-Powered-By: Express
Vary: X-HTTP-Method-Override
Content-Type: application/json; charset=utf-8
Content-Length: 14
ETag: W/"e-9/1BuKMgFObM1mWJm+YjxtXJnUM"
Date: Wed, 01 Nov 2023 09:03:41 GMT
Connection: keep-alive
Keep-Alive: timeout=600

09:03:41.058 [AsyncHttpClient-1-2] DEBUG org.asynchttpclient.netty.channel.ChannelManager -- Adding key: http://127.0.0.1:4723 for channel [id: 0x01c8cbd7, L:/127.0.0.1:50782 - R:/127.0.0.1:4723]
09:03:41.059 [Forwarding getCurrentContextHandle on session 878f5998-f3e3-4142-8b23-5fe7cb294cb0 to remote] DEBUG org.asynchttpclient.netty.request.NettyRequestSender -- Using pooled Channel '[id: 0x01c8cbd7, L:/127.0.0.1:50782 - R:/127.0.0.1:4723]' for 'GET' to 'http://127.0.0.1:4723/session/878f5998-f3e3-4142-8b23-5fe7cb294cb0/context'
09:03:41.059 [Forwarding getCurrentContextHandle on session 878f5998-f3e3-4142-8b23-5fe7cb294cb0 to remote] DEBUG org.asynchttpclient.netty.request.NettyRequestSender -- Using open Channel [id: 0x01c8cbd7, L:/127.0.0.1:50782 - R:/127.0.0.1:4723] for GET '/session/878f5998-f3e3-4142-8b23-5fe7cb294cb0/context'
&amp#27;[38;5;0m[HTTP]&amp#27;[0m &amp#27;[37m-->&amp#27;[39m &amp#27;[37mGET&amp#27;[39m &amp#27;[37m/session/878f5998-f3e3-4142-8b23-5fe7cb294cb0/context&amp#27;[39m
&amp#27;[38;5;0m[HTTP]&amp#27;[0m &amp#27;[90m{}&amp#27;[39m
[debug] &amp#27;[38;5;32m[AndroidUiautomator2Driver@2331 (878f5998)]&amp#27;[0m Calling AppiumDriver.getCurrentContext() with args: ["878f5998-f3e3-4142-8b23-5fe7cb294cb0"]
[debug] &amp#27;[38;5;32m[AndroidUiautomator2Driver@2331 (878f5998)]&amp#27;[0m Responding to client with driver.getCurrentContext() result: "NATIVE_APP"
&amp#27;[38;5;0m[HTTP]&amp#27;[0m &amp#27;[37m<-- GET /session/878f5998-f3e3-4142-8b23-5fe7cb294cb0/context &amp#27;[39m&amp#27;[32m200&amp#27;[39m &amp#27;[90m1 ms - 22&amp#27;[39m
&amp#27;[38;5;0m[HTTP]&amp#27;[0m &amp#27;[90m&amp#27;[39m
09:03:41.062 [AsyncHttpClient-1-2] DEBUG org.asynchttpclient.netty.handler.HttpHandler -- 

Request DefaultFullHttpRequest(decodeResult: success, version: HTTP/1.1, content: EmptyByteBufBE)
GET /session/878f5998-f3e3-4142-8b23-5fe7cb294cb0/context HTTP/1.1
Cache-Control: no-cache
User-Agent: appium/8.5.1 (selenium/4.14.0 (java windows))
Content-Type: application/json; charset=utf-8
host: 127.0.0.1:4723
accept: */*

Response DefaultHttpResponse(decodeResult: success, version: HTTP/1.1)
HTTP/1.1 200 OK
X-Powered-By: Express
Content-Type: application/json; charset=utf-8
Content-Length: 22
ETag: W/"16-nh/61Qb9yjbegUMg89kGWIA2AIE"
Date: Wed, 01 Nov 2023 09:03:41 GMT
Connection: keep-alive
Keep-Alive: timeout=600

09:03:41.062 [AsyncHttpClient-1-2] DEBUG org.asynchttpclient.netty.channel.ChannelManager -- Adding key: http://127.0.0.1:4723 for channel [id: 0x01c8cbd7, L:/127.0.0.1:50782 - R:/127.0.0.1:4723]
09:03:41.063 [Forwarding findElement on session 878f5998-f3e3-4142-8b23-5fe7cb294cb0 to remote] DEBUG org.asynchttpclient.netty.request.NettyRequestSender -- Using pooled Channel '[id: 0x01c8cbd7, L:/127.0.0.1:50782 - R:/127.0.0.1:4723]' for 'POST' to 'http://127.0.0.1:4723/session/878f5998-f3e3-4142-8b23-5fe7cb294cb0/element'
09:03:41.063 [Forwarding findElement on session 878f5998-f3e3-4142-8b23-5fe7cb294cb0 to remote] DEBUG org.asynchttpclient.netty.request.NettyRequestSender -- Using open Channel [id: 0x01c8cbd7, L:/127.0.0.1:50782 - R:/127.0.0.1:4723] for POST '/session/878f5998-f3e3-4142-8b23-5fe7cb294cb0/element'
&amp#27;[38;5;0m[HTTP]&amp#27;[0m &amp#27;[37m-->&amp#27;[39m &amp#27;[37mPOST&amp#27;[39m &amp#27;[37m/session/878f5998-f3e3-4142-8b23-5fe7cb294cb0/element&amp#27;[39m
&amp#27;[38;5;0m[HTTP]&amp#27;[0m &amp#27;[90m{"using":"id","value":"com.androidsample.generalstore:id/btnLetsShop"}&amp#27;[39m
[debug] &amp#27;[38;5;32m[AndroidUiautomator2Driver@2331 (878f5998)]&amp#27;[0m Calling AppiumDriver.findElement() with args: ["id","com.androidsample.generalstore:id/btnLetsShop","878f5998-f3e3-4142-8b23-5fe7cb294cb0"]
[debug] &amp#27;[38;5;32m[AndroidUiautomator2Driver@2331 (878f5998)]&amp#27;[0m Valid locator strategies for this request: xpath, id, class name, accessibility id, css selector, -android uiautomator
[debug] &amp#27;[38;5;32m[AndroidUiautomator2Driver@2331 (878f5998)]&amp#27;[0m Waiting up to 10000 ms for condition
[debug] &amp#27;[38;5;32m[AndroidUiautomator2Driver@2331 (878f5998)]&amp#27;[0m Matched '/element' to command name 'findElement'
[debug] &amp#27;[38;5;32m[AndroidUiautomator2Driver@2331 (878f5998)]&amp#27;[0m Proxying [POST /element] to [POST http://127.0.0.1:8200/session/a515db02-df7f-4145-a62c-d524aea530f9/element] with body: {"strategy":"id","selector":"com.androidsample.generalstore:id/btnLetsShop","context":"","multiple":false}
[debug] &amp#27;[38;5;32m[AndroidUiautomator2Driver@2331 (878f5998)]&amp#27;[0m Got response with status 200: {"sessionId":"a515db02-df7f-4145-a62c-d524aea530f9","value":{"ELEMENT":"00000000-0000-0172-ffff-ffff00000021","element-6066-11e4-a52e-4f735466cecf":"00000000-0000-0172-ffff-ffff00000021"}}
[debug] &amp#27;[38;5;32m[AndroidUiautomator2Driver@2331 (878f5998)]&amp#27;[0m Responding to client with driver.findElement() result: {"element-6066-11e4-a52e-4f735466cecf":"00000000-0000-0172-ffff-ffff00000021","ELEMENT":"00000000-0000-0172-ffff-ffff00000021"}
&amp#27;[38;5;0m[HTTP]&amp#27;[0m &amp#27;[37m<-- POST /session/878f5998-f3e3-4142-8b23-5fe7cb294cb0/element &amp#27;[39m&amp#27;[32m200&amp#27;[39m &amp#27;[90m26 ms - 137&amp#27;[39m
&amp#27;[38;5;0m[HTTP]&amp#27;[0m &amp#27;[90m&amp#27;[39m
09:03:41.090 [AsyncHttpClient-1-2] DEBUG org.asynchttpclient.netty.handler.HttpHandler -- 

Request DefaultHttpRequest(decodeResult: success, version: HTTP/1.1)
POST /session/878f5998-f3e3-4142-8b23-5fe7cb294cb0/element HTTP/1.1
User-Agent: appium/8.5.1 (selenium/4.14.0 (java windows))
Content-Length: 84
Content-Type: application/json; charset=utf-8
host: 127.0.0.1:4723
accept: */*

Response DefaultHttpResponse(decodeResult: success, version: HTTP/1.1)
HTTP/1.1 200 OK
X-Powered-By: Express
Vary: X-HTTP-Method-Override
Content-Type: application/json; charset=utf-8
Content-Length: 137
ETag: W/"89-6OVFKqmNOZix/Shbfq05MfeGa+I"
Date: Wed, 01 Nov 2023 09:03:41 GMT
Connection: keep-alive
Keep-Alive: timeout=600

09:03:41.090 [AsyncHttpClient-1-2] DEBUG org.asynchttpclient.netty.channel.ChannelManager -- Adding key: http://127.0.0.1:4723 for channel [id: 0x01c8cbd7, L:/127.0.0.1:50782 - R:/127.0.0.1:4723]
09:03:41.091 [Forwarding clickElement on session 878f5998-f3e3-4142-8b23-5fe7cb294cb0 to remote] DEBUG org.asynchttpclient.netty.request.NettyRequestSender -- Using pooled Channel '[id: 0x01c8cbd7, L:/127.0.0.1:50782 - R:/127.0.0.1:4723]' for 'POST' to 'http://127.0.0.1:4723/session/878f5998-f3e3-4142-8b23-5fe7cb294cb0/element/00000000-0000-0172-ffff-ffff00000021/click'
09:03:41.091 [Forwarding clickElement on session 878f5998-f3e3-4142-8b23-5fe7cb294cb0 to remote] DEBUG org.asynchttpclient.netty.request.NettyRequestSender -- Using open Channel [id: 0x01c8cbd7, L:/127.0.0.1:50782 - R:/127.0.0.1:4723] for POST '/session/878f5998-f3e3-4142-8b23-5fe7cb294cb0/element/00000000-0000-0172-ffff-ffff00000021/click'
&amp#27;[38;5;0m[HTTP]&amp#27;[0m &amp#27;[37m-->&amp#27;[39m &amp#27;[37mPOST&amp#27;[39m &amp#27;[37m/session/878f5998-f3e3-4142-8b23-5fe7cb294cb0/element/00000000-0000-0172-ffff-ffff00000021/click&amp#27;[39m
&amp#27;[38;5;0m[HTTP]&amp#27;[0m &amp#27;[90m{"id":"00000000-0000-0172-ffff-ffff00000021"}&amp#27;[39m
[debug] &amp#27;[38;5;32m[AndroidUiautomator2Driver@2331 (878f5998)]&amp#27;[0m Calling AppiumDriver.click() with args: ["00000000-0000-0172-ffff-ffff00000021","878f5998-f3e3-4142-8b23-5fe7cb294cb0"]
[debug] &amp#27;[38;5;32m[AndroidUiautomator2Driver@2331 (878f5998)]&amp#27;[0m Matched '/element/00000000-0000-0172-ffff-ffff00000021/click' to command name 'click'
[debug] &amp#27;[38;5;32m[AndroidUiautomator2Driver@2331 (878f5998)]&amp#27;[0m Proxying [POST /element/00000000-0000-0172-ffff-ffff00000021/click] to [POST http://127.0.0.1:8200/session/a515db02-df7f-4145-a62c-d524aea530f9/element/00000000-0000-0172-ffff-ffff00000021/click] with body: {"element":"00000000-0000-0172-ffff-ffff00000021"}
[debug] &amp#27;[38;5;32m[AndroidUiautomator2Driver@2331 (878f5998)]&amp#27;[0m Got response with status 200: {"sessionId":"a515db02-df7f-4145-a62c-d524aea530f9","value":null}
[debug] &amp#27;[38;5;32m[AndroidUiautomator2Driver@2331 (878f5998)]&amp#27;[0m Responding to client with driver.click() result: null
&amp#27;[38;5;0m[HTTP]&amp#27;[0m &amp#27;[37m<-- POST /session/878f5998-f3e3-4142-8b23-5fe7cb294cb0/element/00000000-0000-0172-ffff-ffff00000021/click &amp#27;[39m&amp#27;[32m200&amp#27;[39m &amp#27;[90m44 ms - 14&amp#27;[39m
&amp#27;[38;5;0m[HTTP]&amp#27;[0m &amp#27;[90m&amp#27;[39m
09:03:41.137 [AsyncHttpClient-1-2] DEBUG org.asynchttpclient.netty.handler.HttpHandler -- 

Request DefaultHttpRequest(decodeResult: success, version: HTTP/1.1)
POST /session/878f5998-f3e3-4142-8b23-5fe7cb294cb0/element/00000000-0000-0172-ffff-ffff00000021/click HTTP/1.1
User-Agent: appium/8.5.1 (selenium/4.14.0 (java windows))
Content-Length: 50
Content-Type: application/json; charset=utf-8
host: 127.0.0.1:4723
accept: */*

Response DefaultHttpResponse(decodeResult: success, version: HTTP/1.1)
HTTP/1.1 200 OK
X-Powered-By: Express
Vary: X-HTTP-Method-Override
Content-Type: application/json; charset=utf-8
Content-Length: 14
ETag: W/"e-9/1BuKMgFObM1mWJm+YjxtXJnUM"
Date: Wed, 01 Nov 2023 09:03:41 GMT
Connection: keep-alive
Keep-Alive: timeout=600

09:03:41.138 [AsyncHttpClient-1-2] DEBUG org.asynchttpclient.netty.channel.ChannelManager -- Adding key: http://127.0.0.1:4723 for channel [id: 0x01c8cbd7, L:/127.0.0.1:50782 - R:/127.0.0.1:4723]
09:03:41.246 [Forwarding getCurrentContextHandle on session 878f5998-f3e3-4142-8b23-5fe7cb294cb0 to remote] DEBUG org.asynchttpclient.netty.request.NettyRequestSender -- Using pooled Channel '[id: 0x01c8cbd7, L:/127.0.0.1:50782 - R:/127.0.0.1:4723]' for 'GET' to 'http://127.0.0.1:4723/session/878f5998-f3e3-4142-8b23-5fe7cb294cb0/context'
09:03:41.247 [Forwarding getCurrentContextHandle on session 878f5998-f3e3-4142-8b23-5fe7cb294cb0 to remote] DEBUG org.asynchttpclient.netty.request.NettyRequestSender -- Using open Channel [id: 0x01c8cbd7, L:/127.0.0.1:50782 - R:/127.0.0.1:4723] for GET '/session/878f5998-f3e3-4142-8b23-5fe7cb294cb0/context'
&amp#27;[38;5;0m[HTTP]&amp#27;[0m &amp#27;[37m-->&amp#27;[39m &amp#27;[37mGET&amp#27;[39m &amp#27;[37m/session/878f5998-f3e3-4142-8b23-5fe7cb294cb0/context&amp#27;[39m
&amp#27;[38;5;0m[HTTP]&amp#27;[0m &amp#27;[90m{}&amp#27;[39m
[debug] &amp#27;[38;5;32m[AndroidUiautomator2Driver@2331 (878f5998)]&amp#27;[0m Calling AppiumDriver.getCurrentContext() with args: ["878f5998-f3e3-4142-8b23-5fe7cb294cb0"]
[debug] &amp#27;[38;5;32m[AndroidUiautomator2Driver@2331 (878f5998)]&amp#27;[0m Responding to client with driver.getCurrentContext() result: "NATIVE_APP"
&amp#27;[38;5;0m[HTTP]&amp#27;[0m &amp#27;[37m<-- GET /session/878f5998-f3e3-4142-8b23-5fe7cb294cb0/context &amp#27;[39m&amp#27;[32m200&amp#27;[39m &amp#27;[90m1 ms - 22&amp#27;[39m
&amp#27;[38;5;0m[HTTP]&amp#27;[0m &amp#27;[90m&amp#27;[39m
09:03:41.250 [AsyncHttpClient-1-2] DEBUG org.asynchttpclient.netty.handler.HttpHandler -- 

Request DefaultFullHttpRequest(decodeResult: success, version: HTTP/1.1, content: EmptyByteBufBE)
GET /session/878f5998-f3e3-4142-8b23-5fe7cb294cb0/context HTTP/1.1
Cache-Control: no-cache
User-Agent: appium/8.5.1 (selenium/4.14.0 (java windows))
Content-Type: application/json; charset=utf-8
host: 127.0.0.1:4723
accept: */*

Response DefaultHttpResponse(decodeResult: success, version: HTTP/1.1)
HTTP/1.1 200 OK
X-Powered-By: Express
Content-Type: application/json; charset=utf-8
Content-Length: 22
ETag: W/"16-nh/61Qb9yjbegUMg89kGWIA2AIE"
Date: Wed, 01 Nov 2023 09:03:41 GMT
Connection: keep-alive
Keep-Alive: timeout=600

09:03:41.250 [AsyncHttpClient-1-2] DEBUG org.asynchttpclient.netty.channel.ChannelManager -- Adding key: http://127.0.0.1:4723 for channel [id: 0x01c8cbd7, L:/127.0.0.1:50782 - R:/127.0.0.1:4723]
09:03:41.253 [Forwarding findElements on session 878f5998-f3e3-4142-8b23-5fe7cb294cb0 to remote] DEBUG org.asynchttpclient.netty.request.NettyRequestSender -- Using pooled Channel '[id: 0x01c8cbd7, L:/127.0.0.1:50782 - R:/127.0.0.1:4723]' for 'POST' to 'http://127.0.0.1:4723/session/878f5998-f3e3-4142-8b23-5fe7cb294cb0/elements'
09:03:41.253 [Forwarding findElements on session 878f5998-f3e3-4142-8b23-5fe7cb294cb0 to remote] DEBUG org.asynchttpclient.netty.request.NettyRequestSender -- Using open Channel [id: 0x01c8cbd7, L:/127.0.0.1:50782 - R:/127.0.0.1:4723] for POST '/session/878f5998-f3e3-4142-8b23-5fe7cb294cb0/elements'
&amp#27;[38;5;0m[HTTP]&amp#27;[0m &amp#27;[37m-->&amp#27;[39m &amp#27;[37mPOST&amp#27;[39m &amp#27;[37m/session/878f5998-f3e3-4142-8b23-5fe7cb294cb0/elements&amp#27;[39m
&amp#27;[38;5;0m[HTTP]&amp#27;[0m &amp#27;[90m{"using":"xpath","value":"//android.widget.TextView[@text='ADD TO CART']"}&amp#27;[39m
[debug] &amp#27;[38;5;32m[AndroidUiautomator2Driver@2331 (878f5998)]&amp#27;[0m Calling AppiumDriver.findElements() with args: ["xpath","//android.widget.TextView[@text='ADD TO CART']","878f5998-f3e3-4142-8b23-5fe7cb294cb0"]
[debug] &amp#27;[38;5;32m[AndroidUiautomator2Driver@2331 (878f5998)]&amp#27;[0m Valid locator strategies for this request: xpath, id, class name, accessibility id, css selector, -android uiautomator
[debug] &amp#27;[38;5;32m[AndroidUiautomator2Driver@2331 (878f5998)]&amp#27;[0m Waiting up to 10000 ms for condition
[debug] &amp#27;[38;5;32m[AndroidUiautomator2Driver@2331 (878f5998)]&amp#27;[0m Matched '/elements' to command name 'findElements'
[debug] &amp#27;[38;5;32m[AndroidUiautomator2Driver@2331 (878f5998)]&amp#27;[0m Proxying [POST /elements] to [POST http://127.0.0.1:8200/session/a515db02-df7f-4145-a62c-d524aea530f9/elements] with body: {"strategy":"xpath","selector":"//android.widget.TextView[@text='ADD TO CART']","context":"","multiple":true}
[debug] &amp#27;[38;5;32m[AndroidUiautomator2Driver@2331 (878f5998)]&amp#27;[0m Got response with status 200: {"sessionId":"a515db02-df7f-4145-a62c-d524aea530f9","value":[{"ELEMENT":"00000000-0000-0174-ffff-ffff00000051","element-6066-11e4-a52e-4f735466cecf":"00000000-0000-0174-ffff-ffff00000051"},{"ELEMENT":"00000000-0000-0174-ffff-ffff00000059","element-6066-11e4-a52e-4f735466cecf":"00000000-0000-0174-ffff-ffff00000059"}]}
[debug] &amp#27;[38;5;32m[AndroidUiautomator2Driver@2331 (878f5998)]&amp#27;[0m Responding to client with driver.findElements() result: [{"element-6066-11e4-a52e-4f735466cecf":"00000000-0000-0174-ffff-ffff00000051","ELEMENT":"00000000-0000-0174-ffff-ffff00000051"},{"element-6066-11e4-a52e-4f735466cecf":"00000000-0000-0174-ffff-ffff00000059","ELEMENT":"00000000-0000-0174-ffff-ffff00000059"}]
&amp#27;[38;5;0m[HTTP]&amp#27;[0m &amp#27;[37m<-- POST /session/878f5998-f3e3-4142-8b23-5fe7cb294cb0/elements &amp#27;[39m&amp#27;[32m200&amp#27;[39m &amp#27;[90m1296 ms - 267&amp#27;[39m
&amp#27;[38;5;0m[HTTP]&amp#27;[0m &amp#27;[90m&amp#27;[39m
09:03:42.551 [AsyncHttpClient-1-2] DEBUG org.asynchttpclient.netty.handler.HttpHandler -- 

Request DefaultHttpRequest(decodeResult: success, version: HTTP/1.1)
POST /session/878f5998-f3e3-4142-8b23-5fe7cb294cb0/elements HTTP/1.1
User-Agent: appium/8.5.1 (selenium/4.14.0 (java windows))
Content-Length: 93
Content-Type: application/json; charset=utf-8
host: 127.0.0.1:4723
accept: */*

Response DefaultHttpResponse(decodeResult: success, version: HTTP/1.1)
HTTP/1.1 200 OK
X-Powered-By: Express
Vary: X-HTTP-Method-Override
Content-Type: application/json; charset=utf-8
Content-Length: 267
ETag: W/"10b-RaMZniuL9ypBMFWYoOdFs4VU+nc"
Date: Wed, 01 Nov 2023 09:03:42 GMT
Connection: keep-alive
Keep-Alive: timeout=600

09:03:42.552 [AsyncHttpClient-1-2] DEBUG org.asynchttpclient.netty.channel.ChannelManager -- Adding key: http://127.0.0.1:4723 for channel [id: 0x01c8cbd7, L:/127.0.0.1:50782 - R:/127.0.0.1:4723]
09:03:42.557 [Forwarding clickElement on session 878f5998-f3e3-4142-8b23-5fe7cb294cb0 to remote] DEBUG org.asynchttpclient.netty.request.NettyRequestSender -- Using pooled Channel '[id: 0x01c8cbd7, L:/127.0.0.1:50782 - R:/127.0.0.1:4723]' for 'POST' to 'http://127.0.0.1:4723/session/878f5998-f3e3-4142-8b23-5fe7cb294cb0/element/00000000-0000-0174-ffff-ffff00000051/click'
09:03:42.558 [Forwarding clickElement on session 878f5998-f3e3-4142-8b23-5fe7cb294cb0 to remote] DEBUG org.asynchttpclient.netty.request.NettyRequestSender -- Using open Channel [id: 0x01c8cbd7, L:/127.0.0.1:50782 - R:/127.0.0.1:4723] for POST '/session/878f5998-f3e3-4142-8b23-5fe7cb294cb0/element/00000000-0000-0174-ffff-ffff00000051/click'
&amp#27;[38;5;0m[HTTP]&amp#27;[0m &amp#27;[37m-->&amp#27;[39m &amp#27;[37mPOST&amp#27;[39m &amp#27;[37m/session/878f5998-f3e3-4142-8b23-5fe7cb294cb0/element/00000000-0000-0174-ffff-ffff00000051/click&amp#27;[39m
&amp#27;[38;5;0m[HTTP]&amp#27;[0m &amp#27;[90m{"id":"00000000-0000-0174-ffff-ffff00000051"}&amp#27;[39m
[debug] &amp#27;[38;5;32m[AndroidUiautomator2Driver@2331 (878f5998)]&amp#27;[0m Calling AppiumDriver.click() with args: ["00000000-0000-0174-ffff-ffff00000051","878f5998-f3e3-4142-8b23-5fe7cb294cb0"]
[debug] &amp#27;[38;5;32m[AndroidUiautomator2Driver@2331 (878f5998)]&amp#27;[0m Matched '/element/00000000-0000-0174-ffff-ffff00000051/click' to command name 'click'
[debug] &amp#27;[38;5;32m[AndroidUiautomator2Driver@2331 (878f5998)]&amp#27;[0m Proxying [POST /element/00000000-0000-0174-ffff-ffff00000051/click] to [POST http://127.0.0.1:8200/session/a515db02-df7f-4145-a62c-d524aea530f9/element/00000000-0000-0174-ffff-ffff00000051/click] with body: {"element":"00000000-0000-0174-ffff-ffff00000051"}
[debug] &amp#27;[38;5;32m[AndroidUiautomator2Driver@2331 (878f5998)]&amp#27;[0m Got response with status 200: {"sessionId":"a515db02-df7f-4145-a62c-d524aea530f9","value":null}
[debug] &amp#27;[38;5;32m[AndroidUiautomator2Driver@2331 (878f5998)]&amp#27;[0m Responding to client with driver.click() result: null
&amp#27;[38;5;0m[HTTP]&amp#27;[0m &amp#27;[37m<-- POST /session/878f5998-f3e3-4142-8b23-5fe7cb294cb0/element/00000000-0000-0174-ffff-ffff00000051/click &amp#27;[39m&amp#27;[32m200&amp#27;[39m &amp#27;[90m545 ms - 14&amp#27;[39m
&amp#27;[38;5;0m[HTTP]&amp#27;[0m &amp#27;[90m&amp#27;[39m
09:03:43.104 [AsyncHttpClient-1-2] DEBUG org.asynchttpclient.netty.handler.HttpHandler -- 

Request DefaultHttpRequest(decodeResult: success, version: HTTP/1.1)
POST /session/878f5998-f3e3-4142-8b23-5fe7cb294cb0/element/00000000-0000-0174-ffff-ffff00000051/click HTTP/1.1
User-Agent: appium/8.5.1 (selenium/4.14.0 (java windows))
Content-Length: 50
Content-Type: application/json; charset=utf-8
host: 127.0.0.1:4723
accept: */*

Response DefaultHttpResponse(decodeResult: success, version: HTTP/1.1)
HTTP/1.1 200 OK
X-Powered-By: Express
Vary: X-HTTP-Method-Override
Content-Type: application/json; charset=utf-8
Content-Length: 14
ETag: W/"e-9/1BuKMgFObM1mWJm+YjxtXJnUM"
Date: Wed, 01 Nov 2023 09:03:43 GMT
Connection: keep-alive
Keep-Alive: timeout=600

09:03:43.104 [AsyncHttpClient-1-2] DEBUG org.asynchttpclient.netty.channel.ChannelManager -- Adding key: http://127.0.0.1:4723 for channel [id: 0x01c8cbd7, L:/127.0.0.1:50782 - R:/127.0.0.1:4723]
09:03:43.106 [Forwarding getCurrentContextHandle on session 878f5998-f3e3-4142-8b23-5fe7cb294cb0 to remote] DEBUG org.asynchttpclient.netty.request.NettyRequestSender -- Using pooled Channel '[id: 0x01c8cbd7, L:/127.0.0.1:50782 - R:/127.0.0.1:4723]' for 'GET' to 'http://127.0.0.1:4723/session/878f5998-f3e3-4142-8b23-5fe7cb294cb0/context'
09:03:43.106 [Forwarding getCurrentContextHandle on session 878f5998-f3e3-4142-8b23-5fe7cb294cb0 to remote] DEBUG org.asynchttpclient.netty.request.NettyRequestSender -- Using open Channel [id: 0x01c8cbd7, L:/127.0.0.1:50782 - R:/127.0.0.1:4723] for GET '/session/878f5998-f3e3-4142-8b23-5fe7cb294cb0/context'
&amp#27;[38;5;0m[HTTP]&amp#27;[0m &amp#27;[37m-->&amp#27;[39m &amp#27;[37mGET&amp#27;[39m &amp#27;[37m/session/878f5998-f3e3-4142-8b23-5fe7cb294cb0/context&amp#27;[39m
&amp#27;[38;5;0m[HTTP]&amp#27;[0m &amp#27;[90m{}&amp#27;[39m
[debug] &amp#27;[38;5;32m[AndroidUiautomator2Driver@2331 (878f5998)]&amp#27;[0m Calling AppiumDriver.getCurrentContext() with args: ["878f5998-f3e3-4142-8b23-5fe7cb294cb0"]
[debug] &amp#27;[38;5;32m[AndroidUiautomator2Driver@2331 (878f5998)]&amp#27;[0m Responding to client with driver.getCurrentContext() result: "NATIVE_APP"
&amp#27;[38;5;0m[HTTP]&amp#27;[0m &amp#27;[37m<-- GET /session/878f5998-f3e3-4142-8b23-5fe7cb294cb0/context &amp#27;[39m&amp#27;[32m200&amp#27;[39m &amp#27;[90m1 ms - 22&amp#27;[39m
&amp#27;[38;5;0m[HTTP]&amp#27;[0m &amp#27;[90m&amp#27;[39m
09:03:43.110 [AsyncHttpClient-1-2] DEBUG org.asynchttpclient.netty.handler.HttpHandler -- 

Request DefaultFullHttpRequest(decodeResult: success, version: HTTP/1.1, content: EmptyByteBufBE)
GET /session/878f5998-f3e3-4142-8b23-5fe7cb294cb0/context HTTP/1.1
Cache-Control: no-cache
User-Agent: appium/8.5.1 (selenium/4.14.0 (java windows))
Content-Type: application/json; charset=utf-8
host: 127.0.0.1:4723
accept: */*

Response DefaultHttpResponse(decodeResult: success, version: HTTP/1.1)
HTTP/1.1 200 OK
X-Powered-By: Express
Content-Type: application/json; charset=utf-8
Content-Length: 22
ETag: W/"16-nh/61Qb9yjbegUMg89kGWIA2AIE"
Date: Wed, 01 Nov 2023 09:03:43 GMT
Connection: keep-alive
Keep-Alive: timeout=600

09:03:43.110 [AsyncHttpClient-1-2] DEBUG org.asynchttpclient.netty.channel.ChannelManager -- Adding key: http://127.0.0.1:4723 for channel [id: 0x01c8cbd7, L:/127.0.0.1:50782 - R:/127.0.0.1:4723]
09:03:43.111 [Forwarding findElements on session 878f5998-f3e3-4142-8b23-5fe7cb294cb0 to remote] DEBUG org.asynchttpclient.netty.request.NettyRequestSender -- Using pooled Channel '[id: 0x01c8cbd7, L:/127.0.0.1:50782 - R:/127.0.0.1:4723]' for 'POST' to 'http://127.0.0.1:4723/session/878f5998-f3e3-4142-8b23-5fe7cb294cb0/elements'
09:03:43.111 [Forwarding findElements on session 878f5998-f3e3-4142-8b23-5fe7cb294cb0 to remote] DEBUG org.asynchttpclient.netty.request.NettyRequestSender -- Using open Channel [id: 0x01c8cbd7, L:/127.0.0.1:50782 - R:/127.0.0.1:4723] for POST '/session/878f5998-f3e3-4142-8b23-5fe7cb294cb0/elements'
&amp#27;[38;5;0m[HTTP]&amp#27;[0m &amp#27;[37m-->&amp#27;[39m &amp#27;[37mPOST&amp#27;[39m &amp#27;[37m/session/878f5998-f3e3-4142-8b23-5fe7cb294cb0/elements&amp#27;[39m
&amp#27;[38;5;0m[HTTP]&amp#27;[0m &amp#27;[90m{"using":"xpath","value":"//android.widget.TextView[@text='ADD TO CART']"}&amp#27;[39m
[debug] &amp#27;[38;5;32m[AndroidUiautomator2Driver@2331 (878f5998)]&amp#27;[0m Calling AppiumDriver.findElements() with args: ["xpath","//android.widget.TextView[@text='ADD TO CART']","878f5998-f3e3-4142-8b23-5fe7cb294cb0"]
[debug] &amp#27;[38;5;32m[AndroidUiautomator2Driver@2331 (878f5998)]&amp#27;[0m Valid locator strategies for this request: xpath, id, class name, accessibility id, css selector, -android uiautomator
[debug] &amp#27;[38;5;32m[AndroidUiautomator2Driver@2331 (878f5998)]&amp#27;[0m Waiting up to 10000 ms for condition
[debug] &amp#27;[38;5;32m[AndroidUiautomator2Driver@2331 (878f5998)]&amp#27;[0m Matched '/elements' to command name 'findElements'
[debug] &amp#27;[38;5;32m[AndroidUiautomator2Driver@2331 (878f5998)]&amp#27;[0m Proxying [POST /elements] to [POST http://127.0.0.1:8200/session/a515db02-df7f-4145-a62c-d524aea530f9/elements] with body: {"strategy":"xpath","selector":"//android.widget.TextView[@text='ADD TO CART']","context":"","multiple":true}
[debug] &amp#27;[38;5;32m[AndroidUiautomator2Driver@2331 (878f5998)]&amp#27;[0m Got response with status 200: {"sessionId":"a515db02-df7f-4145-a62c-d524aea530f9","value":[{"ELEMENT":"00000000-0000-0174-ffff-ffff00000059","element-6066-11e4-a52e-4f735466cecf":"00000000-0000-0174-ffff-ffff00000059"}]}
[debug] &amp#27;[38;5;32m[AndroidUiautomator2Driver@2331 (878f5998)]&amp#27;[0m Responding to client with driver.findElements() result: [{"element-6066-11e4-a52e-4f735466cecf":"00000000-0000-0174-ffff-ffff00000059","ELEMENT":"00000000-0000-0174-ffff-ffff00000059"}]
&amp#27;[38;5;0m[HTTP]&amp#27;[0m &amp#27;[37m<-- POST /session/878f5998-f3e3-4142-8b23-5fe7cb294cb0/elements &amp#27;[39m&amp#27;[32m200&amp#27;[39m &amp#27;[90m66 ms - 139&amp#27;[39m
&amp#27;[38;5;0m[HTTP]&amp#27;[0m &amp#27;[90m&amp#27;[39m
09:03:43.178 [AsyncHttpClient-1-2] DEBUG org.asynchttpclient.netty.handler.HttpHandler -- 

Request DefaultHttpRequest(decodeResult: success, version: HTTP/1.1)
POST /session/878f5998-f3e3-4142-8b23-5fe7cb294cb0/elements HTTP/1.1
User-Agent: appium/8.5.1 (selenium/4.14.0 (java windows))
Content-Length: 93
Content-Type: application/json; charset=utf-8
host: 127.0.0.1:4723
accept: */*

Response DefaultHttpResponse(decodeResult: success, version: HTTP/1.1)
HTTP/1.1 200 OK
X-Powered-By: Express
Vary: X-HTTP-Method-Override
Content-Type: application/json; charset=utf-8
Content-Length: 139
ETag: W/"8b-sQIeFlF5UV8lZ+LFa6eQyfS4Hjk"
Date: Wed, 01 Nov 2023 09:03:43 GMT
Connection: keep-alive
Keep-Alive: timeout=600

09:03:43.178 [AsyncHttpClient-1-2] DEBUG org.asynchttpclient.netty.channel.ChannelManager -- Adding key: http://127.0.0.1:4723 for channel [id: 0x01c8cbd7, L:/127.0.0.1:50782 - R:/127.0.0.1:4723]
09:03:43.180 [Forwarding clickElement on session 878f5998-f3e3-4142-8b23-5fe7cb294cb0 to remote] DEBUG org.asynchttpclient.netty.request.NettyRequestSender -- Using pooled Channel '[id: 0x01c8cbd7, L:/127.0.0.1:50782 - R:/127.0.0.1:4723]' for 'POST' to 'http://127.0.0.1:4723/session/878f5998-f3e3-4142-8b23-5fe7cb294cb0/element/00000000-0000-0174-ffff-ffff00000059/click'
09:03:43.180 [Forwarding clickElement on session 878f5998-f3e3-4142-8b23-5fe7cb294cb0 to remote] DEBUG org.asynchttpclient.netty.request.NettyRequestSender -- Using open Channel [id: 0x01c8cbd7, L:/127.0.0.1:50782 - R:/127.0.0.1:4723] for POST '/session/878f5998-f3e3-4142-8b23-5fe7cb294cb0/element/00000000-0000-0174-ffff-ffff00000059/click'
&amp#27;[38;5;0m[HTTP]&amp#27;[0m &amp#27;[37m-->&amp#27;[39m &amp#27;[37mPOST&amp#27;[39m &amp#27;[37m/session/878f5998-f3e3-4142-8b23-5fe7cb294cb0/element/00000000-0000-0174-ffff-ffff00000059/click&amp#27;[39m
&amp#27;[38;5;0m[HTTP]&amp#27;[0m &amp#27;[90m{"id":"00000000-0000-0174-ffff-ffff00000059"}&amp#27;[39m
[debug] &amp#27;[38;5;32m[AndroidUiautomator2Driver@2331 (878f5998)]&amp#27;[0m Calling AppiumDriver.click() with args: ["00000000-0000-0174-ffff-ffff00000059","878f5998-f3e3-4142-8b23-5fe7cb294cb0"]
[debug] &amp#27;[38;5;32m[AndroidUiautomator2Driver@2331 (878f5998)]&amp#27;[0m Matched '/element/00000000-0000-0174-ffff-ffff00000059/click' to command name 'click'
[debug] &amp#27;[38;5;32m[AndroidUiautomator2Driver@2331 (878f5998)]&amp#27;[0m Proxying [POST /element/00000000-0000-0174-ffff-ffff00000059/click] to [POST http://127.0.0.1:8200/session/a515db02-df7f-4145-a62c-d524aea530f9/element/00000000-0000-0174-ffff-ffff00000059/click] with body: {"element":"00000000-0000-0174-ffff-ffff00000059"}
[debug] &amp#27;[38;5;32m[AndroidUiautomator2Driver@2331 (878f5998)]&amp#27;[0m Got response with status 200: {"sessionId":"a515db02-df7f-4145-a62c-d524aea530f9","value":null}
[debug] &amp#27;[38;5;32m[AndroidUiautomator2Driver@2331 (878f5998)]&amp#27;[0m Responding to client with driver.click() result: null
&amp#27;[38;5;0m[HTTP]&amp#27;[0m &amp#27;[37m<-- POST /session/878f5998-f3e3-4142-8b23-5fe7cb294cb0/element/00000000-0000-0174-ffff-ffff00000059/click &amp#27;[39m&amp#27;[32m200&amp#27;[39m &amp#27;[90m39 ms - 14&amp#27;[39m
&amp#27;[38;5;0m[HTTP]&amp#27;[0m &amp#27;[90m&amp#27;[39m
09:03:43.220 [AsyncHttpClient-1-2] DEBUG org.asynchttpclient.netty.handler.HttpHandler -- 

Request DefaultHttpRequest(decodeResult: success, version: HTTP/1.1)
POST /session/878f5998-f3e3-4142-8b23-5fe7cb294cb0/element/00000000-0000-0174-ffff-ffff00000059/click HTTP/1.1
User-Agent: appium/8.5.1 (selenium/4.14.0 (java windows))
Content-Length: 50
Content-Type: application/json; charset=utf-8
host: 127.0.0.1:4723
accept: */*

Response DefaultHttpResponse(decodeResult: success, version: HTTP/1.1)
HTTP/1.1 200 OK
X-Powered-By: Express
Vary: X-HTTP-Method-Override
Content-Type: application/json; charset=utf-8
Content-Length: 14
ETag: W/"e-9/1BuKMgFObM1mWJm+YjxtXJnUM"
Date: Wed, 01 Nov 2023 09:03:43 GMT
Connection: keep-alive
Keep-Alive: timeout=600

09:03:43.220 [AsyncHttpClient-1-2] DEBUG org.asynchttpclient.netty.channel.ChannelManager -- Adding key: http://127.0.0.1:4723 for channel [id: 0x01c8cbd7, L:/127.0.0.1:50782 - R:/127.0.0.1:4723]
09:03:43.221 [Forwarding getCurrentContextHandle on session 878f5998-f3e3-4142-8b23-5fe7cb294cb0 to remote] DEBUG org.asynchttpclient.netty.request.NettyRequestSender -- Using pooled Channel '[id: 0x01c8cbd7, L:/127.0.0.1:50782 - R:/127.0.0.1:4723]' for 'GET' to 'http://127.0.0.1:4723/session/878f5998-f3e3-4142-8b23-5fe7cb294cb0/context'
09:03:43.221 [Forwarding getCurrentContextHandle on session 878f5998-f3e3-4142-8b23-5fe7cb294cb0 to remote] DEBUG org.asynchttpclient.netty.request.NettyRequestSender -- Using open Channel [id: 0x01c8cbd7, L:/127.0.0.1:50782 - R:/127.0.0.1:4723] for GET '/session/878f5998-f3e3-4142-8b23-5fe7cb294cb0/context'
&amp#27;[38;5;0m[HTTP]&amp#27;[0m &amp#27;[37m-->&amp#27;[39m &amp#27;[37mGET&amp#27;[39m &amp#27;[37m/session/878f5998-f3e3-4142-8b23-5fe7cb294cb0/context&amp#27;[39m
&amp#27;[38;5;0m[HTTP]&amp#27;[0m &amp#27;[90m{}&amp#27;[39m
[debug] &amp#27;[38;5;32m[AndroidUiautomator2Driver@2331 (878f5998)]&amp#27;[0m Calling AppiumDriver.getCurrentContext() with args: ["878f5998-f3e3-4142-8b23-5fe7cb294cb0"]
[debug] &amp#27;[38;5;32m[AndroidUiautomator2Driver@2331 (878f5998)]&amp#27;[0m Responding to client with driver.getCurrentContext() result: "NATIVE_APP"
&amp#27;[38;5;0m[HTTP]&amp#27;[0m &amp#27;[37m<-- GET /session/878f5998-f3e3-4142-8b23-5fe7cb294cb0/context &amp#27;[39m&amp#27;[32m200&amp#27;[39m &amp#27;[90m1 ms - 22&amp#27;[39m
&amp#27;[38;5;0m[HTTP]&amp#27;[0m &amp#27;[90m&amp#27;[39m
09:03:43.224 [AsyncHttpClient-1-2] DEBUG org.asynchttpclient.netty.handler.HttpHandler -- 

Request DefaultFullHttpRequest(decodeResult: success, version: HTTP/1.1, content: EmptyByteBufBE)
GET /session/878f5998-f3e3-4142-8b23-5fe7cb294cb0/context HTTP/1.1
Cache-Control: no-cache
User-Agent: appium/8.5.1 (selenium/4.14.0 (java windows))
Content-Type: application/json; charset=utf-8
host: 127.0.0.1:4723
accept: */*

Response DefaultHttpResponse(decodeResult: success, version: HTTP/1.1)
HTTP/1.1 200 OK
X-Powered-By: Express
Content-Type: application/json; charset=utf-8
Content-Length: 22
ETag: W/"16-nh/61Qb9yjbegUMg89kGWIA2AIE"
Date: Wed, 01 Nov 2023 09:03:43 GMT
Connection: keep-alive
Keep-Alive: timeout=600

09:03:43.224 [AsyncHttpClient-1-2] DEBUG org.asynchttpclient.netty.channel.ChannelManager -- Adding key: http://127.0.0.1:4723 for channel [id: 0x01c8cbd7, L:/127.0.0.1:50782 - R:/127.0.0.1:4723]
09:03:43.225 [Forwarding findElement on session 878f5998-f3e3-4142-8b23-5fe7cb294cb0 to remote] DEBUG org.asynchttpclient.netty.request.NettyRequestSender -- Using pooled Channel '[id: 0x01c8cbd7, L:/127.0.0.1:50782 - R:/127.0.0.1:4723]' for 'POST' to 'http://127.0.0.1:4723/session/878f5998-f3e3-4142-8b23-5fe7cb294cb0/element'
09:03:43.225 [Forwarding findElement on session 878f5998-f3e3-4142-8b23-5fe7cb294cb0 to remote] DEBUG org.asynchttpclient.netty.request.NettyRequestSender -- Using open Channel [id: 0x01c8cbd7, L:/127.0.0.1:50782 - R:/127.0.0.1:4723] for POST '/session/878f5998-f3e3-4142-8b23-5fe7cb294cb0/element'
&amp#27;[38;5;0m[HTTP]&amp#27;[0m &amp#27;[37m-->&amp#27;[39m &amp#27;[37mPOST&amp#27;[39m &amp#27;[37m/session/878f5998-f3e3-4142-8b23-5fe7cb294cb0/element&amp#27;[39m
&amp#27;[38;5;0m[HTTP]&amp#27;[0m &amp#27;[90m{"using":"id","value":"com.androidsample.generalstore:id/appbar_btn_cart"}&amp#27;[39m
[debug] &amp#27;[38;5;32m[AndroidUiautomator2Driver@2331 (878f5998)]&amp#27;[0m Calling AppiumDriver.findElement() with args: ["id","com.androidsample.generalstore:id/appbar_btn_cart","878f5998-f3e3-4142-8b23-5fe7cb294cb0"]
[debug] &amp#27;[38;5;32m[AndroidUiautomator2Driver@2331 (878f5998)]&amp#27;[0m Valid locator strategies for this request: xpath, id, class name, accessibility id, css selector, -android uiautomator
[debug] &amp#27;[38;5;32m[AndroidUiautomator2Driver@2331 (878f5998)]&amp#27;[0m Waiting up to 10000 ms for condition
[debug] &amp#27;[38;5;32m[AndroidUiautomator2Driver@2331 (878f5998)]&amp#27;[0m Matched '/element' to command name 'findElement'
[debug] &amp#27;[38;5;32m[AndroidUiautomator2Driver@2331 (878f5998)]&amp#27;[0m Proxying [POST /element] to [POST http://127.0.0.1:8200/session/a515db02-df7f-4145-a62c-d524aea530f9/element] with body: {"strategy":"id","selector":"com.androidsample.generalstore:id/appbar_btn_cart","context":"","multiple":false}
[debug] &amp#27;[38;5;32m[AndroidUiautomator2Driver@2331 (878f5998)]&amp#27;[0m Got response with status 200: {"sessionId":"a515db02-df7f-4145-a62c-d524aea530f9","value":{"ELEMENT":"00000000-0000-0174-ffff-ffff00000044","element-6066-11e4-a52e-4f735466cecf":"00000000-0000-0174-ffff-ffff00000044"}}
[debug] &amp#27;[38;5;32m[AndroidUiautomator2Driver@2331 (878f5998)]&amp#27;[0m Responding to client with driver.findElement() result: {"element-6066-11e4-a52e-4f735466cecf":"00000000-0000-0174-ffff-ffff00000044","ELEMENT":"00000000-0000-0174-ffff-ffff00000044"}
&amp#27;[38;5;0m[HTTP]&amp#27;[0m &amp#27;[37m<-- POST /session/878f5998-f3e3-4142-8b23-5fe7cb294cb0/element &amp#27;[39m&amp#27;[32m200&amp#27;[39m &amp#27;[90m491 ms - 137&amp#27;[39m
&amp#27;[38;5;0m[HTTP]&amp#27;[0m &amp#27;[90m&amp#27;[39m
09:03:43.719 [AsyncHttpClient-1-2] DEBUG org.asynchttpclient.netty.handler.HttpHandler -- 

Request DefaultHttpRequest(decodeResult: success, version: HTTP/1.1)
POST /session/878f5998-f3e3-4142-8b23-5fe7cb294cb0/element HTTP/1.1
User-Agent: appium/8.5.1 (selenium/4.14.0 (java windows))
Content-Length: 88
Content-Type: application/json; charset=utf-8
host: 127.0.0.1:4723
accept: */*

Response DefaultHttpResponse(decodeResult: success, version: HTTP/1.1)
HTTP/1.1 200 OK
X-Powered-By: Express
Vary: X-HTTP-Method-Override
Content-Type: application/json; charset=utf-8
Content-Length: 137
ETag: W/"89-ZYxLWkMYF0fajFU9I9XufZKzWXw"
Date: Wed, 01 Nov 2023 09:03:43 GMT
Connection: keep-alive
Keep-Alive: timeout=600

09:03:43.719 [AsyncHttpClient-1-2] DEBUG org.asynchttpclient.netty.channel.ChannelManager -- Adding key: http://127.0.0.1:4723 for channel [id: 0x01c8cbd7, L:/127.0.0.1:50782 - R:/127.0.0.1:4723]
09:03:43.720 [Forwarding clickElement on session 878f5998-f3e3-4142-8b23-5fe7cb294cb0 to remote] DEBUG org.asynchttpclient.netty.request.NettyRequestSender -- Using pooled Channel '[id: 0x01c8cbd7, L:/127.0.0.1:50782 - R:/127.0.0.1:4723]' for 'POST' to 'http://127.0.0.1:4723/session/878f5998-f3e3-4142-8b23-5fe7cb294cb0/element/00000000-0000-0174-ffff-ffff00000044/click'
09:03:43.720 [Forwarding clickElement on session 878f5998-f3e3-4142-8b23-5fe7cb294cb0 to remote] DEBUG org.asynchttpclient.netty.request.NettyRequestSender -- Using open Channel [id: 0x01c8cbd7, L:/127.0.0.1:50782 - R:/127.0.0.1:4723] for POST '/session/878f5998-f3e3-4142-8b23-5fe7cb294cb0/element/00000000-0000-0174-ffff-ffff00000044/click'
&amp#27;[38;5;0m[HTTP]&amp#27;[0m &amp#27;[37m-->&amp#27;[39m &amp#27;[37mPOST&amp#27;[39m &amp#27;[37m/session/878f5998-f3e3-4142-8b23-5fe7cb294cb0/element/00000000-0000-0174-ffff-ffff00000044/click&amp#27;[39m
&amp#27;[38;5;0m[HTTP]&amp#27;[0m &amp#27;[90m{"id":"00000000-0000-0174-ffff-ffff00000044"}&amp#27;[39m
[debug] &amp#27;[38;5;32m[AndroidUiautomator2Driver@2331 (878f5998)]&amp#27;[0m Calling AppiumDriver.click() with args: ["00000000-0000-0174-ffff-ffff00000044","878f5998-f3e3-4142-8b23-5fe7cb294cb0"]
[debug] &amp#27;[38;5;32m[AndroidUiautomator2Driver@2331 (878f5998)]&amp#27;[0m Matched '/element/00000000-0000-0174-ffff-ffff00000044/click' to command name 'click'
[debug] &amp#27;[38;5;32m[AndroidUiautomator2Driver@2331 (878f5998)]&amp#27;[0m Proxying [POST /element/00000000-0000-0174-ffff-ffff00000044/click] to [POST http://127.0.0.1:8200/session/a515db02-df7f-4145-a62c-d524aea530f9/element/00000000-0000-0174-ffff-ffff00000044/click] with body: {"element":"00000000-0000-0174-ffff-ffff00000044"}
[debug] &amp#27;[38;5;32m[AndroidUiautomator2Driver@2331 (878f5998)]&amp#27;[0m Got response with status 200: {"sessionId":"a515db02-df7f-4145-a62c-d524aea530f9","value":null}
[debug] &amp#27;[38;5;32m[AndroidUiautomator2Driver@2331 (878f5998)]&amp#27;[0m Responding to client with driver.click() result: null
&amp#27;[38;5;0m[HTTP]&amp#27;[0m &amp#27;[37m<-- POST /session/878f5998-f3e3-4142-8b23-5fe7cb294cb0/element/00000000-0000-0174-ffff-ffff00000044/click &amp#27;[39m&amp#27;[32m200&amp#27;[39m &amp#27;[90m52 ms - 14&amp#27;[39m
&amp#27;[38;5;0m[HTTP]&amp#27;[0m &amp#27;[90m&amp#27;[39m
09:03:43.773 [AsyncHttpClient-1-2] DEBUG org.asynchttpclient.netty.handler.HttpHandler -- 

Request DefaultHttpRequest(decodeResult: success, version: HTTP/1.1)
POST /session/878f5998-f3e3-4142-8b23-5fe7cb294cb0/element/00000000-0000-0174-ffff-ffff00000044/click HTTP/1.1
User-Agent: appium/8.5.1 (selenium/4.14.0 (java windows))
Content-Length: 50
Content-Type: application/json; charset=utf-8
host: 127.0.0.1:4723
accept: */*

Response DefaultHttpResponse(decodeResult: success, version: HTTP/1.1)
HTTP/1.1 200 OK
X-Powered-By: Express
Vary: X-HTTP-Method-Override
Content-Type: application/json; charset=utf-8
Content-Length: 14
ETag: W/"e-9/1BuKMgFObM1mWJm+YjxtXJnUM"
Date: Wed, 01 Nov 2023 09:03:43 GMT
Connection: keep-alive
Keep-Alive: timeout=600

09:03:43.774 [AsyncHttpClient-1-2] DEBUG org.asynchttpclient.netty.channel.ChannelManager -- Adding key: http://127.0.0.1:4723 for channel [id: 0x01c8cbd7, L:/127.0.0.1:50782 - R:/127.0.0.1:4723]
09:03:43.981 [Forwarding getCurrentContextHandle on session 878f5998-f3e3-4142-8b23-5fe7cb294cb0 to remote] DEBUG org.asynchttpclient.netty.request.NettyRequestSender -- Using pooled Channel '[id: 0x01c8cbd7, L:/127.0.0.1:50782 - R:/127.0.0.1:4723]' for 'GET' to 'http://127.0.0.1:4723/session/878f5998-f3e3-4142-8b23-5fe7cb294cb0/context'
09:03:43.981 [Forwarding getCurrentContextHandle on session 878f5998-f3e3-4142-8b23-5fe7cb294cb0 to remote] DEBUG org.asynchttpclient.netty.request.NettyRequestSender -- Using open Channel [id: 0x01c8cbd7, L:/127.0.0.1:50782 - R:/127.0.0.1:4723] for GET '/session/878f5998-f3e3-4142-8b23-5fe7cb294cb0/context'
&amp#27;[38;5;0m[HTTP]&amp#27;[0m &amp#27;[37m-->&amp#27;[39m &amp#27;[37mGET&amp#27;[39m &amp#27;[37m/session/878f5998-f3e3-4142-8b23-5fe7cb294cb0/context&amp#27;[39m
&amp#27;[38;5;0m[HTTP]&amp#27;[0m &amp#27;[90m{}&amp#27;[39m
[debug] &amp#27;[38;5;32m[AndroidUiautomator2Driver@2331 (878f5998)]&amp#27;[0m Calling AppiumDriver.getCurrentContext() with args: ["878f5998-f3e3-4142-8b23-5fe7cb294cb0"]
[debug] &amp#27;[38;5;32m[AndroidUiautomator2Driver@2331 (878f5998)]&amp#27;[0m Responding to client with driver.getCurrentContext() result: "NATIVE_APP"
&amp#27;[38;5;0m[HTTP]&amp#27;[0m &amp#27;[37m<-- GET /session/878f5998-f3e3-4142-8b23-5fe7cb294cb0/context &amp#27;[39m&amp#27;[32m200&amp#27;[39m &amp#27;[90m1 ms - 22&amp#27;[39m
&amp#27;[38;5;0m[HTTP]&amp#27;[0m &amp#27;[90m&amp#27;[39m
09:03:43.984 [AsyncHttpClient-1-2] DEBUG org.asynchttpclient.netty.handler.HttpHandler -- 

Request DefaultFullHttpRequest(decodeResult: success, version: HTTP/1.1, content: EmptyByteBufBE)
GET /session/878f5998-f3e3-4142-8b23-5fe7cb294cb0/context HTTP/1.1
Cache-Control: no-cache
User-Agent: appium/8.5.1 (selenium/4.14.0 (java windows))
Content-Type: application/json; charset=utf-8
host: 127.0.0.1:4723
accept: */*

Response DefaultHttpResponse(decodeResult: success, version: HTTP/1.1)
HTTP/1.1 200 OK
X-Powered-By: Express
Content-Type: application/json; charset=utf-8
Content-Length: 22
ETag: W/"16-nh/61Qb9yjbegUMg89kGWIA2AIE"
Date: Wed, 01 Nov 2023 09:03:43 GMT
Connection: keep-alive
Keep-Alive: timeout=600

09:03:43.984 [AsyncHttpClient-1-2] DEBUG org.asynchttpclient.netty.channel.ChannelManager -- Adding key: http://127.0.0.1:4723 for channel [id: 0x01c8cbd7, L:/127.0.0.1:50782 - R:/127.0.0.1:4723]
09:03:43.986 [Forwarding findElements on session 878f5998-f3e3-4142-8b23-5fe7cb294cb0 to remote] DEBUG org.asynchttpclient.netty.request.NettyRequestSender -- Using pooled Channel '[id: 0x01c8cbd7, L:/127.0.0.1:50782 - R:/127.0.0.1:4723]' for 'POST' to 'http://127.0.0.1:4723/session/878f5998-f3e3-4142-8b23-5fe7cb294cb0/elements'
09:03:43.986 [Forwarding findElements on session 878f5998-f3e3-4142-8b23-5fe7cb294cb0 to remote] DEBUG org.asynchttpclient.netty.request.NettyRequestSender -- Using open Channel [id: 0x01c8cbd7, L:/127.0.0.1:50782 - R:/127.0.0.1:4723] for POST '/session/878f5998-f3e3-4142-8b23-5fe7cb294cb0/elements'
&amp#27;[38;5;0m[HTTP]&amp#27;[0m &amp#27;[37m-->&amp#27;[39m &amp#27;[37mPOST&amp#27;[39m &amp#27;[37m/session/878f5998-f3e3-4142-8b23-5fe7cb294cb0/elements&amp#27;[39m
&amp#27;[38;5;0m[HTTP]&amp#27;[0m &amp#27;[90m{"using":"id","value":"com.androidsample.generalstore:id/productPrice"}&amp#27;[39m
[debug] &amp#27;[38;5;32m[AndroidUiautomator2Driver@2331 (878f5998)]&amp#27;[0m Calling AppiumDriver.findElements() with args: ["id","com.androidsample.generalstore:id/productPrice","878f5998-f3e3-4142-8b23-5fe7cb294cb0"]
[debug] &amp#27;[38;5;32m[AndroidUiautomator2Driver@2331 (878f5998)]&amp#27;[0m Valid locator strategies for this request: xpath, id, class name, accessibility id, css selector, -android uiautomator
[debug] &amp#27;[38;5;32m[AndroidUiautomator2Driver@2331 (878f5998)]&amp#27;[0m Waiting up to 10000 ms for condition
[debug] &amp#27;[38;5;32m[AndroidUiautomator2Driver@2331 (878f5998)]&amp#27;[0m Matched '/elements' to command name 'findElements'
[debug] &amp#27;[38;5;32m[AndroidUiautomator2Driver@2331 (878f5998)]&amp#27;[0m Proxying [POST /elements] to [POST http://127.0.0.1:8200/session/a515db02-df7f-4145-a62c-d524aea530f9/elements] with body: {"strategy":"id","selector":"com.androidsample.generalstore:id/productPrice","context":"","multiple":true}
[debug] &amp#27;[38;5;32m[AndroidUiautomator2Driver@2331 (878f5998)]&amp#27;[0m Got response with status 200: {"sessionId":"a515db02-df7f-4145-a62c-d524aea530f9","value":[{"ELEMENT":"00000000-0000-0175-ffff-ffff00000086","element-6066-11e4-a52e-4f735466cecf":"00000000-0000-0175-ffff-ffff00000086"},{"ELEMENT":"00000000-0000-0175-ffff-ffff0000008e","element-6066-11e4-a52e-4f735466cecf":"00000000-0000-0175-ffff-ffff0000008e"}]}
[debug] &amp#27;[38;5;32m[AndroidUiautomator2Driver@2331 (878f5998)]&amp#27;[0m Responding to client with driver.findElements() result: [{"element-6066-11e4-a52e-4f735466cecf":"00000000-0000-0175-ffff-ffff00000086","ELEMENT":"00000000-0000-0175-ffff-ffff00000086"},{"element-6066-11e4-a52e-4f735466cecf":"00000000-0000-0175-ffff-ffff0000008e","ELEMENT":"00000000-0000-0175-ffff-ffff0000008e"}]
&amp#27;[38;5;0m[HTTP]&amp#27;[0m &amp#27;[37m<-- POST /session/878f5998-f3e3-4142-8b23-5fe7cb294cb0/elements &amp#27;[39m&amp#27;[32m200&amp#27;[39m &amp#27;[90m1062 ms - 267&amp#27;[39m
&amp#27;[38;5;0m[HTTP]&amp#27;[0m &amp#27;[90m&amp#27;[39m
09:03:45.051 [AsyncHttpClient-1-2] DEBUG org.asynchttpclient.netty.handler.HttpHandler -- 

Request DefaultHttpRequest(decodeResult: success, version: HTTP/1.1)
POST /session/878f5998-f3e3-4142-8b23-5fe7cb294cb0/elements HTTP/1.1
User-Agent: appium/8.5.1 (selenium/4.14.0 (java windows))
Content-Length: 85
Content-Type: application/json; charset=utf-8
host: 127.0.0.1:4723
accept: */*

Response DefaultHttpResponse(decodeResult: success, version: HTTP/1.1)
HTTP/1.1 200 OK
X-Powered-By: Express
Vary: X-HTTP-Method-Override
Content-Type: application/json; charset=utf-8
Content-Length: 267
ETag: W/"10b-S0hpIqB3RT+PAB74ewXKv8If5fo"
Date: Wed, 01 Nov 2023 09:03:45 GMT
Connection: keep-alive
Keep-Alive: timeout=600

09:03:45.051 [AsyncHttpClient-1-2] DEBUG org.asynchttpclient.netty.channel.ChannelManager -- Adding key: http://127.0.0.1:4723 for channel [id: 0x01c8cbd7, L:/127.0.0.1:50782 - R:/127.0.0.1:4723]
09:03:45.052 [Forwarding getCurrentContextHandle on session 878f5998-f3e3-4142-8b23-5fe7cb294cb0 to remote] DEBUG org.asynchttpclient.netty.request.NettyRequestSender -- Using pooled Channel '[id: 0x01c8cbd7, L:/127.0.0.1:50782 - R:/127.0.0.1:4723]' for 'GET' to 'http://127.0.0.1:4723/session/878f5998-f3e3-4142-8b23-5fe7cb294cb0/context'
09:03:45.053 [Forwarding getCurrentContextHandle on session 878f5998-f3e3-4142-8b23-5fe7cb294cb0 to remote] DEBUG org.asynchttpclient.netty.request.NettyRequestSender -- Using open Channel [id: 0x01c8cbd7, L:/127.0.0.1:50782 - R:/127.0.0.1:4723] for GET '/session/878f5998-f3e3-4142-8b23-5fe7cb294cb0/context'
&amp#27;[38;5;0m[HTTP]&amp#27;[0m &amp#27;[37m-->&amp#27;[39m &amp#27;[37mGET&amp#27;[39m &amp#27;[37m/session/878f5998-f3e3-4142-8b23-5fe7cb294cb0/context&amp#27;[39m
&amp#27;[38;5;0m[HTTP]&amp#27;[0m &amp#27;[90m{}&amp#27;[39m
[debug] &amp#27;[38;5;32m[AndroidUiautomator2Driver@2331 (878f5998)]&amp#27;[0m Calling AppiumDriver.getCurrentContext() with args: ["878f5998-f3e3-4142-8b23-5fe7cb294cb0"]
[debug] &amp#27;[38;5;32m[AndroidUiautomator2Driver@2331 (878f5998)]&amp#27;[0m Responding to client with driver.getCurrentContext() result: "NATIVE_APP"
&amp#27;[38;5;0m[HTTP]&amp#27;[0m &amp#27;[37m<-- GET /session/878f5998-f3e3-4142-8b23-5fe7cb294cb0/context &amp#27;[39m&amp#27;[32m200&amp#27;[39m &amp#27;[90m1 ms - 22&amp#27;[39m
&amp#27;[38;5;0m[HTTP]&amp#27;[0m &amp#27;[90m&amp#27;[39m
09:03:45.054 [AsyncHttpClient-1-2] DEBUG org.asynchttpclient.netty.handler.HttpHandler -- 

Request DefaultFullHttpRequest(decodeResult: success, version: HTTP/1.1, content: EmptyByteBufBE)
GET /session/878f5998-f3e3-4142-8b23-5fe7cb294cb0/context HTTP/1.1
Cache-Control: no-cache
User-Agent: appium/8.5.1 (selenium/4.14.0 (java windows))
Content-Type: application/json; charset=utf-8
host: 127.0.0.1:4723
accept: */*

Response DefaultHttpResponse(decodeResult: success, version: HTTP/1.1)
HTTP/1.1 200 OK
X-Powered-By: Express
Content-Type: application/json; charset=utf-8
Content-Length: 22
ETag: W/"16-nh/61Qb9yjbegUMg89kGWIA2AIE"
Date: Wed, 01 Nov 2023 09:03:45 GMT
Connection: keep-alive
Keep-Alive: timeout=600

09:03:45.054 [AsyncHttpClient-1-2] DEBUG org.asynchttpclient.netty.channel.ChannelManager -- Adding key: http://127.0.0.1:4723 for channel [id: 0x01c8cbd7, L:/127.0.0.1:50782 - R:/127.0.0.1:4723]
09:03:45.055 [Forwarding findElements on session 878f5998-f3e3-4142-8b23-5fe7cb294cb0 to remote] DEBUG org.asynchttpclient.netty.request.NettyRequestSender -- Using pooled Channel '[id: 0x01c8cbd7, L:/127.0.0.1:50782 - R:/127.0.0.1:4723]' for 'POST' to 'http://127.0.0.1:4723/session/878f5998-f3e3-4142-8b23-5fe7cb294cb0/elements'
09:03:45.055 [Forwarding findElements on session 878f5998-f3e3-4142-8b23-5fe7cb294cb0 to remote] DEBUG org.asynchttpclient.netty.request.NettyRequestSender -- Using open Channel [id: 0x01c8cbd7, L:/127.0.0.1:50782 - R:/127.0.0.1:4723] for POST '/session/878f5998-f3e3-4142-8b23-5fe7cb294cb0/elements'
&amp#27;[38;5;0m[HTTP]&amp#27;[0m &amp#27;[37m-->&amp#27;[39m &amp#27;[37mPOST&amp#27;[39m &amp#27;[37m/session/878f5998-f3e3-4142-8b23-5fe7cb294cb0/elements&amp#27;[39m
&amp#27;[38;5;0m[HTTP]&amp#27;[0m &amp#27;[90m{"using":"id","value":"com.androidsample.generalstore:id/productPrice"}&amp#27;[39m
[debug] &amp#27;[38;5;32m[AndroidUiautomator2Driver@2331 (878f5998)]&amp#27;[0m Calling AppiumDriver.findElements() with args: ["id","com.androidsample.generalstore:id/productPrice","878f5998-f3e3-4142-8b23-5fe7cb294cb0"]
[debug] &amp#27;[38;5;32m[AndroidUiautomator2Driver@2331 (878f5998)]&amp#27;[0m Valid locator strategies for this request: xpath, id, class name, accessibility id, css selector, -android uiautomator
[debug] &amp#27;[38;5;32m[AndroidUiautomator2Driver@2331 (878f5998)]&amp#27;[0m Waiting up to 10000 ms for condition
[debug] &amp#27;[38;5;32m[AndroidUiautomator2Driver@2331 (878f5998)]&amp#27;[0m Matched '/elements' to command name 'findElements'
[debug] &amp#27;[38;5;32m[AndroidUiautomator2Driver@2331 (878f5998)]&amp#27;[0m Proxying [POST /elements] to [POST http://127.0.0.1:8200/session/a515db02-df7f-4145-a62c-d524aea530f9/elements] with body: {"strategy":"id","selector":"com.androidsample.generalstore:id/productPrice","context":"","multiple":true}
[debug] &amp#27;[38;5;32m[AndroidUiautomator2Driver@2331 (878f5998)]&amp#27;[0m Got response with status 200: {"sessionId":"a515db02-df7f-4145-a62c-d524aea530f9","value":[{"ELEMENT":"00000000-0000-0175-ffff-ffff00000086","element-6066-11e4-a52e-4f735466cecf":"00000000-0000-0175-ffff-ffff00000086"},{"ELEMENT":"00000000-0000-0175-ffff-ffff0000008e","element-6066-11e4-a52e-4f735466cecf":"00000000-0000-0175-ffff-ffff0000008e"}]}
[debug] &amp#27;[38;5;32m[AndroidUiautomator2Driver@2331 (878f5998)]&amp#27;[0m Responding to client with driver.findElements() result: [{"element-6066-11e4-a52e-4f735466cecf":"00000000-0000-0175-ffff-ffff00000086","ELEMENT":"00000000-0000-0175-ffff-ffff00000086"},{"element-6066-11e4-a52e-4f735466cecf":"00000000-0000-0175-ffff-ffff0000008e","ELEMENT":"00000000-0000-0175-ffff-ffff0000008e"}]
&amp#27;[38;5;0m[HTTP]&amp#27;[0m &amp#27;[37m<-- POST /session/878f5998-f3e3-4142-8b23-5fe7cb294cb0/elements &amp#27;[39m&amp#27;[32m200&amp#27;[39m &amp#27;[90m36 ms - 267&amp#27;[39m
&amp#27;[38;5;0m[HTTP]&amp#27;[0m &amp#27;[90m&amp#27;[39m
09:03:45.092 [AsyncHttpClient-1-2] DEBUG org.asynchttpclient.netty.handler.HttpHandler -- 

Request DefaultHttpRequest(decodeResult: success, version: HTTP/1.1)
POST /session/878f5998-f3e3-4142-8b23-5fe7cb294cb0/elements HTTP/1.1
User-Agent: appium/8.5.1 (selenium/4.14.0 (java windows))
Content-Length: 85
Content-Type: application/json; charset=utf-8
host: 127.0.0.1:4723
accept: */*

Response DefaultHttpResponse(decodeResult: success, version: HTTP/1.1)
HTTP/1.1 200 OK
X-Powered-By: Express
Vary: X-HTTP-Method-Override
Content-Type: application/json; charset=utf-8
Content-Length: 267
ETag: W/"10b-S0hpIqB3RT+PAB74ewXKv8If5fo"
Date: Wed, 01 Nov 2023 09:03:45 GMT
Connection: keep-alive
Keep-Alive: timeout=600

09:03:45.093 [AsyncHttpClient-1-2] DEBUG org.asynchttpclient.netty.channel.ChannelManager -- Adding key: http://127.0.0.1:4723 for channel [id: 0x01c8cbd7, L:/127.0.0.1:50782 - R:/127.0.0.1:4723]
09:03:45.094 [Forwarding getElementText on session 878f5998-f3e3-4142-8b23-5fe7cb294cb0 to remote] DEBUG org.asynchttpclient.netty.request.NettyRequestSender -- Using pooled Channel '[id: 0x01c8cbd7, L:/127.0.0.1:50782 - R:/127.0.0.1:4723]' for 'GET' to 'http://127.0.0.1:4723/session/878f5998-f3e3-4142-8b23-5fe7cb294cb0/element/00000000-0000-0175-ffff-ffff00000086/text'
09:03:45.094 [Forwarding getElementText on session 878f5998-f3e3-4142-8b23-5fe7cb294cb0 to remote] DEBUG org.asynchttpclient.netty.request.NettyRequestSender -- Using open Channel [id: 0x01c8cbd7, L:/127.0.0.1:50782 - R:/127.0.0.1:4723] for GET '/session/878f5998-f3e3-4142-8b23-5fe7cb294cb0/element/00000000-0000-0175-ffff-ffff00000086/text'
&amp#27;[38;5;0m[HTTP]&amp#27;[0m &amp#27;[37m-->&amp#27;[39m &amp#27;[37mGET&amp#27;[39m &amp#27;[37m/session/878f5998-f3e3-4142-8b23-5fe7cb294cb0/element/00000000-0000-0175-ffff-ffff00000086/text&amp#27;[39m
&amp#27;[38;5;0m[HTTP]&amp#27;[0m &amp#27;[90m{}&amp#27;[39m
&amp#27;[38;5;32m[AndroidUiautomator2Driver@2331 (878f5998)]&amp#27;[0m Driver proxy active, passing request on via HTTP proxy
[debug] &amp#27;[38;5;32m[AndroidUiautomator2Driver@2331 (878f5998)]&amp#27;[0m Matched '/session/878f5998-f3e3-4142-8b23-5fe7cb294cb0/element/00000000-0000-0175-ffff-ffff00000086/text' to command name 'getText'
[debug] &amp#27;[38;5;32m[AndroidUiautomator2Driver@2331 (878f5998)]&amp#27;[0m Proxying [GET /session/878f5998-f3e3-4142-8b23-5fe7cb294cb0/element/00000000-0000-0175-ffff-ffff00000086/text] to [GET http://127.0.0.1:8200/session/a515db02-df7f-4145-a62c-d524aea530f9/element/00000000-0000-0175-ffff-ffff00000086/text] with no body
[debug] &amp#27;[38;5;32m[AndroidUiautomator2Driver@2331 (878f5998)]&amp#27;[0m Got response with status 200: {"sessionId":"a515db02-df7f-4145-a62c-d524aea530f9","value":"$160.97"}
&amp#27;[38;5;32m[AndroidUiautomator2Driver@2331 (878f5998)]&amp#27;[0m Replacing sessionId a515db02-df7f-4145-a62c-d524aea530f9 with 878f5998-f3e3-4142-8b23-5fe7cb294cb0
&amp#27;[38;5;0m[HTTP]&amp#27;[0m &amp#27;[37m<-- GET /session/878f5998-f3e3-4142-8b23-5fe7cb294cb0/element/00000000-0000-0175-ffff-ffff00000086/text &amp#27;[39m&amp#27;[32m200&amp#27;[39m &amp#27;[90m10 ms - 70&amp#27;[39m
&amp#27;[38;5;0m[HTTP]&amp#27;[0m &amp#27;[90m&amp#27;[39m
09:03:45.105 [AsyncHttpClient-1-2] DEBUG org.asynchttpclient.netty.handler.HttpHandler -- 

Request DefaultFullHttpRequest(decodeResult: success, version: HTTP/1.1, content: EmptyByteBufBE)
GET /session/878f5998-f3e3-4142-8b23-5fe7cb294cb0/element/00000000-0000-0175-ffff-ffff00000086/text HTTP/1.1
Cache-Control: no-cache
User-Agent: appium/8.5.1 (selenium/4.14.0 (java windows))
Content-Type: application/json; charset=utf-8
host: 127.0.0.1:4723
accept: */*

Response DefaultHttpResponse(decodeResult: success, version: HTTP/1.1)
HTTP/1.1 200 OK
X-Powered-By: Express
Content-Type: application/json; charset=utf-8
Content-Length: 70
ETag: W/"46-0lY5nuWY5t7mxCFV9wZJzt5vTEw"
Date: Wed, 01 Nov 2023 09:03:45 GMT
Connection: keep-alive
Keep-Alive: timeout=600

09:03:45.105 [AsyncHttpClient-1-2] DEBUG org.asynchttpclient.netty.channel.ChannelManager -- Adding key: http://127.0.0.1:4723 for channel [id: 0x01c8cbd7, L:/127.0.0.1:50782 - R:/127.0.0.1:4723]
09:03:45.105 [Forwarding getCurrentContextHandle on session 878f5998-f3e3-4142-8b23-5fe7cb294cb0 to remote] DEBUG org.asynchttpclient.netty.request.NettyRequestSender -- Using pooled Channel '[id: 0x01c8cbd7, L:/127.0.0.1:50782 - R:/127.0.0.1:4723]' for 'GET' to 'http://127.0.0.1:4723/session/878f5998-f3e3-4142-8b23-5fe7cb294cb0/context'
09:03:45.106 [Forwarding getCurrentContextHandle on session 878f5998-f3e3-4142-8b23-5fe7cb294cb0 to remote] DEBUG org.asynchttpclient.netty.request.NettyRequestSender -- Using open Channel [id: 0x01c8cbd7, L:/127.0.0.1:50782 - R:/127.0.0.1:4723] for GET '/session/878f5998-f3e3-4142-8b23-5fe7cb294cb0/context'
&amp#27;[38;5;0m[HTTP]&amp#27;[0m &amp#27;[37m-->&amp#27;[39m &amp#27;[37mGET&amp#27;[39m &amp#27;[37m/session/878f5998-f3e3-4142-8b23-5fe7cb294cb0/context&amp#27;[39m
&amp#27;[38;5;0m[HTTP]&amp#27;[0m &amp#27;[90m{}&amp#27;[39m
[debug] &amp#27;[38;5;32m[AndroidUiautomator2Driver@2331 (878f5998)]&amp#27;[0m Calling AppiumDriver.getCurrentContext() with args: ["878f5998-f3e3-4142-8b23-5fe7cb294cb0"]
[debug] &amp#27;[38;5;32m[AndroidUiautomator2Driver@2331 (878f5998)]&amp#27;[0m Responding to client with driver.getCurrentContext() result: "NATIVE_APP"
&amp#27;[38;5;0m[HTTP]&amp#27;[0m &amp#27;[37m<-- GET /session/878f5998-f3e3-4142-8b23-5fe7cb294cb0/context &amp#27;[39m&amp#27;[32m200&amp#27;[39m &amp#27;[90m1 ms - 22&amp#27;[39m
&amp#27;[38;5;0m[HTTP]&amp#27;[0m &amp#27;[90m&amp#27;[39m
09:03:45.107 [AsyncHttpClient-1-2] DEBUG org.asynchttpclient.netty.handler.HttpHandler -- 

Request DefaultFullHttpRequest(decodeResult: success, version: HTTP/1.1, content: EmptyByteBufBE)
GET /session/878f5998-f3e3-4142-8b23-5fe7cb294cb0/context HTTP/1.1
Cache-Control: no-cache
User-Agent: appium/8.5.1 (selenium/4.14.0 (java windows))
Content-Type: application/json; charset=utf-8
host: 127.0.0.1:4723
accept: */*

Response DefaultHttpResponse(decodeResult: success, version: HTTP/1.1)
HTTP/1.1 200 OK
X-Powered-By: Express
Content-Type: application/json; charset=utf-8
Content-Length: 22
ETag: W/"16-nh/61Qb9yjbegUMg89kGWIA2AIE"
Date: Wed, 01 Nov 2023 09:03:45 GMT
Connection: keep-alive
Keep-Alive: timeout=600

09:03:45.107 [AsyncHttpClient-1-2] DEBUG org.asynchttpclient.netty.channel.ChannelManager -- Adding key: http://127.0.0.1:4723 for channel [id: 0x01c8cbd7, L:/127.0.0.1:50782 - R:/127.0.0.1:4723]
09:03:45.108 [Forwarding findElements on session 878f5998-f3e3-4142-8b23-5fe7cb294cb0 to remote] DEBUG org.asynchttpclient.netty.request.NettyRequestSender -- Using pooled Channel '[id: 0x01c8cbd7, L:/127.0.0.1:50782 - R:/127.0.0.1:4723]' for 'POST' to 'http://127.0.0.1:4723/session/878f5998-f3e3-4142-8b23-5fe7cb294cb0/elements'
09:03:45.108 [Forwarding findElements on session 878f5998-f3e3-4142-8b23-5fe7cb294cb0 to remote] DEBUG org.asynchttpclient.netty.request.NettyRequestSender -- Using open Channel [id: 0x01c8cbd7, L:/127.0.0.1:50782 - R:/127.0.0.1:4723] for POST '/session/878f5998-f3e3-4142-8b23-5fe7cb294cb0/elements'
&amp#27;[38;5;0m[HTTP]&amp#27;[0m &amp#27;[37m-->&amp#27;[39m &amp#27;[37mPOST&amp#27;[39m &amp#27;[37m/session/878f5998-f3e3-4142-8b23-5fe7cb294cb0/elements&amp#27;[39m
&amp#27;[38;5;0m[HTTP]&amp#27;[0m &amp#27;[90m{"using":"id","value":"com.androidsample.generalstore:id/productPrice"}&amp#27;[39m
[debug] &amp#27;[38;5;32m[AndroidUiautomator2Driver@2331 (878f5998)]&amp#27;[0m Calling AppiumDriver.findElements() with args: ["id","com.androidsample.generalstore:id/productPrice","878f5998-f3e3-4142-8b23-5fe7cb294cb0"]
[debug] &amp#27;[38;5;32m[AndroidUiautomator2Driver@2331 (878f5998)]&amp#27;[0m Valid locator strategies for this request: xpath, id, class name, accessibility id, css selector, -android uiautomator
[debug] &amp#27;[38;5;32m[AndroidUiautomator2Driver@2331 (878f5998)]&amp#27;[0m Waiting up to 10000 ms for condition
[debug] &amp#27;[38;5;32m[AndroidUiautomator2Driver@2331 (878f5998)]&amp#27;[0m Matched '/elements' to command name 'findElements'
[debug] &amp#27;[38;5;32m[AndroidUiautomator2Driver@2331 (878f5998)]&amp#27;[0m Proxying [POST /elements] to [POST http://127.0.0.1:8200/session/a515db02-df7f-4145-a62c-d524aea530f9/elements] with body: {"strategy":"id","selector":"com.androidsample.generalstore:id/productPrice","context":"","multiple":true}
[debug] &amp#27;[38;5;32m[AndroidUiautomator2Driver@2331 (878f5998)]&amp#27;[0m Got response with status 200: {"sessionId":"a515db02-df7f-4145-a62c-d524aea530f9","value":[{"ELEMENT":"00000000-0000-0175-ffff-ffff00000086","element-6066-11e4-a52e-4f735466cecf":"00000000-0000-0175-ffff-ffff00000086"},{"ELEMENT":"00000000-0000-0175-ffff-ffff0000008e","element-6066-11e4-a52e-4f735466cecf":"00000000-0000-0175-ffff-ffff0000008e"}]}
[debug] &amp#27;[38;5;32m[AndroidUiautomator2Driver@2331 (878f5998)]&amp#27;[0m Responding to client with driver.findElements() result: [{"element-6066-11e4-a52e-4f735466cecf":"00000000-0000-0175-ffff-ffff00000086","ELEMENT":"00000000-0000-0175-ffff-ffff00000086"},{"element-6066-11e4-a52e-4f735466cecf":"00000000-0000-0175-ffff-ffff0000008e","ELEMENT":"00000000-0000-0175-ffff-ffff0000008e"}]
&amp#27;[38;5;0m[HTTP]&amp#27;[0m &amp#27;[37m<-- POST /session/878f5998-f3e3-4142-8b23-5fe7cb294cb0/elements &amp#27;[39m&amp#27;[32m200&amp#27;[39m &amp#27;[90m36 ms - 267&amp#27;[39m
&amp#27;[38;5;0m[HTTP]&amp#27;[0m &amp#27;[90m&amp#27;[39m
09:03:45.145 [AsyncHttpClient-1-2] DEBUG org.asynchttpclient.netty.handler.HttpHandler -- 

Request DefaultHttpRequest(decodeResult: success, version: HTTP/1.1)
POST /session/878f5998-f3e3-4142-8b23-5fe7cb294cb0/elements HTTP/1.1
User-Agent: appium/8.5.1 (selenium/4.14.0 (java windows))
Content-Length: 85
Content-Type: application/json; charset=utf-8
host: 127.0.0.1:4723
accept: */*

Response DefaultHttpResponse(decodeResult: success, version: HTTP/1.1)
HTTP/1.1 200 OK
X-Powered-By: Express
Vary: X-HTTP-Method-Override
Content-Type: application/json; charset=utf-8
Content-Length: 267
ETag: W/"10b-S0hpIqB3RT+PAB74ewXKv8If5fo"
Date: Wed, 01 Nov 2023 09:03:45 GMT
Connection: keep-alive
Keep-Alive: timeout=600

09:03:45.145 [AsyncHttpClient-1-2] DEBUG org.asynchttpclient.netty.channel.ChannelManager -- Adding key: http://127.0.0.1:4723 for channel [id: 0x01c8cbd7, L:/127.0.0.1:50782 - R:/127.0.0.1:4723]
09:03:45.146 [Forwarding getCurrentContextHandle on session 878f5998-f3e3-4142-8b23-5fe7cb294cb0 to remote] DEBUG org.asynchttpclient.netty.request.NettyRequestSender -- Using pooled Channel '[id: 0x01c8cbd7, L:/127.0.0.1:50782 - R:/127.0.0.1:4723]' for 'GET' to 'http://127.0.0.1:4723/session/878f5998-f3e3-4142-8b23-5fe7cb294cb0/context'
09:03:45.146 [Forwarding getCurrentContextHandle on session 878f5998-f3e3-4142-8b23-5fe7cb294cb0 to remote] DEBUG org.asynchttpclient.netty.request.NettyRequestSender -- Using open Channel [id: 0x01c8cbd7, L:/127.0.0.1:50782 - R:/127.0.0.1:4723] for GET '/session/878f5998-f3e3-4142-8b23-5fe7cb294cb0/context'
&amp#27;[38;5;0m[HTTP]&amp#27;[0m &amp#27;[37m-->&amp#27;[39m &amp#27;[37mGET&amp#27;[39m &amp#27;[37m/session/878f5998-f3e3-4142-8b23-5fe7cb294cb0/context&amp#27;[39m
&amp#27;[38;5;0m[HTTP]&amp#27;[0m &amp#27;[90m{}&amp#27;[39m
[debug] &amp#27;[38;5;32m[AndroidUiautomator2Driver@2331 (878f5998)]&amp#27;[0m Calling AppiumDriver.getCurrentContext() with args: ["878f5998-f3e3-4142-8b23-5fe7cb294cb0"]
[debug] &amp#27;[38;5;32m[AndroidUiautomator2Driver@2331 (878f5998)]&amp#27;[0m Responding to client with driver.getCurrentContext() result: "NATIVE_APP"
&amp#27;[38;5;0m[HTTP]&amp#27;[0m &amp#27;[37m<-- GET /session/878f5998-f3e3-4142-8b23-5fe7cb294cb0/context &amp#27;[39m&amp#27;[32m200&amp#27;[39m &amp#27;[90m1 ms - 22&amp#27;[39m
&amp#27;[38;5;0m[HTTP]&amp#27;[0m &amp#27;[90m&amp#27;[39m
09:03:45.148 [AsyncHttpClient-1-2] DEBUG org.asynchttpclient.netty.handler.HttpHandler -- 

Request DefaultFullHttpRequest(decodeResult: success, version: HTTP/1.1, content: EmptyByteBufBE)
GET /session/878f5998-f3e3-4142-8b23-5fe7cb294cb0/context HTTP/1.1
Cache-Control: no-cache
User-Agent: appium/8.5.1 (selenium/4.14.0 (java windows))
Content-Type: application/json; charset=utf-8
host: 127.0.0.1:4723
accept: */*

Response DefaultHttpResponse(decodeResult: success, version: HTTP/1.1)
HTTP/1.1 200 OK
X-Powered-By: Express
Content-Type: application/json; charset=utf-8
Content-Length: 22
ETag: W/"16-nh/61Qb9yjbegUMg89kGWIA2AIE"
Date: Wed, 01 Nov 2023 09:03:45 GMT
Connection: keep-alive
Keep-Alive: timeout=600

09:03:45.148 [AsyncHttpClient-1-2] DEBUG org.asynchttpclient.netty.channel.ChannelManager -- Adding key: http://127.0.0.1:4723 for channel [id: 0x01c8cbd7, L:/127.0.0.1:50782 - R:/127.0.0.1:4723]
09:03:45.149 [Forwarding findElements on session 878f5998-f3e3-4142-8b23-5fe7cb294cb0 to remote] DEBUG org.asynchttpclient.netty.request.NettyRequestSender -- Using pooled Channel '[id: 0x01c8cbd7, L:/127.0.0.1:50782 - R:/127.0.0.1:4723]' for 'POST' to 'http://127.0.0.1:4723/session/878f5998-f3e3-4142-8b23-5fe7cb294cb0/elements'
09:03:45.149 [Forwarding findElements on session 878f5998-f3e3-4142-8b23-5fe7cb294cb0 to remote] DEBUG org.asynchttpclient.netty.request.NettyRequestSender -- Using open Channel [id: 0x01c8cbd7, L:/127.0.0.1:50782 - R:/127.0.0.1:4723] for POST '/session/878f5998-f3e3-4142-8b23-5fe7cb294cb0/elements'
&amp#27;[38;5;0m[HTTP]&amp#27;[0m &amp#27;[37m-->&amp#27;[39m &amp#27;[37mPOST&amp#27;[39m &amp#27;[37m/session/878f5998-f3e3-4142-8b23-5fe7cb294cb0/elements&amp#27;[39m
&amp#27;[38;5;0m[HTTP]&amp#27;[0m &amp#27;[90m{"using":"id","value":"com.androidsample.generalstore:id/productPrice"}&amp#27;[39m
[debug] &amp#27;[38;5;32m[AndroidUiautomator2Driver@2331 (878f5998)]&amp#27;[0m Calling AppiumDriver.findElements() with args: ["id","com.androidsample.generalstore:id/productPrice","878f5998-f3e3-4142-8b23-5fe7cb294cb0"]
[debug] &amp#27;[38;5;32m[AndroidUiautomator2Driver@2331 (878f5998)]&amp#27;[0m Valid locator strategies for this request: xpath, id, class name, accessibility id, css selector, -android uiautomator
[debug] &amp#27;[38;5;32m[AndroidUiautomator2Driver@2331 (878f5998)]&amp#27;[0m Waiting up to 10000 ms for condition
[debug] &amp#27;[38;5;32m[AndroidUiautomator2Driver@2331 (878f5998)]&amp#27;[0m Matched '/elements' to command name 'findElements'
[debug] &amp#27;[38;5;32m[AndroidUiautomator2Driver@2331 (878f5998)]&amp#27;[0m Proxying [POST /elements] to [POST http://127.0.0.1:8200/session/a515db02-df7f-4145-a62c-d524aea530f9/elements] with body: {"strategy":"id","selector":"com.androidsample.generalstore:id/productPrice","context":"","multiple":true}
[debug] &amp#27;[38;5;32m[AndroidUiautomator2Driver@2331 (878f5998)]&amp#27;[0m Got response with status 200: {"sessionId":"a515db02-df7f-4145-a62c-d524aea530f9","value":[{"ELEMENT":"00000000-0000-0175-ffff-ffff00000086","element-6066-11e4-a52e-4f735466cecf":"00000000-0000-0175-ffff-ffff00000086"},{"ELEMENT":"00000000-0000-0175-ffff-ffff0000008e","element-6066-11e4-a52e-4f735466cecf":"00000000-0000-0175-ffff-ffff0000008e"}]}
[debug] &amp#27;[38;5;32m[AndroidUiautomator2Driver@2331 (878f5998)]&amp#27;[0m Responding to client with driver.findElements() result: [{"element-6066-11e4-a52e-4f735466cecf":"00000000-0000-0175-ffff-ffff00000086","ELEMENT":"00000000-0000-0175-ffff-ffff00000086"},{"element-6066-11e4-a52e-4f735466cecf":"00000000-0000-0175-ffff-ffff0000008e","ELEMENT":"00000000-0000-0175-ffff-ffff0000008e"}]
&amp#27;[38;5;0m[HTTP]&amp#27;[0m &amp#27;[37m<-- POST /session/878f5998-f3e3-4142-8b23-5fe7cb294cb0/elements &amp#27;[39m&amp#27;[32m200&amp#27;[39m &amp#27;[90m37 ms - 267&amp#27;[39m
&amp#27;[38;5;0m[HTTP]&amp#27;[0m &amp#27;[90m&amp#27;[39m
09:03:45.188 [AsyncHttpClient-1-2] DEBUG org.asynchttpclient.netty.handler.HttpHandler -- 

Request DefaultHttpRequest(decodeResult: success, version: HTTP/1.1)
POST /session/878f5998-f3e3-4142-8b23-5fe7cb294cb0/elements HTTP/1.1
User-Agent: appium/8.5.1 (selenium/4.14.0 (java windows))
Content-Length: 85
Content-Type: application/json; charset=utf-8
host: 127.0.0.1:4723
accept: */*

Response DefaultHttpResponse(decodeResult: success, version: HTTP/1.1)
HTTP/1.1 200 OK
X-Powered-By: Express
Vary: X-HTTP-Method-Override
Content-Type: application/json; charset=utf-8
Content-Length: 267
ETag: W/"10b-S0hpIqB3RT+PAB74ewXKv8If5fo"
Date: Wed, 01 Nov 2023 09:03:45 GMT
Connection: keep-alive
Keep-Alive: timeout=600

09:03:45.188 [AsyncHttpClient-1-2] DEBUG org.asynchttpclient.netty.channel.ChannelManager -- Adding key: http://127.0.0.1:4723 for channel [id: 0x01c8cbd7, L:/127.0.0.1:50782 - R:/127.0.0.1:4723]
09:03:45.189 [Forwarding getElementText on session 878f5998-f3e3-4142-8b23-5fe7cb294cb0 to remote] DEBUG org.asynchttpclient.netty.request.NettyRequestSender -- Using pooled Channel '[id: 0x01c8cbd7, L:/127.0.0.1:50782 - R:/127.0.0.1:4723]' for 'GET' to 'http://127.0.0.1:4723/session/878f5998-f3e3-4142-8b23-5fe7cb294cb0/element/00000000-0000-0175-ffff-ffff0000008e/text'
09:03:45.189 [Forwarding getElementText on session 878f5998-f3e3-4142-8b23-5fe7cb294cb0 to remote] DEBUG org.asynchttpclient.netty.request.NettyRequestSender -- Using open Channel [id: 0x01c8cbd7, L:/127.0.0.1:50782 - R:/127.0.0.1:4723] for GET '/session/878f5998-f3e3-4142-8b23-5fe7cb294cb0/element/00000000-0000-0175-ffff-ffff0000008e/text'
&amp#27;[38;5;0m[HTTP]&amp#27;[0m &amp#27;[37m-->&amp#27;[39m &amp#27;[37mGET&amp#27;[39m &amp#27;[37m/session/878f5998-f3e3-4142-8b23-5fe7cb294cb0/element/00000000-0000-0175-ffff-ffff0000008e/text&amp#27;[39m
&amp#27;[38;5;0m[HTTP]&amp#27;[0m &amp#27;[90m{}&amp#27;[39m
&amp#27;[38;5;32m[AndroidUiautomator2Driver@2331 (878f5998)]&amp#27;[0m Driver proxy active, passing request on via HTTP proxy
[debug] &amp#27;[38;5;32m[AndroidUiautomator2Driver@2331 (878f5998)]&amp#27;[0m Matched '/session/878f5998-f3e3-4142-8b23-5fe7cb294cb0/element/00000000-0000-0175-ffff-ffff0000008e/text' to command name 'getText'
[debug] &amp#27;[38;5;32m[AndroidUiautomator2Driver@2331 (878f5998)]&amp#27;[0m Proxying [GET /session/878f5998-f3e3-4142-8b23-5fe7cb294cb0/element/00000000-0000-0175-ffff-ffff0000008e/text] to [GET http://127.0.0.1:8200/session/a515db02-df7f-4145-a62c-d524aea530f9/element/00000000-0000-0175-ffff-ffff0000008e/text] with no body
[debug] &amp#27;[38;5;32m[AndroidUiautomator2Driver@2331 (878f5998)]&amp#27;[0m Got response with status 200: {"sessionId":"a515db02-df7f-4145-a62c-d524aea530f9","value":"$120.0"}
&amp#27;[38;5;32m[AndroidUiautomator2Driver@2331 (878f5998)]&amp#27;[0m Replacing sessionId a515db02-df7f-4145-a62c-d524aea530f9 with 878f5998-f3e3-4142-8b23-5fe7cb294cb0
&amp#27;[38;5;0m[HTTP]&amp#27;[0m &amp#27;[37m<-- GET /session/878f5998-f3e3-4142-8b23-5fe7cb294cb0/element/00000000-0000-0175-ffff-ffff0000008e/text &amp#27;[39m&amp#27;[32m200&amp#27;[39m &amp#27;[90m10 ms - 69&amp#27;[39m
&amp#27;[38;5;0m[HTTP]&amp#27;[0m &amp#27;[90m&amp#27;[39m
09:03:45.200 [AsyncHttpClient-1-2] DEBUG org.asynchttpclient.netty.handler.HttpHandler -- 

Request DefaultFullHttpRequest(decodeResult: success, version: HTTP/1.1, content: EmptyByteBufBE)
GET /session/878f5998-f3e3-4142-8b23-5fe7cb294cb0/element/00000000-0000-0175-ffff-ffff0000008e/text HTTP/1.1
Cache-Control: no-cache
User-Agent: appium/8.5.1 (selenium/4.14.0 (java windows))
Content-Type: application/json; charset=utf-8
host: 127.0.0.1:4723
accept: */*

Response DefaultHttpResponse(decodeResult: success, version: HTTP/1.1)
HTTP/1.1 200 OK
X-Powered-By: Express
Content-Type: application/json; charset=utf-8
Content-Length: 69
ETag: W/"45-T3Cj1dYBRitIBuKMWE6WavqPLZA"
Date: Wed, 01 Nov 2023 09:03:45 GMT
Connection: keep-alive
Keep-Alive: timeout=600

09:03:45.200 [AsyncHttpClient-1-2] DEBUG org.asynchttpclient.netty.channel.ChannelManager -- Adding key: http://127.0.0.1:4723 for channel [id: 0x01c8cbd7, L:/127.0.0.1:50782 - R:/127.0.0.1:4723]
09:03:45.201 [Forwarding getCurrentContextHandle on session 878f5998-f3e3-4142-8b23-5fe7cb294cb0 to remote] DEBUG org.asynchttpclient.netty.request.NettyRequestSender -- Using pooled Channel '[id: 0x01c8cbd7, L:/127.0.0.1:50782 - R:/127.0.0.1:4723]' for 'GET' to 'http://127.0.0.1:4723/session/878f5998-f3e3-4142-8b23-5fe7cb294cb0/context'
09:03:45.201 [Forwarding getCurrentContextHandle on session 878f5998-f3e3-4142-8b23-5fe7cb294cb0 to remote] DEBUG org.asynchttpclient.netty.request.NettyRequestSender -- Using open Channel [id: 0x01c8cbd7, L:/127.0.0.1:50782 - R:/127.0.0.1:4723] for GET '/session/878f5998-f3e3-4142-8b23-5fe7cb294cb0/context'
&amp#27;[38;5;0m[HTTP]&amp#27;[0m &amp#27;[37m-->&amp#27;[39m &amp#27;[37mGET&amp#27;[39m &amp#27;[37m/session/878f5998-f3e3-4142-8b23-5fe7cb294cb0/context&amp#27;[39m
&amp#27;[38;5;0m[HTTP]&amp#27;[0m &amp#27;[90m{}&amp#27;[39m
[debug] &amp#27;[38;5;32m[AndroidUiautomator2Driver@2331 (878f5998)]&amp#27;[0m Calling AppiumDriver.getCurrentContext() with args: ["878f5998-f3e3-4142-8b23-5fe7cb294cb0"]
[debug] &amp#27;[38;5;32m[AndroidUiautomator2Driver@2331 (878f5998)]&amp#27;[0m Responding to client with driver.getCurrentContext() result: "NATIVE_APP"
&amp#27;[38;5;0m[HTTP]&amp#27;[0m &amp#27;[37m<-- GET /session/878f5998-f3e3-4142-8b23-5fe7cb294cb0/context &amp#27;[39m&amp#27;[32m200&amp#27;[39m &amp#27;[90m1 ms - 22&amp#27;[39m
09:03:45.203 [AsyncHttpClient-1-2] DEBUG org.asynchttpclient.netty.handler.HttpHandler -- 

Request DefaultFullHttpRequest(decodeResult: success, version: HTTP/1.1, content: EmptyByteBufBE)
GET /session/878f5998-f3e3-4142-8b23-5fe7cb294cb0/context HTTP/1.1
Cache-Control: no-cache
User-Agent: appium/8.5.1 (selenium/4.14.0 (java windows))
Content-Type: application/json; charset=utf-8
host: 127.0.0.1:4723
accept: */*

Response DefaultHttpResponse(decodeResult: success, version: HTTP/1.1)
HTTP/1.1 200 OK
X-Powered-By: Express
Content-Type: application/json; charset=utf-8
Content-Length: 22
ETag: W/"16-nh/61Qb9yjbegUMg89kGWIA2AIE"
Date: Wed, 01 Nov 2023 09:03:45 GMT
Connection: keep-alive
Keep-Alive: timeout=600

&amp#27;[38;5;0m[HTTP]&amp#27;[0m &amp#27;[90m&amp#27;[39m
09:03:45.203 [AsyncHttpClient-1-2] DEBUG org.asynchttpclient.netty.channel.ChannelManager -- Adding key: http://127.0.0.1:4723 for channel [id: 0x01c8cbd7, L:/127.0.0.1:50782 - R:/127.0.0.1:4723]
09:03:45.204 [Forwarding findElements on session 878f5998-f3e3-4142-8b23-5fe7cb294cb0 to remote] DEBUG org.asynchttpclient.netty.request.NettyRequestSender -- Using pooled Channel '[id: 0x01c8cbd7, L:/127.0.0.1:50782 - R:/127.0.0.1:4723]' for 'POST' to 'http://127.0.0.1:4723/session/878f5998-f3e3-4142-8b23-5fe7cb294cb0/elements'
09:03:45.204 [Forwarding findElements on session 878f5998-f3e3-4142-8b23-5fe7cb294cb0 to remote] DEBUG org.asynchttpclient.netty.request.NettyRequestSender -- Using open Channel [id: 0x01c8cbd7, L:/127.0.0.1:50782 - R:/127.0.0.1:4723] for POST '/session/878f5998-f3e3-4142-8b23-5fe7cb294cb0/elements'
&amp#27;[38;5;0m[HTTP]&amp#27;[0m &amp#27;[37m-->&amp#27;[39m &amp#27;[37mPOST&amp#27;[39m &amp#27;[37m/session/878f5998-f3e3-4142-8b23-5fe7cb294cb0/elements&amp#27;[39m
&amp#27;[38;5;0m[HTTP]&amp#27;[0m &amp#27;[90m{"using":"id","value":"com.androidsample.generalstore:id/productPrice"}&amp#27;[39m
[debug] &amp#27;[38;5;32m[AndroidUiautomator2Driver@2331 (878f5998)]&amp#27;[0m Calling AppiumDriver.findElements() with args: ["id","com.androidsample.generalstore:id/productPrice","878f5998-f3e3-4142-8b23-5fe7cb294cb0"]
[debug] &amp#27;[38;5;32m[AndroidUiautomator2Driver@2331 (878f5998)]&amp#27;[0m Valid locator strategies for this request: xpath, id, class name, accessibility id, css selector, -android uiautomator
[debug] &amp#27;[38;5;32m[AndroidUiautomator2Driver@2331 (878f5998)]&amp#27;[0m Waiting up to 10000 ms for condition
[debug] &amp#27;[38;5;32m[AndroidUiautomator2Driver@2331 (878f5998)]&amp#27;[0m Matched '/elements' to command name 'findElements'
[debug] &amp#27;[38;5;32m[AndroidUiautomator2Driver@2331 (878f5998)]&amp#27;[0m Proxying [POST /elements] to [POST http://127.0.0.1:8200/session/a515db02-df7f-4145-a62c-d524aea530f9/elements] with body: {"strategy":"id","selector":"com.androidsample.generalstore:id/productPrice","context":"","multiple":true}
[debug] &amp#27;[38;5;32m[AndroidUiautomator2Driver@2331 (878f5998)]&amp#27;[0m Got response with status 200: {"sessionId":"a515db02-df7f-4145-a62c-d524aea530f9","value":[{"ELEMENT":"00000000-0000-0175-ffff-ffff00000086","element-6066-11e4-a52e-4f735466cecf":"00000000-0000-0175-ffff-ffff00000086"},{"ELEMENT":"00000000-0000-0175-ffff-ffff0000008e","element-6066-11e4-a52e-4f735466cecf":"00000000-0000-0175-ffff-ffff0000008e"}]}
[debug] &amp#27;[38;5;32m[AndroidUiautomator2Driver@2331 (878f5998)]&amp#27;[0m Responding to client with driver.findElements() result: [{"element-6066-11e4-a52e-4f735466cecf":"00000000-0000-0175-ffff-ffff00000086","ELEMENT":"00000000-0000-0175-ffff-ffff00000086"},{"element-6066-11e4-a52e-4f735466cecf":"00000000-0000-0175-ffff-ffff0000008e","ELEMENT":"00000000-0000-0175-ffff-ffff0000008e"}]
&amp#27;[38;5;0m[HTTP]&amp#27;[0m &amp#27;[37m<-- POST /session/878f5998-f3e3-4142-8b23-5fe7cb294cb0/elements &amp#27;[39m&amp#27;[32m200&amp#27;[39m &amp#27;[90m39 ms - 267&amp#27;[39m
&amp#27;[38;5;0m[HTTP]&amp#27;[0m &amp#27;[90m&amp#27;[39m
09:03:45.244 [AsyncHttpClient-1-2] DEBUG org.asynchttpclient.netty.handler.HttpHandler -- 

Request DefaultHttpRequest(decodeResult: success, version: HTTP/1.1)
POST /session/878f5998-f3e3-4142-8b23-5fe7cb294cb0/elements HTTP/1.1
User-Agent: appium/8.5.1 (selenium/4.14.0 (java windows))
Content-Length: 85
Content-Type: application/json; charset=utf-8
host: 127.0.0.1:4723
accept: */*

Response DefaultHttpResponse(decodeResult: success, version: HTTP/1.1)
HTTP/1.1 200 OK
X-Powered-By: Express
Vary: X-HTTP-Method-Override
Content-Type: application/json; charset=utf-8
Content-Length: 267
ETag: W/"10b-S0hpIqB3RT+PAB74ewXKv8If5fo"
Date: Wed, 01 Nov 2023 09:03:45 GMT
Connection: keep-alive
Keep-Alive: timeout=600

09:03:45.245 [AsyncHttpClient-1-2] DEBUG org.asynchttpclient.netty.channel.ChannelManager -- Adding key: http://127.0.0.1:4723 for channel [id: 0x01c8cbd7, L:/127.0.0.1:50782 - R:/127.0.0.1:4723]
09:03:45.246 [Forwarding getCurrentContextHandle on session 878f5998-f3e3-4142-8b23-5fe7cb294cb0 to remote] DEBUG org.asynchttpclient.netty.request.NettyRequestSender -- Using pooled Channel '[id: 0x01c8cbd7, L:/127.0.0.1:50782 - R:/127.0.0.1:4723]' for 'GET' to 'http://127.0.0.1:4723/session/878f5998-f3e3-4142-8b23-5fe7cb294cb0/context'
09:03:45.246 [Forwarding getCurrentContextHandle on session 878f5998-f3e3-4142-8b23-5fe7cb294cb0 to remote] DEBUG org.asynchttpclient.netty.request.NettyRequestSender -- Using open Channel [id: 0x01c8cbd7, L:/127.0.0.1:50782 - R:/127.0.0.1:4723] for GET '/session/878f5998-f3e3-4142-8b23-5fe7cb294cb0/context'
&amp#27;[38;5;0m[HTTP]&amp#27;[0m &amp#27;[37m-->&amp#27;[39m &amp#27;[37mGET&amp#27;[39m &amp#27;[37m/session/878f5998-f3e3-4142-8b23-5fe7cb294cb0/context&amp#27;[39m
&amp#27;[38;5;0m[HTTP]&amp#27;[0m &amp#27;[90m{}&amp#27;[39m
[debug] &amp#27;[38;5;32m[AndroidUiautomator2Driver@2331 (878f5998)]&amp#27;[0m Calling AppiumDriver.getCurrentContext() with args: ["878f5998-f3e3-4142-8b23-5fe7cb294cb0"]
[debug] &amp#27;[38;5;32m[AndroidUiautomator2Driver@2331 (878f5998)]&amp#27;[0m Responding to client with driver.getCurrentContext() result: "NATIVE_APP"
&amp#27;[38;5;0m[HTTP]&amp#27;[0m &amp#27;[37m<-- GET /session/878f5998-f3e3-4142-8b23-5fe7cb294cb0/context &amp#27;[39m&amp#27;[32m200&amp#27;[39m &amp#27;[90m1 ms - 22&amp#27;[39m
&amp#27;[38;5;0m[HTTP]&amp#27;[0m &amp#27;[90m&amp#27;[39m
09:03:45.247 [AsyncHttpClient-1-2] DEBUG org.asynchttpclient.netty.handler.HttpHandler -- 

Request DefaultFullHttpRequest(decodeResult: success, version: HTTP/1.1, content: EmptyByteBufBE)
GET /session/878f5998-f3e3-4142-8b23-5fe7cb294cb0/context HTTP/1.1
Cache-Control: no-cache
User-Agent: appium/8.5.1 (selenium/4.14.0 (java windows))
Content-Type: application/json; charset=utf-8
host: 127.0.0.1:4723
accept: */*

Response DefaultHttpResponse(decodeResult: success, version: HTTP/1.1)
HTTP/1.1 200 OK
X-Powered-By: Express
Content-Type: application/json; charset=utf-8
Content-Length: 22
ETag: W/"16-nh/61Qb9yjbegUMg89kGWIA2AIE"
Date: Wed, 01 Nov 2023 09:03:45 GMT
Connection: keep-alive
Keep-Alive: timeout=600

09:03:45.248 [AsyncHttpClient-1-2] DEBUG org.asynchttpclient.netty.channel.ChannelManager -- Adding key: http://127.0.0.1:4723 for channel [id: 0x01c8cbd7, L:/127.0.0.1:50782 - R:/127.0.0.1:4723]
09:03:45.248 [Forwarding findElement on session 878f5998-f3e3-4142-8b23-5fe7cb294cb0 to remote] DEBUG org.asynchttpclient.netty.request.NettyRequestSender -- Using pooled Channel '[id: 0x01c8cbd7, L:/127.0.0.1:50782 - R:/127.0.0.1:4723]' for 'POST' to 'http://127.0.0.1:4723/session/878f5998-f3e3-4142-8b23-5fe7cb294cb0/element'
09:03:45.248 [Forwarding findElement on session 878f5998-f3e3-4142-8b23-5fe7cb294cb0 to remote] DEBUG org.asynchttpclient.netty.request.NettyRequestSender -- Using open Channel [id: 0x01c8cbd7, L:/127.0.0.1:50782 - R:/127.0.0.1:4723] for POST '/session/878f5998-f3e3-4142-8b23-5fe7cb294cb0/element'
&amp#27;[38;5;0m[HTTP]&amp#27;[0m &amp#27;[37m-->&amp#27;[39m &amp#27;[37mPOST&amp#27;[39m &amp#27;[37m/session/878f5998-f3e3-4142-8b23-5fe7cb294cb0/element&amp#27;[39m
&amp#27;[38;5;0m[HTTP]&amp#27;[0m &amp#27;[90m{"using":"id","value":"com.androidsample.generalstore:id/totalAmountLbl"}&amp#27;[39m
[debug] &amp#27;[38;5;32m[AndroidUiautomator2Driver@2331 (878f5998)]&amp#27;[0m Calling AppiumDriver.findElement() with args: ["id","com.androidsample.generalstore:id/totalAmountLbl","878f5998-f3e3-4142-8b23-5fe7cb294cb0"]
[debug] &amp#27;[38;5;32m[AndroidUiautomator2Driver@2331 (878f5998)]&amp#27;[0m Valid locator strategies for this request: xpath, id, class name, accessibility id, css selector, -android uiautomator
[debug] &amp#27;[38;5;32m[AndroidUiautomator2Driver@2331 (878f5998)]&amp#27;[0m Waiting up to 10000 ms for condition
[debug] &amp#27;[38;5;32m[AndroidUiautomator2Driver@2331 (878f5998)]&amp#27;[0m Matched '/element' to command name 'findElement'
[debug] &amp#27;[38;5;32m[AndroidUiautomator2Driver@2331 (878f5998)]&amp#27;[0m Proxying [POST /element] to [POST http://127.0.0.1:8200/session/a515db02-df7f-4145-a62c-d524aea530f9/element] with body: {"strategy":"id","selector":"com.androidsample.generalstore:id/totalAmountLbl","context":"","multiple":false}
[debug] &amp#27;[38;5;32m[AndroidUiautomator2Driver@2331 (878f5998)]&amp#27;[0m Got response with status 200: {"sessionId":"a515db02-df7f-4145-a62c-d524aea530f9","value":{"ELEMENT":"00000000-0000-0175-ffff-ffff0000007a","element-6066-11e4-a52e-4f735466cecf":"00000000-0000-0175-ffff-ffff0000007a"}}
[debug] &amp#27;[38;5;32m[AndroidUiautomator2Driver@2331 (878f5998)]&amp#27;[0m Responding to client with driver.findElement() result: {"element-6066-11e4-a52e-4f735466cecf":"00000000-0000-0175-ffff-ffff0000007a","ELEMENT":"00000000-0000-0175-ffff-ffff0000007a"}
&amp#27;[38;5;0m[HTTP]&amp#27;[0m &amp#27;[37m<-- POST /session/878f5998-f3e3-4142-8b23-5fe7cb294cb0/element &amp#27;[39m&amp#27;[32m200&amp#27;[39m &amp#27;[90m34 ms - 137&amp#27;[39m
&amp#27;[38;5;0m[HTTP]&amp#27;[0m &amp#27;[90m&amp#27;[39m
09:03:45.283 [AsyncHttpClient-1-2] DEBUG org.asynchttpclient.netty.handler.HttpHandler -- 

Request DefaultHttpRequest(decodeResult: success, version: HTTP/1.1)
POST /session/878f5998-f3e3-4142-8b23-5fe7cb294cb0/element HTTP/1.1
User-Agent: appium/8.5.1 (selenium/4.14.0 (java windows))
Content-Length: 87
Content-Type: application/json; charset=utf-8
host: 127.0.0.1:4723
accept: */*

Response DefaultHttpResponse(decodeResult: success, version: HTTP/1.1)
HTTP/1.1 200 OK
X-Powered-By: Express
Vary: X-HTTP-Method-Override
Content-Type: application/json; charset=utf-8
Content-Length: 137
ETag: W/"89-vwJb+uCb7ofDaIAEVpjAFk5LrO8"
Date: Wed, 01 Nov 2023 09:03:45 GMT
Connection: keep-alive
Keep-Alive: timeout=600

09:03:45.284 [AsyncHttpClient-1-2] DEBUG org.asynchttpclient.netty.channel.ChannelManager -- Adding key: http://127.0.0.1:4723 for channel [id: 0x01c8cbd7, L:/127.0.0.1:50782 - R:/127.0.0.1:4723]
09:03:45.284 [Forwarding getElementText on session 878f5998-f3e3-4142-8b23-5fe7cb294cb0 to remote] DEBUG org.asynchttpclient.netty.request.NettyRequestSender -- Using pooled Channel '[id: 0x01c8cbd7, L:/127.0.0.1:50782 - R:/127.0.0.1:4723]' for 'GET' to 'http://127.0.0.1:4723/session/878f5998-f3e3-4142-8b23-5fe7cb294cb0/element/00000000-0000-0175-ffff-ffff0000007a/text'
09:03:45.284 [Forwarding getElementText on session 878f5998-f3e3-4142-8b23-5fe7cb294cb0 to remote] DEBUG org.asynchttpclient.netty.request.NettyRequestSender -- Using open Channel [id: 0x01c8cbd7, L:/127.0.0.1:50782 - R:/127.0.0.1:4723] for GET '/session/878f5998-f3e3-4142-8b23-5fe7cb294cb0/element/00000000-0000-0175-ffff-ffff0000007a/text'
&amp#27;[38;5;0m[HTTP]&amp#27;[0m &amp#27;[37m-->&amp#27;[39m &amp#27;[37mGET&amp#27;[39m &amp#27;[37m/session/878f5998-f3e3-4142-8b23-5fe7cb294cb0/element/00000000-0000-0175-ffff-ffff0000007a/text&amp#27;[39m
&amp#27;[38;5;0m[HTTP]&amp#27;[0m &amp#27;[90m{}&amp#27;[39m
&amp#27;[38;5;32m[AndroidUiautomator2Driver@2331 (878f5998)]&amp#27;[0m Driver proxy active, passing request on via HTTP proxy
[debug] &amp#27;[38;5;32m[AndroidUiautomator2Driver@2331 (878f5998)]&amp#27;[0m Matched '/session/878f5998-f3e3-4142-8b23-5fe7cb294cb0/element/00000000-0000-0175-ffff-ffff0000007a/text' to command name 'getText'
[debug] &amp#27;[38;5;32m[AndroidUiautomator2Driver@2331 (878f5998)]&amp#27;[0m Proxying [GET /session/878f5998-f3e3-4142-8b23-5fe7cb294cb0/element/00000000-0000-0175-ffff-ffff0000007a/text] to [GET http://127.0.0.1:8200/session/a515db02-df7f-4145-a62c-d524aea530f9/element/00000000-0000-0175-ffff-ffff0000007a/text] with no body
[debug] &amp#27;[38;5;32m[AndroidUiautomator2Driver@2331 (878f5998)]&amp#27;[0m Got response with status 200: {"sessionId":"a515db02-df7f-4145-a62c-d524aea530f9","value":"$ 280.97"}
&amp#27;[38;5;32m[AndroidUiautomator2Driver@2331 (878f5998)]&amp#27;[0m Replacing sessionId a515db02-df7f-4145-a62c-d524aea530f9 with 878f5998-f3e3-4142-8b23-5fe7cb294cb0
&amp#27;[38;5;0m[HTTP]&amp#27;[0m &amp#27;[37m<-- GET /session/878f5998-f3e3-4142-8b23-5fe7cb294cb0/element/00000000-0000-0175-ffff-ffff0000007a/text &amp#27;[39m&amp#27;[32m200&amp#27;[39m &amp#27;[90m9 ms - 71&amp#27;[39m
&amp#27;[38;5;0m[HTTP]&amp#27;[0m &amp#27;[90m&amp#27;[39m
09:03:45.294 [AsyncHttpClient-1-2] DEBUG org.asynchttpclient.netty.handler.HttpHandler -- 

Request DefaultFullHttpRequest(decodeResult: success, version: HTTP/1.1, content: EmptyByteBufBE)
GET /session/878f5998-f3e3-4142-8b23-5fe7cb294cb0/element/00000000-0000-0175-ffff-ffff0000007a/text HTTP/1.1
Cache-Control: no-cache
User-Agent: appium/8.5.1 (selenium/4.14.0 (java windows))
Content-Type: application/json; charset=utf-8
host: 127.0.0.1:4723
accept: */*

Response DefaultHttpResponse(decodeResult: success, version: HTTP/1.1)
HTTP/1.1 200 OK
X-Powered-By: Express
Content-Type: application/json; charset=utf-8
Content-Length: 71
ETag: W/"47-fckzISjnNwCwfdQwSa1F5LiYZ5A"
Date: Wed, 01 Nov 2023 09:03:45 GMT
Connection: keep-alive
Keep-Alive: timeout=600

09:03:45.295 [AsyncHttpClient-1-2] DEBUG org.asynchttpclient.netty.channel.ChannelManager -- Adding key: http://127.0.0.1:4723 for channel [id: 0x01c8cbd7, L:/127.0.0.1:50782 - R:/127.0.0.1:4723]
09:03:45.297 [Forwarding getCurrentContextHandle on session 878f5998-f3e3-4142-8b23-5fe7cb294cb0 to remote] DEBUG org.asynchttpclient.netty.request.NettyRequestSender -- Using pooled Channel '[id: 0x01c8cbd7, L:/127.0.0.1:50782 - R:/127.0.0.1:4723]' for 'GET' to 'http://127.0.0.1:4723/session/878f5998-f3e3-4142-8b23-5fe7cb294cb0/context'
09:03:45.297 [Forwarding getCurrentContextHandle on session 878f5998-f3e3-4142-8b23-5fe7cb294cb0 to remote] DEBUG org.asynchttpclient.netty.request.NettyRequestSender -- Using open Channel [id: 0x01c8cbd7, L:/127.0.0.1:50782 - R:/127.0.0.1:4723] for GET '/session/878f5998-f3e3-4142-8b23-5fe7cb294cb0/context'
&amp#27;[38;5;0m[HTTP]&amp#27;[0m &amp#27;[37m-->&amp#27;[39m &amp#27;[37mGET&amp#27;[39m &amp#27;[37m/session/878f5998-f3e3-4142-8b23-5fe7cb294cb0/context&amp#27;[39m
&amp#27;[38;5;0m[HTTP]&amp#27;[0m &amp#27;[90m{}&amp#27;[39m
[debug] &amp#27;[38;5;32m[AndroidUiautomator2Driver@2331 (878f5998)]&amp#27;[0m Calling AppiumDriver.getCurrentContext() with args: ["878f5998-f3e3-4142-8b23-5fe7cb294cb0"]
[debug] &amp#27;[38;5;32m[AndroidUiautomator2Driver@2331 (878f5998)]&amp#27;[0m Responding to client with driver.getCurrentContext() result: "NATIVE_APP"
&amp#27;[38;5;0m[HTTP]&amp#27;[0m &amp#27;[37m<-- GET /session/878f5998-f3e3-4142-8b23-5fe7cb294cb0/context &amp#27;[39m&amp#27;[32m200&amp#27;[39m &amp#27;[90m1 ms - 22&amp#27;[39m
&amp#27;[38;5;0m[HTTP]&amp#27;[0m &amp#27;[90m&amp#27;[39m
09:03:45.299 [AsyncHttpClient-1-2] DEBUG org.asynchttpclient.netty.handler.HttpHandler -- 

Request DefaultFullHttpRequest(decodeResult: success, version: HTTP/1.1, content: EmptyByteBufBE)
GET /session/878f5998-f3e3-4142-8b23-5fe7cb294cb0/context HTTP/1.1
Cache-Control: no-cache
User-Agent: appium/8.5.1 (selenium/4.14.0 (java windows))
Content-Type: application/json; charset=utf-8
host: 127.0.0.1:4723
accept: */*

Response DefaultHttpResponse(decodeResult: success, version: HTTP/1.1)
HTTP/1.1 200 OK
X-Powered-By: Express
Content-Type: application/json; charset=utf-8
Content-Length: 22
ETag: W/"16-nh/61Qb9yjbegUMg89kGWIA2AIE"
Date: Wed, 01 Nov 2023 09:03:45 GMT
Connection: keep-alive
Keep-Alive: timeout=600

09:03:45.300 [AsyncHttpClient-1-2] DEBUG org.asynchttpclient.netty.channel.ChannelManager -- Adding key: http://127.0.0.1:4723 for channel [id: 0x01c8cbd7, L:/127.0.0.1:50782 - R:/127.0.0.1:4723]
09:03:45.301 [Forwarding findElement on session 878f5998-f3e3-4142-8b23-5fe7cb294cb0 to remote] DEBUG org.asynchttpclient.netty.request.NettyRequestSender -- Using pooled Channel '[id: 0x01c8cbd7, L:/127.0.0.1:50782 - R:/127.0.0.1:4723]' for 'POST' to 'http://127.0.0.1:4723/session/878f5998-f3e3-4142-8b23-5fe7cb294cb0/element'
09:03:45.301 [Forwarding findElement on session 878f5998-f3e3-4142-8b23-5fe7cb294cb0 to remote] DEBUG org.asynchttpclient.netty.request.NettyRequestSender -- Using open Channel [id: 0x01c8cbd7, L:/127.0.0.1:50782 - R:/127.0.0.1:4723] for POST '/session/878f5998-f3e3-4142-8b23-5fe7cb294cb0/element'
&amp#27;[38;5;0m[HTTP]&amp#27;[0m &amp#27;[37m-->&amp#27;[39m &amp#27;[37mPOST&amp#27;[39m &amp#27;[37m/session/878f5998-f3e3-4142-8b23-5fe7cb294cb0/element&amp#27;[39m
&amp#27;[38;5;0m[HTTP]&amp#27;[0m &amp#27;[90m{"using":"id","value":"com.androidsample.generalstore:id/btnProceed"}&amp#27;[39m
[debug] &amp#27;[38;5;32m[AndroidUiautomator2Driver@2331 (878f5998)]&amp#27;[0m Calling AppiumDriver.findElement() with args: ["id","com.androidsample.generalstore:id/btnProceed","878f5998-f3e3-4142-8b23-5fe7cb294cb0"]
[debug] &amp#27;[38;5;32m[AndroidUiautomator2Driver@2331 (878f5998)]&amp#27;[0m Valid locator strategies for this request: xpath, id, class name, accessibility id, css selector, -android uiautomator
[debug] &amp#27;[38;5;32m[AndroidUiautomator2Driver@2331 (878f5998)]&amp#27;[0m Waiting up to 10000 ms for condition
[debug] &amp#27;[38;5;32m[AndroidUiautomator2Driver@2331 (878f5998)]&amp#27;[0m Matched '/element' to command name 'findElement'
[debug] &amp#27;[38;5;32m[AndroidUiautomator2Driver@2331 (878f5998)]&amp#27;[0m Proxying [POST /element] to [POST http://127.0.0.1:8200/session/a515db02-df7f-4145-a62c-d524aea530f9/element] with body: {"strategy":"id","selector":"com.androidsample.generalstore:id/btnProceed","context":"","multiple":false}
[debug] &amp#27;[38;5;32m[AndroidUiautomator2Driver@2331 (878f5998)]&amp#27;[0m Got response with status 200: {"sessionId":"a515db02-df7f-4145-a62c-d524aea530f9","value":{"ELEMENT":"00000000-0000-0175-ffff-ffff0000007c","element-6066-11e4-a52e-4f735466cecf":"00000000-0000-0175-ffff-ffff0000007c"}}
[debug] &amp#27;[38;5;32m[AndroidUiautomator2Driver@2331 (878f5998)]&amp#27;[0m Responding to client with driver.findElement() result: {"element-6066-11e4-a52e-4f735466cecf":"00000000-0000-0175-ffff-ffff0000007c","ELEMENT":"00000000-0000-0175-ffff-ffff0000007c"}
&amp#27;[38;5;0m[HTTP]&amp#27;[0m &amp#27;[37m<-- POST /session/878f5998-f3e3-4142-8b23-5fe7cb294cb0/element &amp#27;[39m&amp#27;[32m200&amp#27;[39m &amp#27;[90m36 ms - 137&amp#27;[39m
&amp#27;[38;5;0m[HTTP]&amp#27;[0m &amp#27;[90m&amp#27;[39m
09:03:45.338 [AsyncHttpClient-1-2] DEBUG org.asynchttpclient.netty.handler.HttpHandler -- 

Request DefaultHttpRequest(decodeResult: success, version: HTTP/1.1)
POST /session/878f5998-f3e3-4142-8b23-5fe7cb294cb0/element HTTP/1.1
User-Agent: appium/8.5.1 (selenium/4.14.0 (java windows))
Content-Length: 83
Content-Type: application/json; charset=utf-8
host: 127.0.0.1:4723
accept: */*

Response DefaultHttpResponse(decodeResult: success, version: HTTP/1.1)
HTTP/1.1 200 OK
X-Powered-By: Express
Vary: X-HTTP-Method-Override
Content-Type: application/json; charset=utf-8
Content-Length: 137
ETag: W/"89-OqBk7/uM8PBbkR6UM3iw5gES3kE"
Date: Wed, 01 Nov 2023 09:03:45 GMT
Connection: keep-alive
Keep-Alive: timeout=600

09:03:45.338 [AsyncHttpClient-1-2] DEBUG org.asynchttpclient.netty.channel.ChannelManager -- Adding key: http://127.0.0.1:4723 for channel [id: 0x01c8cbd7, L:/127.0.0.1:50782 - R:/127.0.0.1:4723]
09:03:45.339 [Forwarding clickElement on session 878f5998-f3e3-4142-8b23-5fe7cb294cb0 to remote] DEBUG org.asynchttpclient.netty.request.NettyRequestSender -- Using pooled Channel '[id: 0x01c8cbd7, L:/127.0.0.1:50782 - R:/127.0.0.1:4723]' for 'POST' to 'http://127.0.0.1:4723/session/878f5998-f3e3-4142-8b23-5fe7cb294cb0/element/00000000-0000-0175-ffff-ffff0000007c/click'
09:03:45.339 [Forwarding clickElement on session 878f5998-f3e3-4142-8b23-5fe7cb294cb0 to remote] DEBUG org.asynchttpclient.netty.request.NettyRequestSender -- Using open Channel [id: 0x01c8cbd7, L:/127.0.0.1:50782 - R:/127.0.0.1:4723] for POST '/session/878f5998-f3e3-4142-8b23-5fe7cb294cb0/element/00000000-0000-0175-ffff-ffff0000007c/click'
&amp#27;[38;5;0m[HTTP]&amp#27;[0m &amp#27;[37m-->&amp#27;[39m &amp#27;[37mPOST&amp#27;[39m &amp#27;[37m/session/878f5998-f3e3-4142-8b23-5fe7cb294cb0/element/00000000-0000-0175-ffff-ffff0000007c/click&amp#27;[39m
&amp#27;[38;5;0m[HTTP]&amp#27;[0m &amp#27;[90m{"id":"00000000-0000-0175-ffff-ffff0000007c"}&amp#27;[39m
[debug] &amp#27;[38;5;32m[AndroidUiautomator2Driver@2331 (878f5998)]&amp#27;[0m Calling AppiumDriver.click() with args: ["00000000-0000-0175-ffff-ffff0000007c","878f5998-f3e3-4142-8b23-5fe7cb294cb0"]
[debug] &amp#27;[38;5;32m[AndroidUiautomator2Driver@2331 (878f5998)]&amp#27;[0m Matched '/element/00000000-0000-0175-ffff-ffff0000007c/click' to command name 'click'
[debug] &amp#27;[38;5;32m[AndroidUiautomator2Driver@2331 (878f5998)]&amp#27;[0m Proxying [POST /element/00000000-0000-0175-ffff-ffff0000007c/click] to [POST http://127.0.0.1:8200/session/a515db02-df7f-4145-a62c-d524aea530f9/element/00000000-0000-0175-ffff-ffff0000007c/click] with body: {"element":"00000000-0000-0175-ffff-ffff0000007c"}
[debug] &amp#27;[38;5;32m[AndroidUiautomator2Driver@2331 (878f5998)]&amp#27;[0m Got response with status 200: {"sessionId":"a515db02-df7f-4145-a62c-d524aea530f9","value":null}
[debug] &amp#27;[38;5;32m[AndroidUiautomator2Driver@2331 (878f5998)]&amp#27;[0m Responding to client with driver.click() result: null
&amp#27;[38;5;0m[HTTP]&amp#27;[0m &amp#27;[37m<-- POST /session/878f5998-f3e3-4142-8b23-5fe7cb294cb0/element/00000000-0000-0175-ffff-ffff0000007c/click &amp#27;[39m&amp#27;[32m200&amp#27;[39m &amp#27;[90m57 ms - 14&amp#27;[39m
09:03:45.399 [AsyncHttpClient-1-2] DEBUG org.asynchttpclient.netty.handler.HttpHandler -- 

Request DefaultHttpRequest(decodeResult: success, version: HTTP/1.1)
POST /session/878f5998-f3e3-4142-8b23-5fe7cb294cb0/element/00000000-0000-0175-ffff-ffff0000007c/click HTTP/1.1
User-Agent: appium/8.5.1 (selenium/4.14.0 (java windows))
Content-Length: 50
Content-Type: application/json; charset=utf-8
host: 127.0.0.1:4723
accept: */*

Response DefaultHttpResponse(decodeResult: success, version: HTTP/1.1)
HTTP/1.1 200 OK
X-Powered-By: Express
Vary: X-HTTP-Method-Override
Content-Type: application/json; charset=utf-8
Content-Length: 14
ETag: W/"e-9/1BuKMgFObM1mWJm+YjxtXJnUM"
Date: Wed, 01 Nov 2023 09:03:45 GMT
Connection: keep-alive
Keep-Alive: timeout=600

&amp#27;[38;5;0m[HTTP]&amp#27;[0m &amp#27;[90m&amp#27;[39m
09:03:45.399 [AsyncHttpClient-1-2] DEBUG org.asynchttpclient.netty.channel.ChannelManager -- Adding key: http://127.0.0.1:4723 for channel [id: 0x01c8cbd7, L:/127.0.0.1:50782 - R:/127.0.0.1:4723]
]]></system-out>
  </testcase>
  <testcase name="checkoutFramework[{gender=female, name=Jane Doe, country=Belarus}](2)" classname="org.generalstore.journey1" time="17.471">
    <system-out><![CDATA[09:03:45.658 [Forwarding startActivity on session 878f5998-f3e3-4142-8b23-5fe7cb294cb0 to remote] DEBUG org.asynchttpclient.netty.request.NettyRequestSender -- Using pooled Channel '[id: 0x01c8cbd7, L:/127.0.0.1:50782 - R:/127.0.0.1:4723]' for 'POST' to 'http://127.0.0.1:4723/session/878f5998-f3e3-4142-8b23-5fe7cb294cb0/appium/device/start_activity'
09:03:45.659 [Forwarding startActivity on session 878f5998-f3e3-4142-8b23-5fe7cb294cb0 to remote] DEBUG org.asynchttpclient.netty.request.NettyRequestSender -- Using open Channel [id: 0x01c8cbd7, L:/127.0.0.1:50782 - R:/127.0.0.1:4723] for POST '/session/878f5998-f3e3-4142-8b23-5fe7cb294cb0/appium/device/start_activity'
&amp#27;[38;5;0m[HTTP]&amp#27;[0m &amp#27;[37m-->&amp#27;[39m &amp#27;[37mPOST&amp#27;[39m &amp#27;[37m/session/878f5998-f3e3-4142-8b23-5fe7cb294cb0/appium/device/start_activity&amp#27;[39m
&amp#27;[38;5;0m[HTTP]&amp#27;[0m &amp#27;[90m{"appPackage":"com.androidsample.generalstore","appActivity":"com.androidsample.generalstore.SplashActivity","appWaitPackage":"","appWaitActivity":"","dontStopAppOnReset":false,"intentAction":"","intentCategory":"","intentFlags":"","optionalIntentArguments":""}&amp#27;[39m
[debug] &amp#27;[38;5;32m[AndroidUiautomator2Driver@2331 (878f5998)]&amp#27;[0m Calling AppiumDriver.startActivity() with args: ["com.androidsample.generalstore","com.androidsample.generalstore.SplashActivity","","","","","","",false,null,null,"878f5998-f3e3-4142-8b23-5fe7cb294cb0"]
[debug] &amp#27;[38;5;32m[AndroidUiautomator2Driver@2331 (878f5998)]&amp#27;[0m Starting package 'com.androidsample.generalstore' and activity 'com.androidsample.generalstore.SplashActivity'
[debug] &amp#27;[38;5;64m[ADB]&amp#27;[0m Running 'C:\Users\joshm\AppData\Local\Android\Sdk\platform-tools\adb.exe -P 5037 -s emulator-5554 shell am start -W -n com.androidsample.generalstore/com.androidsample.generalstore.SplashActivity -S'
[debug] &amp#27;[38;5;64m[ADB]&amp#27;[0m Waiting up to 20000ms for activity matching pkg: 'com.androidsample.generalstore' and activity: 'com.androidsample.generalstore.SplashActivity' to be focused
[debug] &amp#27;[38;5;64m[ADB]&amp#27;[0m Possible activities, to be checked: 'com.androidsample.generalstore.SplashActivity', 'com.androidsample.generalstore.com.androidsample.generalstore.SplashActivity'
[debug] &amp#27;[38;5;64m[ADB]&amp#27;[0m Getting focused package and activity
[debug] &amp#27;[38;5;64m[ADB]&amp#27;[0m Running 'C:\Users\joshm\AppData\Local\Android\Sdk\platform-tools\adb.exe -P 5037 -s emulator-5554 shell dumpsys window displays'
[debug] &amp#27;[38;5;64m[ADB]&amp#27;[0m Found package: 'com.androidsample.generalstore' and fully qualified activity name : 'com.androidsample.generalstore.SplashActivity'
[debug] &amp#27;[38;5;32m[AndroidUiautomator2Driver@2331 (878f5998)]&amp#27;[0m Responding to client with driver.startActivity() result: null
&amp#27;[38;5;0m[HTTP]&amp#27;[0m &amp#27;[37m<-- POST /session/878f5998-f3e3-4142-8b23-5fe7cb294cb0/appium/device/start_activity &amp#27;[39m&amp#27;[32m200&amp#27;[39m &amp#27;[90m854 ms - 14&amp#27;[39m
&amp#27;[38;5;0m[HTTP]&amp#27;[0m &amp#27;[90m&amp#27;[39m
09:03:46.515 [AsyncHttpClient-1-2] DEBUG org.asynchttpclient.netty.handler.HttpHandler -- 

Request DefaultHttpRequest(decodeResult: success, version: HTTP/1.1)
POST /session/878f5998-f3e3-4142-8b23-5fe7cb294cb0/appium/device/start_activity HTTP/1.1
User-Agent: appium/8.5.1 (selenium/4.14.0 (java windows))
Content-Length: 298
Content-Type: application/json; charset=utf-8
host: 127.0.0.1:4723
accept: */*

Response DefaultHttpResponse(decodeResult: success, version: HTTP/1.1)
HTTP/1.1 200 OK
X-Powered-By: Express
Vary: X-HTTP-Method-Override
Content-Type: application/json; charset=utf-8
Content-Length: 14
ETag: W/"e-9/1BuKMgFObM1mWJm+YjxtXJnUM"
Date: Wed, 01 Nov 2023 09:03:46 GMT
Connection: keep-alive
Keep-Alive: timeout=600

09:03:46.515 [AsyncHttpClient-1-2] DEBUG org.asynchttpclient.netty.channel.ChannelManager -- Adding key: http://127.0.0.1:4723 for channel [id: 0x01c8cbd7, L:/127.0.0.1:50782 - R:/127.0.0.1:4723]
09:03:46.517 [Forwarding getCurrentContextHandle on session 878f5998-f3e3-4142-8b23-5fe7cb294cb0 to remote] DEBUG org.asynchttpclient.netty.request.NettyRequestSender -- Using pooled Channel '[id: 0x01c8cbd7, L:/127.0.0.1:50782 - R:/127.0.0.1:4723]' for 'GET' to 'http://127.0.0.1:4723/session/878f5998-f3e3-4142-8b23-5fe7cb294cb0/context'
09:03:46.517 [Forwarding getCurrentContextHandle on session 878f5998-f3e3-4142-8b23-5fe7cb294cb0 to remote] DEBUG org.asynchttpclient.netty.request.NettyRequestSender -- Using open Channel [id: 0x01c8cbd7, L:/127.0.0.1:50782 - R:/127.0.0.1:4723] for GET '/session/878f5998-f3e3-4142-8b23-5fe7cb294cb0/context'
&amp#27;[38;5;0m[HTTP]&amp#27;[0m &amp#27;[37m-->&amp#27;[39m &amp#27;[37mGET&amp#27;[39m &amp#27;[37m/session/878f5998-f3e3-4142-8b23-5fe7cb294cb0/context&amp#27;[39m
&amp#27;[38;5;0m[HTTP]&amp#27;[0m &amp#27;[90m{}&amp#27;[39m
[debug] &amp#27;[38;5;32m[AndroidUiautomator2Driver@2331 (878f5998)]&amp#27;[0m Calling AppiumDriver.getCurrentContext() with args: ["878f5998-f3e3-4142-8b23-5fe7cb294cb0"]
[debug] &amp#27;[38;5;32m[AndroidUiautomator2Driver@2331 (878f5998)]&amp#27;[0m Responding to client with driver.getCurrentContext() result: "NATIVE_APP"
&amp#27;[38;5;0m[HTTP]&amp#27;[0m &amp#27;[37m<-- GET /session/878f5998-f3e3-4142-8b23-5fe7cb294cb0/context &amp#27;[39m&amp#27;[32m200&amp#27;[39m &amp#27;[90m1 ms - 22&amp#27;[39m
&amp#27;[38;5;0m[HTTP]&amp#27;[0m &amp#27;[90m&amp#27;[39m
09:03:46.518 [AsyncHttpClient-1-2] DEBUG org.asynchttpclient.netty.handler.HttpHandler -- 

Request DefaultFullHttpRequest(decodeResult: success, version: HTTP/1.1, content: EmptyByteBufBE)
GET /session/878f5998-f3e3-4142-8b23-5fe7cb294cb0/context HTTP/1.1
Cache-Control: no-cache
User-Agent: appium/8.5.1 (selenium/4.14.0 (java windows))
Content-Type: application/json; charset=utf-8
host: 127.0.0.1:4723
accept: */*

Response DefaultHttpResponse(decodeResult: success, version: HTTP/1.1)
HTTP/1.1 200 OK
X-Powered-By: Express
Content-Type: application/json; charset=utf-8
Content-Length: 22
ETag: W/"16-nh/61Qb9yjbegUMg89kGWIA2AIE"
Date: Wed, 01 Nov 2023 09:03:46 GMT
Connection: keep-alive
Keep-Alive: timeout=600

09:03:46.519 [AsyncHttpClient-1-2] DEBUG org.asynchttpclient.netty.channel.ChannelManager -- Adding key: http://127.0.0.1:4723 for channel [id: 0x01c8cbd7, L:/127.0.0.1:50782 - R:/127.0.0.1:4723]
09:03:46.519 [Forwarding findElement on session 878f5998-f3e3-4142-8b23-5fe7cb294cb0 to remote] DEBUG org.asynchttpclient.netty.request.NettyRequestSender -- Using pooled Channel '[id: 0x01c8cbd7, L:/127.0.0.1:50782 - R:/127.0.0.1:4723]' for 'POST' to 'http://127.0.0.1:4723/session/878f5998-f3e3-4142-8b23-5fe7cb294cb0/element'
09:03:46.520 [Forwarding findElement on session 878f5998-f3e3-4142-8b23-5fe7cb294cb0 to remote] DEBUG org.asynchttpclient.netty.request.NettyRequestSender -- Using open Channel [id: 0x01c8cbd7, L:/127.0.0.1:50782 - R:/127.0.0.1:4723] for POST '/session/878f5998-f3e3-4142-8b23-5fe7cb294cb0/element'
&amp#27;[38;5;0m[HTTP]&amp#27;[0m &amp#27;[37m-->&amp#27;[39m &amp#27;[37mPOST&amp#27;[39m &amp#27;[37m/session/878f5998-f3e3-4142-8b23-5fe7cb294cb0/element&amp#27;[39m
&amp#27;[38;5;0m[HTTP]&amp#27;[0m &amp#27;[90m{"using":"id","value":"com.androidsample.generalstore:id/nameField"}&amp#27;[39m
[debug] &amp#27;[38;5;32m[AndroidUiautomator2Driver@2331 (878f5998)]&amp#27;[0m Calling AppiumDriver.findElement() with args: ["id","com.androidsample.generalstore:id/nameField","878f5998-f3e3-4142-8b23-5fe7cb294cb0"]
[debug] &amp#27;[38;5;32m[AndroidUiautomator2Driver@2331 (878f5998)]&amp#27;[0m Valid locator strategies for this request: xpath, id, class name, accessibility id, css selector, -android uiautomator
[debug] &amp#27;[38;5;32m[AndroidUiautomator2Driver@2331 (878f5998)]&amp#27;[0m Waiting up to 10000 ms for condition
[debug] &amp#27;[38;5;32m[AndroidUiautomator2Driver@2331 (878f5998)]&amp#27;[0m Matched '/element' to command name 'findElement'
[debug] &amp#27;[38;5;32m[AndroidUiautomator2Driver@2331 (878f5998)]&amp#27;[0m Proxying [POST /element] to [POST http://127.0.0.1:8200/session/a515db02-df7f-4145-a62c-d524aea530f9/element] with body: {"strategy":"id","selector":"com.androidsample.generalstore:id/nameField","context":"","multiple":false}
&amp#27;[38;5;32m[AndroidUiautomator2Driver@2331 (878f5998)]&amp#27;[0m Got response with status 404: {"sessionId":"a515db02-df7f-4145-a62c-d524aea530f9","value":{"error":"no such element","message":"An element could not be located on the page using the given search parameters","stacktrace":"io.appium.uiautomator2.common.exceptions.ElementNotFoundException: An element could not be located on the page using the given search parameters\n\tat io.appium.uiautomator2.handler.FindElement.safeHandle(FindElement.java:63)\n\tat io.appium.uiautomator2.handler.request.SafeRequestHandler.handle(SafeRequestHandler.java:59)\n\tat io.appium.uiautomator2.server.AppiumServlet.handleRequest(AppiumServlet.java:277)\n\tat io.appium.uiautomator2.server.AppiumServlet.handleHttpRequest(AppiumServlet.java:271)\n\tat io.appium.uiautomator2.http.ServerHandler.channelRead(ServerHandler.java:77)\n\tat io.netty.channel.AbstractChannelHandlerContext.invokeChannelRead(AbstractChannelHandlerContext.java:366)\n\tat io.netty.channel.AbstractChannelHandlerContext.invokeChannelRead(AbstractChannelHandlerContext.java:352)\n\tat io.netty.chann...
[debug] &amp#27;[38;5;128m[W3C]&amp#27;[0m Matched W3C error code 'no such element' to NoSuchElementError
[debug] &amp#27;[38;5;32m[AndroidUiautomator2Driver@2331 (878f5998)]&amp#27;[0m Waited for 805 ms so far
[debug] &amp#27;[38;5;32m[AndroidUiautomator2Driver@2331 (878f5998)]&amp#27;[0m Matched '/element' to command name 'findElement'
[debug] &amp#27;[38;5;32m[AndroidUiautomator2Driver@2331 (878f5998)]&amp#27;[0m Proxying [POST /element] to [POST http://127.0.0.1:8200/session/a515db02-df7f-4145-a62c-d524aea530f9/element] with body: {"strategy":"id","selector":"com.androidsample.generalstore:id/nameField","context":"","multiple":false}
&amp#27;[38;5;32m[AndroidUiautomator2Driver@2331 (878f5998)]&amp#27;[0m Got response with status 404: {"sessionId":"a515db02-df7f-4145-a62c-d524aea530f9","value":{"error":"no such element","message":"An element could not be located on the page using the given search parameters","stacktrace":"io.appium.uiautomator2.common.exceptions.ElementNotFoundException: An element could not be located on the page using the given search parameters\n\tat io.appium.uiautomator2.handler.FindElement.safeHandle(FindElement.java:63)\n\tat io.appium.uiautomator2.handler.request.SafeRequestHandler.handle(SafeRequestHandler.java:59)\n\tat io.appium.uiautomator2.server.AppiumServlet.handleRequest(AppiumServlet.java:277)\n\tat io.appium.uiautomator2.server.AppiumServlet.handleHttpRequest(AppiumServlet.java:271)\n\tat io.appium.uiautomator2.http.ServerHandler.channelRead(ServerHandler.java:77)\n\tat io.netty.channel.AbstractChannelHandlerContext.invokeChannelRead(AbstractChannelHandlerContext.java:366)\n\tat io.netty.channel.AbstractChannelHandlerContext.invokeChannelRead(AbstractChannelHandlerContext.java:352)\n\tat io.netty.chann...
[debug] &amp#27;[38;5;128m[W3C]&amp#27;[0m Matched W3C error code 'no such element' to NoSuchElementError
[debug] &amp#27;[38;5;32m[AndroidUiautomator2Driver@2331 (878f5998)]&amp#27;[0m Waited for 1326 ms so far
[debug] &amp#27;[38;5;32m[AndroidUiautomator2Driver@2331 (878f5998)]&amp#27;[0m Matched '/element' to command name 'findElement'
[debug] &amp#27;[38;5;32m[AndroidUiautomator2Driver@2331 (878f5998)]&amp#27;[0m Proxying [POST /element] to [POST http://127.0.0.1:8200/session/a515db02-df7f-4145-a62c-d524aea530f9/element] with body: {"strategy":"id","selector":"com.androidsample.generalstore:id/nameField","context":"","multiple":false}
&amp#27;[38;5;32m[AndroidUiautomator2Driver@2331 (878f5998)]&amp#27;[0m Got response with status 404: {"sessionId":"a515db02-df7f-4145-a62c-d524aea530f9","value":{"error":"no such element","message":"An element could not be located on the page using the given search parameters","stacktrace":"io.appium.uiautomator2.common.exceptions.ElementNotFoundException: An element could not be located on the page using the given search parameters\n\tat io.appium.uiautomator2.handler.FindElement.safeHandle(FindElement.java:63)\n\tat io.appium.uiautomator2.handler.request.SafeRequestHandler.handle(SafeRequestHandler.java:59)\n\tat io.appium.uiautomator2.server.AppiumServlet.handleRequest(AppiumServlet.java:277)\n\tat io.appium.uiautomator2.server.AppiumServlet.handleHttpRequest(AppiumServlet.java:271)\n\tat io.appium.uiautomator2.http.ServerHandler.channelRead(ServerHandler.java:77)\n\tat io.netty.channel.AbstractChannelHandlerContext.invokeChannelRead(AbstractChannelHandlerContext.java:366)\n\tat io.netty.channel.AbstractChannelHandlerContext.invokeChannelRead(AbstractChannelHandlerContext.java:352)\n\tat io.netty.chann...
[debug] &amp#27;[38;5;128m[W3C]&amp#27;[0m Matched W3C error code 'no such element' to NoSuchElementError
[debug] &amp#27;[38;5;32m[AndroidUiautomator2Driver@2331 (878f5998)]&amp#27;[0m Waited for 1843 ms so far
[debug] &amp#27;[38;5;32m[AndroidUiautomator2Driver@2331 (878f5998)]&amp#27;[0m Matched '/element' to command name 'findElement'
[debug] &amp#27;[38;5;32m[AndroidUiautomator2Driver@2331 (878f5998)]&amp#27;[0m Proxying [POST /element] to [POST http://127.0.0.1:8200/session/a515db02-df7f-4145-a62c-d524aea530f9/element] with body: {"strategy":"id","selector":"com.androidsample.generalstore:id/nameField","context":"","multiple":false}
&amp#27;[38;5;32m[AndroidUiautomator2Driver@2331 (878f5998)]&amp#27;[0m Got response with status 404: {"sessionId":"a515db02-df7f-4145-a62c-d524aea530f9","value":{"error":"no such element","message":"An element could not be located on the page using the given search parameters","stacktrace":"io.appium.uiautomator2.common.exceptions.ElementNotFoundException: An element could not be located on the page using the given search parameters\n\tat io.appium.uiautomator2.handler.FindElement.safeHandle(FindElement.java:63)\n\tat io.appium.uiautomator2.handler.request.SafeRequestHandler.handle(SafeRequestHandler.java:59)\n\tat io.appium.uiautomator2.server.AppiumServlet.handleRequest(AppiumServlet.java:277)\n\tat io.appium.uiautomator2.server.AppiumServlet.handleHttpRequest(AppiumServlet.java:271)\n\tat io.appium.uiautomator2.http.ServerHandler.channelRead(ServerHandler.java:77)\n\tat io.netty.channel.AbstractChannelHandlerContext.invokeChannelRead(AbstractChannelHandlerContext.java:366)\n\tat io.netty.channel.AbstractChannelHandlerContext.invokeChannelRead(AbstractChannelHandlerContext.java:352)\n\tat io.netty.chann...
[debug] &amp#27;[38;5;128m[W3C]&amp#27;[0m Matched W3C error code 'no such element' to NoSuchElementError
[debug] &amp#27;[38;5;32m[AndroidUiautomator2Driver@2331 (878f5998)]&amp#27;[0m Waited for 2387 ms so far
[debug] &amp#27;[38;5;32m[AndroidUiautomator2Driver@2331 (878f5998)]&amp#27;[0m Matched '/element' to command name 'findElement'
[debug] &amp#27;[38;5;32m[AndroidUiautomator2Driver@2331 (878f5998)]&amp#27;[0m Proxying [POST /element] to [POST http://127.0.0.1:8200/session/a515db02-df7f-4145-a62c-d524aea530f9/element] with body: {"strategy":"id","selector":"com.androidsample.generalstore:id/nameField","context":"","multiple":false}
&amp#27;[38;5;32m[AndroidUiautomator2Driver@2331 (878f5998)]&amp#27;[0m Got response with status 404: {"sessionId":"a515db02-df7f-4145-a62c-d524aea530f9","value":{"error":"no such element","message":"An element could not be located on the page using the given search parameters","stacktrace":"io.appium.uiautomator2.common.exceptions.ElementNotFoundException: An element could not be located on the page using the given search parameters\n\tat io.appium.uiautomator2.handler.FindElement.safeHandle(FindElement.java:63)\n\tat io.appium.uiautomator2.handler.request.SafeRequestHandler.handle(SafeRequestHandler.java:59)\n\tat io.appium.uiautomator2.server.AppiumServlet.handleRequest(AppiumServlet.java:277)\n\tat io.appium.uiautomator2.server.AppiumServlet.handleHttpRequest(AppiumServlet.java:271)\n\tat io.appium.uiautomator2.http.ServerHandler.channelRead(ServerHandler.java:77)\n\tat io.netty.channel.AbstractChannelHandlerContext.invokeChannelRead(AbstractChannelHandlerContext.java:366)\n\tat io.netty.channel.AbstractChannelHandlerContext.invokeChannelRead(AbstractChannelHandlerContext.java:352)\n\tat io.netty.chann...
[debug] &amp#27;[38;5;128m[W3C]&amp#27;[0m Matched W3C error code 'no such element' to NoSuchElementError
[debug] &amp#27;[38;5;32m[AndroidUiautomator2Driver@2331 (878f5998)]&amp#27;[0m Waited for 2988 ms so far
[debug] &amp#27;[38;5;32m[AndroidUiautomator2Driver@2331 (878f5998)]&amp#27;[0m Matched '/element' to command name 'findElement'
[debug] &amp#27;[38;5;32m[AndroidUiautomator2Driver@2331 (878f5998)]&amp#27;[0m Proxying [POST /element] to [POST http://127.0.0.1:8200/session/a515db02-df7f-4145-a62c-d524aea530f9/element] with body: {"strategy":"id","selector":"com.androidsample.generalstore:id/nameField","context":"","multiple":false}
[debug] &amp#27;[38;5;32m[AndroidUiautomator2Driver@2331 (878f5998)]&amp#27;[0m Got response with status 200: {"sessionId":"a515db02-df7f-4145-a62c-d524aea530f9","value":{"ELEMENT":"00000000-0000-0177-ffff-ffff0000001c","element-6066-11e4-a52e-4f735466cecf":"00000000-0000-0177-ffff-ffff0000001c"}}
[debug] &amp#27;[38;5;32m[AndroidUiautomator2Driver@2331 (878f5998)]&amp#27;[0m Responding to client with driver.findElement() result: {"element-6066-11e4-a52e-4f735466cecf":"00000000-0000-0177-ffff-ffff0000001c","ELEMENT":"00000000-0000-0177-ffff-ffff0000001c"}
&amp#27;[38;5;0m[HTTP]&amp#27;[0m &amp#27;[37m<-- POST /session/878f5998-f3e3-4142-8b23-5fe7cb294cb0/element &amp#27;[39m&amp#27;[32m200&amp#27;[39m &amp#27;[90m4308 ms - 137&amp#27;[39m
&amp#27;[38;5;0m[HTTP]&amp#27;[0m &amp#27;[90m&amp#27;[39m
09:03:50.829 [AsyncHttpClient-1-2] DEBUG org.asynchttpclient.netty.handler.HttpHandler -- 

Request DefaultHttpRequest(decodeResult: success, version: HTTP/1.1)
POST /session/878f5998-f3e3-4142-8b23-5fe7cb294cb0/element HTTP/1.1
User-Agent: appium/8.5.1 (selenium/4.14.0 (java windows))
Content-Length: 82
Content-Type: application/json; charset=utf-8
host: 127.0.0.1:4723
accept: */*

Response DefaultHttpResponse(decodeResult: success, version: HTTP/1.1)
HTTP/1.1 200 OK
X-Powered-By: Express
Vary: X-HTTP-Method-Override
Content-Type: application/json; charset=utf-8
Content-Length: 137
ETag: W/"89-X+vRW+nR3kzrJH4RXK9+5bWx+Yc"
Date: Wed, 01 Nov 2023 09:03:50 GMT
Connection: keep-alive
Keep-Alive: timeout=600

09:03:50.829 [AsyncHttpClient-1-2] DEBUG org.asynchttpclient.netty.channel.ChannelManager -- Adding key: http://127.0.0.1:4723 for channel [id: 0x01c8cbd7, L:/127.0.0.1:50782 - R:/127.0.0.1:4723]
09:03:50.831 [Forwarding sendKeysToElement on session 878f5998-f3e3-4142-8b23-5fe7cb294cb0 to remote] DEBUG org.asynchttpclient.netty.request.NettyRequestSender -- Using pooled Channel '[id: 0x01c8cbd7, L:/127.0.0.1:50782 - R:/127.0.0.1:4723]' for 'POST' to 'http://127.0.0.1:4723/session/878f5998-f3e3-4142-8b23-5fe7cb294cb0/element/00000000-0000-0177-ffff-ffff0000001c/value'
09:03:50.831 [Forwarding sendKeysToElement on session 878f5998-f3e3-4142-8b23-5fe7cb294cb0 to remote] DEBUG org.asynchttpclient.netty.request.NettyRequestSender -- Using open Channel [id: 0x01c8cbd7, L:/127.0.0.1:50782 - R:/127.0.0.1:4723] for POST '/session/878f5998-f3e3-4142-8b23-5fe7cb294cb0/element/00000000-0000-0177-ffff-ffff0000001c/value'
&amp#27;[38;5;0m[HTTP]&amp#27;[0m &amp#27;[37m-->&amp#27;[39m &amp#27;[37mPOST&amp#27;[39m &amp#27;[37m/session/878f5998-f3e3-4142-8b23-5fe7cb294cb0/element/00000000-0000-0177-ffff-ffff0000001c/value&amp#27;[39m
&amp#27;[38;5;0m[HTTP]&amp#27;[0m &amp#27;[90m{"id":"00000000-0000-0177-ffff-ffff0000001c","text":"Jane Doe","value":["J","a","n","e"," ","D","o","e"]}&amp#27;[39m
[debug] &amp#27;[38;5;32m[AndroidUiautomator2Driver@2331 (878f5998)]&amp#27;[0m Calling AppiumDriver.setValue() with args: [["J","a","n","e"," ","D","o","e"],"00000000-0000-0177-ffff-ffff0000001c","878f5998-f3e3-4142-8b23-5fe7cb294cb0"]
[debug] &amp#27;[38;5;32m[AndroidUiautomator2Driver@2331 (878f5998)]&amp#27;[0m Matched '/element/00000000-0000-0177-ffff-ffff0000001c/value' to command name 'setValue'
[debug] &amp#27;[38;5;32m[AndroidUiautomator2Driver@2331 (878f5998)]&amp#27;[0m Added 'value' property ["J","a","n","e"," ","D","o","e"] to 'setValue' request body
[debug] &amp#27;[38;5;32m[AndroidUiautomator2Driver@2331 (878f5998)]&amp#27;[0m Proxying [POST /element/00000000-0000-0177-ffff-ffff0000001c/value] to [POST http://127.0.0.1:8200/session/a515db02-df7f-4145-a62c-d524aea530f9/element/00000000-0000-0177-ffff-ffff0000001c/value] with body: {"elementId":"00000000-0000-0177-ffff-ffff0000001c","text":"Jane Doe","replace":false,"value":["J","a","n","e"," ","D","o","e"]}
[debug] &amp#27;[38;5;32m[AndroidUiautomator2Driver@2331 (878f5998)]&amp#27;[0m Got response with status 200: {"sessionId":"a515db02-df7f-4145-a62c-d524aea530f9","value":null}
[debug] &amp#27;[38;5;32m[AndroidUiautomator2Driver@2331 (878f5998)]&amp#27;[0m Responding to client with driver.setValue() result: null
&amp#27;[38;5;0m[HTTP]&amp#27;[0m &amp#27;[37m<-- POST /session/878f5998-f3e3-4142-8b23-5fe7cb294cb0/element/00000000-0000-0177-ffff-ffff0000001c/value &amp#27;[39m&amp#27;[32m200&amp#27;[39m &amp#27;[90m538 ms - 14&amp#27;[39m
&amp#27;[38;5;0m[HTTP]&amp#27;[0m &amp#27;[90m&amp#27;[39m
09:03:51.371 [AsyncHttpClient-1-2] DEBUG org.asynchttpclient.netty.handler.HttpHandler -- 

Request DefaultHttpRequest(decodeResult: success, version: HTTP/1.1)
POST /session/878f5998-f3e3-4142-8b23-5fe7cb294cb0/element/00000000-0000-0177-ffff-ffff0000001c/value HTTP/1.1
User-Agent: appium/8.5.1 (selenium/4.14.0 (java windows))
Content-Length: 161
Content-Type: application/json; charset=utf-8
host: 127.0.0.1:4723
accept: */*

Response DefaultHttpResponse(decodeResult: success, version: HTTP/1.1)
HTTP/1.1 200 OK
X-Powered-By: Express
Vary: X-HTTP-Method-Override
Content-Type: application/json; charset=utf-8
Content-Length: 14
ETag: W/"e-9/1BuKMgFObM1mWJm+YjxtXJnUM"
Date: Wed, 01 Nov 2023 09:03:51 GMT
Connection: keep-alive
Keep-Alive: timeout=600

09:03:51.371 [AsyncHttpClient-1-2] DEBUG org.asynchttpclient.netty.channel.ChannelManager -- Adding key: http://127.0.0.1:4723 for channel [id: 0x01c8cbd7, L:/127.0.0.1:50782 - R:/127.0.0.1:4723]
09:03:51.372 [Forwarding getCurrentContextHandle on session 878f5998-f3e3-4142-8b23-5fe7cb294cb0 to remote] DEBUG org.asynchttpclient.netty.request.NettyRequestSender -- Using pooled Channel '[id: 0x01c8cbd7, L:/127.0.0.1:50782 - R:/127.0.0.1:4723]' for 'GET' to 'http://127.0.0.1:4723/session/878f5998-f3e3-4142-8b23-5fe7cb294cb0/context'
09:03:51.372 [Forwarding getCurrentContextHandle on session 878f5998-f3e3-4142-8b23-5fe7cb294cb0 to remote] DEBUG org.asynchttpclient.netty.request.NettyRequestSender -- Using open Channel [id: 0x01c8cbd7, L:/127.0.0.1:50782 - R:/127.0.0.1:4723] for GET '/session/878f5998-f3e3-4142-8b23-5fe7cb294cb0/context'
&amp#27;[38;5;0m[HTTP]&amp#27;[0m &amp#27;[37m-->&amp#27;[39m &amp#27;[37mGET&amp#27;[39m &amp#27;[37m/session/878f5998-f3e3-4142-8b23-5fe7cb294cb0/context&amp#27;[39m
&amp#27;[38;5;0m[HTTP]&amp#27;[0m &amp#27;[90m{}&amp#27;[39m
[debug] &amp#27;[38;5;32m[AndroidUiautomator2Driver@2331 (878f5998)]&amp#27;[0m Calling AppiumDriver.getCurrentContext() with args: ["878f5998-f3e3-4142-8b23-5fe7cb294cb0"]
[debug] &amp#27;[38;5;32m[AndroidUiautomator2Driver@2331 (878f5998)]&amp#27;[0m Responding to client with driver.getCurrentContext() result: "NATIVE_APP"
&amp#27;[38;5;0m[HTTP]&amp#27;[0m &amp#27;[37m<-- GET /session/878f5998-f3e3-4142-8b23-5fe7cb294cb0/context &amp#27;[39m&amp#27;[32m200&amp#27;[39m &amp#27;[90m1 ms - 22&amp#27;[39m
&amp#27;[38;5;0m[HTTP]&amp#27;[0m &amp#27;[90m&amp#27;[39m
09:03:51.375 [AsyncHttpClient-1-2] DEBUG org.asynchttpclient.netty.handler.HttpHandler -- 

Request DefaultFullHttpRequest(decodeResult: success, version: HTTP/1.1, content: EmptyByteBufBE)
GET /session/878f5998-f3e3-4142-8b23-5fe7cb294cb0/context HTTP/1.1
Cache-Control: no-cache
User-Agent: appium/8.5.1 (selenium/4.14.0 (java windows))
Content-Type: application/json; charset=utf-8
host: 127.0.0.1:4723
accept: */*

Response DefaultHttpResponse(decodeResult: success, version: HTTP/1.1)
HTTP/1.1 200 OK
X-Powered-By: Express
Content-Type: application/json; charset=utf-8
Content-Length: 22
ETag: W/"16-nh/61Qb9yjbegUMg89kGWIA2AIE"
Date: Wed, 01 Nov 2023 09:03:51 GMT
Connection: keep-alive
Keep-Alive: timeout=600

09:03:51.375 [AsyncHttpClient-1-2] DEBUG org.asynchttpclient.netty.channel.ChannelManager -- Adding key: http://127.0.0.1:4723 for channel [id: 0x01c8cbd7, L:/127.0.0.1:50782 - R:/127.0.0.1:4723]
09:03:51.376 [Forwarding findElement on session 878f5998-f3e3-4142-8b23-5fe7cb294cb0 to remote] DEBUG org.asynchttpclient.netty.request.NettyRequestSender -- Using pooled Channel '[id: 0x01c8cbd7, L:/127.0.0.1:50782 - R:/127.0.0.1:4723]' for 'POST' to 'http://127.0.0.1:4723/session/878f5998-f3e3-4142-8b23-5fe7cb294cb0/element'
09:03:51.376 [Forwarding findElement on session 878f5998-f3e3-4142-8b23-5fe7cb294cb0 to remote] DEBUG org.asynchttpclient.netty.request.NettyRequestSender -- Using open Channel [id: 0x01c8cbd7, L:/127.0.0.1:50782 - R:/127.0.0.1:4723] for POST '/session/878f5998-f3e3-4142-8b23-5fe7cb294cb0/element'
&amp#27;[38;5;0m[HTTP]&amp#27;[0m &amp#27;[37m-->&amp#27;[39m &amp#27;[37mPOST&amp#27;[39m &amp#27;[37m/session/878f5998-f3e3-4142-8b23-5fe7cb294cb0/element&amp#27;[39m
&amp#27;[38;5;0m[HTTP]&amp#27;[0m &amp#27;[90m{"using":"id","value":"com.androidsample.generalstore:id/radioFemale"}&amp#27;[39m
[debug] &amp#27;[38;5;32m[AndroidUiautomator2Driver@2331 (878f5998)]&amp#27;[0m Calling AppiumDriver.findElement() with args: ["id","com.androidsample.generalstore:id/radioFemale","878f5998-f3e3-4142-8b23-5fe7cb294cb0"]
[debug] &amp#27;[38;5;32m[AndroidUiautomator2Driver@2331 (878f5998)]&amp#27;[0m Valid locator strategies for this request: xpath, id, class name, accessibility id, css selector, -android uiautomator
[debug] &amp#27;[38;5;32m[AndroidUiautomator2Driver@2331 (878f5998)]&amp#27;[0m Waiting up to 10000 ms for condition
[debug] &amp#27;[38;5;32m[AndroidUiautomator2Driver@2331 (878f5998)]&amp#27;[0m Matched '/element' to command name 'findElement'
[debug] &amp#27;[38;5;32m[AndroidUiautomator2Driver@2331 (878f5998)]&amp#27;[0m Proxying [POST /element] to [POST http://127.0.0.1:8200/session/a515db02-df7f-4145-a62c-d524aea530f9/element] with body: {"strategy":"id","selector":"com.androidsample.generalstore:id/radioFemale","context":"","multiple":false}
[debug] &amp#27;[38;5;32m[AndroidUiautomator2Driver@2331 (878f5998)]&amp#27;[0m Got response with status 200: {"sessionId":"a515db02-df7f-4145-a62c-d524aea530f9","value":{"ELEMENT":"00000000-0000-0177-ffff-ffff00000020","element-6066-11e4-a52e-4f735466cecf":"00000000-0000-0177-ffff-ffff00000020"}}
[debug] &amp#27;[38;5;32m[AndroidUiautomator2Driver@2331 (878f5998)]&amp#27;[0m Responding to client with driver.findElement() result: {"element-6066-11e4-a52e-4f735466cecf":"00000000-0000-0177-ffff-ffff00000020","ELEMENT":"00000000-0000-0177-ffff-ffff00000020"}
&amp#27;[38;5;0m[HTTP]&amp#27;[0m &amp#27;[37m<-- POST /session/878f5998-f3e3-4142-8b23-5fe7cb294cb0/element &amp#27;[39m&amp#27;[32m200&amp#27;[39m &amp#27;[90m520 ms - 137&amp#27;[39m
&amp#27;[38;5;0m[HTTP]&amp#27;[0m &amp#27;[90m&amp#27;[39m
09:03:51.898 [AsyncHttpClient-1-2] DEBUG org.asynchttpclient.netty.handler.HttpHandler -- 

Request DefaultHttpRequest(decodeResult: success, version: HTTP/1.1)
POST /session/878f5998-f3e3-4142-8b23-5fe7cb294cb0/element HTTP/1.1
User-Agent: appium/8.5.1 (selenium/4.14.0 (java windows))
Content-Length: 84
Content-Type: application/json; charset=utf-8
host: 127.0.0.1:4723
accept: */*

Response DefaultHttpResponse(decodeResult: success, version: HTTP/1.1)
HTTP/1.1 200 OK
X-Powered-By: Express
Vary: X-HTTP-Method-Override
Content-Type: application/json; charset=utf-8
Content-Length: 137
ETag: W/"89-Gm2R42nlP0AWWikfrbukVRQFg/4"
Date: Wed, 01 Nov 2023 09:03:51 GMT
Connection: keep-alive
Keep-Alive: timeout=600

09:03:51.898 [AsyncHttpClient-1-2] DEBUG org.asynchttpclient.netty.channel.ChannelManager -- Adding key: http://127.0.0.1:4723 for channel [id: 0x01c8cbd7, L:/127.0.0.1:50782 - R:/127.0.0.1:4723]
09:03:51.899 [Forwarding clickElement on session 878f5998-f3e3-4142-8b23-5fe7cb294cb0 to remote] DEBUG org.asynchttpclient.netty.request.NettyRequestSender -- Using pooled Channel '[id: 0x01c8cbd7, L:/127.0.0.1:50782 - R:/127.0.0.1:4723]' for 'POST' to 'http://127.0.0.1:4723/session/878f5998-f3e3-4142-8b23-5fe7cb294cb0/element/00000000-0000-0177-ffff-ffff00000020/click'
09:03:51.899 [Forwarding clickElement on session 878f5998-f3e3-4142-8b23-5fe7cb294cb0 to remote] DEBUG org.asynchttpclient.netty.request.NettyRequestSender -- Using open Channel [id: 0x01c8cbd7, L:/127.0.0.1:50782 - R:/127.0.0.1:4723] for POST '/session/878f5998-f3e3-4142-8b23-5fe7cb294cb0/element/00000000-0000-0177-ffff-ffff00000020/click'
&amp#27;[38;5;0m[HTTP]&amp#27;[0m &amp#27;[37m-->&amp#27;[39m &amp#27;[37mPOST&amp#27;[39m &amp#27;[37m/session/878f5998-f3e3-4142-8b23-5fe7cb294cb0/element/00000000-0000-0177-ffff-ffff00000020/click&amp#27;[39m
&amp#27;[38;5;0m[HTTP]&amp#27;[0m &amp#27;[90m{"id":"00000000-0000-0177-ffff-ffff00000020"}&amp#27;[39m
[debug] &amp#27;[38;5;32m[AndroidUiautomator2Driver@2331 (878f5998)]&amp#27;[0m Calling AppiumDriver.click() with args: ["00000000-0000-0177-ffff-ffff00000020","878f5998-f3e3-4142-8b23-5fe7cb294cb0"]
[debug] &amp#27;[38;5;32m[AndroidUiautomator2Driver@2331 (878f5998)]&amp#27;[0m Matched '/element/00000000-0000-0177-ffff-ffff00000020/click' to command name 'click'
[debug] &amp#27;[38;5;32m[AndroidUiautomator2Driver@2331 (878f5998)]&amp#27;[0m Proxying [POST /element/00000000-0000-0177-ffff-ffff00000020/click] to [POST http://127.0.0.1:8200/session/a515db02-df7f-4145-a62c-d524aea530f9/element/00000000-0000-0177-ffff-ffff00000020/click] with body: {"element":"00000000-0000-0177-ffff-ffff00000020"}
[debug] &amp#27;[38;5;32m[AndroidUiautomator2Driver@2331 (878f5998)]&amp#27;[0m Got response with status 200: {"sessionId":"a515db02-df7f-4145-a62c-d524aea530f9","value":null}
[debug] &amp#27;[38;5;32m[AndroidUiautomator2Driver@2331 (878f5998)]&amp#27;[0m Responding to client with driver.click() result: null
&amp#27;[38;5;0m[HTTP]&amp#27;[0m &amp#27;[37m<-- POST /session/878f5998-f3e3-4142-8b23-5fe7cb294cb0/element/00000000-0000-0177-ffff-ffff00000020/click &amp#27;[39m&amp#27;[32m200&amp#27;[39m &amp#27;[90m34 ms - 14&amp#27;[39m
&amp#27;[38;5;0m[HTTP]&amp#27;[0m &amp#27;[90m&amp#27;[39m
09:03:51.934 [AsyncHttpClient-1-2] DEBUG org.asynchttpclient.netty.handler.HttpHandler -- 

Request DefaultHttpRequest(decodeResult: success, version: HTTP/1.1)
POST /session/878f5998-f3e3-4142-8b23-5fe7cb294cb0/element/00000000-0000-0177-ffff-ffff00000020/click HTTP/1.1
User-Agent: appium/8.5.1 (selenium/4.14.0 (java windows))
Content-Length: 50
Content-Type: application/json; charset=utf-8
host: 127.0.0.1:4723
accept: */*

Response DefaultHttpResponse(decodeResult: success, version: HTTP/1.1)
HTTP/1.1 200 OK
X-Powered-By: Express
Vary: X-HTTP-Method-Override
Content-Type: application/json; charset=utf-8
Content-Length: 14
ETag: W/"e-9/1BuKMgFObM1mWJm+YjxtXJnUM"
Date: Wed, 01 Nov 2023 09:03:51 GMT
Connection: keep-alive
Keep-Alive: timeout=600

09:03:51.935 [AsyncHttpClient-1-2] DEBUG org.asynchttpclient.netty.channel.ChannelManager -- Adding key: http://127.0.0.1:4723 for channel [id: 0x01c8cbd7, L:/127.0.0.1:50782 - R:/127.0.0.1:4723]
09:03:51.936 [Forwarding getCurrentContextHandle on session 878f5998-f3e3-4142-8b23-5fe7cb294cb0 to remote] DEBUG org.asynchttpclient.netty.request.NettyRequestSender -- Using pooled Channel '[id: 0x01c8cbd7, L:/127.0.0.1:50782 - R:/127.0.0.1:4723]' for 'GET' to 'http://127.0.0.1:4723/session/878f5998-f3e3-4142-8b23-5fe7cb294cb0/context'
09:03:51.936 [Forwarding getCurrentContextHandle on session 878f5998-f3e3-4142-8b23-5fe7cb294cb0 to remote] DEBUG org.asynchttpclient.netty.request.NettyRequestSender -- Using open Channel [id: 0x01c8cbd7, L:/127.0.0.1:50782 - R:/127.0.0.1:4723] for GET '/session/878f5998-f3e3-4142-8b23-5fe7cb294cb0/context'
&amp#27;[38;5;0m[HTTP]&amp#27;[0m &amp#27;[37m-->&amp#27;[39m &amp#27;[37mGET&amp#27;[39m &amp#27;[37m/session/878f5998-f3e3-4142-8b23-5fe7cb294cb0/context&amp#27;[39m
&amp#27;[38;5;0m[HTTP]&amp#27;[0m &amp#27;[90m{}&amp#27;[39m
[debug] &amp#27;[38;5;32m[AndroidUiautomator2Driver@2331 (878f5998)]&amp#27;[0m Calling AppiumDriver.getCurrentContext() with args: ["878f5998-f3e3-4142-8b23-5fe7cb294cb0"]
[debug] &amp#27;[38;5;32m[AndroidUiautomator2Driver@2331 (878f5998)]&amp#27;[0m Responding to client with driver.getCurrentContext() result: "NATIVE_APP"
&amp#27;[38;5;0m[HTTP]&amp#27;[0m &amp#27;[37m<-- GET /session/878f5998-f3e3-4142-8b23-5fe7cb294cb0/context &amp#27;[39m&amp#27;[32m200&amp#27;[39m &amp#27;[90m1 ms - 22&amp#27;[39m
&amp#27;[38;5;0m[HTTP]&amp#27;[0m &amp#27;[90m&amp#27;[39m
09:03:51.937 [AsyncHttpClient-1-2] DEBUG org.asynchttpclient.netty.handler.HttpHandler -- 

Request DefaultFullHttpRequest(decodeResult: success, version: HTTP/1.1, content: EmptyByteBufBE)
GET /session/878f5998-f3e3-4142-8b23-5fe7cb294cb0/context HTTP/1.1
Cache-Control: no-cache
User-Agent: appium/8.5.1 (selenium/4.14.0 (java windows))
Content-Type: application/json; charset=utf-8
host: 127.0.0.1:4723
accept: */*

Response DefaultHttpResponse(decodeResult: success, version: HTTP/1.1)
HTTP/1.1 200 OK
X-Powered-By: Express
Content-Type: application/json; charset=utf-8
Content-Length: 22
ETag: W/"16-nh/61Qb9yjbegUMg89kGWIA2AIE"
Date: Wed, 01 Nov 2023 09:03:51 GMT
Connection: keep-alive
Keep-Alive: timeout=600

09:03:51.937 [AsyncHttpClient-1-2] DEBUG org.asynchttpclient.netty.channel.ChannelManager -- Adding key: http://127.0.0.1:4723 for channel [id: 0x01c8cbd7, L:/127.0.0.1:50782 - R:/127.0.0.1:4723]
09:03:51.938 [Forwarding findElement on session 878f5998-f3e3-4142-8b23-5fe7cb294cb0 to remote] DEBUG org.asynchttpclient.netty.request.NettyRequestSender -- Using pooled Channel '[id: 0x01c8cbd7, L:/127.0.0.1:50782 - R:/127.0.0.1:4723]' for 'POST' to 'http://127.0.0.1:4723/session/878f5998-f3e3-4142-8b23-5fe7cb294cb0/element'
09:03:51.938 [Forwarding findElement on session 878f5998-f3e3-4142-8b23-5fe7cb294cb0 to remote] DEBUG org.asynchttpclient.netty.request.NettyRequestSender -- Using open Channel [id: 0x01c8cbd7, L:/127.0.0.1:50782 - R:/127.0.0.1:4723] for POST '/session/878f5998-f3e3-4142-8b23-5fe7cb294cb0/element'
&amp#27;[38;5;0m[HTTP]&amp#27;[0m &amp#27;[37m-->&amp#27;[39m &amp#27;[37mPOST&amp#27;[39m &amp#27;[37m/session/878f5998-f3e3-4142-8b23-5fe7cb294cb0/element&amp#27;[39m
&amp#27;[38;5;0m[HTTP]&amp#27;[0m &amp#27;[90m{"using":"id","value":"com.androidsample.generalstore:id/spinnerCountry"}&amp#27;[39m
[debug] &amp#27;[38;5;32m[AndroidUiautomator2Driver@2331 (878f5998)]&amp#27;[0m Calling AppiumDriver.findElement() with args: ["id","com.androidsample.generalstore:id/spinnerCountry","878f5998-f3e3-4142-8b23-5fe7cb294cb0"]
[debug] &amp#27;[38;5;32m[AndroidUiautomator2Driver@2331 (878f5998)]&amp#27;[0m Valid locator strategies for this request: xpath, id, class name, accessibility id, css selector, -android uiautomator
[debug] &amp#27;[38;5;32m[AndroidUiautomator2Driver@2331 (878f5998)]&amp#27;[0m Waiting up to 10000 ms for condition
[debug] &amp#27;[38;5;32m[AndroidUiautomator2Driver@2331 (878f5998)]&amp#27;[0m Matched '/element' to command name 'findElement'
[debug] &amp#27;[38;5;32m[AndroidUiautomator2Driver@2331 (878f5998)]&amp#27;[0m Proxying [POST /element] to [POST http://127.0.0.1:8200/session/a515db02-df7f-4145-a62c-d524aea530f9/element] with body: {"strategy":"id","selector":"com.androidsample.generalstore:id/spinnerCountry","context":"","multiple":false}
[debug] &amp#27;[38;5;32m[AndroidUiautomator2Driver@2331 (878f5998)]&amp#27;[0m Got response with status 200: {"sessionId":"a515db02-df7f-4145-a62c-d524aea530f9","value":{"ELEMENT":"00000000-0000-0177-ffff-ffff0000001a","element-6066-11e4-a52e-4f735466cecf":"00000000-0000-0177-ffff-ffff0000001a"}}
[debug] &amp#27;[38;5;32m[AndroidUiautomator2Driver@2331 (878f5998)]&amp#27;[0m Responding to client with driver.findElement() result: {"element-6066-11e4-a52e-4f735466cecf":"00000000-0000-0177-ffff-ffff0000001a","ELEMENT":"00000000-0000-0177-ffff-ffff0000001a"}
&amp#27;[38;5;0m[HTTP]&amp#27;[0m &amp#27;[37m<-- POST /session/878f5998-f3e3-4142-8b23-5fe7cb294cb0/element &amp#27;[39m&amp#27;[32m200&amp#27;[39m &amp#27;[90m620 ms - 137&amp#27;[39m
&amp#27;[38;5;0m[HTTP]&amp#27;[0m &amp#27;[90m&amp#27;[39m
09:03:52.559 [AsyncHttpClient-1-2] DEBUG org.asynchttpclient.netty.handler.HttpHandler -- 

Request DefaultHttpRequest(decodeResult: success, version: HTTP/1.1)
POST /session/878f5998-f3e3-4142-8b23-5fe7cb294cb0/element HTTP/1.1
User-Agent: appium/8.5.1 (selenium/4.14.0 (java windows))
Content-Length: 87
Content-Type: application/json; charset=utf-8
host: 127.0.0.1:4723
accept: */*

Response DefaultHttpResponse(decodeResult: success, version: HTTP/1.1)
HTTP/1.1 200 OK
X-Powered-By: Express
Vary: X-HTTP-Method-Override
Content-Type: application/json; charset=utf-8
Content-Length: 137
ETag: W/"89-/kIz5FvwHZ6+F6dZnbXufTrqQmo"
Date: Wed, 01 Nov 2023 09:03:52 GMT
Connection: keep-alive
Keep-Alive: timeout=600

09:03:52.559 [AsyncHttpClient-1-2] DEBUG org.asynchttpclient.netty.channel.ChannelManager -- Adding key: http://127.0.0.1:4723 for channel [id: 0x01c8cbd7, L:/127.0.0.1:50782 - R:/127.0.0.1:4723]
09:03:52.560 [Forwarding clickElement on session 878f5998-f3e3-4142-8b23-5fe7cb294cb0 to remote] DEBUG org.asynchttpclient.netty.request.NettyRequestSender -- Using pooled Channel '[id: 0x01c8cbd7, L:/127.0.0.1:50782 - R:/127.0.0.1:4723]' for 'POST' to 'http://127.0.0.1:4723/session/878f5998-f3e3-4142-8b23-5fe7cb294cb0/element/00000000-0000-0177-ffff-ffff0000001a/click'
09:03:52.560 [Forwarding clickElement on session 878f5998-f3e3-4142-8b23-5fe7cb294cb0 to remote] DEBUG org.asynchttpclient.netty.request.NettyRequestSender -- Using open Channel [id: 0x01c8cbd7, L:/127.0.0.1:50782 - R:/127.0.0.1:4723] for POST '/session/878f5998-f3e3-4142-8b23-5fe7cb294cb0/element/00000000-0000-0177-ffff-ffff0000001a/click'
&amp#27;[38;5;0m[HTTP]&amp#27;[0m &amp#27;[37m-->&amp#27;[39m &amp#27;[37mPOST&amp#27;[39m &amp#27;[37m/session/878f5998-f3e3-4142-8b23-5fe7cb294cb0/element/00000000-0000-0177-ffff-ffff0000001a/click&amp#27;[39m
&amp#27;[38;5;0m[HTTP]&amp#27;[0m &amp#27;[90m{"id":"00000000-0000-0177-ffff-ffff0000001a"}&amp#27;[39m
[debug] &amp#27;[38;5;32m[AndroidUiautomator2Driver@2331 (878f5998)]&amp#27;[0m Calling AppiumDriver.click() with args: ["00000000-0000-0177-ffff-ffff0000001a","878f5998-f3e3-4142-8b23-5fe7cb294cb0"]
[debug] &amp#27;[38;5;32m[AndroidUiautomator2Driver@2331 (878f5998)]&amp#27;[0m Matched '/element/00000000-0000-0177-ffff-ffff0000001a/click' to command name 'click'
[debug] &amp#27;[38;5;32m[AndroidUiautomator2Driver@2331 (878f5998)]&amp#27;[0m Proxying [POST /element/00000000-0000-0177-ffff-ffff0000001a/click] to [POST http://127.0.0.1:8200/session/a515db02-df7f-4145-a62c-d524aea530f9/element/00000000-0000-0177-ffff-ffff0000001a/click] with body: {"element":"00000000-0000-0177-ffff-ffff0000001a"}
[debug] &amp#27;[38;5;32m[AndroidUiautomator2Driver@2331 (878f5998)]&amp#27;[0m Got response with status 200: {"sessionId":"a515db02-df7f-4145-a62c-d524aea530f9","value":null}
[debug] &amp#27;[38;5;32m[AndroidUiautomator2Driver@2331 (878f5998)]&amp#27;[0m Responding to client with driver.click() result: null
&amp#27;[38;5;0m[HTTP]&amp#27;[0m &amp#27;[37m<-- POST /session/878f5998-f3e3-4142-8b23-5fe7cb294cb0/element/00000000-0000-0177-ffff-ffff0000001a/click &amp#27;[39m&amp#27;[32m200&amp#27;[39m &amp#27;[90m38 ms - 14&amp#27;[39m
&amp#27;[38;5;0m[HTTP]&amp#27;[0m &amp#27;[90m&amp#27;[39m
09:03:52.599 [AsyncHttpClient-1-2] DEBUG org.asynchttpclient.netty.handler.HttpHandler -- 

Request DefaultHttpRequest(decodeResult: success, version: HTTP/1.1)
POST /session/878f5998-f3e3-4142-8b23-5fe7cb294cb0/element/00000000-0000-0177-ffff-ffff0000001a/click HTTP/1.1
User-Agent: appium/8.5.1 (selenium/4.14.0 (java windows))
Content-Length: 50
Content-Type: application/json; charset=utf-8
host: 127.0.0.1:4723
accept: */*

Response DefaultHttpResponse(decodeResult: success, version: HTTP/1.1)
HTTP/1.1 200 OK
X-Powered-By: Express
Vary: X-HTTP-Method-Override
Content-Type: application/json; charset=utf-8
Content-Length: 14
ETag: W/"e-9/1BuKMgFObM1mWJm+YjxtXJnUM"
Date: Wed, 01 Nov 2023 09:03:52 GMT
Connection: keep-alive
Keep-Alive: timeout=600

09:03:52.600 [AsyncHttpClient-1-2] DEBUG org.asynchttpclient.netty.channel.ChannelManager -- Adding key: http://127.0.0.1:4723 for channel [id: 0x01c8cbd7, L:/127.0.0.1:50782 - R:/127.0.0.1:4723]
09:03:52.602 [Forwarding findElement on session 878f5998-f3e3-4142-8b23-5fe7cb294cb0 to remote] DEBUG org.asynchttpclient.netty.request.NettyRequestSender -- Using pooled Channel '[id: 0x01c8cbd7, L:/127.0.0.1:50782 - R:/127.0.0.1:4723]' for 'POST' to 'http://127.0.0.1:4723/session/878f5998-f3e3-4142-8b23-5fe7cb294cb0/element'
09:03:52.602 [Forwarding findElement on session 878f5998-f3e3-4142-8b23-5fe7cb294cb0 to remote] DEBUG org.asynchttpclient.netty.request.NettyRequestSender -- Using open Channel [id: 0x01c8cbd7, L:/127.0.0.1:50782 - R:/127.0.0.1:4723] for POST '/session/878f5998-f3e3-4142-8b23-5fe7cb294cb0/element'
&amp#27;[38;5;0m[HTTP]&amp#27;[0m &amp#27;[37m-->&amp#27;[39m &amp#27;[37mPOST&amp#27;[39m &amp#27;[37m/session/878f5998-f3e3-4142-8b23-5fe7cb294cb0/element&amp#27;[39m
&amp#27;[38;5;0m[HTTP]&amp#27;[0m &amp#27;[90m{"using":"-android uiautomator","value":"new UiScrollable(new UiSelector()).scrollIntoView(text(\"Belarus\"));"}&amp#27;[39m
[debug] &amp#27;[38;5;32m[AndroidUiautomator2Driver@2331 (878f5998)]&amp#27;[0m Calling AppiumDriver.findElement() with args: ["-android uiautomator","new UiScrollable(new UiSelector()).scrollIntoView(text(\"Belarus\"));","878f5998-f3e3-4142-8b23-5fe7cb294cb0"]
[debug] &amp#27;[38;5;32m[AndroidUiautomator2Driver@2331 (878f5998)]&amp#27;[0m Valid locator strategies for this request: xpath, id, class name, accessibility id, css selector, -android uiautomator
[debug] &amp#27;[38;5;32m[AndroidUiautomator2Driver@2331 (878f5998)]&amp#27;[0m Waiting up to 10000 ms for condition
[debug] &amp#27;[38;5;32m[AndroidUiautomator2Driver@2331 (878f5998)]&amp#27;[0m Matched '/element' to command name 'findElement'
[debug] &amp#27;[38;5;32m[AndroidUiautomator2Driver@2331 (878f5998)]&amp#27;[0m Proxying [POST /element] to [POST http://127.0.0.1:8200/session/a515db02-df7f-4145-a62c-d524aea530f9/element] with body: {"strategy":"-android uiautomator","selector":"new UiScrollable(new UiSelector()).scrollIntoView(text(\"Belarus\"));","context":"","multiple":false}
[debug] &amp#27;[38;5;32m[AndroidUiautomator2Driver@2331 (878f5998)]&amp#27;[0m Got response with status 200: {"sessionId":"a515db02-df7f-4145-a62c-d524aea530f9","value":{"ELEMENT":"00000000-0000-0178-ffff-ffff00000032","element-6066-11e4-a52e-4f735466cecf":"00000000-0000-0178-ffff-ffff00000032"}}
[debug] &amp#27;[38;5;32m[AndroidUiautomator2Driver@2331 (878f5998)]&amp#27;[0m Responding to client with driver.findElement() result: {"element-6066-11e4-a52e-4f735466cecf":"00000000-0000-0178-ffff-ffff00000032","ELEMENT":"00000000-0000-0178-ffff-ffff00000032"}
&amp#27;[38;5;0m[HTTP]&amp#27;[0m &amp#27;[37m<-- POST /session/878f5998-f3e3-4142-8b23-5fe7cb294cb0/element &amp#27;[39m&amp#27;[32m200&amp#27;[39m &amp#27;[90m6244 ms - 137&amp#27;[39m
&amp#27;[38;5;0m[HTTP]&amp#27;[0m &amp#27;[90m&amp#27;[39m
09:03:58.848 [AsyncHttpClient-1-2] DEBUG org.asynchttpclient.netty.handler.HttpHandler -- 

Request DefaultHttpRequest(decodeResult: success, version: HTTP/1.1)
POST /session/878f5998-f3e3-4142-8b23-5fe7cb294cb0/element HTTP/1.1
User-Agent: appium/8.5.1 (selenium/4.14.0 (java windows))
Content-Length: 121
Content-Type: application/json; charset=utf-8
host: 127.0.0.1:4723
accept: */*

Response DefaultHttpResponse(decodeResult: success, version: HTTP/1.1)
HTTP/1.1 200 OK
X-Powered-By: Express
Vary: X-HTTP-Method-Override
Content-Type: application/json; charset=utf-8
Content-Length: 137
ETag: W/"89-FeBso8dNblyoyyJKYpPoxic6Ep8"
Date: Wed, 01 Nov 2023 09:03:58 GMT
Connection: keep-alive
Keep-Alive: timeout=600

09:03:58.849 [AsyncHttpClient-1-2] DEBUG org.asynchttpclient.netty.channel.ChannelManager -- Adding key: http://127.0.0.1:4723 for channel [id: 0x01c8cbd7, L:/127.0.0.1:50782 - R:/127.0.0.1:4723]
09:03:58.852 [Forwarding findElement on session 878f5998-f3e3-4142-8b23-5fe7cb294cb0 to remote] DEBUG org.asynchttpclient.netty.request.NettyRequestSender -- Using pooled Channel '[id: 0x01c8cbd7, L:/127.0.0.1:50782 - R:/127.0.0.1:4723]' for 'POST' to 'http://127.0.0.1:4723/session/878f5998-f3e3-4142-8b23-5fe7cb294cb0/element'
09:03:58.852 [Forwarding findElement on session 878f5998-f3e3-4142-8b23-5fe7cb294cb0 to remote] DEBUG org.asynchttpclient.netty.request.NettyRequestSender -- Using open Channel [id: 0x01c8cbd7, L:/127.0.0.1:50782 - R:/127.0.0.1:4723] for POST '/session/878f5998-f3e3-4142-8b23-5fe7cb294cb0/element'
&amp#27;[38;5;0m[HTTP]&amp#27;[0m &amp#27;[37m-->&amp#27;[39m &amp#27;[37mPOST&amp#27;[39m &amp#27;[37m/session/878f5998-f3e3-4142-8b23-5fe7cb294cb0/element&amp#27;[39m
&amp#27;[38;5;0m[HTTP]&amp#27;[0m &amp#27;[90m{"using":"xpath","value":"//android.widget.TextView[@text=\"Belarus\"]"}&amp#27;[39m
[debug] &amp#27;[38;5;32m[AndroidUiautomator2Driver@2331 (878f5998)]&amp#27;[0m Calling AppiumDriver.findElement() with args: ["xpath","//android.widget.TextView[@text=\"Belarus\"]","878f5998-f3e3-4142-8b23-5fe7cb294cb0"]
[debug] &amp#27;[38;5;32m[AndroidUiautomator2Driver@2331 (878f5998)]&amp#27;[0m Valid locator strategies for this request: xpath, id, class name, accessibility id, css selector, -android uiautomator
[debug] &amp#27;[38;5;32m[AndroidUiautomator2Driver@2331 (878f5998)]&amp#27;[0m Waiting up to 10000 ms for condition
[debug] &amp#27;[38;5;32m[AndroidUiautomator2Driver@2331 (878f5998)]&amp#27;[0m Matched '/element' to command name 'findElement'
[debug] &amp#27;[38;5;32m[AndroidUiautomator2Driver@2331 (878f5998)]&amp#27;[0m Proxying [POST /element] to [POST http://127.0.0.1:8200/session/a515db02-df7f-4145-a62c-d524aea530f9/element] with body: {"strategy":"xpath","selector":"//android.widget.TextView[@text=\"Belarus\"]","context":"","multiple":false}
[debug] &amp#27;[38;5;32m[AndroidUiautomator2Driver@2331 (878f5998)]&amp#27;[0m Got response with status 200: {"sessionId":"a515db02-df7f-4145-a62c-d524aea530f9","value":{"ELEMENT":"00000000-0000-0178-ffff-ffff00000032","element-6066-11e4-a52e-4f735466cecf":"00000000-0000-0178-ffff-ffff00000032"}}
[debug] &amp#27;[38;5;32m[AndroidUiautomator2Driver@2331 (878f5998)]&amp#27;[0m Responding to client with driver.findElement() result: {"element-6066-11e4-a52e-4f735466cecf":"00000000-0000-0178-ffff-ffff00000032","ELEMENT":"00000000-0000-0178-ffff-ffff00000032"}
&amp#27;[38;5;0m[HTTP]&amp#27;[0m &amp#27;[37m<-- POST /session/878f5998-f3e3-4142-8b23-5fe7cb294cb0/element &amp#27;[39m&amp#27;[32m200&amp#27;[39m &amp#27;[90m47 ms - 137&amp#27;[39m
&amp#27;[38;5;0m[HTTP]&amp#27;[0m &amp#27;[90m&amp#27;[39m
09:03:58.902 [AsyncHttpClient-1-2] DEBUG org.asynchttpclient.netty.handler.HttpHandler -- 

Request DefaultHttpRequest(decodeResult: success, version: HTTP/1.1)
POST /session/878f5998-f3e3-4142-8b23-5fe7cb294cb0/element HTTP/1.1
User-Agent: appium/8.5.1 (selenium/4.14.0 (java windows))
Content-Length: 91
Content-Type: application/json; charset=utf-8
host: 127.0.0.1:4723
accept: */*

Response DefaultHttpResponse(decodeResult: success, version: HTTP/1.1)
HTTP/1.1 200 OK
X-Powered-By: Express
Vary: X-HTTP-Method-Override
Content-Type: application/json; charset=utf-8
Content-Length: 137
ETag: W/"89-FeBso8dNblyoyyJKYpPoxic6Ep8"
Date: Wed, 01 Nov 2023 09:03:58 GMT
Connection: keep-alive
Keep-Alive: timeout=600

09:03:58.902 [AsyncHttpClient-1-2] DEBUG org.asynchttpclient.netty.channel.ChannelManager -- Adding key: http://127.0.0.1:4723 for channel [id: 0x01c8cbd7, L:/127.0.0.1:50782 - R:/127.0.0.1:4723]
09:03:58.903 [Forwarding clickElement on session 878f5998-f3e3-4142-8b23-5fe7cb294cb0 to remote] DEBUG org.asynchttpclient.netty.request.NettyRequestSender -- Using pooled Channel '[id: 0x01c8cbd7, L:/127.0.0.1:50782 - R:/127.0.0.1:4723]' for 'POST' to 'http://127.0.0.1:4723/session/878f5998-f3e3-4142-8b23-5fe7cb294cb0/element/00000000-0000-0178-ffff-ffff00000032/click'
09:03:58.903 [Forwarding clickElement on session 878f5998-f3e3-4142-8b23-5fe7cb294cb0 to remote] DEBUG org.asynchttpclient.netty.request.NettyRequestSender -- Using open Channel [id: 0x01c8cbd7, L:/127.0.0.1:50782 - R:/127.0.0.1:4723] for POST '/session/878f5998-f3e3-4142-8b23-5fe7cb294cb0/element/00000000-0000-0178-ffff-ffff00000032/click'
&amp#27;[38;5;0m[HTTP]&amp#27;[0m &amp#27;[37m-->&amp#27;[39m &amp#27;[37mPOST&amp#27;[39m &amp#27;[37m/session/878f5998-f3e3-4142-8b23-5fe7cb294cb0/element/00000000-0000-0178-ffff-ffff00000032/click&amp#27;[39m
&amp#27;[38;5;0m[HTTP]&amp#27;[0m &amp#27;[90m{"id":"00000000-0000-0178-ffff-ffff00000032"}&amp#27;[39m
[debug] &amp#27;[38;5;32m[AndroidUiautomator2Driver@2331 (878f5998)]&amp#27;[0m Calling AppiumDriver.click() with args: ["00000000-0000-0178-ffff-ffff00000032","878f5998-f3e3-4142-8b23-5fe7cb294cb0"]
[debug] &amp#27;[38;5;32m[AndroidUiautomator2Driver@2331 (878f5998)]&amp#27;[0m Matched '/element/00000000-0000-0178-ffff-ffff00000032/click' to command name 'click'
[debug] &amp#27;[38;5;32m[AndroidUiautomator2Driver@2331 (878f5998)]&amp#27;[0m Proxying [POST /element/00000000-0000-0178-ffff-ffff00000032/click] to [POST http://127.0.0.1:8200/session/a515db02-df7f-4145-a62c-d524aea530f9/element/00000000-0000-0178-ffff-ffff00000032/click] with body: {"element":"00000000-0000-0178-ffff-ffff00000032"}
[debug] &amp#27;[38;5;32m[AndroidUiautomator2Driver@2331 (878f5998)]&amp#27;[0m Got response with status 200: {"sessionId":"a515db02-df7f-4145-a62c-d524aea530f9","value":null}
[debug] &amp#27;[38;5;32m[AndroidUiautomator2Driver@2331 (878f5998)]&amp#27;[0m Responding to client with driver.click() result: null
&amp#27;[38;5;0m[HTTP]&amp#27;[0m &amp#27;[37m<-- POST /session/878f5998-f3e3-4142-8b23-5fe7cb294cb0/element/00000000-0000-0178-ffff-ffff00000032/click &amp#27;[39m&amp#27;[32m200&amp#27;[39m &amp#27;[90m683 ms - 14&amp#27;[39m
&amp#27;[38;5;0m[HTTP]&amp#27;[0m &amp#27;[90m&amp#27;[39m
09:03:59.586 [AsyncHttpClient-1-2] DEBUG org.asynchttpclient.netty.handler.HttpHandler -- 

Request DefaultHttpRequest(decodeResult: success, version: HTTP/1.1)
POST /session/878f5998-f3e3-4142-8b23-5fe7cb294cb0/element/00000000-0000-0178-ffff-ffff00000032/click HTTP/1.1
User-Agent: appium/8.5.1 (selenium/4.14.0 (java windows))
Content-Length: 50
Content-Type: application/json; charset=utf-8
host: 127.0.0.1:4723
accept: */*

Response DefaultHttpResponse(decodeResult: success, version: HTTP/1.1)
HTTP/1.1 200 OK
X-Powered-By: Express
Vary: X-HTTP-Method-Override
Content-Type: application/json; charset=utf-8
Content-Length: 14
ETag: W/"e-9/1BuKMgFObM1mWJm+YjxtXJnUM"
Date: Wed, 01 Nov 2023 09:03:59 GMT
Connection: keep-alive
Keep-Alive: timeout=600

09:03:59.586 [AsyncHttpClient-1-2] DEBUG org.asynchttpclient.netty.channel.ChannelManager -- Adding key: http://127.0.0.1:4723 for channel [id: 0x01c8cbd7, L:/127.0.0.1:50782 - R:/127.0.0.1:4723]
09:03:59.587 [Forwarding getCurrentContextHandle on session 878f5998-f3e3-4142-8b23-5fe7cb294cb0 to remote] DEBUG org.asynchttpclient.netty.request.NettyRequestSender -- Using pooled Channel '[id: 0x01c8cbd7, L:/127.0.0.1:50782 - R:/127.0.0.1:4723]' for 'GET' to 'http://127.0.0.1:4723/session/878f5998-f3e3-4142-8b23-5fe7cb294cb0/context'
09:03:59.587 [Forwarding getCurrentContextHandle on session 878f5998-f3e3-4142-8b23-5fe7cb294cb0 to remote] DEBUG org.asynchttpclient.netty.request.NettyRequestSender -- Using open Channel [id: 0x01c8cbd7, L:/127.0.0.1:50782 - R:/127.0.0.1:4723] for GET '/session/878f5998-f3e3-4142-8b23-5fe7cb294cb0/context'
&amp#27;[38;5;0m[HTTP]&amp#27;[0m &amp#27;[37m-->&amp#27;[39m &amp#27;[37mGET&amp#27;[39m &amp#27;[37m/session/878f5998-f3e3-4142-8b23-5fe7cb294cb0/context&amp#27;[39m
&amp#27;[38;5;0m[HTTP]&amp#27;[0m &amp#27;[90m{}&amp#27;[39m
[debug] &amp#27;[38;5;32m[AndroidUiautomator2Driver@2331 (878f5998)]&amp#27;[0m Calling AppiumDriver.getCurrentContext() with args: ["878f5998-f3e3-4142-8b23-5fe7cb294cb0"]
[debug] &amp#27;[38;5;32m[AndroidUiautomator2Driver@2331 (878f5998)]&amp#27;[0m Responding to client with driver.getCurrentContext() result: "NATIVE_APP"
&amp#27;[38;5;0m[HTTP]&amp#27;[0m &amp#27;[37m<-- GET /session/878f5998-f3e3-4142-8b23-5fe7cb294cb0/context &amp#27;[39m&amp#27;[32m200&amp#27;[39m &amp#27;[90m1 ms - 22&amp#27;[39m
09:03:59.589 [AsyncHttpClient-1-2] DEBUG org.asynchttpclient.netty.handler.HttpHandler -- 

Request DefaultFullHttpRequest(decodeResult: success, version: HTTP/1.1, content: EmptyByteBufBE)
GET /session/878f5998-f3e3-4142-8b23-5fe7cb294cb0/context HTTP/1.1
Cache-Control: no-cache
User-Agent: appium/8.5.1 (selenium/4.14.0 (java windows))
Content-Type: application/json; charset=utf-8
host: 127.0.0.1:4723
accept: */*

Response DefaultHttpResponse(decodeResult: success, version: HTTP/1.1)
HTTP/1.1 200 OK
X-Powered-By: Express
Content-Type: application/json; charset=utf-8
Content-Length: 22
ETag: W/"16-nh/61Qb9yjbegUMg89kGWIA2AIE"
Date: Wed, 01 Nov 2023 09:03:59 GMT
Connection: keep-alive
Keep-Alive: timeout=600

&amp#27;[38;5;0m[HTTP]&amp#27;[0m &amp#27;[90m&amp#27;[39m
09:03:59.589 [AsyncHttpClient-1-2] DEBUG org.asynchttpclient.netty.channel.ChannelManager -- Adding key: http://127.0.0.1:4723 for channel [id: 0x01c8cbd7, L:/127.0.0.1:50782 - R:/127.0.0.1:4723]
09:03:59.589 [Forwarding findElement on session 878f5998-f3e3-4142-8b23-5fe7cb294cb0 to remote] DEBUG org.asynchttpclient.netty.request.NettyRequestSender -- Using pooled Channel '[id: 0x01c8cbd7, L:/127.0.0.1:50782 - R:/127.0.0.1:4723]' for 'POST' to 'http://127.0.0.1:4723/session/878f5998-f3e3-4142-8b23-5fe7cb294cb0/element'
09:03:59.589 [Forwarding findElement on session 878f5998-f3e3-4142-8b23-5fe7cb294cb0 to remote] DEBUG org.asynchttpclient.netty.request.NettyRequestSender -- Using open Channel [id: 0x01c8cbd7, L:/127.0.0.1:50782 - R:/127.0.0.1:4723] for POST '/session/878f5998-f3e3-4142-8b23-5fe7cb294cb0/element'
&amp#27;[38;5;0m[HTTP]&amp#27;[0m &amp#27;[37m-->&amp#27;[39m &amp#27;[37mPOST&amp#27;[39m &amp#27;[37m/session/878f5998-f3e3-4142-8b23-5fe7cb294cb0/element&amp#27;[39m
&amp#27;[38;5;0m[HTTP]&amp#27;[0m &amp#27;[90m{"using":"id","value":"com.androidsample.generalstore:id/btnLetsShop"}&amp#27;[39m
[debug] &amp#27;[38;5;32m[AndroidUiautomator2Driver@2331 (878f5998)]&amp#27;[0m Calling AppiumDriver.findElement() with args: ["id","com.androidsample.generalstore:id/btnLetsShop","878f5998-f3e3-4142-8b23-5fe7cb294cb0"]
[debug] &amp#27;[38;5;32m[AndroidUiautomator2Driver@2331 (878f5998)]&amp#27;[0m Valid locator strategies for this request: xpath, id, class name, accessibility id, css selector, -android uiautomator
[debug] &amp#27;[38;5;32m[AndroidUiautomator2Driver@2331 (878f5998)]&amp#27;[0m Waiting up to 10000 ms for condition
[debug] &amp#27;[38;5;32m[AndroidUiautomator2Driver@2331 (878f5998)]&amp#27;[0m Matched '/element' to command name 'findElement'
[debug] &amp#27;[38;5;32m[AndroidUiautomator2Driver@2331 (878f5998)]&amp#27;[0m Proxying [POST /element] to [POST http://127.0.0.1:8200/session/a515db02-df7f-4145-a62c-d524aea530f9/element] with body: {"strategy":"id","selector":"com.androidsample.generalstore:id/btnLetsShop","context":"","multiple":false}
[debug] &amp#27;[38;5;32m[AndroidUiautomator2Driver@2331 (878f5998)]&amp#27;[0m Got response with status 200: {"sessionId":"a515db02-df7f-4145-a62c-d524aea530f9","value":{"ELEMENT":"00000000-0000-0177-ffff-ffff00000021","element-6066-11e4-a52e-4f735466cecf":"00000000-0000-0177-ffff-ffff00000021"}}
[debug] &amp#27;[38;5;32m[AndroidUiautomator2Driver@2331 (878f5998)]&amp#27;[0m Responding to client with driver.findElement() result: {"element-6066-11e4-a52e-4f735466cecf":"00000000-0000-0177-ffff-ffff00000021","ELEMENT":"00000000-0000-0177-ffff-ffff00000021"}
&amp#27;[38;5;0m[HTTP]&amp#27;[0m &amp#27;[37m<-- POST /session/878f5998-f3e3-4142-8b23-5fe7cb294cb0/element &amp#27;[39m&amp#27;[32m200&amp#27;[39m &amp#27;[90m22 ms - 137&amp#27;[39m
&amp#27;[38;5;0m[HTTP]&amp#27;[0m &amp#27;[90m&amp#27;[39m
09:03:59.613 [AsyncHttpClient-1-2] DEBUG org.asynchttpclient.netty.handler.HttpHandler -- 

Request DefaultHttpRequest(decodeResult: success, version: HTTP/1.1)
POST /session/878f5998-f3e3-4142-8b23-5fe7cb294cb0/element HTTP/1.1
User-Agent: appium/8.5.1 (selenium/4.14.0 (java windows))
Content-Length: 84
Content-Type: application/json; charset=utf-8
host: 127.0.0.1:4723
accept: */*

Response DefaultHttpResponse(decodeResult: success, version: HTTP/1.1)
HTTP/1.1 200 OK
X-Powered-By: Express
Vary: X-HTTP-Method-Override
Content-Type: application/json; charset=utf-8
Content-Length: 137
ETag: W/"89-D8hZodwiWUgtfKtgdFUNt8R+9zQ"
Date: Wed, 01 Nov 2023 09:03:59 GMT
Connection: keep-alive
Keep-Alive: timeout=600

09:03:59.613 [AsyncHttpClient-1-2] DEBUG org.asynchttpclient.netty.channel.ChannelManager -- Adding key: http://127.0.0.1:4723 for channel [id: 0x01c8cbd7, L:/127.0.0.1:50782 - R:/127.0.0.1:4723]
09:03:59.614 [Forwarding clickElement on session 878f5998-f3e3-4142-8b23-5fe7cb294cb0 to remote] DEBUG org.asynchttpclient.netty.request.NettyRequestSender -- Using pooled Channel '[id: 0x01c8cbd7, L:/127.0.0.1:50782 - R:/127.0.0.1:4723]' for 'POST' to 'http://127.0.0.1:4723/session/878f5998-f3e3-4142-8b23-5fe7cb294cb0/element/00000000-0000-0177-ffff-ffff00000021/click'
09:03:59.614 [Forwarding clickElement on session 878f5998-f3e3-4142-8b23-5fe7cb294cb0 to remote] DEBUG org.asynchttpclient.netty.request.NettyRequestSender -- Using open Channel [id: 0x01c8cbd7, L:/127.0.0.1:50782 - R:/127.0.0.1:4723] for POST '/session/878f5998-f3e3-4142-8b23-5fe7cb294cb0/element/00000000-0000-0177-ffff-ffff00000021/click'
&amp#27;[38;5;0m[HTTP]&amp#27;[0m &amp#27;[37m-->&amp#27;[39m &amp#27;[37mPOST&amp#27;[39m &amp#27;[37m/session/878f5998-f3e3-4142-8b23-5fe7cb294cb0/element/00000000-0000-0177-ffff-ffff00000021/click&amp#27;[39m
&amp#27;[38;5;0m[HTTP]&amp#27;[0m &amp#27;[90m{"id":"00000000-0000-0177-ffff-ffff00000021"}&amp#27;[39m
[debug] &amp#27;[38;5;32m[AndroidUiautomator2Driver@2331 (878f5998)]&amp#27;[0m Calling AppiumDriver.click() with args: ["00000000-0000-0177-ffff-ffff00000021","878f5998-f3e3-4142-8b23-5fe7cb294cb0"]
[debug] &amp#27;[38;5;32m[AndroidUiautomator2Driver@2331 (878f5998)]&amp#27;[0m Matched '/element/00000000-0000-0177-ffff-ffff00000021/click' to command name 'click'
[debug] &amp#27;[38;5;32m[AndroidUiautomator2Driver@2331 (878f5998)]&amp#27;[0m Proxying [POST /element/00000000-0000-0177-ffff-ffff00000021/click] to [POST http://127.0.0.1:8200/session/a515db02-df7f-4145-a62c-d524aea530f9/element/00000000-0000-0177-ffff-ffff00000021/click] with body: {"element":"00000000-0000-0177-ffff-ffff00000021"}
[debug] &amp#27;[38;5;32m[AndroidUiautomator2Driver@2331 (878f5998)]&amp#27;[0m Got response with status 200: {"sessionId":"a515db02-df7f-4145-a62c-d524aea530f9","value":null}
[debug] &amp#27;[38;5;32m[AndroidUiautomator2Driver@2331 (878f5998)]&amp#27;[0m Responding to client with driver.click() result: null
&amp#27;[38;5;0m[HTTP]&amp#27;[0m &amp#27;[37m<-- POST /session/878f5998-f3e3-4142-8b23-5fe7cb294cb0/element/00000000-0000-0177-ffff-ffff00000021/click &amp#27;[39m&amp#27;[32m200&amp#27;[39m &amp#27;[90m44 ms - 14&amp#27;[39m
&amp#27;[38;5;0m[HTTP]&amp#27;[0m &amp#27;[90m&amp#27;[39m
09:03:59.660 [AsyncHttpClient-1-2] DEBUG org.asynchttpclient.netty.handler.HttpHandler -- 

Request DefaultHttpRequest(decodeResult: success, version: HTTP/1.1)
POST /session/878f5998-f3e3-4142-8b23-5fe7cb294cb0/element/00000000-0000-0177-ffff-ffff00000021/click HTTP/1.1
User-Agent: appium/8.5.1 (selenium/4.14.0 (java windows))
Content-Length: 50
Content-Type: application/json; charset=utf-8
host: 127.0.0.1:4723
accept: */*

Response DefaultHttpResponse(decodeResult: success, version: HTTP/1.1)
HTTP/1.1 200 OK
X-Powered-By: Express
Vary: X-HTTP-Method-Override
Content-Type: application/json; charset=utf-8
Content-Length: 14
ETag: W/"e-9/1BuKMgFObM1mWJm+YjxtXJnUM"
Date: Wed, 01 Nov 2023 09:03:59 GMT
Connection: keep-alive
Keep-Alive: timeout=600

09:03:59.660 [AsyncHttpClient-1-2] DEBUG org.asynchttpclient.netty.channel.ChannelManager -- Adding key: http://127.0.0.1:4723 for channel [id: 0x01c8cbd7, L:/127.0.0.1:50782 - R:/127.0.0.1:4723]
09:03:59.718 [Forwarding getCurrentContextHandle on session 878f5998-f3e3-4142-8b23-5fe7cb294cb0 to remote] DEBUG org.asynchttpclient.netty.request.NettyRequestSender -- Using pooled Channel '[id: 0x01c8cbd7, L:/127.0.0.1:50782 - R:/127.0.0.1:4723]' for 'GET' to 'http://127.0.0.1:4723/session/878f5998-f3e3-4142-8b23-5fe7cb294cb0/context'
09:03:59.718 [Forwarding getCurrentContextHandle on session 878f5998-f3e3-4142-8b23-5fe7cb294cb0 to remote] DEBUG org.asynchttpclient.netty.request.NettyRequestSender -- Using open Channel [id: 0x01c8cbd7, L:/127.0.0.1:50782 - R:/127.0.0.1:4723] for GET '/session/878f5998-f3e3-4142-8b23-5fe7cb294cb0/context'
&amp#27;[38;5;0m[HTTP]&amp#27;[0m &amp#27;[37m-->&amp#27;[39m &amp#27;[37mGET&amp#27;[39m &amp#27;[37m/session/878f5998-f3e3-4142-8b23-5fe7cb294cb0/context&amp#27;[39m
&amp#27;[38;5;0m[HTTP]&amp#27;[0m &amp#27;[90m{}&amp#27;[39m
[debug] &amp#27;[38;5;32m[AndroidUiautomator2Driver@2331 (878f5998)]&amp#27;[0m Calling AppiumDriver.getCurrentContext() with args: ["878f5998-f3e3-4142-8b23-5fe7cb294cb0"]
[debug] &amp#27;[38;5;32m[AndroidUiautomator2Driver@2331 (878f5998)]&amp#27;[0m Responding to client with driver.getCurrentContext() result: "NATIVE_APP"
&amp#27;[38;5;0m[HTTP]&amp#27;[0m &amp#27;[37m<-- GET /session/878f5998-f3e3-4142-8b23-5fe7cb294cb0/context &amp#27;[39m&amp#27;[32m200&amp#27;[39m &amp#27;[90m1 ms - 22&amp#27;[39m
&amp#27;[38;5;0m[HTTP]&amp#27;[0m &amp#27;[90m&amp#27;[39m
09:03:59.721 [AsyncHttpClient-1-2] DEBUG org.asynchttpclient.netty.handler.HttpHandler -- 

Request DefaultFullHttpRequest(decodeResult: success, version: HTTP/1.1, content: EmptyByteBufBE)
GET /session/878f5998-f3e3-4142-8b23-5fe7cb294cb0/context HTTP/1.1
Cache-Control: no-cache
User-Agent: appium/8.5.1 (selenium/4.14.0 (java windows))
Content-Type: application/json; charset=utf-8
host: 127.0.0.1:4723
accept: */*

Response DefaultHttpResponse(decodeResult: success, version: HTTP/1.1)
HTTP/1.1 200 OK
X-Powered-By: Express
Content-Type: application/json; charset=utf-8
Content-Length: 22
ETag: W/"16-nh/61Qb9yjbegUMg89kGWIA2AIE"
Date: Wed, 01 Nov 2023 09:03:59 GMT
Connection: keep-alive
Keep-Alive: timeout=600

09:03:59.721 [AsyncHttpClient-1-2] DEBUG org.asynchttpclient.netty.channel.ChannelManager -- Adding key: http://127.0.0.1:4723 for channel [id: 0x01c8cbd7, L:/127.0.0.1:50782 - R:/127.0.0.1:4723]
09:03:59.722 [Forwarding findElements on session 878f5998-f3e3-4142-8b23-5fe7cb294cb0 to remote] DEBUG org.asynchttpclient.netty.request.NettyRequestSender -- Using pooled Channel '[id: 0x01c8cbd7, L:/127.0.0.1:50782 - R:/127.0.0.1:4723]' for 'POST' to 'http://127.0.0.1:4723/session/878f5998-f3e3-4142-8b23-5fe7cb294cb0/elements'
09:03:59.722 [Forwarding findElements on session 878f5998-f3e3-4142-8b23-5fe7cb294cb0 to remote] DEBUG org.asynchttpclient.netty.request.NettyRequestSender -- Using open Channel [id: 0x01c8cbd7, L:/127.0.0.1:50782 - R:/127.0.0.1:4723] for POST '/session/878f5998-f3e3-4142-8b23-5fe7cb294cb0/elements'
&amp#27;[38;5;0m[HTTP]&amp#27;[0m &amp#27;[37m-->&amp#27;[39m &amp#27;[37mPOST&amp#27;[39m &amp#27;[37m/session/878f5998-f3e3-4142-8b23-5fe7cb294cb0/elements&amp#27;[39m
&amp#27;[38;5;0m[HTTP]&amp#27;[0m &amp#27;[90m{"using":"xpath","value":"//android.widget.TextView[@text='ADD TO CART']"}&amp#27;[39m
[debug] &amp#27;[38;5;32m[AndroidUiautomator2Driver@2331 (878f5998)]&amp#27;[0m Calling AppiumDriver.findElements() with args: ["xpath","//android.widget.TextView[@text='ADD TO CART']","878f5998-f3e3-4142-8b23-5fe7cb294cb0"]
[debug] &amp#27;[38;5;32m[AndroidUiautomator2Driver@2331 (878f5998)]&amp#27;[0m Valid locator strategies for this request: xpath, id, class name, accessibility id, css selector, -android uiautomator
[debug] &amp#27;[38;5;32m[AndroidUiautomator2Driver@2331 (878f5998)]&amp#27;[0m Waiting up to 10000 ms for condition
[debug] &amp#27;[38;5;32m[AndroidUiautomator2Driver@2331 (878f5998)]&amp#27;[0m Matched '/elements' to command name 'findElements'
[debug] &amp#27;[38;5;32m[AndroidUiautomator2Driver@2331 (878f5998)]&amp#27;[0m Proxying [POST /elements] to [POST http://127.0.0.1:8200/session/a515db02-df7f-4145-a62c-d524aea530f9/elements] with body: {"strategy":"xpath","selector":"//android.widget.TextView[@text='ADD TO CART']","context":"","multiple":true}
[debug] &amp#27;[38;5;32m[AndroidUiautomator2Driver@2331 (878f5998)]&amp#27;[0m Got response with status 200: {"sessionId":"a515db02-df7f-4145-a62c-d524aea530f9","value":[{"ELEMENT":"00000000-0000-0179-ffff-ffff00000051","element-6066-11e4-a52e-4f735466cecf":"00000000-0000-0179-ffff-ffff00000051"},{"ELEMENT":"00000000-0000-0179-ffff-ffff00000059","element-6066-11e4-a52e-4f735466cecf":"00000000-0000-0179-ffff-ffff00000059"}]}
[debug] &amp#27;[38;5;32m[AndroidUiautomator2Driver@2331 (878f5998)]&amp#27;[0m Responding to client with driver.findElements() result: [{"element-6066-11e4-a52e-4f735466cecf":"00000000-0000-0179-ffff-ffff00000051","ELEMENT":"00000000-0000-0179-ffff-ffff00000051"},{"element-6066-11e4-a52e-4f735466cecf":"00000000-0000-0179-ffff-ffff00000059","ELEMENT":"00000000-0000-0179-ffff-ffff00000059"}]
&amp#27;[38;5;0m[HTTP]&amp#27;[0m &amp#27;[37m<-- POST /session/878f5998-f3e3-4142-8b23-5fe7cb294cb0/elements &amp#27;[39m&amp#27;[32m200&amp#27;[39m &amp#27;[90m1316 ms - 267&amp#27;[39m
&amp#27;[38;5;0m[HTTP]&amp#27;[0m &amp#27;[90m&amp#27;[39m
09:04:01.040 [AsyncHttpClient-1-2] DEBUG org.asynchttpclient.netty.handler.HttpHandler -- 

Request DefaultHttpRequest(decodeResult: success, version: HTTP/1.1)
POST /session/878f5998-f3e3-4142-8b23-5fe7cb294cb0/elements HTTP/1.1
User-Agent: appium/8.5.1 (selenium/4.14.0 (java windows))
Content-Length: 93
Content-Type: application/json; charset=utf-8
host: 127.0.0.1:4723
accept: */*

Response DefaultHttpResponse(decodeResult: success, version: HTTP/1.1)
HTTP/1.1 200 OK
X-Powered-By: Express
Vary: X-HTTP-Method-Override
Content-Type: application/json; charset=utf-8
Content-Length: 267
ETag: W/"10b-WhA1waklsJHd4cqOIcZ+xhs1I84"
Date: Wed, 01 Nov 2023 09:04:01 GMT
Connection: keep-alive
Keep-Alive: timeout=600

09:04:01.040 [AsyncHttpClient-1-2] DEBUG org.asynchttpclient.netty.channel.ChannelManager -- Adding key: http://127.0.0.1:4723 for channel [id: 0x01c8cbd7, L:/127.0.0.1:50782 - R:/127.0.0.1:4723]
09:04:01.042 [Forwarding clickElement on session 878f5998-f3e3-4142-8b23-5fe7cb294cb0 to remote] DEBUG org.asynchttpclient.netty.request.NettyRequestSender -- Using pooled Channel '[id: 0x01c8cbd7, L:/127.0.0.1:50782 - R:/127.0.0.1:4723]' for 'POST' to 'http://127.0.0.1:4723/session/878f5998-f3e3-4142-8b23-5fe7cb294cb0/element/00000000-0000-0179-ffff-ffff00000051/click'
09:04:01.042 [Forwarding clickElement on session 878f5998-f3e3-4142-8b23-5fe7cb294cb0 to remote] DEBUG org.asynchttpclient.netty.request.NettyRequestSender -- Using open Channel [id: 0x01c8cbd7, L:/127.0.0.1:50782 - R:/127.0.0.1:4723] for POST '/session/878f5998-f3e3-4142-8b23-5fe7cb294cb0/element/00000000-0000-0179-ffff-ffff00000051/click'
&amp#27;[38;5;0m[HTTP]&amp#27;[0m &amp#27;[37m-->&amp#27;[39m &amp#27;[37mPOST&amp#27;[39m &amp#27;[37m/session/878f5998-f3e3-4142-8b23-5fe7cb294cb0/element/00000000-0000-0179-ffff-ffff00000051/click&amp#27;[39m
&amp#27;[38;5;0m[HTTP]&amp#27;[0m &amp#27;[90m{"id":"00000000-0000-0179-ffff-ffff00000051"}&amp#27;[39m
[debug] &amp#27;[38;5;32m[AndroidUiautomator2Driver@2331 (878f5998)]&amp#27;[0m Calling AppiumDriver.click() with args: ["00000000-0000-0179-ffff-ffff00000051","878f5998-f3e3-4142-8b23-5fe7cb294cb0"]
[debug] &amp#27;[38;5;32m[AndroidUiautomator2Driver@2331 (878f5998)]&amp#27;[0m Matched '/element/00000000-0000-0179-ffff-ffff00000051/click' to command name 'click'
[debug] &amp#27;[38;5;32m[AndroidUiautomator2Driver@2331 (878f5998)]&amp#27;[0m Proxying [POST /element/00000000-0000-0179-ffff-ffff00000051/click] to [POST http://127.0.0.1:8200/session/a515db02-df7f-4145-a62c-d524aea530f9/element/00000000-0000-0179-ffff-ffff00000051/click] with body: {"element":"00000000-0000-0179-ffff-ffff00000051"}
[debug] &amp#27;[38;5;32m[AndroidUiautomator2Driver@2331 (878f5998)]&amp#27;[0m Got response with status 200: {"sessionId":"a515db02-df7f-4145-a62c-d524aea530f9","value":null}
[debug] &amp#27;[38;5;32m[AndroidUiautomator2Driver@2331 (878f5998)]&amp#27;[0m Responding to client with driver.click() result: null
&amp#27;[38;5;0m[HTTP]&amp#27;[0m &amp#27;[37m<-- POST /session/878f5998-f3e3-4142-8b23-5fe7cb294cb0/element/00000000-0000-0179-ffff-ffff00000051/click &amp#27;[39m&amp#27;[32m200&amp#27;[39m &amp#27;[90m538 ms - 14&amp#27;[39m
&amp#27;[38;5;0m[HTTP]&amp#27;[0m &amp#27;[90m&amp#27;[39m
09:04:01.582 [AsyncHttpClient-1-2] DEBUG org.asynchttpclient.netty.handler.HttpHandler -- 

Request DefaultHttpRequest(decodeResult: success, version: HTTP/1.1)
POST /session/878f5998-f3e3-4142-8b23-5fe7cb294cb0/element/00000000-0000-0179-ffff-ffff00000051/click HTTP/1.1
User-Agent: appium/8.5.1 (selenium/4.14.0 (java windows))
Content-Length: 50
Content-Type: application/json; charset=utf-8
host: 127.0.0.1:4723
accept: */*

Response DefaultHttpResponse(decodeResult: success, version: HTTP/1.1)
HTTP/1.1 200 OK
X-Powered-By: Express
Vary: X-HTTP-Method-Override
Content-Type: application/json; charset=utf-8
Content-Length: 14
ETag: W/"e-9/1BuKMgFObM1mWJm+YjxtXJnUM"
Date: Wed, 01 Nov 2023 09:04:01 GMT
Connection: keep-alive
Keep-Alive: timeout=600

09:04:01.582 [AsyncHttpClient-1-2] DEBUG org.asynchttpclient.netty.channel.ChannelManager -- Adding key: http://127.0.0.1:4723 for channel [id: 0x01c8cbd7, L:/127.0.0.1:50782 - R:/127.0.0.1:4723]
09:04:01.583 [Forwarding getCurrentContextHandle on session 878f5998-f3e3-4142-8b23-5fe7cb294cb0 to remote] DEBUG org.asynchttpclient.netty.request.NettyRequestSender -- Using pooled Channel '[id: 0x01c8cbd7, L:/127.0.0.1:50782 - R:/127.0.0.1:4723]' for 'GET' to 'http://127.0.0.1:4723/session/878f5998-f3e3-4142-8b23-5fe7cb294cb0/context'
09:04:01.583 [Forwarding getCurrentContextHandle on session 878f5998-f3e3-4142-8b23-5fe7cb294cb0 to remote] DEBUG org.asynchttpclient.netty.request.NettyRequestSender -- Using open Channel [id: 0x01c8cbd7, L:/127.0.0.1:50782 - R:/127.0.0.1:4723] for GET '/session/878f5998-f3e3-4142-8b23-5fe7cb294cb0/context'
&amp#27;[38;5;0m[HTTP]&amp#27;[0m &amp#27;[37m-->&amp#27;[39m &amp#27;[37mGET&amp#27;[39m &amp#27;[37m/session/878f5998-f3e3-4142-8b23-5fe7cb294cb0/context&amp#27;[39m
&amp#27;[38;5;0m[HTTP]&amp#27;[0m &amp#27;[90m{}&amp#27;[39m
[debug] &amp#27;[38;5;32m[AndroidUiautomator2Driver@2331 (878f5998)]&amp#27;[0m Calling AppiumDriver.getCurrentContext() with args: ["878f5998-f3e3-4142-8b23-5fe7cb294cb0"]
[debug] &amp#27;[38;5;32m[AndroidUiautomator2Driver@2331 (878f5998)]&amp#27;[0m Responding to client with driver.getCurrentContext() result: "NATIVE_APP"
&amp#27;[38;5;0m[HTTP]&amp#27;[0m &amp#27;[37m<-- GET /session/878f5998-f3e3-4142-8b23-5fe7cb294cb0/context &amp#27;[39m&amp#27;[32m200&amp#27;[39m &amp#27;[90m1 ms - 22&amp#27;[39m
09:04:01.585 [AsyncHttpClient-1-2] DEBUG org.asynchttpclient.netty.handler.HttpHandler -- 

Request DefaultFullHttpRequest(decodeResult: success, version: HTTP/1.1, content: EmptyByteBufBE)
GET /session/878f5998-f3e3-4142-8b23-5fe7cb294cb0/context HTTP/1.1
Cache-Control: no-cache
User-Agent: appium/8.5.1 (selenium/4.14.0 (java windows))
Content-Type: application/json; charset=utf-8
host: 127.0.0.1:4723
accept: */*

Response DefaultHttpResponse(decodeResult: success, version: HTTP/1.1)
HTTP/1.1 200 OK
X-Powered-By: Express
Content-Type: application/json; charset=utf-8
Content-Length: 22
ETag: W/"16-nh/61Qb9yjbegUMg89kGWIA2AIE"
Date: Wed, 01 Nov 2023 09:04:01 GMT
Connection: keep-alive
Keep-Alive: timeout=600

&amp#27;[38;5;0m[HTTP]&amp#27;[0m &amp#27;[90m&amp#27;[39m
09:04:01.585 [AsyncHttpClient-1-2] DEBUG org.asynchttpclient.netty.channel.ChannelManager -- Adding key: http://127.0.0.1:4723 for channel [id: 0x01c8cbd7, L:/127.0.0.1:50782 - R:/127.0.0.1:4723]
09:04:01.586 [Forwarding findElements on session 878f5998-f3e3-4142-8b23-5fe7cb294cb0 to remote] DEBUG org.asynchttpclient.netty.request.NettyRequestSender -- Using pooled Channel '[id: 0x01c8cbd7, L:/127.0.0.1:50782 - R:/127.0.0.1:4723]' for 'POST' to 'http://127.0.0.1:4723/session/878f5998-f3e3-4142-8b23-5fe7cb294cb0/elements'
09:04:01.586 [Forwarding findElements on session 878f5998-f3e3-4142-8b23-5fe7cb294cb0 to remote] DEBUG org.asynchttpclient.netty.request.NettyRequestSender -- Using open Channel [id: 0x01c8cbd7, L:/127.0.0.1:50782 - R:/127.0.0.1:4723] for POST '/session/878f5998-f3e3-4142-8b23-5fe7cb294cb0/elements'
&amp#27;[38;5;0m[HTTP]&amp#27;[0m &amp#27;[37m-->&amp#27;[39m &amp#27;[37mPOST&amp#27;[39m &amp#27;[37m/session/878f5998-f3e3-4142-8b23-5fe7cb294cb0/elements&amp#27;[39m
&amp#27;[38;5;0m[HTTP]&amp#27;[0m &amp#27;[90m{"using":"xpath","value":"//android.widget.TextView[@text='ADD TO CART']"}&amp#27;[39m
[debug] &amp#27;[38;5;32m[AndroidUiautomator2Driver@2331 (878f5998)]&amp#27;[0m Calling AppiumDriver.findElements() with args: ["xpath","//android.widget.TextView[@text='ADD TO CART']","878f5998-f3e3-4142-8b23-5fe7cb294cb0"]
[debug] &amp#27;[38;5;32m[AndroidUiautomator2Driver@2331 (878f5998)]&amp#27;[0m Valid locator strategies for this request: xpath, id, class name, accessibility id, css selector, -android uiautomator
[debug] &amp#27;[38;5;32m[AndroidUiautomator2Driver@2331 (878f5998)]&amp#27;[0m Waiting up to 10000 ms for condition
[debug] &amp#27;[38;5;32m[AndroidUiautomator2Driver@2331 (878f5998)]&amp#27;[0m Matched '/elements' to command name 'findElements'
[debug] &amp#27;[38;5;32m[AndroidUiautomator2Driver@2331 (878f5998)]&amp#27;[0m Proxying [POST /elements] to [POST http://127.0.0.1:8200/session/a515db02-df7f-4145-a62c-d524aea530f9/elements] with body: {"strategy":"xpath","selector":"//android.widget.TextView[@text='ADD TO CART']","context":"","multiple":true}
[debug] &amp#27;[38;5;32m[AndroidUiautomator2Driver@2331 (878f5998)]&amp#27;[0m Got response with status 200: {"sessionId":"a515db02-df7f-4145-a62c-d524aea530f9","value":[{"ELEMENT":"00000000-0000-0179-ffff-ffff00000059","element-6066-11e4-a52e-4f735466cecf":"00000000-0000-0179-ffff-ffff00000059"}]}
[debug] &amp#27;[38;5;32m[AndroidUiautomator2Driver@2331 (878f5998)]&amp#27;[0m Responding to client with driver.findElements() result: [{"element-6066-11e4-a52e-4f735466cecf":"00000000-0000-0179-ffff-ffff00000059","ELEMENT":"00000000-0000-0179-ffff-ffff00000059"}]
&amp#27;[38;5;0m[HTTP]&amp#27;[0m &amp#27;[37m<-- POST /session/878f5998-f3e3-4142-8b23-5fe7cb294cb0/elements &amp#27;[39m&amp#27;[32m200&amp#27;[39m &amp#27;[90m73 ms - 139&amp#27;[39m
&amp#27;[38;5;0m[HTTP]&amp#27;[0m &amp#27;[90m&amp#27;[39m
09:04:01.660 [AsyncHttpClient-1-2] DEBUG org.asynchttpclient.netty.handler.HttpHandler -- 

Request DefaultHttpRequest(decodeResult: success, version: HTTP/1.1)
POST /session/878f5998-f3e3-4142-8b23-5fe7cb294cb0/elements HTTP/1.1
User-Agent: appium/8.5.1 (selenium/4.14.0 (java windows))
Content-Length: 93
Content-Type: application/json; charset=utf-8
host: 127.0.0.1:4723
accept: */*

Response DefaultHttpResponse(decodeResult: success, version: HTTP/1.1)
HTTP/1.1 200 OK
X-Powered-By: Express
Vary: X-HTTP-Method-Override
Content-Type: application/json; charset=utf-8
Content-Length: 139
ETag: W/"8b-r8jXxr3vpbcH22+UjddrGr/MOPs"
Date: Wed, 01 Nov 2023 09:04:01 GMT
Connection: keep-alive
Keep-Alive: timeout=600

09:04:01.660 [AsyncHttpClient-1-2] DEBUG org.asynchttpclient.netty.channel.ChannelManager -- Adding key: http://127.0.0.1:4723 for channel [id: 0x01c8cbd7, L:/127.0.0.1:50782 - R:/127.0.0.1:4723]
09:04:01.661 [Forwarding clickElement on session 878f5998-f3e3-4142-8b23-5fe7cb294cb0 to remote] DEBUG org.asynchttpclient.netty.request.NettyRequestSender -- Using pooled Channel '[id: 0x01c8cbd7, L:/127.0.0.1:50782 - R:/127.0.0.1:4723]' for 'POST' to 'http://127.0.0.1:4723/session/878f5998-f3e3-4142-8b23-5fe7cb294cb0/element/00000000-0000-0179-ffff-ffff00000059/click'
09:04:01.661 [Forwarding clickElement on session 878f5998-f3e3-4142-8b23-5fe7cb294cb0 to remote] DEBUG org.asynchttpclient.netty.request.NettyRequestSender -- Using open Channel [id: 0x01c8cbd7, L:/127.0.0.1:50782 - R:/127.0.0.1:4723] for POST '/session/878f5998-f3e3-4142-8b23-5fe7cb294cb0/element/00000000-0000-0179-ffff-ffff00000059/click'
&amp#27;[38;5;0m[HTTP]&amp#27;[0m &amp#27;[37m-->&amp#27;[39m &amp#27;[37mPOST&amp#27;[39m &amp#27;[37m/session/878f5998-f3e3-4142-8b23-5fe7cb294cb0/element/00000000-0000-0179-ffff-ffff00000059/click&amp#27;[39m
&amp#27;[38;5;0m[HTTP]&amp#27;[0m &amp#27;[90m{"id":"00000000-0000-0179-ffff-ffff00000059"}&amp#27;[39m
[debug] &amp#27;[38;5;32m[AndroidUiautomator2Driver@2331 (878f5998)]&amp#27;[0m Calling AppiumDriver.click() with args: ["00000000-0000-0179-ffff-ffff00000059","878f5998-f3e3-4142-8b23-5fe7cb294cb0"]
[debug] &amp#27;[38;5;32m[AndroidUiautomator2Driver@2331 (878f5998)]&amp#27;[0m Matched '/element/00000000-0000-0179-ffff-ffff00000059/click' to command name 'click'
[debug] &amp#27;[38;5;32m[AndroidUiautomator2Driver@2331 (878f5998)]&amp#27;[0m Proxying [POST /element/00000000-0000-0179-ffff-ffff00000059/click] to [POST http://127.0.0.1:8200/session/a515db02-df7f-4145-a62c-d524aea530f9/element/00000000-0000-0179-ffff-ffff00000059/click] with body: {"element":"00000000-0000-0179-ffff-ffff00000059"}
[debug] &amp#27;[38;5;32m[AndroidUiautomator2Driver@2331 (878f5998)]&amp#27;[0m Got response with status 200: {"sessionId":"a515db02-df7f-4145-a62c-d524aea530f9","value":null}
[debug] &amp#27;[38;5;32m[AndroidUiautomator2Driver@2331 (878f5998)]&amp#27;[0m Responding to client with driver.click() result: null
&amp#27;[38;5;0m[HTTP]&amp#27;[0m &amp#27;[37m<-- POST /session/878f5998-f3e3-4142-8b23-5fe7cb294cb0/element/00000000-0000-0179-ffff-ffff00000059/click &amp#27;[39m&amp#27;[32m200&amp#27;[39m &amp#27;[90m629 ms - 14&amp#27;[39m
&amp#27;[38;5;0m[HTTP]&amp#27;[0m &amp#27;[90m&amp#27;[39m
09:04:02.291 [AsyncHttpClient-1-2] DEBUG org.asynchttpclient.netty.handler.HttpHandler -- 

Request DefaultHttpRequest(decodeResult: success, version: HTTP/1.1)
POST /session/878f5998-f3e3-4142-8b23-5fe7cb294cb0/element/00000000-0000-0179-ffff-ffff00000059/click HTTP/1.1
User-Agent: appium/8.5.1 (selenium/4.14.0 (java windows))
Content-Length: 50
Content-Type: application/json; charset=utf-8
host: 127.0.0.1:4723
accept: */*

Response DefaultHttpResponse(decodeResult: success, version: HTTP/1.1)
HTTP/1.1 200 OK
X-Powered-By: Express
Vary: X-HTTP-Method-Override
Content-Type: application/json; charset=utf-8
Content-Length: 14
ETag: W/"e-9/1BuKMgFObM1mWJm+YjxtXJnUM"
Date: Wed, 01 Nov 2023 09:04:02 GMT
Connection: keep-alive
Keep-Alive: timeout=600

09:04:02.291 [AsyncHttpClient-1-2] DEBUG org.asynchttpclient.netty.channel.ChannelManager -- Adding key: http://127.0.0.1:4723 for channel [id: 0x01c8cbd7, L:/127.0.0.1:50782 - R:/127.0.0.1:4723]
09:04:02.292 [Forwarding getCurrentContextHandle on session 878f5998-f3e3-4142-8b23-5fe7cb294cb0 to remote] DEBUG org.asynchttpclient.netty.request.NettyRequestSender -- Using pooled Channel '[id: 0x01c8cbd7, L:/127.0.0.1:50782 - R:/127.0.0.1:4723]' for 'GET' to 'http://127.0.0.1:4723/session/878f5998-f3e3-4142-8b23-5fe7cb294cb0/context'
09:04:02.292 [Forwarding getCurrentContextHandle on session 878f5998-f3e3-4142-8b23-5fe7cb294cb0 to remote] DEBUG org.asynchttpclient.netty.request.NettyRequestSender -- Using open Channel [id: 0x01c8cbd7, L:/127.0.0.1:50782 - R:/127.0.0.1:4723] for GET '/session/878f5998-f3e3-4142-8b23-5fe7cb294cb0/context'
&amp#27;[38;5;0m[HTTP]&amp#27;[0m &amp#27;[37m-->&amp#27;[39m &amp#27;[37mGET&amp#27;[39m &amp#27;[37m/session/878f5998-f3e3-4142-8b23-5fe7cb294cb0/context&amp#27;[39m
&amp#27;[38;5;0m[HTTP]&amp#27;[0m &amp#27;[90m{}&amp#27;[39m
[debug] &amp#27;[38;5;32m[AndroidUiautomator2Driver@2331 (878f5998)]&amp#27;[0m Calling AppiumDriver.getCurrentContext() with args: ["878f5998-f3e3-4142-8b23-5fe7cb294cb0"]
[debug] &amp#27;[38;5;32m[AndroidUiautomator2Driver@2331 (878f5998)]&amp#27;[0m Responding to client with driver.getCurrentContext() result: "NATIVE_APP"
&amp#27;[38;5;0m[HTTP]&amp#27;[0m &amp#27;[37m<-- GET /session/878f5998-f3e3-4142-8b23-5fe7cb294cb0/context &amp#27;[39m&amp#27;[32m200&amp#27;[39m &amp#27;[90m1 ms - 22&amp#27;[39m
&amp#27;[38;5;0m[HTTP]&amp#27;[0m &amp#27;[90m&amp#27;[39m
09:04:02.294 [AsyncHttpClient-1-2] DEBUG org.asynchttpclient.netty.handler.HttpHandler -- 

Request DefaultFullHttpRequest(decodeResult: success, version: HTTP/1.1, content: EmptyByteBufBE)
GET /session/878f5998-f3e3-4142-8b23-5fe7cb294cb0/context HTTP/1.1
Cache-Control: no-cache
User-Agent: appium/8.5.1 (selenium/4.14.0 (java windows))
Content-Type: application/json; charset=utf-8
host: 127.0.0.1:4723
accept: */*

Response DefaultHttpResponse(decodeResult: success, version: HTTP/1.1)
HTTP/1.1 200 OK
X-Powered-By: Express
Content-Type: application/json; charset=utf-8
Content-Length: 22
ETag: W/"16-nh/61Qb9yjbegUMg89kGWIA2AIE"
Date: Wed, 01 Nov 2023 09:04:02 GMT
Connection: keep-alive
Keep-Alive: timeout=600

09:04:02.294 [AsyncHttpClient-1-2] DEBUG org.asynchttpclient.netty.channel.ChannelManager -- Adding key: http://127.0.0.1:4723 for channel [id: 0x01c8cbd7, L:/127.0.0.1:50782 - R:/127.0.0.1:4723]
09:04:02.295 [Forwarding findElement on session 878f5998-f3e3-4142-8b23-5fe7cb294cb0 to remote] DEBUG org.asynchttpclient.netty.request.NettyRequestSender -- Using pooled Channel '[id: 0x01c8cbd7, L:/127.0.0.1:50782 - R:/127.0.0.1:4723]' for 'POST' to 'http://127.0.0.1:4723/session/878f5998-f3e3-4142-8b23-5fe7cb294cb0/element'
09:04:02.295 [Forwarding findElement on session 878f5998-f3e3-4142-8b23-5fe7cb294cb0 to remote] DEBUG org.asynchttpclient.netty.request.NettyRequestSender -- Using open Channel [id: 0x01c8cbd7, L:/127.0.0.1:50782 - R:/127.0.0.1:4723] for POST '/session/878f5998-f3e3-4142-8b23-5fe7cb294cb0/element'
&amp#27;[38;5;0m[HTTP]&amp#27;[0m &amp#27;[37m-->&amp#27;[39m &amp#27;[37mPOST&amp#27;[39m &amp#27;[37m/session/878f5998-f3e3-4142-8b23-5fe7cb294cb0/element&amp#27;[39m
&amp#27;[38;5;0m[HTTP]&amp#27;[0m &amp#27;[90m{"using":"id","value":"com.androidsample.generalstore:id/appbar_btn_cart"}&amp#27;[39m
[debug] &amp#27;[38;5;32m[AndroidUiautomator2Driver@2331 (878f5998)]&amp#27;[0m Calling AppiumDriver.findElement() with args: ["id","com.androidsample.generalstore:id/appbar_btn_cart","878f5998-f3e3-4142-8b23-5fe7cb294cb0"]
[debug] &amp#27;[38;5;32m[AndroidUiautomator2Driver@2331 (878f5998)]&amp#27;[0m Valid locator strategies for this request: xpath, id, class name, accessibility id, css selector, -android uiautomator
[debug] &amp#27;[38;5;32m[AndroidUiautomator2Driver@2331 (878f5998)]&amp#27;[0m Waiting up to 10000 ms for condition
[debug] &amp#27;[38;5;32m[AndroidUiautomator2Driver@2331 (878f5998)]&amp#27;[0m Matched '/element' to command name 'findElement'
[debug] &amp#27;[38;5;32m[AndroidUiautomator2Driver@2331 (878f5998)]&amp#27;[0m Proxying [POST /element] to [POST http://127.0.0.1:8200/session/a515db02-df7f-4145-a62c-d524aea530f9/element] with body: {"strategy":"id","selector":"com.androidsample.generalstore:id/appbar_btn_cart","context":"","multiple":false}
[debug] &amp#27;[38;5;32m[AndroidUiautomator2Driver@2331 (878f5998)]&amp#27;[0m Got response with status 200: {"sessionId":"a515db02-df7f-4145-a62c-d524aea530f9","value":{"ELEMENT":"00000000-0000-0179-ffff-ffff00000044","element-6066-11e4-a52e-4f735466cecf":"00000000-0000-0179-ffff-ffff00000044"}}
[debug] &amp#27;[38;5;32m[AndroidUiautomator2Driver@2331 (878f5998)]&amp#27;[0m Responding to client with driver.findElement() result: {"element-6066-11e4-a52e-4f735466cecf":"00000000-0000-0179-ffff-ffff00000044","ELEMENT":"00000000-0000-0179-ffff-ffff00000044"}
&amp#27;[38;5;0m[HTTP]&amp#27;[0m &amp#27;[37m<-- POST /session/878f5998-f3e3-4142-8b23-5fe7cb294cb0/element &amp#27;[39m&amp#27;[32m200&amp#27;[39m &amp#27;[90m20 ms - 137&amp#27;[39m
&amp#27;[38;5;0m[HTTP]&amp#27;[0m &amp#27;[90m&amp#27;[39m
09:04:02.317 [AsyncHttpClient-1-2] DEBUG org.asynchttpclient.netty.handler.HttpHandler -- 

Request DefaultHttpRequest(decodeResult: success, version: HTTP/1.1)
POST /session/878f5998-f3e3-4142-8b23-5fe7cb294cb0/element HTTP/1.1
User-Agent: appium/8.5.1 (selenium/4.14.0 (java windows))
Content-Length: 88
Content-Type: application/json; charset=utf-8
host: 127.0.0.1:4723
accept: */*

Response DefaultHttpResponse(decodeResult: success, version: HTTP/1.1)
HTTP/1.1 200 OK
X-Powered-By: Express
Vary: X-HTTP-Method-Override
Content-Type: application/json; charset=utf-8
Content-Length: 137
ETag: W/"89-iySpA0v8ZJfO7Kh4/oZtg1i05HI"
Date: Wed, 01 Nov 2023 09:04:02 GMT
Connection: keep-alive
Keep-Alive: timeout=600

09:04:02.317 [AsyncHttpClient-1-2] DEBUG org.asynchttpclient.netty.channel.ChannelManager -- Adding key: http://127.0.0.1:4723 for channel [id: 0x01c8cbd7, L:/127.0.0.1:50782 - R:/127.0.0.1:4723]
09:04:02.318 [Forwarding clickElement on session 878f5998-f3e3-4142-8b23-5fe7cb294cb0 to remote] DEBUG org.asynchttpclient.netty.request.NettyRequestSender -- Using pooled Channel '[id: 0x01c8cbd7, L:/127.0.0.1:50782 - R:/127.0.0.1:4723]' for 'POST' to 'http://127.0.0.1:4723/session/878f5998-f3e3-4142-8b23-5fe7cb294cb0/element/00000000-0000-0179-ffff-ffff00000044/click'
09:04:02.318 [Forwarding clickElement on session 878f5998-f3e3-4142-8b23-5fe7cb294cb0 to remote] DEBUG org.asynchttpclient.netty.request.NettyRequestSender -- Using open Channel [id: 0x01c8cbd7, L:/127.0.0.1:50782 - R:/127.0.0.1:4723] for POST '/session/878f5998-f3e3-4142-8b23-5fe7cb294cb0/element/00000000-0000-0179-ffff-ffff00000044/click'
&amp#27;[38;5;0m[HTTP]&amp#27;[0m &amp#27;[37m-->&amp#27;[39m &amp#27;[37mPOST&amp#27;[39m &amp#27;[37m/session/878f5998-f3e3-4142-8b23-5fe7cb294cb0/element/00000000-0000-0179-ffff-ffff00000044/click&amp#27;[39m
&amp#27;[38;5;0m[HTTP]&amp#27;[0m &amp#27;[90m{"id":"00000000-0000-0179-ffff-ffff00000044"}&amp#27;[39m
[debug] &amp#27;[38;5;32m[AndroidUiautomator2Driver@2331 (878f5998)]&amp#27;[0m Calling AppiumDriver.click() with args: ["00000000-0000-0179-ffff-ffff00000044","878f5998-f3e3-4142-8b23-5fe7cb294cb0"]
[debug] &amp#27;[38;5;32m[AndroidUiautomator2Driver@2331 (878f5998)]&amp#27;[0m Matched '/element/00000000-0000-0179-ffff-ffff00000044/click' to command name 'click'
[debug] &amp#27;[38;5;32m[AndroidUiautomator2Driver@2331 (878f5998)]&amp#27;[0m Proxying [POST /element/00000000-0000-0179-ffff-ffff00000044/click] to [POST http://127.0.0.1:8200/session/a515db02-df7f-4145-a62c-d524aea530f9/element/00000000-0000-0179-ffff-ffff00000044/click] with body: {"element":"00000000-0000-0179-ffff-ffff00000044"}
[debug] &amp#27;[38;5;32m[AndroidUiautomator2Driver@2331 (878f5998)]&amp#27;[0m Got response with status 200: {"sessionId":"a515db02-df7f-4145-a62c-d524aea530f9","value":null}
[debug] &amp#27;[38;5;32m[AndroidUiautomator2Driver@2331 (878f5998)]&amp#27;[0m Responding to client with driver.click() result: null
&amp#27;[38;5;0m[HTTP]&amp#27;[0m &amp#27;[37m<-- POST /session/878f5998-f3e3-4142-8b23-5fe7cb294cb0/element/00000000-0000-0179-ffff-ffff00000044/click &amp#27;[39m&amp#27;[32m200&amp#27;[39m &amp#27;[90m53 ms - 14&amp#27;[39m
&amp#27;[38;5;0m[HTTP]&amp#27;[0m &amp#27;[90m&amp#27;[39m
09:04:02.371 [AsyncHttpClient-1-2] DEBUG org.asynchttpclient.netty.handler.HttpHandler -- 

Request DefaultHttpRequest(decodeResult: success, version: HTTP/1.1)
POST /session/878f5998-f3e3-4142-8b23-5fe7cb294cb0/element/00000000-0000-0179-ffff-ffff00000044/click HTTP/1.1
User-Agent: appium/8.5.1 (selenium/4.14.0 (java windows))
Content-Length: 50
Content-Type: application/json; charset=utf-8
host: 127.0.0.1:4723
accept: */*

Response DefaultHttpResponse(decodeResult: success, version: HTTP/1.1)
HTTP/1.1 200 OK
X-Powered-By: Express
Vary: X-HTTP-Method-Override
Content-Type: application/json; charset=utf-8
Content-Length: 14
ETag: W/"e-9/1BuKMgFObM1mWJm+YjxtXJnUM"
Date: Wed, 01 Nov 2023 09:04:02 GMT
Connection: keep-alive
Keep-Alive: timeout=600

09:04:02.371 [AsyncHttpClient-1-2] DEBUG org.asynchttpclient.netty.channel.ChannelManager -- Adding key: http://127.0.0.1:4723 for channel [id: 0x01c8cbd7, L:/127.0.0.1:50782 - R:/127.0.0.1:4723]
09:04:02.532 [Forwarding getCurrentContextHandle on session 878f5998-f3e3-4142-8b23-5fe7cb294cb0 to remote] DEBUG org.asynchttpclient.netty.request.NettyRequestSender -- Using pooled Channel '[id: 0x01c8cbd7, L:/127.0.0.1:50782 - R:/127.0.0.1:4723]' for 'GET' to 'http://127.0.0.1:4723/session/878f5998-f3e3-4142-8b23-5fe7cb294cb0/context'
09:04:02.532 [Forwarding getCurrentContextHandle on session 878f5998-f3e3-4142-8b23-5fe7cb294cb0 to remote] DEBUG org.asynchttpclient.netty.request.NettyRequestSender -- Using open Channel [id: 0x01c8cbd7, L:/127.0.0.1:50782 - R:/127.0.0.1:4723] for GET '/session/878f5998-f3e3-4142-8b23-5fe7cb294cb0/context'
&amp#27;[38;5;0m[HTTP]&amp#27;[0m &amp#27;[37m-->&amp#27;[39m &amp#27;[37mGET&amp#27;[39m &amp#27;[37m/session/878f5998-f3e3-4142-8b23-5fe7cb294cb0/context&amp#27;[39m
&amp#27;[38;5;0m[HTTP]&amp#27;[0m &amp#27;[90m{}&amp#27;[39m
[debug] &amp#27;[38;5;32m[AndroidUiautomator2Driver@2331 (878f5998)]&amp#27;[0m Calling AppiumDriver.getCurrentContext() with args: ["878f5998-f3e3-4142-8b23-5fe7cb294cb0"]
[debug] &amp#27;[38;5;32m[AndroidUiautomator2Driver@2331 (878f5998)]&amp#27;[0m Responding to client with driver.getCurrentContext() result: "NATIVE_APP"
&amp#27;[38;5;0m[HTTP]&amp#27;[0m &amp#27;[37m<-- GET /session/878f5998-f3e3-4142-8b23-5fe7cb294cb0/context &amp#27;[39m&amp#27;[32m200&amp#27;[39m &amp#27;[90m2 ms - 22&amp#27;[39m
&amp#27;[38;5;0m[HTTP]&amp#27;[0m &amp#27;[90m&amp#27;[39m
09:04:02.536 [AsyncHttpClient-1-2] DEBUG org.asynchttpclient.netty.handler.HttpHandler -- 

Request DefaultFullHttpRequest(decodeResult: success, version: HTTP/1.1, content: EmptyByteBufBE)
GET /session/878f5998-f3e3-4142-8b23-5fe7cb294cb0/context HTTP/1.1
Cache-Control: no-cache
User-Agent: appium/8.5.1 (selenium/4.14.0 (java windows))
Content-Type: application/json; charset=utf-8
host: 127.0.0.1:4723
accept: */*

Response DefaultHttpResponse(decodeResult: success, version: HTTP/1.1)
HTTP/1.1 200 OK
X-Powered-By: Express
Content-Type: application/json; charset=utf-8
Content-Length: 22
ETag: W/"16-nh/61Qb9yjbegUMg89kGWIA2AIE"
Date: Wed, 01 Nov 2023 09:04:02 GMT
Connection: keep-alive
Keep-Alive: timeout=600

09:04:02.537 [AsyncHttpClient-1-2] DEBUG org.asynchttpclient.netty.channel.ChannelManager -- Adding key: http://127.0.0.1:4723 for channel [id: 0x01c8cbd7, L:/127.0.0.1:50782 - R:/127.0.0.1:4723]
09:04:02.538 [Forwarding findElements on session 878f5998-f3e3-4142-8b23-5fe7cb294cb0 to remote] DEBUG org.asynchttpclient.netty.request.NettyRequestSender -- Using pooled Channel '[id: 0x01c8cbd7, L:/127.0.0.1:50782 - R:/127.0.0.1:4723]' for 'POST' to 'http://127.0.0.1:4723/session/878f5998-f3e3-4142-8b23-5fe7cb294cb0/elements'
09:04:02.539 [Forwarding findElements on session 878f5998-f3e3-4142-8b23-5fe7cb294cb0 to remote] DEBUG org.asynchttpclient.netty.request.NettyRequestSender -- Using open Channel [id: 0x01c8cbd7, L:/127.0.0.1:50782 - R:/127.0.0.1:4723] for POST '/session/878f5998-f3e3-4142-8b23-5fe7cb294cb0/elements'
&amp#27;[38;5;0m[HTTP]&amp#27;[0m &amp#27;[37m-->&amp#27;[39m &amp#27;[37mPOST&amp#27;[39m &amp#27;[37m/session/878f5998-f3e3-4142-8b23-5fe7cb294cb0/elements&amp#27;[39m
&amp#27;[38;5;0m[HTTP]&amp#27;[0m &amp#27;[90m{"using":"id","value":"com.androidsample.generalstore:id/productPrice"}&amp#27;[39m
[debug] &amp#27;[38;5;32m[AndroidUiautomator2Driver@2331 (878f5998)]&amp#27;[0m Calling AppiumDriver.findElements() with args: ["id","com.androidsample.generalstore:id/productPrice","878f5998-f3e3-4142-8b23-5fe7cb294cb0"]
[debug] &amp#27;[38;5;32m[AndroidUiautomator2Driver@2331 (878f5998)]&amp#27;[0m Valid locator strategies for this request: xpath, id, class name, accessibility id, css selector, -android uiautomator
[debug] &amp#27;[38;5;32m[AndroidUiautomator2Driver@2331 (878f5998)]&amp#27;[0m Waiting up to 10000 ms for condition
[debug] &amp#27;[38;5;32m[AndroidUiautomator2Driver@2331 (878f5998)]&amp#27;[0m Matched '/elements' to command name 'findElements'
[debug] &amp#27;[38;5;32m[AndroidUiautomator2Driver@2331 (878f5998)]&amp#27;[0m Proxying [POST /elements] to [POST http://127.0.0.1:8200/session/a515db02-df7f-4145-a62c-d524aea530f9/elements] with body: {"strategy":"id","selector":"com.androidsample.generalstore:id/productPrice","context":"","multiple":true}
[debug] &amp#27;[38;5;32m[AndroidUiautomator2Driver@2331 (878f5998)]&amp#27;[0m Got response with status 200: {"sessionId":"a515db02-df7f-4145-a62c-d524aea530f9","value":[{"ELEMENT":"00000000-0000-017a-ffff-ffff00000086","element-6066-11e4-a52e-4f735466cecf":"00000000-0000-017a-ffff-ffff00000086"},{"ELEMENT":"00000000-0000-017a-ffff-ffff0000008e","element-6066-11e4-a52e-4f735466cecf":"00000000-0000-017a-ffff-ffff0000008e"}]}
[debug] &amp#27;[38;5;32m[AndroidUiautomator2Driver@2331 (878f5998)]&amp#27;[0m Responding to client with driver.findElements() result: [{"element-6066-11e4-a52e-4f735466cecf":"00000000-0000-017a-ffff-ffff00000086","ELEMENT":"00000000-0000-017a-ffff-ffff00000086"},{"element-6066-11e4-a52e-4f735466cecf":"00000000-0000-017a-ffff-ffff0000008e","ELEMENT":"00000000-0000-017a-ffff-ffff0000008e"}]
&amp#27;[38;5;0m[HTTP]&amp#27;[0m &amp#27;[37m<-- POST /session/878f5998-f3e3-4142-8b23-5fe7cb294cb0/elements &amp#27;[39m&amp#27;[32m200&amp#27;[39m &amp#27;[90m1092 ms - 267&amp#27;[39m
&amp#27;[38;5;0m[HTTP]&amp#27;[0m &amp#27;[90m&amp#27;[39m
09:04:03.632 [AsyncHttpClient-1-2] DEBUG org.asynchttpclient.netty.handler.HttpHandler -- 

Request DefaultHttpRequest(decodeResult: success, version: HTTP/1.1)
POST /session/878f5998-f3e3-4142-8b23-5fe7cb294cb0/elements HTTP/1.1
User-Agent: appium/8.5.1 (selenium/4.14.0 (java windows))
Content-Length: 85
Content-Type: application/json; charset=utf-8
host: 127.0.0.1:4723
accept: */*

Response DefaultHttpResponse(decodeResult: success, version: HTTP/1.1)
HTTP/1.1 200 OK
X-Powered-By: Express
Vary: X-HTTP-Method-Override
Content-Type: application/json; charset=utf-8
Content-Length: 267
ETag: W/"10b-TBgVaknsFGhSr7/29flEkFg4x7s"
Date: Wed, 01 Nov 2023 09:04:03 GMT
Connection: keep-alive
Keep-Alive: timeout=600

09:04:03.633 [AsyncHttpClient-1-2] DEBUG org.asynchttpclient.netty.channel.ChannelManager -- Adding key: http://127.0.0.1:4723 for channel [id: 0x01c8cbd7, L:/127.0.0.1:50782 - R:/127.0.0.1:4723]
09:04:03.634 [Forwarding getCurrentContextHandle on session 878f5998-f3e3-4142-8b23-5fe7cb294cb0 to remote] DEBUG org.asynchttpclient.netty.request.NettyRequestSender -- Using pooled Channel '[id: 0x01c8cbd7, L:/127.0.0.1:50782 - R:/127.0.0.1:4723]' for 'GET' to 'http://127.0.0.1:4723/session/878f5998-f3e3-4142-8b23-5fe7cb294cb0/context'
09:04:03.634 [Forwarding getCurrentContextHandle on session 878f5998-f3e3-4142-8b23-5fe7cb294cb0 to remote] DEBUG org.asynchttpclient.netty.request.NettyRequestSender -- Using open Channel [id: 0x01c8cbd7, L:/127.0.0.1:50782 - R:/127.0.0.1:4723] for GET '/session/878f5998-f3e3-4142-8b23-5fe7cb294cb0/context'
&amp#27;[38;5;0m[HTTP]&amp#27;[0m &amp#27;[37m-->&amp#27;[39m &amp#27;[37mGET&amp#27;[39m &amp#27;[37m/session/878f5998-f3e3-4142-8b23-5fe7cb294cb0/context&amp#27;[39m
&amp#27;[38;5;0m[HTTP]&amp#27;[0m &amp#27;[90m{}&amp#27;[39m
[debug] &amp#27;[38;5;32m[AndroidUiautomator2Driver@2331 (878f5998)]&amp#27;[0m Calling AppiumDriver.getCurrentContext() with args: ["878f5998-f3e3-4142-8b23-5fe7cb294cb0"]
[debug] &amp#27;[38;5;32m[AndroidUiautomator2Driver@2331 (878f5998)]&amp#27;[0m Responding to client with driver.getCurrentContext() result: "NATIVE_APP"
&amp#27;[38;5;0m[HTTP]&amp#27;[0m &amp#27;[37m<-- GET /session/878f5998-f3e3-4142-8b23-5fe7cb294cb0/context &amp#27;[39m&amp#27;[32m200&amp#27;[39m &amp#27;[90m1 ms - 22&amp#27;[39m
&amp#27;[38;5;0m[HTTP]&amp#27;[0m &amp#27;[90m&amp#27;[39m
09:04:03.636 [AsyncHttpClient-1-2] DEBUG org.asynchttpclient.netty.handler.HttpHandler -- 

Request DefaultFullHttpRequest(decodeResult: success, version: HTTP/1.1, content: EmptyByteBufBE)
GET /session/878f5998-f3e3-4142-8b23-5fe7cb294cb0/context HTTP/1.1
Cache-Control: no-cache
User-Agent: appium/8.5.1 (selenium/4.14.0 (java windows))
Content-Type: application/json; charset=utf-8
host: 127.0.0.1:4723
accept: */*

Response DefaultHttpResponse(decodeResult: success, version: HTTP/1.1)
HTTP/1.1 200 OK
X-Powered-By: Express
Content-Type: application/json; charset=utf-8
Content-Length: 22
ETag: W/"16-nh/61Qb9yjbegUMg89kGWIA2AIE"
Date: Wed, 01 Nov 2023 09:04:03 GMT
Connection: keep-alive
Keep-Alive: timeout=600

09:04:03.636 [AsyncHttpClient-1-2] DEBUG org.asynchttpclient.netty.channel.ChannelManager -- Adding key: http://127.0.0.1:4723 for channel [id: 0x01c8cbd7, L:/127.0.0.1:50782 - R:/127.0.0.1:4723]
09:04:03.636 [Forwarding findElements on session 878f5998-f3e3-4142-8b23-5fe7cb294cb0 to remote] DEBUG org.asynchttpclient.netty.request.NettyRequestSender -- Using pooled Channel '[id: 0x01c8cbd7, L:/127.0.0.1:50782 - R:/127.0.0.1:4723]' for 'POST' to 'http://127.0.0.1:4723/session/878f5998-f3e3-4142-8b23-5fe7cb294cb0/elements'
09:04:03.637 [Forwarding findElements on session 878f5998-f3e3-4142-8b23-5fe7cb294cb0 to remote] DEBUG org.asynchttpclient.netty.request.NettyRequestSender -- Using open Channel [id: 0x01c8cbd7, L:/127.0.0.1:50782 - R:/127.0.0.1:4723] for POST '/session/878f5998-f3e3-4142-8b23-5fe7cb294cb0/elements'
&amp#27;[38;5;0m[HTTP]&amp#27;[0m &amp#27;[37m-->&amp#27;[39m &amp#27;[37mPOST&amp#27;[39m &amp#27;[37m/session/878f5998-f3e3-4142-8b23-5fe7cb294cb0/elements&amp#27;[39m
&amp#27;[38;5;0m[HTTP]&amp#27;[0m &amp#27;[90m{"using":"id","value":"com.androidsample.generalstore:id/productPrice"}&amp#27;[39m
[debug] &amp#27;[38;5;32m[AndroidUiautomator2Driver@2331 (878f5998)]&amp#27;[0m Calling AppiumDriver.findElements() with args: ["id","com.androidsample.generalstore:id/productPrice","878f5998-f3e3-4142-8b23-5fe7cb294cb0"]
[debug] &amp#27;[38;5;32m[AndroidUiautomator2Driver@2331 (878f5998)]&amp#27;[0m Valid locator strategies for this request: xpath, id, class name, accessibility id, css selector, -android uiautomator
[debug] &amp#27;[38;5;32m[AndroidUiautomator2Driver@2331 (878f5998)]&amp#27;[0m Waiting up to 10000 ms for condition
[debug] &amp#27;[38;5;32m[AndroidUiautomator2Driver@2331 (878f5998)]&amp#27;[0m Matched '/elements' to command name 'findElements'
[debug] &amp#27;[38;5;32m[AndroidUiautomator2Driver@2331 (878f5998)]&amp#27;[0m Proxying [POST /elements] to [POST http://127.0.0.1:8200/session/a515db02-df7f-4145-a62c-d524aea530f9/elements] with body: {"strategy":"id","selector":"com.androidsample.generalstore:id/productPrice","context":"","multiple":true}
[debug] &amp#27;[38;5;32m[AndroidUiautomator2Driver@2331 (878f5998)]&amp#27;[0m Got response with status 200: {"sessionId":"a515db02-df7f-4145-a62c-d524aea530f9","value":[{"ELEMENT":"00000000-0000-017a-ffff-ffff00000086","element-6066-11e4-a52e-4f735466cecf":"00000000-0000-017a-ffff-ffff00000086"},{"ELEMENT":"00000000-0000-017a-ffff-ffff0000008e","element-6066-11e4-a52e-4f735466cecf":"00000000-0000-017a-ffff-ffff0000008e"}]}
[debug] &amp#27;[38;5;32m[AndroidUiautomator2Driver@2331 (878f5998)]&amp#27;[0m Responding to client with driver.findElements() result: [{"element-6066-11e4-a52e-4f735466cecf":"00000000-0000-017a-ffff-ffff00000086","ELEMENT":"00000000-0000-017a-ffff-ffff00000086"},{"element-6066-11e4-a52e-4f735466cecf":"00000000-0000-017a-ffff-ffff0000008e","ELEMENT":"00000000-0000-017a-ffff-ffff0000008e"}]
&amp#27;[38;5;0m[HTTP]&amp#27;[0m &amp#27;[37m<-- POST /session/878f5998-f3e3-4142-8b23-5fe7cb294cb0/elements &amp#27;[39m&amp#27;[32m200&amp#27;[39m &amp#27;[90m43 ms - 267&amp#27;[39m
&amp#27;[38;5;0m[HTTP]&amp#27;[0m &amp#27;[90m&amp#27;[39m
09:04:03.681 [AsyncHttpClient-1-2] DEBUG org.asynchttpclient.netty.handler.HttpHandler -- 

Request DefaultHttpRequest(decodeResult: success, version: HTTP/1.1)
POST /session/878f5998-f3e3-4142-8b23-5fe7cb294cb0/elements HTTP/1.1
User-Agent: appium/8.5.1 (selenium/4.14.0 (java windows))
Content-Length: 85
Content-Type: application/json; charset=utf-8
host: 127.0.0.1:4723
accept: */*

Response DefaultHttpResponse(decodeResult: success, version: HTTP/1.1)
HTTP/1.1 200 OK
X-Powered-By: Express
Vary: X-HTTP-Method-Override
Content-Type: application/json; charset=utf-8
Content-Length: 267
ETag: W/"10b-TBgVaknsFGhSr7/29flEkFg4x7s"
Date: Wed, 01 Nov 2023 09:04:03 GMT
Connection: keep-alive
Keep-Alive: timeout=600

09:04:03.681 [AsyncHttpClient-1-2] DEBUG org.asynchttpclient.netty.channel.ChannelManager -- Adding key: http://127.0.0.1:4723 for channel [id: 0x01c8cbd7, L:/127.0.0.1:50782 - R:/127.0.0.1:4723]
09:04:03.682 [Forwarding getElementText on session 878f5998-f3e3-4142-8b23-5fe7cb294cb0 to remote] DEBUG org.asynchttpclient.netty.request.NettyRequestSender -- Using pooled Channel '[id: 0x01c8cbd7, L:/127.0.0.1:50782 - R:/127.0.0.1:4723]' for 'GET' to 'http://127.0.0.1:4723/session/878f5998-f3e3-4142-8b23-5fe7cb294cb0/element/00000000-0000-017a-ffff-ffff00000086/text'
09:04:03.682 [Forwarding getElementText on session 878f5998-f3e3-4142-8b23-5fe7cb294cb0 to remote] DEBUG org.asynchttpclient.netty.request.NettyRequestSender -- Using open Channel [id: 0x01c8cbd7, L:/127.0.0.1:50782 - R:/127.0.0.1:4723] for GET '/session/878f5998-f3e3-4142-8b23-5fe7cb294cb0/element/00000000-0000-017a-ffff-ffff00000086/text'
&amp#27;[38;5;0m[HTTP]&amp#27;[0m &amp#27;[37m-->&amp#27;[39m &amp#27;[37mGET&amp#27;[39m &amp#27;[37m/session/878f5998-f3e3-4142-8b23-5fe7cb294cb0/element/00000000-0000-017a-ffff-ffff00000086/text&amp#27;[39m
&amp#27;[38;5;0m[HTTP]&amp#27;[0m &amp#27;[90m{}&amp#27;[39m
&amp#27;[38;5;32m[AndroidUiautomator2Driver@2331 (878f5998)]&amp#27;[0m Driver proxy active, passing request on via HTTP proxy
[debug] &amp#27;[38;5;32m[AndroidUiautomator2Driver@2331 (878f5998)]&amp#27;[0m Matched '/session/878f5998-f3e3-4142-8b23-5fe7cb294cb0/element/00000000-0000-017a-ffff-ffff00000086/text' to command name 'getText'
[debug] &amp#27;[38;5;32m[AndroidUiautomator2Driver@2331 (878f5998)]&amp#27;[0m Proxying [GET /session/878f5998-f3e3-4142-8b23-5fe7cb294cb0/element/00000000-0000-017a-ffff-ffff00000086/text] to [GET http://127.0.0.1:8200/session/a515db02-df7f-4145-a62c-d524aea530f9/element/00000000-0000-017a-ffff-ffff00000086/text] with no body
[debug] &amp#27;[38;5;32m[AndroidUiautomator2Driver@2331 (878f5998)]&amp#27;[0m Got response with status 200: {"sessionId":"a515db02-df7f-4145-a62c-d524aea530f9","value":"$160.97"}
&amp#27;[38;5;32m[AndroidUiautomator2Driver@2331 (878f5998)]&amp#27;[0m Replacing sessionId a515db02-df7f-4145-a62c-d524aea530f9 with 878f5998-f3e3-4142-8b23-5fe7cb294cb0
&amp#27;[38;5;0m[HTTP]&amp#27;[0m &amp#27;[37m<-- GET /session/878f5998-f3e3-4142-8b23-5fe7cb294cb0/element/00000000-0000-017a-ffff-ffff00000086/text &amp#27;[39m&amp#27;[32m200&amp#27;[39m &amp#27;[90m9 ms - 70&amp#27;[39m
&amp#27;[38;5;0m[HTTP]&amp#27;[0m &amp#27;[90m&amp#27;[39m
09:04:03.692 [AsyncHttpClient-1-2] DEBUG org.asynchttpclient.netty.handler.HttpHandler -- 

Request DefaultFullHttpRequest(decodeResult: success, version: HTTP/1.1, content: EmptyByteBufBE)
GET /session/878f5998-f3e3-4142-8b23-5fe7cb294cb0/element/00000000-0000-017a-ffff-ffff00000086/text HTTP/1.1
Cache-Control: no-cache
User-Agent: appium/8.5.1 (selenium/4.14.0 (java windows))
Content-Type: application/json; charset=utf-8
host: 127.0.0.1:4723
accept: */*

Response DefaultHttpResponse(decodeResult: success, version: HTTP/1.1)
HTTP/1.1 200 OK
X-Powered-By: Express
Content-Type: application/json; charset=utf-8
Content-Length: 70
ETag: W/"46-0lY5nuWY5t7mxCFV9wZJzt5vTEw"
Date: Wed, 01 Nov 2023 09:04:03 GMT
Connection: keep-alive
Keep-Alive: timeout=600

09:04:03.692 [AsyncHttpClient-1-2] DEBUG org.asynchttpclient.netty.channel.ChannelManager -- Adding key: http://127.0.0.1:4723 for channel [id: 0x01c8cbd7, L:/127.0.0.1:50782 - R:/127.0.0.1:4723]
09:04:03.693 [Forwarding getCurrentContextHandle on session 878f5998-f3e3-4142-8b23-5fe7cb294cb0 to remote] DEBUG org.asynchttpclient.netty.request.NettyRequestSender -- Using pooled Channel '[id: 0x01c8cbd7, L:/127.0.0.1:50782 - R:/127.0.0.1:4723]' for 'GET' to 'http://127.0.0.1:4723/session/878f5998-f3e3-4142-8b23-5fe7cb294cb0/context'
09:04:03.693 [Forwarding getCurrentContextHandle on session 878f5998-f3e3-4142-8b23-5fe7cb294cb0 to remote] DEBUG org.asynchttpclient.netty.request.NettyRequestSender -- Using open Channel [id: 0x01c8cbd7, L:/127.0.0.1:50782 - R:/127.0.0.1:4723] for GET '/session/878f5998-f3e3-4142-8b23-5fe7cb294cb0/context'
&amp#27;[38;5;0m[HTTP]&amp#27;[0m &amp#27;[37m-->&amp#27;[39m &amp#27;[37mGET&amp#27;[39m &amp#27;[37m/session/878f5998-f3e3-4142-8b23-5fe7cb294cb0/context&amp#27;[39m
&amp#27;[38;5;0m[HTTP]&amp#27;[0m &amp#27;[90m{}&amp#27;[39m
[debug] &amp#27;[38;5;32m[AndroidUiautomator2Driver@2331 (878f5998)]&amp#27;[0m Calling AppiumDriver.getCurrentContext() with args: ["878f5998-f3e3-4142-8b23-5fe7cb294cb0"]
[debug] &amp#27;[38;5;32m[AndroidUiautomator2Driver@2331 (878f5998)]&amp#27;[0m Responding to client with driver.getCurrentContext() result: "NATIVE_APP"
&amp#27;[38;5;0m[HTTP]&amp#27;[0m &amp#27;[37m<-- GET /session/878f5998-f3e3-4142-8b23-5fe7cb294cb0/context &amp#27;[39m&amp#27;[32m200&amp#27;[39m &amp#27;[90m1 ms - 22&amp#27;[39m
&amp#27;[38;5;0m[HTTP]&amp#27;[0m &amp#27;[90m&amp#27;[39m
09:04:03.696 [AsyncHttpClient-1-2] DEBUG org.asynchttpclient.netty.handler.HttpHandler -- 

Request DefaultFullHttpRequest(decodeResult: success, version: HTTP/1.1, content: EmptyByteBufBE)
GET /session/878f5998-f3e3-4142-8b23-5fe7cb294cb0/context HTTP/1.1
Cache-Control: no-cache
User-Agent: appium/8.5.1 (selenium/4.14.0 (java windows))
Content-Type: application/json; charset=utf-8
host: 127.0.0.1:4723
accept: */*

Response DefaultHttpResponse(decodeResult: success, version: HTTP/1.1)
HTTP/1.1 200 OK
X-Powered-By: Express
Content-Type: application/json; charset=utf-8
Content-Length: 22
ETag: W/"16-nh/61Qb9yjbegUMg89kGWIA2AIE"
Date: Wed, 01 Nov 2023 09:04:03 GMT
Connection: keep-alive
Keep-Alive: timeout=600

09:04:03.696 [AsyncHttpClient-1-2] DEBUG org.asynchttpclient.netty.channel.ChannelManager -- Adding key: http://127.0.0.1:4723 for channel [id: 0x01c8cbd7, L:/127.0.0.1:50782 - R:/127.0.0.1:4723]
09:04:03.697 [Forwarding findElements on session 878f5998-f3e3-4142-8b23-5fe7cb294cb0 to remote] DEBUG org.asynchttpclient.netty.request.NettyRequestSender -- Using pooled Channel '[id: 0x01c8cbd7, L:/127.0.0.1:50782 - R:/127.0.0.1:4723]' for 'POST' to 'http://127.0.0.1:4723/session/878f5998-f3e3-4142-8b23-5fe7cb294cb0/elements'
09:04:03.697 [Forwarding findElements on session 878f5998-f3e3-4142-8b23-5fe7cb294cb0 to remote] DEBUG org.asynchttpclient.netty.request.NettyRequestSender -- Using open Channel [id: 0x01c8cbd7, L:/127.0.0.1:50782 - R:/127.0.0.1:4723] for POST '/session/878f5998-f3e3-4142-8b23-5fe7cb294cb0/elements'
&amp#27;[38;5;0m[HTTP]&amp#27;[0m &amp#27;[37m-->&amp#27;[39m &amp#27;[37mPOST&amp#27;[39m &amp#27;[37m/session/878f5998-f3e3-4142-8b23-5fe7cb294cb0/elements&amp#27;[39m
&amp#27;[38;5;0m[HTTP]&amp#27;[0m &amp#27;[90m{"using":"id","value":"com.androidsample.generalstore:id/productPrice"}&amp#27;[39m
[debug] &amp#27;[38;5;32m[AndroidUiautomator2Driver@2331 (878f5998)]&amp#27;[0m Calling AppiumDriver.findElements() with args: ["id","com.androidsample.generalstore:id/productPrice","878f5998-f3e3-4142-8b23-5fe7cb294cb0"]
[debug] &amp#27;[38;5;32m[AndroidUiautomator2Driver@2331 (878f5998)]&amp#27;[0m Valid locator strategies for this request: xpath, id, class name, accessibility id, css selector, -android uiautomator
[debug] &amp#27;[38;5;32m[AndroidUiautomator2Driver@2331 (878f5998)]&amp#27;[0m Waiting up to 10000 ms for condition
[debug] &amp#27;[38;5;32m[AndroidUiautomator2Driver@2331 (878f5998)]&amp#27;[0m Matched '/elements' to command name 'findElements'
[debug] &amp#27;[38;5;32m[AndroidUiautomator2Driver@2331 (878f5998)]&amp#27;[0m Proxying [POST /elements] to [POST http://127.0.0.1:8200/session/a515db02-df7f-4145-a62c-d524aea530f9/elements] with body: {"strategy":"id","selector":"com.androidsample.generalstore:id/productPrice","context":"","multiple":true}
[debug] &amp#27;[38;5;32m[AndroidUiautomator2Driver@2331 (878f5998)]&amp#27;[0m Got response with status 200: {"sessionId":"a515db02-df7f-4145-a62c-d524aea530f9","value":[{"ELEMENT":"00000000-0000-017a-ffff-ffff00000086","element-6066-11e4-a52e-4f735466cecf":"00000000-0000-017a-ffff-ffff00000086"},{"ELEMENT":"00000000-0000-017a-ffff-ffff0000008e","element-6066-11e4-a52e-4f735466cecf":"00000000-0000-017a-ffff-ffff0000008e"}]}
[debug] &amp#27;[38;5;32m[AndroidUiautomator2Driver@2331 (878f5998)]&amp#27;[0m Responding to client with driver.findElements() result: [{"element-6066-11e4-a52e-4f735466cecf":"00000000-0000-017a-ffff-ffff00000086","ELEMENT":"00000000-0000-017a-ffff-ffff00000086"},{"element-6066-11e4-a52e-4f735466cecf":"00000000-0000-017a-ffff-ffff0000008e","ELEMENT":"00000000-0000-017a-ffff-ffff0000008e"}]
&amp#27;[38;5;0m[HTTP]&amp#27;[0m &amp#27;[37m<-- POST /session/878f5998-f3e3-4142-8b23-5fe7cb294cb0/elements &amp#27;[39m&amp#27;[32m200&amp#27;[39m &amp#27;[90m31 ms - 267&amp#27;[39m
&amp#27;[38;5;0m[HTTP]&amp#27;[0m &amp#27;[90m&amp#27;[39m
09:04:03.730 [AsyncHttpClient-1-2] DEBUG org.asynchttpclient.netty.handler.HttpHandler -- 

Request DefaultHttpRequest(decodeResult: success, version: HTTP/1.1)
POST /session/878f5998-f3e3-4142-8b23-5fe7cb294cb0/elements HTTP/1.1
User-Agent: appium/8.5.1 (selenium/4.14.0 (java windows))
Content-Length: 85
Content-Type: application/json; charset=utf-8
host: 127.0.0.1:4723
accept: */*

Response DefaultHttpResponse(decodeResult: success, version: HTTP/1.1)
HTTP/1.1 200 OK
X-Powered-By: Express
Vary: X-HTTP-Method-Override
Content-Type: application/json; charset=utf-8
Content-Length: 267
ETag: W/"10b-TBgVaknsFGhSr7/29flEkFg4x7s"
Date: Wed, 01 Nov 2023 09:04:03 GMT
Connection: keep-alive
Keep-Alive: timeout=600

09:04:03.730 [AsyncHttpClient-1-2] DEBUG org.asynchttpclient.netty.channel.ChannelManager -- Adding key: http://127.0.0.1:4723 for channel [id: 0x01c8cbd7, L:/127.0.0.1:50782 - R:/127.0.0.1:4723]
09:04:03.732 [Forwarding getCurrentContextHandle on session 878f5998-f3e3-4142-8b23-5fe7cb294cb0 to remote] DEBUG org.asynchttpclient.netty.request.NettyRequestSender -- Using pooled Channel '[id: 0x01c8cbd7, L:/127.0.0.1:50782 - R:/127.0.0.1:4723]' for 'GET' to 'http://127.0.0.1:4723/session/878f5998-f3e3-4142-8b23-5fe7cb294cb0/context'
09:04:03.732 [Forwarding getCurrentContextHandle on session 878f5998-f3e3-4142-8b23-5fe7cb294cb0 to remote] DEBUG org.asynchttpclient.netty.request.NettyRequestSender -- Using open Channel [id: 0x01c8cbd7, L:/127.0.0.1:50782 - R:/127.0.0.1:4723] for GET '/session/878f5998-f3e3-4142-8b23-5fe7cb294cb0/context'
&amp#27;[38;5;0m[HTTP]&amp#27;[0m &amp#27;[37m-->&amp#27;[39m &amp#27;[37mGET&amp#27;[39m &amp#27;[37m/session/878f5998-f3e3-4142-8b23-5fe7cb294cb0/context&amp#27;[39m
&amp#27;[38;5;0m[HTTP]&amp#27;[0m &amp#27;[90m{}&amp#27;[39m
[debug] &amp#27;[38;5;32m[AndroidUiautomator2Driver@2331 (878f5998)]&amp#27;[0m Calling AppiumDriver.getCurrentContext() with args: ["878f5998-f3e3-4142-8b23-5fe7cb294cb0"]
[debug] &amp#27;[38;5;32m[AndroidUiautomator2Driver@2331 (878f5998)]&amp#27;[0m Responding to client with driver.getCurrentContext() result: "NATIVE_APP"
&amp#27;[38;5;0m[HTTP]&amp#27;[0m &amp#27;[37m<-- GET /session/878f5998-f3e3-4142-8b23-5fe7cb294cb0/context &amp#27;[39m&amp#27;[32m200&amp#27;[39m &amp#27;[90m1 ms - 22&amp#27;[39m
&amp#27;[38;5;0m[HTTP]&amp#27;[0m &amp#27;[90m&amp#27;[39m
09:04:03.733 [AsyncHttpClient-1-2] DEBUG org.asynchttpclient.netty.handler.HttpHandler -- 

Request DefaultFullHttpRequest(decodeResult: success, version: HTTP/1.1, content: EmptyByteBufBE)
GET /session/878f5998-f3e3-4142-8b23-5fe7cb294cb0/context HTTP/1.1
Cache-Control: no-cache
User-Agent: appium/8.5.1 (selenium/4.14.0 (java windows))
Content-Type: application/json; charset=utf-8
host: 127.0.0.1:4723
accept: */*

Response DefaultHttpResponse(decodeResult: success, version: HTTP/1.1)
HTTP/1.1 200 OK
X-Powered-By: Express
Content-Type: application/json; charset=utf-8
Content-Length: 22
ETag: W/"16-nh/61Qb9yjbegUMg89kGWIA2AIE"
Date: Wed, 01 Nov 2023 09:04:03 GMT
Connection: keep-alive
Keep-Alive: timeout=600

09:04:03.733 [AsyncHttpClient-1-2] DEBUG org.asynchttpclient.netty.channel.ChannelManager -- Adding key: http://127.0.0.1:4723 for channel [id: 0x01c8cbd7, L:/127.0.0.1:50782 - R:/127.0.0.1:4723]
09:04:03.734 [Forwarding findElements on session 878f5998-f3e3-4142-8b23-5fe7cb294cb0 to remote] DEBUG org.asynchttpclient.netty.request.NettyRequestSender -- Using pooled Channel '[id: 0x01c8cbd7, L:/127.0.0.1:50782 - R:/127.0.0.1:4723]' for 'POST' to 'http://127.0.0.1:4723/session/878f5998-f3e3-4142-8b23-5fe7cb294cb0/elements'
09:04:03.734 [Forwarding findElements on session 878f5998-f3e3-4142-8b23-5fe7cb294cb0 to remote] DEBUG org.asynchttpclient.netty.request.NettyRequestSender -- Using open Channel [id: 0x01c8cbd7, L:/127.0.0.1:50782 - R:/127.0.0.1:4723] for POST '/session/878f5998-f3e3-4142-8b23-5fe7cb294cb0/elements'
&amp#27;[38;5;0m[HTTP]&amp#27;[0m &amp#27;[37m-->&amp#27;[39m &amp#27;[37mPOST&amp#27;[39m &amp#27;[37m/session/878f5998-f3e3-4142-8b23-5fe7cb294cb0/elements&amp#27;[39m
&amp#27;[38;5;0m[HTTP]&amp#27;[0m &amp#27;[90m{"using":"id","value":"com.androidsample.generalstore:id/productPrice"}&amp#27;[39m
[debug] &amp#27;[38;5;32m[AndroidUiautomator2Driver@2331 (878f5998)]&amp#27;[0m Calling AppiumDriver.findElements() with args: ["id","com.androidsample.generalstore:id/productPrice","878f5998-f3e3-4142-8b23-5fe7cb294cb0"]
[debug] &amp#27;[38;5;32m[AndroidUiautomator2Driver@2331 (878f5998)]&amp#27;[0m Valid locator strategies for this request: xpath, id, class name, accessibility id, css selector, -android uiautomator
[debug] &amp#27;[38;5;32m[AndroidUiautomator2Driver@2331 (878f5998)]&amp#27;[0m Waiting up to 10000 ms for condition
[debug] &amp#27;[38;5;32m[AndroidUiautomator2Driver@2331 (878f5998)]&amp#27;[0m Matched '/elements' to command name 'findElements'
[debug] &amp#27;[38;5;32m[AndroidUiautomator2Driver@2331 (878f5998)]&amp#27;[0m Proxying [POST /elements] to [POST http://127.0.0.1:8200/session/a515db02-df7f-4145-a62c-d524aea530f9/elements] with body: {"strategy":"id","selector":"com.androidsample.generalstore:id/productPrice","context":"","multiple":true}
[debug] &amp#27;[38;5;32m[AndroidUiautomator2Driver@2331 (878f5998)]&amp#27;[0m Got response with status 200: {"sessionId":"a515db02-df7f-4145-a62c-d524aea530f9","value":[{"ELEMENT":"00000000-0000-017a-ffff-ffff00000086","element-6066-11e4-a52e-4f735466cecf":"00000000-0000-017a-ffff-ffff00000086"},{"ELEMENT":"00000000-0000-017a-ffff-ffff0000008e","element-6066-11e4-a52e-4f735466cecf":"00000000-0000-017a-ffff-ffff0000008e"}]}
[debug] &amp#27;[38;5;32m[AndroidUiautomator2Driver@2331 (878f5998)]&amp#27;[0m Responding to client with driver.findElements() result: [{"element-6066-11e4-a52e-4f735466cecf":"00000000-0000-017a-ffff-ffff00000086","ELEMENT":"00000000-0000-017a-ffff-ffff00000086"},{"element-6066-11e4-a52e-4f735466cecf":"00000000-0000-017a-ffff-ffff0000008e","ELEMENT":"00000000-0000-017a-ffff-ffff0000008e"}]
&amp#27;[38;5;0m[HTTP]&amp#27;[0m &amp#27;[37m<-- POST /session/878f5998-f3e3-4142-8b23-5fe7cb294cb0/elements &amp#27;[39m&amp#27;[32m200&amp#27;[39m &amp#27;[90m32 ms - 267&amp#27;[39m
&amp#27;[38;5;0m[HTTP]&amp#27;[0m &amp#27;[90m&amp#27;[39m
09:04:03.767 [AsyncHttpClient-1-2] DEBUG org.asynchttpclient.netty.handler.HttpHandler -- 

Request DefaultHttpRequest(decodeResult: success, version: HTTP/1.1)
POST /session/878f5998-f3e3-4142-8b23-5fe7cb294cb0/elements HTTP/1.1
User-Agent: appium/8.5.1 (selenium/4.14.0 (java windows))
Content-Length: 85
Content-Type: application/json; charset=utf-8
host: 127.0.0.1:4723
accept: */*

Response DefaultHttpResponse(decodeResult: success, version: HTTP/1.1)
HTTP/1.1 200 OK
X-Powered-By: Express
Vary: X-HTTP-Method-Override
Content-Type: application/json; charset=utf-8
Content-Length: 267
ETag: W/"10b-TBgVaknsFGhSr7/29flEkFg4x7s"
Date: Wed, 01 Nov 2023 09:04:03 GMT
Connection: keep-alive
Keep-Alive: timeout=600

09:04:03.767 [AsyncHttpClient-1-2] DEBUG org.asynchttpclient.netty.channel.ChannelManager -- Adding key: http://127.0.0.1:4723 for channel [id: 0x01c8cbd7, L:/127.0.0.1:50782 - R:/127.0.0.1:4723]
09:04:03.768 [Forwarding getElementText on session 878f5998-f3e3-4142-8b23-5fe7cb294cb0 to remote] DEBUG org.asynchttpclient.netty.request.NettyRequestSender -- Using pooled Channel '[id: 0x01c8cbd7, L:/127.0.0.1:50782 - R:/127.0.0.1:4723]' for 'GET' to 'http://127.0.0.1:4723/session/878f5998-f3e3-4142-8b23-5fe7cb294cb0/element/00000000-0000-017a-ffff-ffff0000008e/text'
09:04:03.768 [Forwarding getElementText on session 878f5998-f3e3-4142-8b23-5fe7cb294cb0 to remote] DEBUG org.asynchttpclient.netty.request.NettyRequestSender -- Using open Channel [id: 0x01c8cbd7, L:/127.0.0.1:50782 - R:/127.0.0.1:4723] for GET '/session/878f5998-f3e3-4142-8b23-5fe7cb294cb0/element/00000000-0000-017a-ffff-ffff0000008e/text'
&amp#27;[38;5;0m[HTTP]&amp#27;[0m &amp#27;[37m-->&amp#27;[39m &amp#27;[37mGET&amp#27;[39m &amp#27;[37m/session/878f5998-f3e3-4142-8b23-5fe7cb294cb0/element/00000000-0000-017a-ffff-ffff0000008e/text&amp#27;[39m
&amp#27;[38;5;0m[HTTP]&amp#27;[0m &amp#27;[90m{}&amp#27;[39m
&amp#27;[38;5;32m[AndroidUiautomator2Driver@2331 (878f5998)]&amp#27;[0m Driver proxy active, passing request on via HTTP proxy
[debug] &amp#27;[38;5;32m[AndroidUiautomator2Driver@2331 (878f5998)]&amp#27;[0m Matched '/session/878f5998-f3e3-4142-8b23-5fe7cb294cb0/element/00000000-0000-017a-ffff-ffff0000008e/text' to command name 'getText'
[debug] &amp#27;[38;5;32m[AndroidUiautomator2Driver@2331 (878f5998)]&amp#27;[0m Proxying [GET /session/878f5998-f3e3-4142-8b23-5fe7cb294cb0/element/00000000-0000-017a-ffff-ffff0000008e/text] to [GET http://127.0.0.1:8200/session/a515db02-df7f-4145-a62c-d524aea530f9/element/00000000-0000-017a-ffff-ffff0000008e/text] with no body
[debug] &amp#27;[38;5;32m[AndroidUiautomator2Driver@2331 (878f5998)]&amp#27;[0m Got response with status 200: {"sessionId":"a515db02-df7f-4145-a62c-d524aea530f9","value":"$120.0"}
&amp#27;[38;5;32m[AndroidUiautomator2Driver@2331 (878f5998)]&amp#27;[0m Replacing sessionId a515db02-df7f-4145-a62c-d524aea530f9 with 878f5998-f3e3-4142-8b23-5fe7cb294cb0
&amp#27;[38;5;0m[HTTP]&amp#27;[0m &amp#27;[37m<-- GET /session/878f5998-f3e3-4142-8b23-5fe7cb294cb0/element/00000000-0000-017a-ffff-ffff0000008e/text &amp#27;[39m&amp#27;[32m200&amp#27;[39m &amp#27;[90m10 ms - 69&amp#27;[39m
&amp#27;[38;5;0m[HTTP]&amp#27;[0m &amp#27;[90m&amp#27;[39m
09:04:03.779 [AsyncHttpClient-1-2] DEBUG org.asynchttpclient.netty.handler.HttpHandler -- 

Request DefaultFullHttpRequest(decodeResult: success, version: HTTP/1.1, content: EmptyByteBufBE)
GET /session/878f5998-f3e3-4142-8b23-5fe7cb294cb0/element/00000000-0000-017a-ffff-ffff0000008e/text HTTP/1.1
Cache-Control: no-cache
User-Agent: appium/8.5.1 (selenium/4.14.0 (java windows))
Content-Type: application/json; charset=utf-8
host: 127.0.0.1:4723
accept: */*

Response DefaultHttpResponse(decodeResult: success, version: HTTP/1.1)
HTTP/1.1 200 OK
X-Powered-By: Express
Content-Type: application/json; charset=utf-8
Content-Length: 69
ETag: W/"45-T3Cj1dYBRitIBuKMWE6WavqPLZA"
Date: Wed, 01 Nov 2023 09:04:03 GMT
Connection: keep-alive
Keep-Alive: timeout=600

09:04:03.779 [AsyncHttpClient-1-2] DEBUG org.asynchttpclient.netty.channel.ChannelManager -- Adding key: http://127.0.0.1:4723 for channel [id: 0x01c8cbd7, L:/127.0.0.1:50782 - R:/127.0.0.1:4723]
09:04:03.779 [Forwarding getCurrentContextHandle on session 878f5998-f3e3-4142-8b23-5fe7cb294cb0 to remote] DEBUG org.asynchttpclient.netty.request.NettyRequestSender -- Using pooled Channel '[id: 0x01c8cbd7, L:/127.0.0.1:50782 - R:/127.0.0.1:4723]' for 'GET' to 'http://127.0.0.1:4723/session/878f5998-f3e3-4142-8b23-5fe7cb294cb0/context'
09:04:03.780 [Forwarding getCurrentContextHandle on session 878f5998-f3e3-4142-8b23-5fe7cb294cb0 to remote] DEBUG org.asynchttpclient.netty.request.NettyRequestSender -- Using open Channel [id: 0x01c8cbd7, L:/127.0.0.1:50782 - R:/127.0.0.1:4723] for GET '/session/878f5998-f3e3-4142-8b23-5fe7cb294cb0/context'
&amp#27;[38;5;0m[HTTP]&amp#27;[0m &amp#27;[37m-->&amp#27;[39m &amp#27;[37mGET&amp#27;[39m &amp#27;[37m/session/878f5998-f3e3-4142-8b23-5fe7cb294cb0/context&amp#27;[39m
&amp#27;[38;5;0m[HTTP]&amp#27;[0m &amp#27;[90m{}&amp#27;[39m
[debug] &amp#27;[38;5;32m[AndroidUiautomator2Driver@2331 (878f5998)]&amp#27;[0m Calling AppiumDriver.getCurrentContext() with args: ["878f5998-f3e3-4142-8b23-5fe7cb294cb0"]
[debug] &amp#27;[38;5;32m[AndroidUiautomator2Driver@2331 (878f5998)]&amp#27;[0m Responding to client with driver.getCurrentContext() result: "NATIVE_APP"
&amp#27;[38;5;0m[HTTP]&amp#27;[0m &amp#27;[37m<-- GET /session/878f5998-f3e3-4142-8b23-5fe7cb294cb0/context &amp#27;[39m&amp#27;[32m200&amp#27;[39m &amp#27;[90m1 ms - 22&amp#27;[39m
&amp#27;[38;5;0m[HTTP]&amp#27;[0m &amp#27;[90m&amp#27;[39m
09:04:03.782 [AsyncHttpClient-1-2] DEBUG org.asynchttpclient.netty.handler.HttpHandler -- 

Request DefaultFullHttpRequest(decodeResult: success, version: HTTP/1.1, content: EmptyByteBufBE)
GET /session/878f5998-f3e3-4142-8b23-5fe7cb294cb0/context HTTP/1.1
Cache-Control: no-cache
User-Agent: appium/8.5.1 (selenium/4.14.0 (java windows))
Content-Type: application/json; charset=utf-8
host: 127.0.0.1:4723
accept: */*

Response DefaultHttpResponse(decodeResult: success, version: HTTP/1.1)
HTTP/1.1 200 OK
X-Powered-By: Express
Content-Type: application/json; charset=utf-8
Content-Length: 22
ETag: W/"16-nh/61Qb9yjbegUMg89kGWIA2AIE"
Date: Wed, 01 Nov 2023 09:04:03 GMT
Connection: keep-alive
Keep-Alive: timeout=600

09:04:03.782 [AsyncHttpClient-1-2] DEBUG org.asynchttpclient.netty.channel.ChannelManager -- Adding key: http://127.0.0.1:4723 for channel [id: 0x01c8cbd7, L:/127.0.0.1:50782 - R:/127.0.0.1:4723]
09:04:03.782 [Forwarding findElements on session 878f5998-f3e3-4142-8b23-5fe7cb294cb0 to remote] DEBUG org.asynchttpclient.netty.request.NettyRequestSender -- Using pooled Channel '[id: 0x01c8cbd7, L:/127.0.0.1:50782 - R:/127.0.0.1:4723]' for 'POST' to 'http://127.0.0.1:4723/session/878f5998-f3e3-4142-8b23-5fe7cb294cb0/elements'
09:04:03.782 [Forwarding findElements on session 878f5998-f3e3-4142-8b23-5fe7cb294cb0 to remote] DEBUG org.asynchttpclient.netty.request.NettyRequestSender -- Using open Channel [id: 0x01c8cbd7, L:/127.0.0.1:50782 - R:/127.0.0.1:4723] for POST '/session/878f5998-f3e3-4142-8b23-5fe7cb294cb0/elements'
&amp#27;[38;5;0m[HTTP]&amp#27;[0m &amp#27;[37m-->&amp#27;[39m &amp#27;[37mPOST&amp#27;[39m &amp#27;[37m/session/878f5998-f3e3-4142-8b23-5fe7cb294cb0/elements&amp#27;[39m
&amp#27;[38;5;0m[HTTP]&amp#27;[0m &amp#27;[90m{"using":"id","value":"com.androidsample.generalstore:id/productPrice"}&amp#27;[39m
[debug] &amp#27;[38;5;32m[AndroidUiautomator2Driver@2331 (878f5998)]&amp#27;[0m Calling AppiumDriver.findElements() with args: ["id","com.androidsample.generalstore:id/productPrice","878f5998-f3e3-4142-8b23-5fe7cb294cb0"]
[debug] &amp#27;[38;5;32m[AndroidUiautomator2Driver@2331 (878f5998)]&amp#27;[0m Valid locator strategies for this request: xpath, id, class name, accessibility id, css selector, -android uiautomator
[debug] &amp#27;[38;5;32m[AndroidUiautomator2Driver@2331 (878f5998)]&amp#27;[0m Waiting up to 10000 ms for condition
[debug] &amp#27;[38;5;32m[AndroidUiautomator2Driver@2331 (878f5998)]&amp#27;[0m Matched '/elements' to command name 'findElements'
[debug] &amp#27;[38;5;32m[AndroidUiautomator2Driver@2331 (878f5998)]&amp#27;[0m Proxying [POST /elements] to [POST http://127.0.0.1:8200/session/a515db02-df7f-4145-a62c-d524aea530f9/elements] with body: {"strategy":"id","selector":"com.androidsample.generalstore:id/productPrice","context":"","multiple":true}
[debug] &amp#27;[38;5;32m[AndroidUiautomator2Driver@2331 (878f5998)]&amp#27;[0m Got response with status 200: {"sessionId":"a515db02-df7f-4145-a62c-d524aea530f9","value":[{"ELEMENT":"00000000-0000-017a-ffff-ffff00000086","element-6066-11e4-a52e-4f735466cecf":"00000000-0000-017a-ffff-ffff00000086"},{"ELEMENT":"00000000-0000-017a-ffff-ffff0000008e","element-6066-11e4-a52e-4f735466cecf":"00000000-0000-017a-ffff-ffff0000008e"}]}
[debug] &amp#27;[38;5;32m[AndroidUiautomator2Driver@2331 (878f5998)]&amp#27;[0m Responding to client with driver.findElements() result: [{"element-6066-11e4-a52e-4f735466cecf":"00000000-0000-017a-ffff-ffff00000086","ELEMENT":"00000000-0000-017a-ffff-ffff00000086"},{"element-6066-11e4-a52e-4f735466cecf":"00000000-0000-017a-ffff-ffff0000008e","ELEMENT":"00000000-0000-017a-ffff-ffff0000008e"}]
&amp#27;[38;5;0m[HTTP]&amp#27;[0m &amp#27;[37m<-- POST /session/878f5998-f3e3-4142-8b23-5fe7cb294cb0/elements &amp#27;[39m&amp#27;[32m200&amp#27;[39m &amp#27;[90m33 ms - 267&amp#27;[39m
&amp#27;[38;5;0m[HTTP]&amp#27;[0m &amp#27;[90m&amp#27;[39m
09:04:03.817 [AsyncHttpClient-1-2] DEBUG org.asynchttpclient.netty.handler.HttpHandler -- 

Request DefaultHttpRequest(decodeResult: success, version: HTTP/1.1)
POST /session/878f5998-f3e3-4142-8b23-5fe7cb294cb0/elements HTTP/1.1
User-Agent: appium/8.5.1 (selenium/4.14.0 (java windows))
Content-Length: 85
Content-Type: application/json; charset=utf-8
host: 127.0.0.1:4723
accept: */*

Response DefaultHttpResponse(decodeResult: success, version: HTTP/1.1)
HTTP/1.1 200 OK
X-Powered-By: Express
Vary: X-HTTP-Method-Override
Content-Type: application/json; charset=utf-8
Content-Length: 267
ETag: W/"10b-TBgVaknsFGhSr7/29flEkFg4x7s"
Date: Wed, 01 Nov 2023 09:04:03 GMT
Connection: keep-alive
Keep-Alive: timeout=600

09:04:03.817 [AsyncHttpClient-1-2] DEBUG org.asynchttpclient.netty.channel.ChannelManager -- Adding key: http://127.0.0.1:4723 for channel [id: 0x01c8cbd7, L:/127.0.0.1:50782 - R:/127.0.0.1:4723]
09:04:03.818 [Forwarding getCurrentContextHandle on session 878f5998-f3e3-4142-8b23-5fe7cb294cb0 to remote] DEBUG org.asynchttpclient.netty.request.NettyRequestSender -- Using pooled Channel '[id: 0x01c8cbd7, L:/127.0.0.1:50782 - R:/127.0.0.1:4723]' for 'GET' to 'http://127.0.0.1:4723/session/878f5998-f3e3-4142-8b23-5fe7cb294cb0/context'
09:04:03.818 [Forwarding getCurrentContextHandle on session 878f5998-f3e3-4142-8b23-5fe7cb294cb0 to remote] DEBUG org.asynchttpclient.netty.request.NettyRequestSender -- Using open Channel [id: 0x01c8cbd7, L:/127.0.0.1:50782 - R:/127.0.0.1:4723] for GET '/session/878f5998-f3e3-4142-8b23-5fe7cb294cb0/context'
&amp#27;[38;5;0m[HTTP]&amp#27;[0m &amp#27;[37m-->&amp#27;[39m &amp#27;[37mGET&amp#27;[39m &amp#27;[37m/session/878f5998-f3e3-4142-8b23-5fe7cb294cb0/context&amp#27;[39m
&amp#27;[38;5;0m[HTTP]&amp#27;[0m &amp#27;[90m{}&amp#27;[39m
[debug] &amp#27;[38;5;32m[AndroidUiautomator2Driver@2331 (878f5998)]&amp#27;[0m Calling AppiumDriver.getCurrentContext() with args: ["878f5998-f3e3-4142-8b23-5fe7cb294cb0"]
[debug] &amp#27;[38;5;32m[AndroidUiautomator2Driver@2331 (878f5998)]&amp#27;[0m Responding to client with driver.getCurrentContext() result: "NATIVE_APP"
&amp#27;[38;5;0m[HTTP]&amp#27;[0m &amp#27;[37m<-- GET /session/878f5998-f3e3-4142-8b23-5fe7cb294cb0/context &amp#27;[39m&amp#27;[32m200&amp#27;[39m &amp#27;[90m1 ms - 22&amp#27;[39m
&amp#27;[38;5;0m[HTTP]&amp#27;[0m &amp#27;[90m&amp#27;[39m
09:04:03.820 [AsyncHttpClient-1-2] DEBUG org.asynchttpclient.netty.handler.HttpHandler -- 

Request DefaultFullHttpRequest(decodeResult: success, version: HTTP/1.1, content: EmptyByteBufBE)
GET /session/878f5998-f3e3-4142-8b23-5fe7cb294cb0/context HTTP/1.1
Cache-Control: no-cache
User-Agent: appium/8.5.1 (selenium/4.14.0 (java windows))
Content-Type: application/json; charset=utf-8
host: 127.0.0.1:4723
accept: */*

Response DefaultHttpResponse(decodeResult: success, version: HTTP/1.1)
HTTP/1.1 200 OK
X-Powered-By: Express
Content-Type: application/json; charset=utf-8
Content-Length: 22
ETag: W/"16-nh/61Qb9yjbegUMg89kGWIA2AIE"
Date: Wed, 01 Nov 2023 09:04:03 GMT
Connection: keep-alive
Keep-Alive: timeout=600

09:04:03.820 [AsyncHttpClient-1-2] DEBUG org.asynchttpclient.netty.channel.ChannelManager -- Adding key: http://127.0.0.1:4723 for channel [id: 0x01c8cbd7, L:/127.0.0.1:50782 - R:/127.0.0.1:4723]
09:04:03.820 [Forwarding findElement on session 878f5998-f3e3-4142-8b23-5fe7cb294cb0 to remote] DEBUG org.asynchttpclient.netty.request.NettyRequestSender -- Using pooled Channel '[id: 0x01c8cbd7, L:/127.0.0.1:50782 - R:/127.0.0.1:4723]' for 'POST' to 'http://127.0.0.1:4723/session/878f5998-f3e3-4142-8b23-5fe7cb294cb0/element'
09:04:03.820 [Forwarding findElement on session 878f5998-f3e3-4142-8b23-5fe7cb294cb0 to remote] DEBUG org.asynchttpclient.netty.request.NettyRequestSender -- Using open Channel [id: 0x01c8cbd7, L:/127.0.0.1:50782 - R:/127.0.0.1:4723] for POST '/session/878f5998-f3e3-4142-8b23-5fe7cb294cb0/element'
&amp#27;[38;5;0m[HTTP]&amp#27;[0m &amp#27;[37m-->&amp#27;[39m &amp#27;[37mPOST&amp#27;[39m &amp#27;[37m/session/878f5998-f3e3-4142-8b23-5fe7cb294cb0/element&amp#27;[39m
&amp#27;[38;5;0m[HTTP]&amp#27;[0m &amp#27;[90m{"using":"id","value":"com.androidsample.generalstore:id/totalAmountLbl"}&amp#27;[39m
[debug] &amp#27;[38;5;32m[AndroidUiautomator2Driver@2331 (878f5998)]&amp#27;[0m Calling AppiumDriver.findElement() with args: ["id","com.androidsample.generalstore:id/totalAmountLbl","878f5998-f3e3-4142-8b23-5fe7cb294cb0"]
[debug] &amp#27;[38;5;32m[AndroidUiautomator2Driver@2331 (878f5998)]&amp#27;[0m Valid locator strategies for this request: xpath, id, class name, accessibility id, css selector, -android uiautomator
[debug] &amp#27;[38;5;32m[AndroidUiautomator2Driver@2331 (878f5998)]&amp#27;[0m Waiting up to 10000 ms for condition
[debug] &amp#27;[38;5;32m[AndroidUiautomator2Driver@2331 (878f5998)]&amp#27;[0m Matched '/element' to command name 'findElement'
[debug] &amp#27;[38;5;32m[AndroidUiautomator2Driver@2331 (878f5998)]&amp#27;[0m Proxying [POST /element] to [POST http://127.0.0.1:8200/session/a515db02-df7f-4145-a62c-d524aea530f9/element] with body: {"strategy":"id","selector":"com.androidsample.generalstore:id/totalAmountLbl","context":"","multiple":false}
[debug] &amp#27;[38;5;32m[AndroidUiautomator2Driver@2331 (878f5998)]&amp#27;[0m Got response with status 200: {"sessionId":"a515db02-df7f-4145-a62c-d524aea530f9","value":{"ELEMENT":"00000000-0000-017a-ffff-ffff0000007a","element-6066-11e4-a52e-4f735466cecf":"00000000-0000-017a-ffff-ffff0000007a"}}
[debug] &amp#27;[38;5;32m[AndroidUiautomator2Driver@2331 (878f5998)]&amp#27;[0m Responding to client with driver.findElement() result: {"element-6066-11e4-a52e-4f735466cecf":"00000000-0000-017a-ffff-ffff0000007a","ELEMENT":"00000000-0000-017a-ffff-ffff0000007a"}
&amp#27;[38;5;0m[HTTP]&amp#27;[0m &amp#27;[37m<-- POST /session/878f5998-f3e3-4142-8b23-5fe7cb294cb0/element &amp#27;[39m&amp#27;[32m200&amp#27;[39m &amp#27;[90m28 ms - 137&amp#27;[39m
&amp#27;[38;5;0m[HTTP]&amp#27;[0m &amp#27;[90m&amp#27;[39m
09:04:03.849 [AsyncHttpClient-1-2] DEBUG org.asynchttpclient.netty.handler.HttpHandler -- 

Request DefaultHttpRequest(decodeResult: success, version: HTTP/1.1)
POST /session/878f5998-f3e3-4142-8b23-5fe7cb294cb0/element HTTP/1.1
User-Agent: appium/8.5.1 (selenium/4.14.0 (java windows))
Content-Length: 87
Content-Type: application/json; charset=utf-8
host: 127.0.0.1:4723
accept: */*

Response DefaultHttpResponse(decodeResult: success, version: HTTP/1.1)
HTTP/1.1 200 OK
X-Powered-By: Express
Vary: X-HTTP-Method-Override
Content-Type: application/json; charset=utf-8
Content-Length: 137
ETag: W/"89-hH12b2pbhaRZZkb4pp9JbhFBx74"
Date: Wed, 01 Nov 2023 09:04:03 GMT
Connection: keep-alive
Keep-Alive: timeout=600

09:04:03.849 [AsyncHttpClient-1-2] DEBUG org.asynchttpclient.netty.channel.ChannelManager -- Adding key: http://127.0.0.1:4723 for channel [id: 0x01c8cbd7, L:/127.0.0.1:50782 - R:/127.0.0.1:4723]
09:04:03.850 [Forwarding getElementText on session 878f5998-f3e3-4142-8b23-5fe7cb294cb0 to remote] DEBUG org.asynchttpclient.netty.request.NettyRequestSender -- Using pooled Channel '[id: 0x01c8cbd7, L:/127.0.0.1:50782 - R:/127.0.0.1:4723]' for 'GET' to 'http://127.0.0.1:4723/session/878f5998-f3e3-4142-8b23-5fe7cb294cb0/element/00000000-0000-017a-ffff-ffff0000007a/text'
09:04:03.850 [Forwarding getElementText on session 878f5998-f3e3-4142-8b23-5fe7cb294cb0 to remote] DEBUG org.asynchttpclient.netty.request.NettyRequestSender -- Using open Channel [id: 0x01c8cbd7, L:/127.0.0.1:50782 - R:/127.0.0.1:4723] for GET '/session/878f5998-f3e3-4142-8b23-5fe7cb294cb0/element/00000000-0000-017a-ffff-ffff0000007a/text'
&amp#27;[38;5;0m[HTTP]&amp#27;[0m &amp#27;[37m-->&amp#27;[39m &amp#27;[37mGET&amp#27;[39m &amp#27;[37m/session/878f5998-f3e3-4142-8b23-5fe7cb294cb0/element/00000000-0000-017a-ffff-ffff0000007a/text&amp#27;[39m
&amp#27;[38;5;0m[HTTP]&amp#27;[0m &amp#27;[90m{}&amp#27;[39m
&amp#27;[38;5;32m[AndroidUiautomator2Driver@2331 (878f5998)]&amp#27;[0m Driver proxy active, passing request on via HTTP proxy
[debug] &amp#27;[38;5;32m[AndroidUiautomator2Driver@2331 (878f5998)]&amp#27;[0m Matched '/session/878f5998-f3e3-4142-8b23-5fe7cb294cb0/element/00000000-0000-017a-ffff-ffff0000007a/text' to command name 'getText'
[debug] &amp#27;[38;5;32m[AndroidUiautomator2Driver@2331 (878f5998)]&amp#27;[0m Proxying [GET /session/878f5998-f3e3-4142-8b23-5fe7cb294cb0/element/00000000-0000-017a-ffff-ffff0000007a/text] to [GET http://127.0.0.1:8200/session/a515db02-df7f-4145-a62c-d524aea530f9/element/00000000-0000-017a-ffff-ffff0000007a/text] with no body
[debug] &amp#27;[38;5;32m[AndroidUiautomator2Driver@2331 (878f5998)]&amp#27;[0m Got response with status 200: {"sessionId":"a515db02-df7f-4145-a62c-d524aea530f9","value":"$ 280.97"}
&amp#27;[38;5;32m[AndroidUiautomator2Driver@2331 (878f5998)]&amp#27;[0m Replacing sessionId a515db02-df7f-4145-a62c-d524aea530f9 with 878f5998-f3e3-4142-8b23-5fe7cb294cb0
&amp#27;[38;5;0m[HTTP]&amp#27;[0m &amp#27;[37m<-- GET /session/878f5998-f3e3-4142-8b23-5fe7cb294cb0/element/00000000-0000-017a-ffff-ffff0000007a/text &amp#27;[39m&amp#27;[32m200&amp#27;[39m &amp#27;[90m9 ms - 71&amp#27;[39m
&amp#27;[38;5;0m[HTTP]&amp#27;[0m &amp#27;[90m&amp#27;[39m
09:04:03.860 [AsyncHttpClient-1-2] DEBUG org.asynchttpclient.netty.handler.HttpHandler -- 

Request DefaultFullHttpRequest(decodeResult: success, version: HTTP/1.1, content: EmptyByteBufBE)
GET /session/878f5998-f3e3-4142-8b23-5fe7cb294cb0/element/00000000-0000-017a-ffff-ffff0000007a/text HTTP/1.1
Cache-Control: no-cache
User-Agent: appium/8.5.1 (selenium/4.14.0 (java windows))
Content-Type: application/json; charset=utf-8
host: 127.0.0.1:4723
accept: */*

Response DefaultHttpResponse(decodeResult: success, version: HTTP/1.1)
HTTP/1.1 200 OK
X-Powered-By: Express
Content-Type: application/json; charset=utf-8
Content-Length: 71
ETag: W/"47-fckzISjnNwCwfdQwSa1F5LiYZ5A"
Date: Wed, 01 Nov 2023 09:04:03 GMT
Connection: keep-alive
Keep-Alive: timeout=600

09:04:03.860 [AsyncHttpClient-1-2] DEBUG org.asynchttpclient.netty.channel.ChannelManager -- Adding key: http://127.0.0.1:4723 for channel [id: 0x01c8cbd7, L:/127.0.0.1:50782 - R:/127.0.0.1:4723]
09:04:03.861 [Forwarding getCurrentContextHandle on session 878f5998-f3e3-4142-8b23-5fe7cb294cb0 to remote] DEBUG org.asynchttpclient.netty.request.NettyRequestSender -- Using pooled Channel '[id: 0x01c8cbd7, L:/127.0.0.1:50782 - R:/127.0.0.1:4723]' for 'GET' to 'http://127.0.0.1:4723/session/878f5998-f3e3-4142-8b23-5fe7cb294cb0/context'
09:04:03.861 [Forwarding getCurrentContextHandle on session 878f5998-f3e3-4142-8b23-5fe7cb294cb0 to remote] DEBUG org.asynchttpclient.netty.request.NettyRequestSender -- Using open Channel [id: 0x01c8cbd7, L:/127.0.0.1:50782 - R:/127.0.0.1:4723] for GET '/session/878f5998-f3e3-4142-8b23-5fe7cb294cb0/context'
&amp#27;[38;5;0m[HTTP]&amp#27;[0m &amp#27;[37m-->&amp#27;[39m &amp#27;[37mGET&amp#27;[39m &amp#27;[37m/session/878f5998-f3e3-4142-8b23-5fe7cb294cb0/context&amp#27;[39m
&amp#27;[38;5;0m[HTTP]&amp#27;[0m &amp#27;[90m{}&amp#27;[39m
[debug] &amp#27;[38;5;32m[AndroidUiautomator2Driver@2331 (878f5998)]&amp#27;[0m Calling AppiumDriver.getCurrentContext() with args: ["878f5998-f3e3-4142-8b23-5fe7cb294cb0"]
[debug] &amp#27;[38;5;32m[AndroidUiautomator2Driver@2331 (878f5998)]&amp#27;[0m Responding to client with driver.getCurrentContext() result: "NATIVE_APP"
&amp#27;[38;5;0m[HTTP]&amp#27;[0m &amp#27;[37m<-- GET /session/878f5998-f3e3-4142-8b23-5fe7cb294cb0/context &amp#27;[39m&amp#27;[32m200&amp#27;[39m &amp#27;[90m1 ms - 22&amp#27;[39m
&amp#27;[38;5;0m[HTTP]&amp#27;[0m &amp#27;[90m&amp#27;[39m
09:04:03.864 [AsyncHttpClient-1-2] DEBUG org.asynchttpclient.netty.handler.HttpHandler -- 

Request DefaultFullHttpRequest(decodeResult: success, version: HTTP/1.1, content: EmptyByteBufBE)
GET /session/878f5998-f3e3-4142-8b23-5fe7cb294cb0/context HTTP/1.1
Cache-Control: no-cache
User-Agent: appium/8.5.1 (selenium/4.14.0 (java windows))
Content-Type: application/json; charset=utf-8
host: 127.0.0.1:4723
accept: */*

Response DefaultHttpResponse(decodeResult: success, version: HTTP/1.1)
HTTP/1.1 200 OK
X-Powered-By: Express
Content-Type: application/json; charset=utf-8
Content-Length: 22
ETag: W/"16-nh/61Qb9yjbegUMg89kGWIA2AIE"
Date: Wed, 01 Nov 2023 09:04:03 GMT
Connection: keep-alive
Keep-Alive: timeout=600

09:04:03.864 [AsyncHttpClient-1-2] DEBUG org.asynchttpclient.netty.channel.ChannelManager -- Adding key: http://127.0.0.1:4723 for channel [id: 0x01c8cbd7, L:/127.0.0.1:50782 - R:/127.0.0.1:4723]
09:04:03.865 [Forwarding findElement on session 878f5998-f3e3-4142-8b23-5fe7cb294cb0 to remote] DEBUG org.asynchttpclient.netty.request.NettyRequestSender -- Using pooled Channel '[id: 0x01c8cbd7, L:/127.0.0.1:50782 - R:/127.0.0.1:4723]' for 'POST' to 'http://127.0.0.1:4723/session/878f5998-f3e3-4142-8b23-5fe7cb294cb0/element'
09:04:03.865 [Forwarding findElement on session 878f5998-f3e3-4142-8b23-5fe7cb294cb0 to remote] DEBUG org.asynchttpclient.netty.request.NettyRequestSender -- Using open Channel [id: 0x01c8cbd7, L:/127.0.0.1:50782 - R:/127.0.0.1:4723] for POST '/session/878f5998-f3e3-4142-8b23-5fe7cb294cb0/element'
&amp#27;[38;5;0m[HTTP]&amp#27;[0m &amp#27;[37m-->&amp#27;[39m &amp#27;[37mPOST&amp#27;[39m &amp#27;[37m/session/878f5998-f3e3-4142-8b23-5fe7cb294cb0/element&amp#27;[39m
&amp#27;[38;5;0m[HTTP]&amp#27;[0m &amp#27;[90m{"using":"id","value":"com.androidsample.generalstore:id/btnProceed"}&amp#27;[39m
[debug] &amp#27;[38;5;32m[AndroidUiautomator2Driver@2331 (878f5998)]&amp#27;[0m Calling AppiumDriver.findElement() with args: ["id","com.androidsample.generalstore:id/btnProceed","878f5998-f3e3-4142-8b23-5fe7cb294cb0"]
[debug] &amp#27;[38;5;32m[AndroidUiautomator2Driver@2331 (878f5998)]&amp#27;[0m Valid locator strategies for this request: xpath, id, class name, accessibility id, css selector, -android uiautomator
[debug] &amp#27;[38;5;32m[AndroidUiautomator2Driver@2331 (878f5998)]&amp#27;[0m Waiting up to 10000 ms for condition
[debug] &amp#27;[38;5;32m[AndroidUiautomator2Driver@2331 (878f5998)]&amp#27;[0m Matched '/element' to command name 'findElement'
[debug] &amp#27;[38;5;32m[AndroidUiautomator2Driver@2331 (878f5998)]&amp#27;[0m Proxying [POST /element] to [POST http://127.0.0.1:8200/session/a515db02-df7f-4145-a62c-d524aea530f9/element] with body: {"strategy":"id","selector":"com.androidsample.generalstore:id/btnProceed","context":"","multiple":false}
[debug] &amp#27;[38;5;32m[AndroidUiautomator2Driver@2331 (878f5998)]&amp#27;[0m Got response with status 200: {"sessionId":"a515db02-df7f-4145-a62c-d524aea530f9","value":{"ELEMENT":"00000000-0000-017a-ffff-ffff0000007c","element-6066-11e4-a52e-4f735466cecf":"00000000-0000-017a-ffff-ffff0000007c"}}
[debug] &amp#27;[38;5;32m[AndroidUiautomator2Driver@2331 (878f5998)]&amp#27;[0m Responding to client with driver.findElement() result: {"element-6066-11e4-a52e-4f735466cecf":"00000000-0000-017a-ffff-ffff0000007c","ELEMENT":"00000000-0000-017a-ffff-ffff0000007c"}
&amp#27;[38;5;0m[HTTP]&amp#27;[0m &amp#27;[37m<-- POST /session/878f5998-f3e3-4142-8b23-5fe7cb294cb0/element &amp#27;[39m&amp#27;[32m200&amp#27;[39m &amp#27;[90m33 ms - 137&amp#27;[39m
&amp#27;[38;5;0m[HTTP]&amp#27;[0m &amp#27;[90m&amp#27;[39m
09:04:03.898 [AsyncHttpClient-1-2] DEBUG org.asynchttpclient.netty.handler.HttpHandler -- 

Request DefaultHttpRequest(decodeResult: success, version: HTTP/1.1)
POST /session/878f5998-f3e3-4142-8b23-5fe7cb294cb0/element HTTP/1.1
User-Agent: appium/8.5.1 (selenium/4.14.0 (java windows))
Content-Length: 83
Content-Type: application/json; charset=utf-8
host: 127.0.0.1:4723
accept: */*

Response DefaultHttpResponse(decodeResult: success, version: HTTP/1.1)
HTTP/1.1 200 OK
X-Powered-By: Express
Vary: X-HTTP-Method-Override
Content-Type: application/json; charset=utf-8
Content-Length: 137
ETag: W/"89-YtPPt5N3GBGvLUV0CQOpsTqNkA0"
Date: Wed, 01 Nov 2023 09:04:03 GMT
Connection: keep-alive
Keep-Alive: timeout=600

09:04:03.898 [AsyncHttpClient-1-2] DEBUG org.asynchttpclient.netty.channel.ChannelManager -- Adding key: http://127.0.0.1:4723 for channel [id: 0x01c8cbd7, L:/127.0.0.1:50782 - R:/127.0.0.1:4723]
09:04:03.899 [Forwarding clickElement on session 878f5998-f3e3-4142-8b23-5fe7cb294cb0 to remote] DEBUG org.asynchttpclient.netty.request.NettyRequestSender -- Using pooled Channel '[id: 0x01c8cbd7, L:/127.0.0.1:50782 - R:/127.0.0.1:4723]' for 'POST' to 'http://127.0.0.1:4723/session/878f5998-f3e3-4142-8b23-5fe7cb294cb0/element/00000000-0000-017a-ffff-ffff0000007c/click'
09:04:03.899 [Forwarding clickElement on session 878f5998-f3e3-4142-8b23-5fe7cb294cb0 to remote] DEBUG org.asynchttpclient.netty.request.NettyRequestSender -- Using open Channel [id: 0x01c8cbd7, L:/127.0.0.1:50782 - R:/127.0.0.1:4723] for POST '/session/878f5998-f3e3-4142-8b23-5fe7cb294cb0/element/00000000-0000-017a-ffff-ffff0000007c/click'
&amp#27;[38;5;0m[HTTP]&amp#27;[0m &amp#27;[37m-->&amp#27;[39m &amp#27;[37mPOST&amp#27;[39m &amp#27;[37m/session/878f5998-f3e3-4142-8b23-5fe7cb294cb0/element/00000000-0000-017a-ffff-ffff0000007c/click&amp#27;[39m
&amp#27;[38;5;0m[HTTP]&amp#27;[0m &amp#27;[90m{"id":"00000000-0000-017a-ffff-ffff0000007c"}&amp#27;[39m
[debug] &amp#27;[38;5;32m[AndroidUiautomator2Driver@2331 (878f5998)]&amp#27;[0m Calling AppiumDriver.click() with args: ["00000000-0000-017a-ffff-ffff0000007c","878f5998-f3e3-4142-8b23-5fe7cb294cb0"]
[debug] &amp#27;[38;5;32m[AndroidUiautomator2Driver@2331 (878f5998)]&amp#27;[0m Matched '/element/00000000-0000-017a-ffff-ffff0000007c/click' to command name 'click'
[debug] &amp#27;[38;5;32m[AndroidUiautomator2Driver@2331 (878f5998)]&amp#27;[0m Proxying [POST /element/00000000-0000-017a-ffff-ffff0000007c/click] to [POST http://127.0.0.1:8200/session/a515db02-df7f-4145-a62c-d524aea530f9/element/00000000-0000-017a-ffff-ffff0000007c/click] with body: {"element":"00000000-0000-017a-ffff-ffff0000007c"}
[debug] &amp#27;[38;5;32m[AndroidUiautomator2Driver@2331 (878f5998)]&amp#27;[0m Got response with status 200: {"sessionId":"a515db02-df7f-4145-a62c-d524aea530f9","value":null}
[debug] &amp#27;[38;5;32m[AndroidUiautomator2Driver@2331 (878f5998)]&amp#27;[0m Responding to client with driver.click() result: null
&amp#27;[38;5;0m[HTTP]&amp#27;[0m &amp#27;[37m<-- POST /session/878f5998-f3e3-4142-8b23-5fe7cb294cb0/element/00000000-0000-017a-ffff-ffff0000007c/click &amp#27;[39m&amp#27;[32m200&amp#27;[39m &amp#27;[90m32 ms - 14&amp#27;[39m
&amp#27;[38;5;0m[HTTP]&amp#27;[0m &amp#27;[90m&amp#27;[39m
09:04:03.934 [AsyncHttpClient-1-2] DEBUG org.asynchttpclient.netty.handler.HttpHandler -- 

Request DefaultHttpRequest(decodeResult: success, version: HTTP/1.1)
POST /session/878f5998-f3e3-4142-8b23-5fe7cb294cb0/element/00000000-0000-017a-ffff-ffff0000007c/click HTTP/1.1
User-Agent: appium/8.5.1 (selenium/4.14.0 (java windows))
Content-Length: 50
Content-Type: application/json; charset=utf-8
host: 127.0.0.1:4723
accept: */*

Response DefaultHttpResponse(decodeResult: success, version: HTTP/1.1)
HTTP/1.1 200 OK
X-Powered-By: Express
Vary: X-HTTP-Method-Override
Content-Type: application/json; charset=utf-8
Content-Length: 14
ETag: W/"e-9/1BuKMgFObM1mWJm+YjxtXJnUM"
Date: Wed, 01 Nov 2023 09:04:03 GMT
Connection: keep-alive
Keep-Alive: timeout=600

09:04:03.934 [AsyncHttpClient-1-2] DEBUG org.asynchttpclient.netty.channel.ChannelManager -- Adding key: http://127.0.0.1:4723 for channel [id: 0x01c8cbd7, L:/127.0.0.1:50782 - R:/127.0.0.1:4723]
]]></system-out>
  </testcase>
</testsuite>