<?xml version="1.0" encoding="UTF-8"?>
<!-- Generated by org.testng.reporters.JUnitReportReporter -->
<testsuite hostname="Victus-Tower" failures="0" tests="2" name="org.generalstore.journey1" time="37.601" errors="0" timestamp="2023-11-01T11:51:46 GMT" skipped="0">
  <testcase classname="org.generalstore.journey1" name="checkoutFramework" time="20.008"/>
  <system-out/>
  <testcase classname="org.generalstore.journey1" name="checkoutFramework" time="17.593"/>
  <system-out/>
</testsuite> <!-- org.generalstore.journey1 -->
