<?xml version="1.0" encoding="UTF-8"?>
<!-- Generated by org.testng.reporters.JUnitReportReporter -->
<testsuite hostname="Victus-Tower" failures="0" tests="2" name="org.generalstore.journey1" time="35.472" errors="0" timestamp="2023-11-01T09:04:04 GMT" skipped="0">
  <testcase classname="org.generalstore.journey1" name="checkoutFramework" time="18.384"/>
  <system-out/>
  <testcase classname="org.generalstore.journey1" name="checkoutFramework" time="17.088"/>
  <system-out/>
</testsuite> <!-- org.generalstore.journey1 -->
